2020-03-05 19:31:24 Hail: WARN: This Hail JAR was compiled for Spark 2.4.0, running with Spark 2.4.3.
  Compatibility is not guaranteed.
2020-03-05 19:31:24 SparkContext: INFO: Running Spark version 2.4.3
2020-03-05 19:31:24 SparkContext: INFO: Submitted application: Hail
2020-03-05 19:31:24 SparkContext: INFO: Spark configuration:
spark.app.name=Hail
spark.driver.extraClassPath=/anaconda3/envs/hail/lib/python3.6/site-packages/hail/hail-all-spark.jar
spark.driver.maxResultSize=0
spark.executor.extraClassPath=./hail-all-spark.jar
spark.hadoop.google.cloud.auth.service.account.enable=true
spark.hadoop.google.cloud.auth.service.account.json.keyfile=/Users/nbaya/.hail/gcs-keys/gcs-connector-key.json
spark.hadoop.io.compression.codecs=org.apache.hadoop.io.compress.DefaultCodec,is.hail.io.compress.BGzipCodec,is.hail.io.compress.BGzipCodecTbi,org.apache.hadoop.io.compress.GzipCodec
spark.hadoop.mapreduce.input.fileinputformat.split.minsize=0
spark.jars=file:///anaconda3/envs/hail/lib/python3.6/site-packages/hail/hail-all-spark.jar
spark.kryo.registrator=is.hail.kryo.HailKryoRegistrator
spark.kryoserializer.buffer.max=1g
spark.logConf=true
spark.master=local[*]
spark.repl.local.jars=file:///anaconda3/envs/hail/lib/python3.6/site-packages/hail/hail-all-spark.jar
spark.serializer=org.apache.spark.serializer.KryoSerializer
spark.submit.deployMode=client
spark.ui.showConsoleProgress=false
2020-03-05 19:31:24 SecurityManager: INFO: Changing view acls to: nbaya
2020-03-05 19:31:24 SecurityManager: INFO: Changing modify acls to: nbaya
2020-03-05 19:31:24 SecurityManager: INFO: Changing view acls groups to: 
2020-03-05 19:31:24 SecurityManager: INFO: Changing modify acls groups to: 
2020-03-05 19:31:24 SecurityManager: INFO: SecurityManager: authentication disabled; ui acls disabled; users  with view permissions: Set(nbaya); groups with view permissions: Set(); users  with modify permissions: Set(nbaya); groups with modify permissions: Set()
2020-03-05 19:31:24 Utils: INFO: Successfully started service 'sparkDriver' on port 49895.
2020-03-05 19:31:24 SparkEnv: INFO: Registering MapOutputTracker
2020-03-05 19:31:24 SparkEnv: INFO: Registering BlockManagerMaster
2020-03-05 19:31:24 BlockManagerMasterEndpoint: INFO: Using org.apache.spark.storage.DefaultTopologyMapper for getting topology information
2020-03-05 19:31:24 BlockManagerMasterEndpoint: INFO: BlockManagerMasterEndpoint up
2020-03-05 19:31:24 DiskBlockManager: INFO: Created local directory at /private/var/folders/56/q7rh2y5x7hj4n359_13dgwxcmtwz20/T/blockmgr-9c09bfdd-6418-49f1-b5e3-3afe01a48292
2020-03-05 19:31:24 MemoryStore: INFO: MemoryStore started with capacity 366.3 MB
2020-03-05 19:31:24 SparkEnv: INFO: Registering OutputCommitCoordinator
2020-03-05 19:31:24 log: INFO: Logging initialized @2446ms
2020-03-05 19:31:24 Server: INFO: jetty-9.3.z-SNAPSHOT, build timestamp: unknown, git hash: unknown
2020-03-05 19:31:24 Server: INFO: Started @2529ms
2020-03-05 19:31:24 Utils: WARN: Service 'SparkUI' could not bind on port 4040. Attempting port 4041.
2020-03-05 19:31:24 Utils: WARN: Service 'SparkUI' could not bind on port 4041. Attempting port 4042.
2020-03-05 19:31:24 AbstractConnector: INFO: Started ServerConnector@a485d58{HTTP/1.1,[http/1.1]}{0.0.0.0:4042}
2020-03-05 19:31:24 Utils: INFO: Successfully started service 'SparkUI' on port 4042.
2020-03-05 19:31:24 ContextHandler: INFO: Started o.s.j.s.ServletContextHandler@3600372e{/jobs,null,AVAILABLE,@Spark}
2020-03-05 19:31:24 ContextHandler: INFO: Started o.s.j.s.ServletContextHandler@32aa6d01{/jobs/json,null,AVAILABLE,@Spark}
2020-03-05 19:31:24 ContextHandler: INFO: Started o.s.j.s.ServletContextHandler@31243d83{/jobs/job,null,AVAILABLE,@Spark}
2020-03-05 19:31:24 ContextHandler: INFO: Started o.s.j.s.ServletContextHandler@5eda219d{/jobs/job/json,null,AVAILABLE,@Spark}
2020-03-05 19:31:24 ContextHandler: INFO: Started o.s.j.s.ServletContextHandler@3ff99d22{/stages,null,AVAILABLE,@Spark}
2020-03-05 19:31:24 ContextHandler: INFO: Started o.s.j.s.ServletContextHandler@2fa1777b{/stages/json,null,AVAILABLE,@Spark}
2020-03-05 19:31:24 ContextHandler: INFO: Started o.s.j.s.ServletContextHandler@5b66d8e9{/stages/stage,null,AVAILABLE,@Spark}
2020-03-05 19:31:24 ContextHandler: INFO: Started o.s.j.s.ServletContextHandler@3e2ead6{/stages/stage/json,null,AVAILABLE,@Spark}
2020-03-05 19:31:24 ContextHandler: INFO: Started o.s.j.s.ServletContextHandler@6eaecbd3{/stages/pool,null,AVAILABLE,@Spark}
2020-03-05 19:31:24 ContextHandler: INFO: Started o.s.j.s.ServletContextHandler@44ddcb83{/stages/pool/json,null,AVAILABLE,@Spark}
2020-03-05 19:31:24 ContextHandler: INFO: Started o.s.j.s.ServletContextHandler@19b53e2{/storage,null,AVAILABLE,@Spark}
2020-03-05 19:31:24 ContextHandler: INFO: Started o.s.j.s.ServletContextHandler@15bbad5d{/storage/json,null,AVAILABLE,@Spark}
2020-03-05 19:31:24 ContextHandler: INFO: Started o.s.j.s.ServletContextHandler@d530c6a{/storage/rdd,null,AVAILABLE,@Spark}
2020-03-05 19:31:24 ContextHandler: INFO: Started o.s.j.s.ServletContextHandler@27785f90{/storage/rdd/json,null,AVAILABLE,@Spark}
2020-03-05 19:31:24 ContextHandler: INFO: Started o.s.j.s.ServletContextHandler@7c270cde{/environment,null,AVAILABLE,@Spark}
2020-03-05 19:31:24 ContextHandler: INFO: Started o.s.j.s.ServletContextHandler@343e8742{/environment/json,null,AVAILABLE,@Spark}
2020-03-05 19:31:24 ContextHandler: INFO: Started o.s.j.s.ServletContextHandler@219bedf3{/executors,null,AVAILABLE,@Spark}
2020-03-05 19:31:24 ContextHandler: INFO: Started o.s.j.s.ServletContextHandler@447aa28f{/executors/json,null,AVAILABLE,@Spark}
2020-03-05 19:31:24 ContextHandler: INFO: Started o.s.j.s.ServletContextHandler@ff0722{/executors/threadDump,null,AVAILABLE,@Spark}
2020-03-05 19:31:24 ContextHandler: INFO: Started o.s.j.s.ServletContextHandler@403b94e8{/executors/threadDump/json,null,AVAILABLE,@Spark}
2020-03-05 19:31:24 ContextHandler: INFO: Started o.s.j.s.ServletContextHandler@3eb10d69{/static,null,AVAILABLE,@Spark}
2020-03-05 19:31:24 ContextHandler: INFO: Started o.s.j.s.ServletContextHandler@18997323{/,null,AVAILABLE,@Spark}
2020-03-05 19:31:24 ContextHandler: INFO: Started o.s.j.s.ServletContextHandler@291387a6{/api,null,AVAILABLE,@Spark}
2020-03-05 19:31:24 ContextHandler: INFO: Started o.s.j.s.ServletContextHandler@4106db18{/jobs/job/kill,null,AVAILABLE,@Spark}
2020-03-05 19:31:24 ContextHandler: INFO: Started o.s.j.s.ServletContextHandler@47dca551{/stages/stage/kill,null,AVAILABLE,@Spark}
2020-03-05 19:31:24 SparkUI: INFO: Bound SparkUI to 0.0.0.0, and started at http://wm65b-8a9.broadinstitute.org:4042
2020-03-05 19:31:24 SparkContext: INFO: Added JAR file:///anaconda3/envs/hail/lib/python3.6/site-packages/hail/hail-all-spark.jar at spark://wm65b-8a9.broadinstitute.org:49895/jars/hail-all-spark.jar with timestamp 1583454684909
2020-03-05 19:31:24 Executor: INFO: Starting executor ID driver on host localhost
2020-03-05 19:31:25 Utils: INFO: Successfully started service 'org.apache.spark.network.netty.NettyBlockTransferService' on port 49896.
2020-03-05 19:31:25 NettyBlockTransferService: INFO: Server created on wm65b-8a9.broadinstitute.org:49896
2020-03-05 19:31:25 BlockManager: INFO: Using org.apache.spark.storage.RandomBlockReplicationPolicy for block replication policy
2020-03-05 19:31:25 BlockManagerMaster: INFO: Registering BlockManager BlockManagerId(driver, wm65b-8a9.broadinstitute.org, 49896, None)
2020-03-05 19:31:25 BlockManagerMasterEndpoint: INFO: Registering block manager wm65b-8a9.broadinstitute.org:49896 with 366.3 MB RAM, BlockManagerId(driver, wm65b-8a9.broadinstitute.org, 49896, None)
2020-03-05 19:31:25 BlockManagerMaster: INFO: Registered BlockManager BlockManagerId(driver, wm65b-8a9.broadinstitute.org, 49896, None)
2020-03-05 19:31:25 BlockManager: INFO: Initialized BlockManager: BlockManagerId(driver, wm65b-8a9.broadinstitute.org, 49896, None)
2020-03-05 19:31:25 ContextHandler: INFO: Started o.s.j.s.ServletContextHandler@35730734{/metrics/json,null,AVAILABLE,@Spark}
2020-03-05 19:31:25 Hail: INFO: Hail temporary directory: file:/tmp/hail.K1xBF9JMTp56
2020-03-05 19:31:25 Hail: INFO: SparkUI: http://wm65b-8a9.broadinstitute.org:4042
2020-03-05 19:31:25 Hail: INFO: Running Hail version 0.2.33-5d8cae649505
2020-03-05 19:31:25 SparkContext: WARN: Using an existing SparkContext; some configuration may not take effect.
