2020-03-16 15:44:19 Hail: WARN: This Hail JAR was compiled for Spark 2.4.0, running with Spark 2.4.3.
  Compatibility is not guaranteed.
2020-03-16 15:44:19 SparkContext: INFO: Running Spark version 2.4.3
2020-03-16 15:44:19 SparkContext: INFO: Submitted application: Hail
2020-03-16 15:44:19 SparkContext: INFO: Spark configuration:
spark.app.name=Hail
spark.driver.extraClassPath=/anaconda3/envs/hail/lib/python3.6/site-packages/hail/hail-all-spark.jar
spark.driver.maxResultSize=0
spark.executor.extraClassPath=./hail-all-spark.jar
spark.hadoop.google.cloud.auth.service.account.enable=true
spark.hadoop.google.cloud.auth.service.account.json.keyfile=/Users/nbaya/.hail/gcs-keys/gcs-connector-key.json
spark.hadoop.io.compression.codecs=org.apache.hadoop.io.compress.DefaultCodec,is.hail.io.compress.BGzipCodec,is.hail.io.compress.BGzipCodecTbi,org.apache.hadoop.io.compress.GzipCodec
spark.hadoop.mapreduce.input.fileinputformat.split.minsize=0
spark.jars=file:///anaconda3/envs/hail/lib/python3.6/site-packages/hail/hail-all-spark.jar
spark.kryo.registrator=is.hail.kryo.HailKryoRegistrator
spark.kryoserializer.buffer.max=1g
spark.logConf=true
spark.master=local[*]
spark.repl.local.jars=file:///anaconda3/envs/hail/lib/python3.6/site-packages/hail/hail-all-spark.jar
spark.serializer=org.apache.spark.serializer.KryoSerializer
spark.submit.deployMode=client
spark.ui.showConsoleProgress=false
2020-03-16 15:44:19 SecurityManager: INFO: Changing view acls to: nbaya
2020-03-16 15:44:19 SecurityManager: INFO: Changing modify acls to: nbaya
2020-03-16 15:44:19 SecurityManager: INFO: Changing view acls groups to: 
2020-03-16 15:44:19 SecurityManager: INFO: Changing modify acls groups to: 
2020-03-16 15:44:19 SecurityManager: INFO: SecurityManager: authentication disabled; ui acls disabled; users  with view permissions: Set(nbaya); groups with view permissions: Set(); users  with modify permissions: Set(nbaya); groups with modify permissions: Set()
2020-03-16 15:44:19 Utils: INFO: Successfully started service 'sparkDriver' on port 49570.
2020-03-16 15:44:19 SparkEnv: INFO: Registering MapOutputTracker
2020-03-16 15:44:19 SparkEnv: INFO: Registering BlockManagerMaster
2020-03-16 15:44:19 BlockManagerMasterEndpoint: INFO: Using org.apache.spark.storage.DefaultTopologyMapper for getting topology information
2020-03-16 15:44:19 BlockManagerMasterEndpoint: INFO: BlockManagerMasterEndpoint up
2020-03-16 15:44:19 DiskBlockManager: INFO: Created local directory at /private/var/folders/56/q7rh2y5x7hj4n359_13dgwxcmtwz20/T/blockmgr-77fb20b4-6152-48a5-b339-08b6723e4828
2020-03-16 15:44:19 MemoryStore: INFO: MemoryStore started with capacity 366.3 MB
2020-03-16 15:44:19 SparkEnv: INFO: Registering OutputCommitCoordinator
2020-03-16 15:44:19 log: INFO: Logging initialized @2688ms
2020-03-16 15:44:20 Server: INFO: jetty-9.3.z-SNAPSHOT, build timestamp: unknown, git hash: unknown
2020-03-16 15:44:20 Server: INFO: Started @2769ms
2020-03-16 15:44:20 Utils: WARN: Service 'SparkUI' could not bind on port 4040. Attempting port 4041.
2020-03-16 15:44:20 AbstractConnector: INFO: Started ServerConnector@2f565e28{HTTP/1.1,[http/1.1]}{0.0.0.0:4041}
2020-03-16 15:44:20 Utils: INFO: Successfully started service 'SparkUI' on port 4041.
2020-03-16 15:44:20 ContextHandler: INFO: Started o.s.j.s.ServletContextHandler@1977cac6{/jobs,null,AVAILABLE,@Spark}
2020-03-16 15:44:20 ContextHandler: INFO: Started o.s.j.s.ServletContextHandler@5727b7a0{/jobs/json,null,AVAILABLE,@Spark}
2020-03-16 15:44:20 ContextHandler: INFO: Started o.s.j.s.ServletContextHandler@3779a05f{/jobs/job,null,AVAILABLE,@Spark}
2020-03-16 15:44:20 ContextHandler: INFO: Started o.s.j.s.ServletContextHandler@1a76e151{/jobs/job/json,null,AVAILABLE,@Spark}
2020-03-16 15:44:20 ContextHandler: INFO: Started o.s.j.s.ServletContextHandler@7006cf08{/stages,null,AVAILABLE,@Spark}
2020-03-16 15:44:20 ContextHandler: INFO: Started o.s.j.s.ServletContextHandler@a87f20f{/stages/json,null,AVAILABLE,@Spark}
2020-03-16 15:44:20 ContextHandler: INFO: Started o.s.j.s.ServletContextHandler@34f875f3{/stages/stage,null,AVAILABLE,@Spark}
2020-03-16 15:44:20 ContextHandler: INFO: Started o.s.j.s.ServletContextHandler@6ab31281{/stages/stage/json,null,AVAILABLE,@Spark}
2020-03-16 15:44:20 ContextHandler: INFO: Started o.s.j.s.ServletContextHandler@1d13a5c9{/stages/pool,null,AVAILABLE,@Spark}
2020-03-16 15:44:20 ContextHandler: INFO: Started o.s.j.s.ServletContextHandler@4fda6bf9{/stages/pool/json,null,AVAILABLE,@Spark}
2020-03-16 15:44:20 ContextHandler: INFO: Started o.s.j.s.ServletContextHandler@1cbfe0c0{/storage,null,AVAILABLE,@Spark}
2020-03-16 15:44:20 ContextHandler: INFO: Started o.s.j.s.ServletContextHandler@6e6acecc{/storage/json,null,AVAILABLE,@Spark}
2020-03-16 15:44:20 ContextHandler: INFO: Started o.s.j.s.ServletContextHandler@6e571325{/storage/rdd,null,AVAILABLE,@Spark}
2020-03-16 15:44:20 ContextHandler: INFO: Started o.s.j.s.ServletContextHandler@724e38b5{/storage/rdd/json,null,AVAILABLE,@Spark}
2020-03-16 15:44:20 ContextHandler: INFO: Started o.s.j.s.ServletContextHandler@11947fdc{/environment,null,AVAILABLE,@Spark}
2020-03-16 15:44:20 ContextHandler: INFO: Started o.s.j.s.ServletContextHandler@29b0df8c{/environment/json,null,AVAILABLE,@Spark}
2020-03-16 15:44:20 ContextHandler: INFO: Started o.s.j.s.ServletContextHandler@7fa83fa4{/executors,null,AVAILABLE,@Spark}
2020-03-16 15:44:20 ContextHandler: INFO: Started o.s.j.s.ServletContextHandler@7ca02b74{/executors/json,null,AVAILABLE,@Spark}
2020-03-16 15:44:20 ContextHandler: INFO: Started o.s.j.s.ServletContextHandler@4ef8c1a3{/executors/threadDump,null,AVAILABLE,@Spark}
2020-03-16 15:44:20 ContextHandler: INFO: Started o.s.j.s.ServletContextHandler@619b2b4f{/executors/threadDump/json,null,AVAILABLE,@Spark}
2020-03-16 15:44:20 ContextHandler: INFO: Started o.s.j.s.ServletContextHandler@5ff07dc7{/static,null,AVAILABLE,@Spark}
2020-03-16 15:44:20 ContextHandler: INFO: Started o.s.j.s.ServletContextHandler@738f4d51{/,null,AVAILABLE,@Spark}
2020-03-16 15:44:20 ContextHandler: INFO: Started o.s.j.s.ServletContextHandler@ff44da2{/api,null,AVAILABLE,@Spark}
2020-03-16 15:44:20 ContextHandler: INFO: Started o.s.j.s.ServletContextHandler@75ef444a{/jobs/job/kill,null,AVAILABLE,@Spark}
2020-03-16 15:44:20 ContextHandler: INFO: Started o.s.j.s.ServletContextHandler@4d9a0cf9{/stages/stage/kill,null,AVAILABLE,@Spark}
2020-03-16 15:44:20 SparkUI: INFO: Bound SparkUI to 0.0.0.0, and started at http://192.168.0.110:4041
2020-03-16 15:44:20 SparkContext: INFO: Added JAR file:///anaconda3/envs/hail/lib/python3.6/site-packages/hail/hail-all-spark.jar at spark://192.168.0.110:49570/jars/hail-all-spark.jar with timestamp 1584387860163
2020-03-16 15:44:20 Executor: INFO: Starting executor ID driver on host localhost
2020-03-16 15:44:20 Utils: INFO: Successfully started service 'org.apache.spark.network.netty.NettyBlockTransferService' on port 49571.
2020-03-16 15:44:20 NettyBlockTransferService: INFO: Server created on 192.168.0.110:49571
2020-03-16 15:44:20 BlockManager: INFO: Using org.apache.spark.storage.RandomBlockReplicationPolicy for block replication policy
2020-03-16 15:44:20 BlockManagerMaster: INFO: Registering BlockManager BlockManagerId(driver, 192.168.0.110, 49571, None)
2020-03-16 15:44:20 BlockManagerMasterEndpoint: INFO: Registering block manager 192.168.0.110:49571 with 366.3 MB RAM, BlockManagerId(driver, 192.168.0.110, 49571, None)
2020-03-16 15:44:20 BlockManagerMaster: INFO: Registered BlockManager BlockManagerId(driver, 192.168.0.110, 49571, None)
2020-03-16 15:44:20 BlockManager: INFO: Initialized BlockManager: BlockManagerId(driver, 192.168.0.110, 49571, None)
2020-03-16 15:44:20 ContextHandler: INFO: Started o.s.j.s.ServletContextHandler@3959867{/metrics/json,null,AVAILABLE,@Spark}
2020-03-16 15:44:20 Hail: INFO: Hail temporary directory: file:/tmp/hail.bzmnIj6DF0Bv
2020-03-16 15:44:20 Hail: INFO: SparkUI: http://192.168.0.110:4041
2020-03-16 15:44:20 Hail: INFO: Running Hail version 0.2.34-914bd8a10ca2
2020-03-16 15:44:21 SparkContext: WARN: Using an existing SparkContext; some configuration may not take effect.
2020-03-16 15:53:14 SparkContext: INFO: Invoking stop() from shutdown hook
2020-03-16 15:53:14 AbstractConnector: INFO: Stopped Spark@2f565e28{HTTP/1.1,[http/1.1]}{0.0.0.0:4041}
2020-03-16 15:53:14 SparkUI: INFO: Stopped Spark web UI at http://192.168.0.110:4041
2020-03-16 15:53:14 MapOutputTrackerMasterEndpoint: INFO: MapOutputTrackerMasterEndpoint stopped!
2020-03-16 15:53:14 MemoryStore: INFO: MemoryStore cleared
2020-03-16 15:53:14 BlockManager: INFO: BlockManager stopped
2020-03-16 15:53:14 BlockManagerMaster: INFO: BlockManagerMaster stopped
2020-03-16 15:53:14 OutputCommitCoordinator$OutputCommitCoordinatorEndpoint: INFO: OutputCommitCoordinator stopped!
2020-03-16 15:53:14 SparkContext: INFO: Successfully stopped SparkContext
2020-03-16 15:53:14 ShutdownHookManager: INFO: Shutdown hook called
2020-03-16 15:53:14 ShutdownHookManager: INFO: Deleting directory /private/var/folders/56/q7rh2y5x7hj4n359_13dgwxcmtwz20/T/spark-f70c34c0-8fe9-4e40-8f22-8a8771334c70
2020-03-16 15:53:14 ShutdownHookManager: INFO: Deleting directory /private/var/folders/56/q7rh2y5x7hj4n359_13dgwxcmtwz20/T/spark-b2fb0eb6-ef5b-45dc-8632-5f5af1259795
2020-03-16 15:53:14 ShutdownHookManager: INFO: Deleting directory /private/var/folders/56/q7rh2y5x7hj4n359_13dgwxcmtwz20/T/spark-b2fb0eb6-ef5b-45dc-8632-5f5af1259795/pyspark-c4d4dbd8-51c4-45c1-bbf0-c4e75403e4ca
