2020-03-23 13:26:54 Hail: WARN: This Hail JAR was compiled for Spark 2.4.0, running with Spark 2.4.3.
  Compatibility is not guaranteed.
2020-03-23 13:26:54 SparkContext: INFO: Running Spark version 2.4.3
2020-03-23 13:26:54 SparkContext: INFO: Submitted application: Hail
2020-03-23 13:26:54 SparkContext: INFO: Spark configuration:
spark.app.name=Hail
spark.driver.extraClassPath=/anaconda3/envs/hail/lib/python3.6/site-packages/hail/hail-all-spark.jar
spark.driver.maxResultSize=0
spark.executor.extraClassPath=./hail-all-spark.jar
spark.hadoop.google.cloud.auth.service.account.enable=true
spark.hadoop.google.cloud.auth.service.account.json.keyfile=/Users/nbaya/.hail/gcs-keys/gcs-connector-key.json
spark.hadoop.io.compression.codecs=org.apache.hadoop.io.compress.DefaultCodec,is.hail.io.compress.BGzipCodec,is.hail.io.compress.BGzipCodecTbi,org.apache.hadoop.io.compress.GzipCodec
spark.hadoop.mapreduce.input.fileinputformat.split.minsize=0
spark.jars=file:///anaconda3/envs/hail/lib/python3.6/site-packages/hail/hail-all-spark.jar
spark.kryo.registrator=is.hail.kryo.HailKryoRegistrator
spark.kryoserializer.buffer.max=1g
spark.logConf=true
spark.master=local[*]
spark.repl.local.jars=file:///anaconda3/envs/hail/lib/python3.6/site-packages/hail/hail-all-spark.jar
spark.serializer=org.apache.spark.serializer.KryoSerializer
spark.submit.deployMode=client
spark.ui.showConsoleProgress=false
2020-03-23 13:26:54 SecurityManager: INFO: Changing view acls to: nbaya
2020-03-23 13:26:54 SecurityManager: INFO: Changing modify acls to: nbaya
2020-03-23 13:26:54 SecurityManager: INFO: Changing view acls groups to: 
2020-03-23 13:26:54 SecurityManager: INFO: Changing modify acls groups to: 
2020-03-23 13:26:54 SecurityManager: INFO: SecurityManager: authentication disabled; ui acls disabled; users  with view permissions: Set(nbaya); groups with view permissions: Set(); users  with modify permissions: Set(nbaya); groups with modify permissions: Set()
2020-03-23 13:26:55 Utils: INFO: Successfully started service 'sparkDriver' on port 55170.
2020-03-23 13:26:55 SparkEnv: INFO: Registering MapOutputTracker
2020-03-23 13:26:55 SparkEnv: INFO: Registering BlockManagerMaster
2020-03-23 13:26:55 BlockManagerMasterEndpoint: INFO: Using org.apache.spark.storage.DefaultTopologyMapper for getting topology information
2020-03-23 13:26:55 BlockManagerMasterEndpoint: INFO: BlockManagerMasterEndpoint up
2020-03-23 13:26:55 DiskBlockManager: INFO: Created local directory at /private/var/folders/56/q7rh2y5x7hj4n359_13dgwxcmtwz20/T/blockmgr-9473be46-c607-4ae1-9c3b-e393634fdf10
2020-03-23 13:26:55 MemoryStore: INFO: MemoryStore started with capacity 366.3 MB
2020-03-23 13:26:55 SparkEnv: INFO: Registering OutputCommitCoordinator
2020-03-23 13:26:55 log: INFO: Logging initialized @2761ms
2020-03-23 13:26:55 Server: INFO: jetty-9.3.z-SNAPSHOT, build timestamp: unknown, git hash: unknown
2020-03-23 13:26:55 Server: INFO: Started @2862ms
2020-03-23 13:26:55 Utils: WARN: Service 'SparkUI' could not bind on port 4040. Attempting port 4041.
2020-03-23 13:26:55 AbstractConnector: INFO: Started ServerConnector@2c31d50e{HTTP/1.1,[http/1.1]}{0.0.0.0:4041}
2020-03-23 13:26:55 Utils: INFO: Successfully started service 'SparkUI' on port 4041.
2020-03-23 13:26:55 ContextHandler: INFO: Started o.s.j.s.ServletContextHandler@4040b721{/jobs,null,AVAILABLE,@Spark}
2020-03-23 13:26:55 ContextHandler: INFO: Started o.s.j.s.ServletContextHandler@7353d4bb{/jobs/json,null,AVAILABLE,@Spark}
2020-03-23 13:26:55 ContextHandler: INFO: Started o.s.j.s.ServletContextHandler@2fed77e7{/jobs/job,null,AVAILABLE,@Spark}
2020-03-23 13:26:55 ContextHandler: INFO: Started o.s.j.s.ServletContextHandler@75bf38e2{/jobs/job/json,null,AVAILABLE,@Spark}
2020-03-23 13:26:55 ContextHandler: INFO: Started o.s.j.s.ServletContextHandler@18a4cce2{/stages,null,AVAILABLE,@Spark}
2020-03-23 13:26:55 ContextHandler: INFO: Started o.s.j.s.ServletContextHandler@5cb2c25e{/stages/json,null,AVAILABLE,@Spark}
2020-03-23 13:26:55 ContextHandler: INFO: Started o.s.j.s.ServletContextHandler@782857e8{/stages/stage,null,AVAILABLE,@Spark}
2020-03-23 13:26:55 ContextHandler: INFO: Started o.s.j.s.ServletContextHandler@4b82ba{/stages/stage/json,null,AVAILABLE,@Spark}
2020-03-23 13:26:55 ContextHandler: INFO: Started o.s.j.s.ServletContextHandler@3a66124c{/stages/pool,null,AVAILABLE,@Spark}
2020-03-23 13:26:55 ContextHandler: INFO: Started o.s.j.s.ServletContextHandler@2eef2807{/stages/pool/json,null,AVAILABLE,@Spark}
2020-03-23 13:26:55 ContextHandler: INFO: Started o.s.j.s.ServletContextHandler@6cc0c941{/storage,null,AVAILABLE,@Spark}
2020-03-23 13:26:55 ContextHandler: INFO: Started o.s.j.s.ServletContextHandler@3042c831{/storage/json,null,AVAILABLE,@Spark}
2020-03-23 13:26:55 ContextHandler: INFO: Started o.s.j.s.ServletContextHandler@3abc5807{/storage/rdd,null,AVAILABLE,@Spark}
2020-03-23 13:26:55 ContextHandler: INFO: Started o.s.j.s.ServletContextHandler@6dc4f047{/storage/rdd/json,null,AVAILABLE,@Spark}
2020-03-23 13:26:55 ContextHandler: INFO: Started o.s.j.s.ServletContextHandler@724b67f{/environment,null,AVAILABLE,@Spark}
2020-03-23 13:26:55 ContextHandler: INFO: Started o.s.j.s.ServletContextHandler@2181f5ea{/environment/json,null,AVAILABLE,@Spark}
2020-03-23 13:26:55 ContextHandler: INFO: Started o.s.j.s.ServletContextHandler@79a5fdbd{/executors,null,AVAILABLE,@Spark}
2020-03-23 13:26:55 ContextHandler: INFO: Started o.s.j.s.ServletContextHandler@33a96c06{/executors/json,null,AVAILABLE,@Spark}
2020-03-23 13:26:55 ContextHandler: INFO: Started o.s.j.s.ServletContextHandler@111ca342{/executors/threadDump,null,AVAILABLE,@Spark}
2020-03-23 13:26:55 ContextHandler: INFO: Started o.s.j.s.ServletContextHandler@3f9c3a2e{/executors/threadDump/json,null,AVAILABLE,@Spark}
2020-03-23 13:26:55 ContextHandler: INFO: Started o.s.j.s.ServletContextHandler@69026075{/static,null,AVAILABLE,@Spark}
2020-03-23 13:26:55 ContextHandler: INFO: Started o.s.j.s.ServletContextHandler@539c7e6a{/,null,AVAILABLE,@Spark}
2020-03-23 13:26:55 ContextHandler: INFO: Started o.s.j.s.ServletContextHandler@4139875c{/api,null,AVAILABLE,@Spark}
2020-03-23 13:26:55 ContextHandler: INFO: Started o.s.j.s.ServletContextHandler@8b9205{/jobs/job/kill,null,AVAILABLE,@Spark}
2020-03-23 13:26:55 ContextHandler: INFO: Started o.s.j.s.ServletContextHandler@106a6106{/stages/stage/kill,null,AVAILABLE,@Spark}
2020-03-23 13:26:55 SparkUI: INFO: Bound SparkUI to 0.0.0.0, and started at http://192.168.0.110:4041
2020-03-23 13:26:55 SparkContext: INFO: Added JAR file:///anaconda3/envs/hail/lib/python3.6/site-packages/hail/hail-all-spark.jar at spark://192.168.0.110:55170/jars/hail-all-spark.jar with timestamp 1584984415753
2020-03-23 13:26:55 Executor: INFO: Starting executor ID driver on host localhost
2020-03-23 13:26:55 Utils: INFO: Successfully started service 'org.apache.spark.network.netty.NettyBlockTransferService' on port 55171.
2020-03-23 13:26:55 NettyBlockTransferService: INFO: Server created on 192.168.0.110:55171
2020-03-23 13:26:55 BlockManager: INFO: Using org.apache.spark.storage.RandomBlockReplicationPolicy for block replication policy
2020-03-23 13:26:55 BlockManagerMaster: INFO: Registering BlockManager BlockManagerId(driver, 192.168.0.110, 55171, None)
2020-03-23 13:26:55 BlockManagerMasterEndpoint: INFO: Registering block manager 192.168.0.110:55171 with 366.3 MB RAM, BlockManagerId(driver, 192.168.0.110, 55171, None)
2020-03-23 13:26:55 BlockManagerMaster: INFO: Registered BlockManager BlockManagerId(driver, 192.168.0.110, 55171, None)
2020-03-23 13:26:55 BlockManager: INFO: Initialized BlockManager: BlockManagerId(driver, 192.168.0.110, 55171, None)
2020-03-23 13:26:56 ContextHandler: INFO: Started o.s.j.s.ServletContextHandler@46724df6{/metrics/json,null,AVAILABLE,@Spark}
2020-03-23 13:26:56 Hail: INFO: Hail temporary directory: file:/tmp/hail.xpSKrBDc21xJ
2020-03-23 13:26:56 Hail: INFO: SparkUI: http://192.168.0.110:4041
2020-03-23 13:26:56 Hail: INFO: Running Hail version 0.2.34-914bd8a10ca2
2020-03-23 13:26:56 SparkContext: WARN: Using an existing SparkContext; some configuration may not take effect.
2020-03-23 13:44:03 SparkContext: INFO: Invoking stop() from shutdown hook
2020-03-23 13:44:03 AbstractConnector: INFO: Stopped Spark@2c31d50e{HTTP/1.1,[http/1.1]}{0.0.0.0:4041}
2020-03-23 13:44:03 SparkUI: INFO: Stopped Spark web UI at http://192.168.0.110:4041
2020-03-23 13:44:03 MapOutputTrackerMasterEndpoint: INFO: MapOutputTrackerMasterEndpoint stopped!
2020-03-23 13:44:03 MemoryStore: INFO: MemoryStore cleared
2020-03-23 13:44:03 BlockManager: INFO: BlockManager stopped
2020-03-23 13:44:03 BlockManagerMaster: INFO: BlockManagerMaster stopped
2020-03-23 13:44:03 OutputCommitCoordinator$OutputCommitCoordinatorEndpoint: INFO: OutputCommitCoordinator stopped!
2020-03-23 13:44:03 SparkContext: INFO: Successfully stopped SparkContext
2020-03-23 13:44:03 ShutdownHookManager: INFO: Shutdown hook called
2020-03-23 13:44:03 ShutdownHookManager: INFO: Deleting directory /private/var/folders/56/q7rh2y5x7hj4n359_13dgwxcmtwz20/T/spark-2212831a-17d2-456a-b292-6978709b7be7
2020-03-23 13:44:03 ShutdownHookManager: INFO: Deleting directory /private/var/folders/56/q7rh2y5x7hj4n359_13dgwxcmtwz20/T/spark-419c15cd-2687-47f5-a047-91784e469cdd/pyspark-54eb0d3d-f087-4fbe-8cf2-8a5104292507
2020-03-23 13:44:03 ShutdownHookManager: INFO: Deleting directory /private/var/folders/56/q7rh2y5x7hj4n359_13dgwxcmtwz20/T/spark-419c15cd-2687-47f5-a047-91784e469cdd
