2020-03-19 16:15:26 Hail: WARN: This Hail JAR was compiled for Spark 2.4.0, running with Spark 2.4.3.
  Compatibility is not guaranteed.
2020-03-19 16:15:26 SparkContext: INFO: Running Spark version 2.4.3
2020-03-19 16:15:26 SparkContext: INFO: Submitted application: Hail
2020-03-19 16:15:26 SparkContext: INFO: Spark configuration:
spark.app.name=Hail
spark.driver.extraClassPath=/anaconda3/envs/hail/lib/python3.6/site-packages/hail/hail-all-spark.jar
spark.driver.maxResultSize=0
spark.executor.extraClassPath=./hail-all-spark.jar
spark.hadoop.google.cloud.auth.service.account.enable=true
spark.hadoop.google.cloud.auth.service.account.json.keyfile=/Users/nbaya/.hail/gcs-keys/gcs-connector-key.json
spark.hadoop.io.compression.codecs=org.apache.hadoop.io.compress.DefaultCodec,is.hail.io.compress.BGzipCodec,is.hail.io.compress.BGzipCodecTbi,org.apache.hadoop.io.compress.GzipCodec
spark.hadoop.mapreduce.input.fileinputformat.split.minsize=0
spark.jars=file:///anaconda3/envs/hail/lib/python3.6/site-packages/hail/hail-all-spark.jar
spark.kryo.registrator=is.hail.kryo.HailKryoRegistrator
spark.kryoserializer.buffer.max=1g
spark.logConf=true
spark.master=local[*]
spark.repl.local.jars=file:///anaconda3/envs/hail/lib/python3.6/site-packages/hail/hail-all-spark.jar
spark.serializer=org.apache.spark.serializer.KryoSerializer
spark.submit.deployMode=client
spark.ui.showConsoleProgress=false
2020-03-19 16:15:26 SecurityManager: INFO: Changing view acls to: nbaya
2020-03-19 16:15:26 SecurityManager: INFO: Changing modify acls to: nbaya
2020-03-19 16:15:26 SecurityManager: INFO: Changing view acls groups to: 
2020-03-19 16:15:26 SecurityManager: INFO: Changing modify acls groups to: 
2020-03-19 16:15:26 SecurityManager: INFO: SecurityManager: authentication disabled; ui acls disabled; users  with view permissions: Set(nbaya); groups with view permissions: Set(); users  with modify permissions: Set(nbaya); groups with modify permissions: Set()
2020-03-19 16:15:26 Utils: INFO: Successfully started service 'sparkDriver' on port 52501.
2020-03-19 16:15:26 SparkEnv: INFO: Registering MapOutputTracker
2020-03-19 16:15:26 SparkEnv: INFO: Registering BlockManagerMaster
2020-03-19 16:15:26 BlockManagerMasterEndpoint: INFO: Using org.apache.spark.storage.DefaultTopologyMapper for getting topology information
2020-03-19 16:15:26 BlockManagerMasterEndpoint: INFO: BlockManagerMasterEndpoint up
2020-03-19 16:15:26 DiskBlockManager: INFO: Created local directory at /private/var/folders/56/q7rh2y5x7hj4n359_13dgwxcmtwz20/T/blockmgr-8e7a6225-198c-4d58-a75f-0a7d5e54bb04
2020-03-19 16:15:26 MemoryStore: INFO: MemoryStore started with capacity 366.3 MB
2020-03-19 16:15:26 SparkEnv: INFO: Registering OutputCommitCoordinator
2020-03-19 16:15:26 log: INFO: Logging initialized @2501ms
2020-03-19 16:15:26 Server: INFO: jetty-9.3.z-SNAPSHOT, build timestamp: unknown, git hash: unknown
2020-03-19 16:15:26 Server: INFO: Started @2578ms
2020-03-19 16:15:26 Utils: WARN: Service 'SparkUI' could not bind on port 4040. Attempting port 4041.
2020-03-19 16:15:26 AbstractConnector: INFO: Started ServerConnector@e670460{HTTP/1.1,[http/1.1]}{0.0.0.0:4041}
2020-03-19 16:15:26 Utils: INFO: Successfully started service 'SparkUI' on port 4041.
2020-03-19 16:15:26 ContextHandler: INFO: Started o.s.j.s.ServletContextHandler@53446852{/jobs,null,AVAILABLE,@Spark}
2020-03-19 16:15:26 ContextHandler: INFO: Started o.s.j.s.ServletContextHandler@1ad63a19{/jobs/json,null,AVAILABLE,@Spark}
2020-03-19 16:15:26 ContextHandler: INFO: Started o.s.j.s.ServletContextHandler@104a3b2e{/jobs/job,null,AVAILABLE,@Spark}
2020-03-19 16:15:26 ContextHandler: INFO: Started o.s.j.s.ServletContextHandler@4ef5ec31{/jobs/job/json,null,AVAILABLE,@Spark}
2020-03-19 16:15:26 ContextHandler: INFO: Started o.s.j.s.ServletContextHandler@65580104{/stages,null,AVAILABLE,@Spark}
2020-03-19 16:15:26 ContextHandler: INFO: Started o.s.j.s.ServletContextHandler@240ad5ca{/stages/json,null,AVAILABLE,@Spark}
2020-03-19 16:15:26 ContextHandler: INFO: Started o.s.j.s.ServletContextHandler@3967a790{/stages/stage,null,AVAILABLE,@Spark}
2020-03-19 16:15:26 ContextHandler: INFO: Started o.s.j.s.ServletContextHandler@f31043d{/stages/stage/json,null,AVAILABLE,@Spark}
2020-03-19 16:15:26 ContextHandler: INFO: Started o.s.j.s.ServletContextHandler@bee696c{/stages/pool,null,AVAILABLE,@Spark}
2020-03-19 16:15:26 ContextHandler: INFO: Started o.s.j.s.ServletContextHandler@4131f5f0{/stages/pool/json,null,AVAILABLE,@Spark}
2020-03-19 16:15:26 ContextHandler: INFO: Started o.s.j.s.ServletContextHandler@54416d2{/storage,null,AVAILABLE,@Spark}
2020-03-19 16:15:26 ContextHandler: INFO: Started o.s.j.s.ServletContextHandler@253eaab{/storage/json,null,AVAILABLE,@Spark}
2020-03-19 16:15:26 ContextHandler: INFO: Started o.s.j.s.ServletContextHandler@7a8e4684{/storage/rdd,null,AVAILABLE,@Spark}
2020-03-19 16:15:26 ContextHandler: INFO: Started o.s.j.s.ServletContextHandler@34dea250{/storage/rdd/json,null,AVAILABLE,@Spark}
2020-03-19 16:15:26 ContextHandler: INFO: Started o.s.j.s.ServletContextHandler@1109c09f{/environment,null,AVAILABLE,@Spark}
2020-03-19 16:15:26 ContextHandler: INFO: Started o.s.j.s.ServletContextHandler@c9266a7{/environment/json,null,AVAILABLE,@Spark}
2020-03-19 16:15:26 ContextHandler: INFO: Started o.s.j.s.ServletContextHandler@420bbd7{/executors,null,AVAILABLE,@Spark}
2020-03-19 16:15:26 ContextHandler: INFO: Started o.s.j.s.ServletContextHandler@45ad5521{/executors/json,null,AVAILABLE,@Spark}
2020-03-19 16:15:26 ContextHandler: INFO: Started o.s.j.s.ServletContextHandler@1a7f6833{/executors/threadDump,null,AVAILABLE,@Spark}
2020-03-19 16:15:26 ContextHandler: INFO: Started o.s.j.s.ServletContextHandler@5478285{/executors/threadDump/json,null,AVAILABLE,@Spark}
2020-03-19 16:15:26 ContextHandler: INFO: Started o.s.j.s.ServletContextHandler@4b87ff9{/static,null,AVAILABLE,@Spark}
2020-03-19 16:15:26 ContextHandler: INFO: Started o.s.j.s.ServletContextHandler@631aefb4{/,null,AVAILABLE,@Spark}
2020-03-19 16:15:26 ContextHandler: INFO: Started o.s.j.s.ServletContextHandler@63104056{/api,null,AVAILABLE,@Spark}
2020-03-19 16:15:26 ContextHandler: INFO: Started o.s.j.s.ServletContextHandler@4661fa6{/jobs/job/kill,null,AVAILABLE,@Spark}
2020-03-19 16:15:26 ContextHandler: INFO: Started o.s.j.s.ServletContextHandler@9a78398{/stages/stage/kill,null,AVAILABLE,@Spark}
2020-03-19 16:15:26 SparkUI: INFO: Bound SparkUI to 0.0.0.0, and started at http://192.168.0.110:4041
2020-03-19 16:15:26 SparkContext: INFO: Added JAR file:///anaconda3/envs/hail/lib/python3.6/site-packages/hail/hail-all-spark.jar at spark://192.168.0.110:52501/jars/hail-all-spark.jar with timestamp 1584648926834
2020-03-19 16:15:26 Executor: INFO: Starting executor ID driver on host localhost
2020-03-19 16:15:26 Utils: INFO: Successfully started service 'org.apache.spark.network.netty.NettyBlockTransferService' on port 52502.
2020-03-19 16:15:26 NettyBlockTransferService: INFO: Server created on 192.168.0.110:52502
2020-03-19 16:15:26 BlockManager: INFO: Using org.apache.spark.storage.RandomBlockReplicationPolicy for block replication policy
2020-03-19 16:15:26 BlockManagerMaster: INFO: Registering BlockManager BlockManagerId(driver, 192.168.0.110, 52502, None)
2020-03-19 16:15:26 BlockManagerMasterEndpoint: INFO: Registering block manager 192.168.0.110:52502 with 366.3 MB RAM, BlockManagerId(driver, 192.168.0.110, 52502, None)
2020-03-19 16:15:26 BlockManagerMaster: INFO: Registered BlockManager BlockManagerId(driver, 192.168.0.110, 52502, None)
2020-03-19 16:15:26 BlockManager: INFO: Initialized BlockManager: BlockManagerId(driver, 192.168.0.110, 52502, None)
2020-03-19 16:15:27 ContextHandler: INFO: Started o.s.j.s.ServletContextHandler@83195d{/metrics/json,null,AVAILABLE,@Spark}
2020-03-19 16:15:27 Hail: INFO: Hail temporary directory: file:/tmp/hail.3UhzJhjsjl6T
2020-03-19 16:15:27 Hail: INFO: SparkUI: http://192.168.0.110:4041
2020-03-19 16:15:27 Hail: INFO: Running Hail version 0.2.34-914bd8a10ca2
2020-03-19 16:15:27 SparkContext: WARN: Using an existing SparkContext; some configuration may not take effect.
2020-03-20 15:28:12 SparkContext: INFO: Invoking stop() from shutdown hook
2020-03-20 15:28:13 AbstractConnector: INFO: Stopped Spark@e670460{HTTP/1.1,[http/1.1]}{0.0.0.0:4041}
2020-03-20 15:28:13 SparkUI: INFO: Stopped Spark web UI at http://192.168.0.110:4041
2020-03-20 15:28:13 MapOutputTrackerMasterEndpoint: INFO: MapOutputTrackerMasterEndpoint stopped!
2020-03-20 15:28:13 MemoryStore: INFO: MemoryStore cleared
2020-03-20 15:28:13 BlockManager: INFO: BlockManager stopped
2020-03-20 15:28:13 BlockManagerMaster: INFO: BlockManagerMaster stopped
2020-03-20 15:28:13 OutputCommitCoordinator$OutputCommitCoordinatorEndpoint: INFO: OutputCommitCoordinator stopped!
2020-03-20 15:28:13 SparkContext: INFO: Successfully stopped SparkContext
2020-03-20 15:28:13 ShutdownHookManager: INFO: Shutdown hook called
2020-03-20 15:28:13 ShutdownHookManager: INFO: Deleting directory /private/var/folders/56/q7rh2y5x7hj4n359_13dgwxcmtwz20/T/spark-8ce14ad1-7fb2-4389-95a3-0b9edb7d01ed
2020-03-20 15:28:13 ShutdownHookManager: INFO: Deleting directory /private/var/folders/56/q7rh2y5x7hj4n359_13dgwxcmtwz20/T/spark-53753caa-0a3b-4ac8-9952-42230615bf65
2020-03-20 15:28:13 ShutdownHookManager: INFO: Deleting directory /private/var/folders/56/q7rh2y5x7hj4n359_13dgwxcmtwz20/T/spark-8ce14ad1-7fb2-4389-95a3-0b9edb7d01ed/pyspark-468858e3-adef-4b1c-94b6-bc1d6d95fce5
