2020-03-19 11:56:54 Hail: WARN: This Hail JAR was compiled for Spark 2.4.0, running with Spark 2.4.3.
  Compatibility is not guaranteed.
2020-03-19 11:56:54 SparkContext: INFO: Running Spark version 2.4.3
2020-03-19 11:56:54 SparkContext: INFO: Submitted application: Hail
2020-03-19 11:56:54 SparkContext: INFO: Spark configuration:
spark.app.name=Hail
spark.driver.extraClassPath=/anaconda3/envs/hail/lib/python3.6/site-packages/hail/hail-all-spark.jar
spark.driver.maxResultSize=0
spark.executor.extraClassPath=./hail-all-spark.jar
spark.hadoop.google.cloud.auth.service.account.enable=true
spark.hadoop.google.cloud.auth.service.account.json.keyfile=/Users/nbaya/.hail/gcs-keys/gcs-connector-key.json
spark.hadoop.io.compression.codecs=org.apache.hadoop.io.compress.DefaultCodec,is.hail.io.compress.BGzipCodec,is.hail.io.compress.BGzipCodecTbi,org.apache.hadoop.io.compress.GzipCodec
spark.hadoop.mapreduce.input.fileinputformat.split.minsize=0
spark.jars=file:///anaconda3/envs/hail/lib/python3.6/site-packages/hail/hail-all-spark.jar
spark.kryo.registrator=is.hail.kryo.HailKryoRegistrator
spark.kryoserializer.buffer.max=1g
spark.logConf=true
spark.master=local[*]
spark.repl.local.jars=file:///anaconda3/envs/hail/lib/python3.6/site-packages/hail/hail-all-spark.jar
spark.serializer=org.apache.spark.serializer.KryoSerializer
spark.submit.deployMode=client
spark.ui.showConsoleProgress=false
2020-03-19 11:56:55 SecurityManager: INFO: Changing view acls to: nbaya
2020-03-19 11:56:55 SecurityManager: INFO: Changing modify acls to: nbaya
2020-03-19 11:56:55 SecurityManager: INFO: Changing view acls groups to: 
2020-03-19 11:56:55 SecurityManager: INFO: Changing modify acls groups to: 
2020-03-19 11:56:55 SecurityManager: INFO: SecurityManager: authentication disabled; ui acls disabled; users  with view permissions: Set(nbaya); groups with view permissions: Set(); users  with modify permissions: Set(nbaya); groups with modify permissions: Set()
2020-03-19 11:56:55 Utils: INFO: Successfully started service 'sparkDriver' on port 50396.
2020-03-19 11:56:55 SparkEnv: INFO: Registering MapOutputTracker
2020-03-19 11:56:55 SparkEnv: INFO: Registering BlockManagerMaster
2020-03-19 11:56:55 BlockManagerMasterEndpoint: INFO: Using org.apache.spark.storage.DefaultTopologyMapper for getting topology information
2020-03-19 11:56:55 BlockManagerMasterEndpoint: INFO: BlockManagerMasterEndpoint up
2020-03-19 11:56:55 DiskBlockManager: INFO: Created local directory at /private/var/folders/56/q7rh2y5x7hj4n359_13dgwxcmtwz20/T/blockmgr-c63de338-e8e3-4b31-95a5-731c52a2d9e3
2020-03-19 11:56:55 MemoryStore: INFO: MemoryStore started with capacity 366.3 MB
2020-03-19 11:56:55 SparkEnv: INFO: Registering OutputCommitCoordinator
2020-03-19 11:56:55 log: INFO: Logging initialized @2764ms
2020-03-19 11:56:55 Server: INFO: jetty-9.3.z-SNAPSHOT, build timestamp: unknown, git hash: unknown
2020-03-19 11:56:55 Server: INFO: Started @2865ms
2020-03-19 11:56:55 Utils: WARN: Service 'SparkUI' could not bind on port 4040. Attempting port 4041.
2020-03-19 11:56:55 AbstractConnector: INFO: Started ServerConnector@382d35df{HTTP/1.1,[http/1.1]}{0.0.0.0:4041}
2020-03-19 11:56:55 Utils: INFO: Successfully started service 'SparkUI' on port 4041.
2020-03-19 11:56:55 ContextHandler: INFO: Started o.s.j.s.ServletContextHandler@5892179a{/jobs,null,AVAILABLE,@Spark}
2020-03-19 11:56:55 ContextHandler: INFO: Started o.s.j.s.ServletContextHandler@4b33dce5{/jobs/json,null,AVAILABLE,@Spark}
2020-03-19 11:56:55 ContextHandler: INFO: Started o.s.j.s.ServletContextHandler@32633f63{/jobs/job,null,AVAILABLE,@Spark}
2020-03-19 11:56:55 ContextHandler: INFO: Started o.s.j.s.ServletContextHandler@56044776{/jobs/job/json,null,AVAILABLE,@Spark}
2020-03-19 11:56:55 ContextHandler: INFO: Started o.s.j.s.ServletContextHandler@3056da7{/stages,null,AVAILABLE,@Spark}
2020-03-19 11:56:55 ContextHandler: INFO: Started o.s.j.s.ServletContextHandler@28b6c283{/stages/json,null,AVAILABLE,@Spark}
2020-03-19 11:56:55 ContextHandler: INFO: Started o.s.j.s.ServletContextHandler@1d3488c5{/stages/stage,null,AVAILABLE,@Spark}
2020-03-19 11:56:55 ContextHandler: INFO: Started o.s.j.s.ServletContextHandler@5f031351{/stages/stage/json,null,AVAILABLE,@Spark}
2020-03-19 11:56:55 ContextHandler: INFO: Started o.s.j.s.ServletContextHandler@66c8dad4{/stages/pool,null,AVAILABLE,@Spark}
2020-03-19 11:56:55 ContextHandler: INFO: Started o.s.j.s.ServletContextHandler@753be5bc{/stages/pool/json,null,AVAILABLE,@Spark}
2020-03-19 11:56:55 ContextHandler: INFO: Started o.s.j.s.ServletContextHandler@4f2756af{/storage,null,AVAILABLE,@Spark}
2020-03-19 11:56:55 ContextHandler: INFO: Started o.s.j.s.ServletContextHandler@8794d81{/storage/json,null,AVAILABLE,@Spark}
2020-03-19 11:56:55 ContextHandler: INFO: Started o.s.j.s.ServletContextHandler@28472820{/storage/rdd,null,AVAILABLE,@Spark}
2020-03-19 11:56:55 ContextHandler: INFO: Started o.s.j.s.ServletContextHandler@27b3e91{/storage/rdd/json,null,AVAILABLE,@Spark}
2020-03-19 11:56:55 ContextHandler: INFO: Started o.s.j.s.ServletContextHandler@771c825f{/environment,null,AVAILABLE,@Spark}
2020-03-19 11:56:55 ContextHandler: INFO: Started o.s.j.s.ServletContextHandler@35cbcc78{/environment/json,null,AVAILABLE,@Spark}
2020-03-19 11:56:55 ContextHandler: INFO: Started o.s.j.s.ServletContextHandler@24dce4c9{/executors,null,AVAILABLE,@Spark}
2020-03-19 11:56:55 ContextHandler: INFO: Started o.s.j.s.ServletContextHandler@7f88d975{/executors/json,null,AVAILABLE,@Spark}
2020-03-19 11:56:55 ContextHandler: INFO: Started o.s.j.s.ServletContextHandler@6c95b2a1{/executors/threadDump,null,AVAILABLE,@Spark}
2020-03-19 11:56:55 ContextHandler: INFO: Started o.s.j.s.ServletContextHandler@7560b47{/executors/threadDump/json,null,AVAILABLE,@Spark}
2020-03-19 11:56:55 ContextHandler: INFO: Started o.s.j.s.ServletContextHandler@446f4dc8{/static,null,AVAILABLE,@Spark}
2020-03-19 11:56:55 ContextHandler: INFO: Started o.s.j.s.ServletContextHandler@2bd2b61c{/,null,AVAILABLE,@Spark}
2020-03-19 11:56:55 ContextHandler: INFO: Started o.s.j.s.ServletContextHandler@2f51c9a{/api,null,AVAILABLE,@Spark}
2020-03-19 11:56:55 ContextHandler: INFO: Started o.s.j.s.ServletContextHandler@1f448717{/jobs/job/kill,null,AVAILABLE,@Spark}
2020-03-19 11:56:55 ContextHandler: INFO: Started o.s.j.s.ServletContextHandler@62c80543{/stages/stage/kill,null,AVAILABLE,@Spark}
2020-03-19 11:56:55 SparkUI: INFO: Bound SparkUI to 0.0.0.0, and started at http://192.168.0.110:4041
2020-03-19 11:56:55 SparkContext: INFO: Added JAR file:///anaconda3/envs/hail/lib/python3.6/site-packages/hail/hail-all-spark.jar at spark://192.168.0.110:50396/jars/hail-all-spark.jar with timestamp 1584633415820
2020-03-19 11:56:55 Executor: INFO: Starting executor ID driver on host localhost
2020-03-19 11:56:55 Utils: INFO: Successfully started service 'org.apache.spark.network.netty.NettyBlockTransferService' on port 50397.
2020-03-19 11:56:55 NettyBlockTransferService: INFO: Server created on 192.168.0.110:50397
2020-03-19 11:56:55 BlockManager: INFO: Using org.apache.spark.storage.RandomBlockReplicationPolicy for block replication policy
2020-03-19 11:56:55 BlockManagerMaster: INFO: Registering BlockManager BlockManagerId(driver, 192.168.0.110, 50397, None)
2020-03-19 11:56:55 BlockManagerMasterEndpoint: INFO: Registering block manager 192.168.0.110:50397 with 366.3 MB RAM, BlockManagerId(driver, 192.168.0.110, 50397, None)
2020-03-19 11:56:55 BlockManagerMaster: INFO: Registered BlockManager BlockManagerId(driver, 192.168.0.110, 50397, None)
2020-03-19 11:56:55 BlockManager: INFO: Initialized BlockManager: BlockManagerId(driver, 192.168.0.110, 50397, None)
2020-03-19 11:56:56 ContextHandler: INFO: Started o.s.j.s.ServletContextHandler@4a896c66{/metrics/json,null,AVAILABLE,@Spark}
2020-03-19 11:56:56 Hail: INFO: Hail temporary directory: file:/tmp/hail.VYu96DcYtL0w
2020-03-19 11:56:56 Hail: INFO: SparkUI: http://192.168.0.110:4041
2020-03-19 11:56:56 Hail: INFO: Running Hail version 0.2.34-914bd8a10ca2
2020-03-19 11:56:56 SparkContext: WARN: Using an existing SparkContext; some configuration may not take effect.
2020-03-19 12:08:01 SparkContext: INFO: Invoking stop() from shutdown hook
2020-03-19 12:08:01 AbstractConnector: INFO: Stopped Spark@382d35df{HTTP/1.1,[http/1.1]}{0.0.0.0:4041}
2020-03-19 12:08:01 SparkUI: INFO: Stopped Spark web UI at http://192.168.0.110:4041
2020-03-19 12:08:01 MapOutputTrackerMasterEndpoint: INFO: MapOutputTrackerMasterEndpoint stopped!
2020-03-19 12:08:01 MemoryStore: INFO: MemoryStore cleared
2020-03-19 12:08:01 BlockManager: INFO: BlockManager stopped
2020-03-19 12:08:01 BlockManagerMaster: INFO: BlockManagerMaster stopped
2020-03-19 12:08:01 OutputCommitCoordinator$OutputCommitCoordinatorEndpoint: INFO: OutputCommitCoordinator stopped!
2020-03-19 12:08:01 SparkContext: INFO: Successfully stopped SparkContext
2020-03-19 12:08:01 ShutdownHookManager: INFO: Shutdown hook called
2020-03-19 12:08:01 ShutdownHookManager: INFO: Deleting directory /private/var/folders/56/q7rh2y5x7hj4n359_13dgwxcmtwz20/T/spark-60092632-0534-40db-803d-0546ef7ddb19/pyspark-14d097eb-1c8a-4f7f-b1c6-d76cb9b70090
2020-03-19 12:08:01 ShutdownHookManager: INFO: Deleting directory /private/var/folders/56/q7rh2y5x7hj4n359_13dgwxcmtwz20/T/spark-29467a3d-674b-4b46-80e4-f66ff00c4b84
2020-03-19 12:08:01 ShutdownHookManager: INFO: Deleting directory /private/var/folders/56/q7rh2y5x7hj4n359_13dgwxcmtwz20/T/spark-60092632-0534-40db-803d-0546ef7ddb19
