2020-03-19 12:12:00 Hail: WARN: This Hail JAR was compiled for Spark 2.4.0, running with Spark 2.4.3.
  Compatibility is not guaranteed.
2020-03-19 12:12:00 SparkContext: INFO: Running Spark version 2.4.3
2020-03-19 12:12:00 SparkContext: INFO: Submitted application: Hail
2020-03-19 12:12:00 SparkContext: INFO: Spark configuration:
spark.app.name=Hail
spark.driver.extraClassPath=/anaconda3/envs/hail/lib/python3.6/site-packages/hail/hail-all-spark.jar
spark.driver.maxResultSize=0
spark.executor.extraClassPath=./hail-all-spark.jar
spark.hadoop.google.cloud.auth.service.account.enable=true
spark.hadoop.google.cloud.auth.service.account.json.keyfile=/Users/nbaya/.hail/gcs-keys/gcs-connector-key.json
spark.hadoop.io.compression.codecs=org.apache.hadoop.io.compress.DefaultCodec,is.hail.io.compress.BGzipCodec,is.hail.io.compress.BGzipCodecTbi,org.apache.hadoop.io.compress.GzipCodec
spark.hadoop.mapreduce.input.fileinputformat.split.minsize=0
spark.jars=file:///anaconda3/envs/hail/lib/python3.6/site-packages/hail/hail-all-spark.jar
spark.kryo.registrator=is.hail.kryo.HailKryoRegistrator
spark.kryoserializer.buffer.max=1g
spark.logConf=true
spark.master=local[*]
spark.repl.local.jars=file:///anaconda3/envs/hail/lib/python3.6/site-packages/hail/hail-all-spark.jar
spark.serializer=org.apache.spark.serializer.KryoSerializer
spark.submit.deployMode=client
spark.ui.showConsoleProgress=false
2020-03-19 12:12:00 SecurityManager: INFO: Changing view acls to: nbaya
2020-03-19 12:12:00 SecurityManager: INFO: Changing modify acls to: nbaya
2020-03-19 12:12:00 SecurityManager: INFO: Changing view acls groups to: 
2020-03-19 12:12:00 SecurityManager: INFO: Changing modify acls groups to: 
2020-03-19 12:12:00 SecurityManager: INFO: SecurityManager: authentication disabled; ui acls disabled; users  with view permissions: Set(nbaya); groups with view permissions: Set(); users  with modify permissions: Set(nbaya); groups with modify permissions: Set()
2020-03-19 12:12:00 Utils: INFO: Successfully started service 'sparkDriver' on port 50455.
2020-03-19 12:12:00 SparkEnv: INFO: Registering MapOutputTracker
2020-03-19 12:12:00 SparkEnv: INFO: Registering BlockManagerMaster
2020-03-19 12:12:00 BlockManagerMasterEndpoint: INFO: Using org.apache.spark.storage.DefaultTopologyMapper for getting topology information
2020-03-19 12:12:00 BlockManagerMasterEndpoint: INFO: BlockManagerMasterEndpoint up
2020-03-19 12:12:00 DiskBlockManager: INFO: Created local directory at /private/var/folders/56/q7rh2y5x7hj4n359_13dgwxcmtwz20/T/blockmgr-77b382a9-8551-4cb9-97f7-74a879576089
2020-03-19 12:12:00 MemoryStore: INFO: MemoryStore started with capacity 366.3 MB
2020-03-19 12:12:00 SparkEnv: INFO: Registering OutputCommitCoordinator
2020-03-19 12:12:00 log: INFO: Logging initialized @2784ms
2020-03-19 12:12:00 Server: INFO: jetty-9.3.z-SNAPSHOT, build timestamp: unknown, git hash: unknown
2020-03-19 12:12:00 Server: INFO: Started @2877ms
2020-03-19 12:12:00 Utils: WARN: Service 'SparkUI' could not bind on port 4040. Attempting port 4041.
2020-03-19 12:12:00 AbstractConnector: INFO: Started ServerConnector@7c57f261{HTTP/1.1,[http/1.1]}{0.0.0.0:4041}
2020-03-19 12:12:00 Utils: INFO: Successfully started service 'SparkUI' on port 4041.
2020-03-19 12:12:01 ContextHandler: INFO: Started o.s.j.s.ServletContextHandler@65e5adcf{/jobs,null,AVAILABLE,@Spark}
2020-03-19 12:12:01 ContextHandler: INFO: Started o.s.j.s.ServletContextHandler@637d9423{/jobs/json,null,AVAILABLE,@Spark}
2020-03-19 12:12:01 ContextHandler: INFO: Started o.s.j.s.ServletContextHandler@29eb3826{/jobs/job,null,AVAILABLE,@Spark}
2020-03-19 12:12:01 ContextHandler: INFO: Started o.s.j.s.ServletContextHandler@671d3a59{/jobs/job/json,null,AVAILABLE,@Spark}
2020-03-19 12:12:01 ContextHandler: INFO: Started o.s.j.s.ServletContextHandler@68ce7615{/stages,null,AVAILABLE,@Spark}
2020-03-19 12:12:01 ContextHandler: INFO: Started o.s.j.s.ServletContextHandler@18944922{/stages/json,null,AVAILABLE,@Spark}
2020-03-19 12:12:01 ContextHandler: INFO: Started o.s.j.s.ServletContextHandler@6d1bd08f{/stages/stage,null,AVAILABLE,@Spark}
2020-03-19 12:12:01 ContextHandler: INFO: Started o.s.j.s.ServletContextHandler@42d8c74b{/stages/stage/json,null,AVAILABLE,@Spark}
2020-03-19 12:12:01 ContextHandler: INFO: Started o.s.j.s.ServletContextHandler@7174f837{/stages/pool,null,AVAILABLE,@Spark}
2020-03-19 12:12:01 ContextHandler: INFO: Started o.s.j.s.ServletContextHandler@451e6056{/stages/pool/json,null,AVAILABLE,@Spark}
2020-03-19 12:12:01 ContextHandler: INFO: Started o.s.j.s.ServletContextHandler@47c2c236{/storage,null,AVAILABLE,@Spark}
2020-03-19 12:12:01 ContextHandler: INFO: Started o.s.j.s.ServletContextHandler@43a4a71a{/storage/json,null,AVAILABLE,@Spark}
2020-03-19 12:12:01 ContextHandler: INFO: Started o.s.j.s.ServletContextHandler@15c75a19{/storage/rdd,null,AVAILABLE,@Spark}
2020-03-19 12:12:01 ContextHandler: INFO: Started o.s.j.s.ServletContextHandler@236d8427{/storage/rdd/json,null,AVAILABLE,@Spark}
2020-03-19 12:12:01 ContextHandler: INFO: Started o.s.j.s.ServletContextHandler@726f210e{/environment,null,AVAILABLE,@Spark}
2020-03-19 12:12:01 ContextHandler: INFO: Started o.s.j.s.ServletContextHandler@1495d42e{/environment/json,null,AVAILABLE,@Spark}
2020-03-19 12:12:01 ContextHandler: INFO: Started o.s.j.s.ServletContextHandler@3b2d4337{/executors,null,AVAILABLE,@Spark}
2020-03-19 12:12:01 ContextHandler: INFO: Started o.s.j.s.ServletContextHandler@742eb4c9{/executors/json,null,AVAILABLE,@Spark}
2020-03-19 12:12:01 ContextHandler: INFO: Started o.s.j.s.ServletContextHandler@7fc28c13{/executors/threadDump,null,AVAILABLE,@Spark}
2020-03-19 12:12:01 ContextHandler: INFO: Started o.s.j.s.ServletContextHandler@45cc0361{/executors/threadDump/json,null,AVAILABLE,@Spark}
2020-03-19 12:12:01 ContextHandler: INFO: Started o.s.j.s.ServletContextHandler@14a9d414{/static,null,AVAILABLE,@Spark}
2020-03-19 12:12:01 ContextHandler: INFO: Started o.s.j.s.ServletContextHandler@577d558{/,null,AVAILABLE,@Spark}
2020-03-19 12:12:01 ContextHandler: INFO: Started o.s.j.s.ServletContextHandler@580bc661{/api,null,AVAILABLE,@Spark}
2020-03-19 12:12:01 ContextHandler: INFO: Started o.s.j.s.ServletContextHandler@4a011297{/jobs/job/kill,null,AVAILABLE,@Spark}
2020-03-19 12:12:01 ContextHandler: INFO: Started o.s.j.s.ServletContextHandler@3f3fb76f{/stages/stage/kill,null,AVAILABLE,@Spark}
2020-03-19 12:12:01 SparkUI: INFO: Bound SparkUI to 0.0.0.0, and started at http://192.168.0.110:4041
2020-03-19 12:12:01 SparkContext: INFO: Added JAR file:///anaconda3/envs/hail/lib/python3.6/site-packages/hail/hail-all-spark.jar at spark://192.168.0.110:50455/jars/hail-all-spark.jar with timestamp 1584634321057
2020-03-19 12:12:01 Executor: INFO: Starting executor ID driver on host localhost
2020-03-19 12:12:01 Utils: INFO: Successfully started service 'org.apache.spark.network.netty.NettyBlockTransferService' on port 50456.
2020-03-19 12:12:01 NettyBlockTransferService: INFO: Server created on 192.168.0.110:50456
2020-03-19 12:12:01 BlockManager: INFO: Using org.apache.spark.storage.RandomBlockReplicationPolicy for block replication policy
2020-03-19 12:12:01 BlockManagerMaster: INFO: Registering BlockManager BlockManagerId(driver, 192.168.0.110, 50456, None)
2020-03-19 12:12:01 BlockManagerMasterEndpoint: INFO: Registering block manager 192.168.0.110:50456 with 366.3 MB RAM, BlockManagerId(driver, 192.168.0.110, 50456, None)
2020-03-19 12:12:01 BlockManagerMaster: INFO: Registered BlockManager BlockManagerId(driver, 192.168.0.110, 50456, None)
2020-03-19 12:12:01 BlockManager: INFO: Initialized BlockManager: BlockManagerId(driver, 192.168.0.110, 50456, None)
2020-03-19 12:12:01 ContextHandler: INFO: Started o.s.j.s.ServletContextHandler@165c684c{/metrics/json,null,AVAILABLE,@Spark}
2020-03-19 12:12:01 Hail: INFO: Hail temporary directory: file:/tmp/hail.xphLpeQ2Esj8
2020-03-19 12:12:01 Hail: INFO: SparkUI: http://192.168.0.110:4041
2020-03-19 12:12:01 Hail: INFO: Running Hail version 0.2.34-914bd8a10ca2
2020-03-19 12:12:01 SparkContext: WARN: Using an existing SparkContext; some configuration may not take effect.
2020-03-19 12:22:56 SparkContext: INFO: Invoking stop() from shutdown hook
2020-03-19 12:22:56 AbstractConnector: INFO: Stopped Spark@7c57f261{HTTP/1.1,[http/1.1]}{0.0.0.0:4041}
2020-03-19 12:22:56 SparkUI: INFO: Stopped Spark web UI at http://192.168.0.110:4041
2020-03-19 12:22:56 MapOutputTrackerMasterEndpoint: INFO: MapOutputTrackerMasterEndpoint stopped!
2020-03-19 12:22:56 MemoryStore: INFO: MemoryStore cleared
2020-03-19 12:22:56 BlockManager: INFO: BlockManager stopped
2020-03-19 12:22:56 BlockManagerMaster: INFO: BlockManagerMaster stopped
2020-03-19 12:22:56 OutputCommitCoordinator$OutputCommitCoordinatorEndpoint: INFO: OutputCommitCoordinator stopped!
2020-03-19 12:22:56 SparkContext: INFO: Successfully stopped SparkContext
2020-03-19 12:22:56 ShutdownHookManager: INFO: Shutdown hook called
2020-03-19 12:22:56 ShutdownHookManager: INFO: Deleting directory /private/var/folders/56/q7rh2y5x7hj4n359_13dgwxcmtwz20/T/spark-7a3f5343-5dad-4860-8ae2-17489effd8cc
2020-03-19 12:22:56 ShutdownHookManager: INFO: Deleting directory /private/var/folders/56/q7rh2y5x7hj4n359_13dgwxcmtwz20/T/spark-74210a10-5e6d-4bb2-b6fb-b5e210c6741f
2020-03-19 12:22:56 ShutdownHookManager: INFO: Deleting directory /private/var/folders/56/q7rh2y5x7hj4n359_13dgwxcmtwz20/T/spark-7a3f5343-5dad-4860-8ae2-17489effd8cc/pyspark-936b18f6-83cf-4406-8370-4e311b21ba2d
