2020-03-08 15:20:33 Hail: WARN: This Hail JAR was compiled for Spark 2.4.0, running with Spark 2.4.3.
  Compatibility is not guaranteed.
2020-03-08 15:20:33 SparkContext: INFO: Running Spark version 2.4.3
2020-03-08 15:20:33 SparkContext: INFO: Submitted application: Hail
2020-03-08 15:20:33 SparkContext: INFO: Spark configuration:
spark.app.name=Hail
spark.driver.extraClassPath=/anaconda3/envs/hail/lib/python3.6/site-packages/hail/hail-all-spark.jar
spark.driver.maxResultSize=0
spark.executor.extraClassPath=./hail-all-spark.jar
spark.hadoop.google.cloud.auth.service.account.enable=true
spark.hadoop.google.cloud.auth.service.account.json.keyfile=/Users/nbaya/.hail/gcs-keys/gcs-connector-key.json
spark.hadoop.io.compression.codecs=org.apache.hadoop.io.compress.DefaultCodec,is.hail.io.compress.BGzipCodec,is.hail.io.compress.BGzipCodecTbi,org.apache.hadoop.io.compress.GzipCodec
spark.hadoop.mapreduce.input.fileinputformat.split.minsize=0
spark.jars=file:///anaconda3/envs/hail/lib/python3.6/site-packages/hail/hail-all-spark.jar
spark.kryo.registrator=is.hail.kryo.HailKryoRegistrator
spark.kryoserializer.buffer.max=1g
spark.logConf=true
spark.master=local[*]
spark.repl.local.jars=file:///anaconda3/envs/hail/lib/python3.6/site-packages/hail/hail-all-spark.jar
spark.serializer=org.apache.spark.serializer.KryoSerializer
spark.submit.deployMode=client
spark.ui.showConsoleProgress=false
2020-03-08 15:20:33 SecurityManager: INFO: Changing view acls to: nbaya
2020-03-08 15:20:33 SecurityManager: INFO: Changing modify acls to: nbaya
2020-03-08 15:20:33 SecurityManager: INFO: Changing view acls groups to: 
2020-03-08 15:20:33 SecurityManager: INFO: Changing modify acls groups to: 
2020-03-08 15:20:33 SecurityManager: INFO: SecurityManager: authentication disabled; ui acls disabled; users  with view permissions: Set(nbaya); groups with view permissions: Set(); users  with modify permissions: Set(nbaya); groups with modify permissions: Set()
2020-03-08 15:20:34 Utils: INFO: Successfully started service 'sparkDriver' on port 55933.
2020-03-08 15:20:34 SparkEnv: INFO: Registering MapOutputTracker
2020-03-08 15:20:34 SparkEnv: INFO: Registering BlockManagerMaster
2020-03-08 15:20:34 BlockManagerMasterEndpoint: INFO: Using org.apache.spark.storage.DefaultTopologyMapper for getting topology information
2020-03-08 15:20:34 BlockManagerMasterEndpoint: INFO: BlockManagerMasterEndpoint up
2020-03-08 15:20:34 DiskBlockManager: INFO: Created local directory at /private/var/folders/56/q7rh2y5x7hj4n359_13dgwxcmtwz20/T/blockmgr-291ba810-290d-45f5-9969-2b24a1b40ae5
2020-03-08 15:20:34 MemoryStore: INFO: MemoryStore started with capacity 366.3 MB
2020-03-08 15:20:34 SparkEnv: INFO: Registering OutputCommitCoordinator
2020-03-08 15:20:34 log: INFO: Logging initialized @2657ms
2020-03-08 15:20:34 Server: INFO: jetty-9.3.z-SNAPSHOT, build timestamp: unknown, git hash: unknown
2020-03-08 15:20:34 Server: INFO: Started @2733ms
2020-03-08 15:20:34 Utils: WARN: Service 'SparkUI' could not bind on port 4040. Attempting port 4041.
2020-03-08 15:20:34 Utils: WARN: Service 'SparkUI' could not bind on port 4041. Attempting port 4042.
2020-03-08 15:20:34 AbstractConnector: INFO: Started ServerConnector@5639cdb2{HTTP/1.1,[http/1.1]}{0.0.0.0:4042}
2020-03-08 15:20:34 Utils: INFO: Successfully started service 'SparkUI' on port 4042.
2020-03-08 15:20:34 ContextHandler: INFO: Started o.s.j.s.ServletContextHandler@2cb56314{/jobs,null,AVAILABLE,@Spark}
2020-03-08 15:20:34 ContextHandler: INFO: Started o.s.j.s.ServletContextHandler@2827c651{/jobs/json,null,AVAILABLE,@Spark}
2020-03-08 15:20:34 ContextHandler: INFO: Started o.s.j.s.ServletContextHandler@41f8840b{/jobs/job,null,AVAILABLE,@Spark}
2020-03-08 15:20:34 ContextHandler: INFO: Started o.s.j.s.ServletContextHandler@519267f3{/jobs/job/json,null,AVAILABLE,@Spark}
2020-03-08 15:20:34 ContextHandler: INFO: Started o.s.j.s.ServletContextHandler@479136de{/stages,null,AVAILABLE,@Spark}
2020-03-08 15:20:34 ContextHandler: INFO: Started o.s.j.s.ServletContextHandler@424c3afb{/stages/json,null,AVAILABLE,@Spark}
2020-03-08 15:20:34 ContextHandler: INFO: Started o.s.j.s.ServletContextHandler@6370de2b{/stages/stage,null,AVAILABLE,@Spark}
2020-03-08 15:20:34 ContextHandler: INFO: Started o.s.j.s.ServletContextHandler@4c4e0195{/stages/stage/json,null,AVAILABLE,@Spark}
2020-03-08 15:20:34 ContextHandler: INFO: Started o.s.j.s.ServletContextHandler@292a0fb1{/stages/pool,null,AVAILABLE,@Spark}
2020-03-08 15:20:34 ContextHandler: INFO: Started o.s.j.s.ServletContextHandler@746acf15{/stages/pool/json,null,AVAILABLE,@Spark}
2020-03-08 15:20:34 ContextHandler: INFO: Started o.s.j.s.ServletContextHandler@28eb690f{/storage,null,AVAILABLE,@Spark}
2020-03-08 15:20:34 ContextHandler: INFO: Started o.s.j.s.ServletContextHandler@1495872e{/storage/json,null,AVAILABLE,@Spark}
2020-03-08 15:20:34 ContextHandler: INFO: Started o.s.j.s.ServletContextHandler@6d3b558a{/storage/rdd,null,AVAILABLE,@Spark}
2020-03-08 15:20:34 ContextHandler: INFO: Started o.s.j.s.ServletContextHandler@4f8b3d5f{/storage/rdd/json,null,AVAILABLE,@Spark}
2020-03-08 15:20:34 ContextHandler: INFO: Started o.s.j.s.ServletContextHandler@3c5b86b0{/environment,null,AVAILABLE,@Spark}
2020-03-08 15:20:34 ContextHandler: INFO: Started o.s.j.s.ServletContextHandler@44fdae2{/environment/json,null,AVAILABLE,@Spark}
2020-03-08 15:20:34 ContextHandler: INFO: Started o.s.j.s.ServletContextHandler@33ef58e4{/executors,null,AVAILABLE,@Spark}
2020-03-08 15:20:34 ContextHandler: INFO: Started o.s.j.s.ServletContextHandler@2598ea03{/executors/json,null,AVAILABLE,@Spark}
2020-03-08 15:20:34 ContextHandler: INFO: Started o.s.j.s.ServletContextHandler@45169606{/executors/threadDump,null,AVAILABLE,@Spark}
2020-03-08 15:20:34 ContextHandler: INFO: Started o.s.j.s.ServletContextHandler@3f74cc8c{/executors/threadDump/json,null,AVAILABLE,@Spark}
2020-03-08 15:20:34 ContextHandler: INFO: Started o.s.j.s.ServletContextHandler@76958bfe{/static,null,AVAILABLE,@Spark}
2020-03-08 15:20:34 ContextHandler: INFO: Started o.s.j.s.ServletContextHandler@54b005c7{/,null,AVAILABLE,@Spark}
2020-03-08 15:20:34 ContextHandler: INFO: Started o.s.j.s.ServletContextHandler@1163bd62{/api,null,AVAILABLE,@Spark}
2020-03-08 15:20:34 ContextHandler: INFO: Started o.s.j.s.ServletContextHandler@2290fcb1{/jobs/job/kill,null,AVAILABLE,@Spark}
2020-03-08 15:20:34 ContextHandler: INFO: Started o.s.j.s.ServletContextHandler@17e243ed{/stages/stage/kill,null,AVAILABLE,@Spark}
2020-03-08 15:20:34 SparkUI: INFO: Bound SparkUI to 0.0.0.0, and started at http://wm65b-8a9.broadinstitute.org:4042
2020-03-08 15:20:34 SparkContext: INFO: Added JAR file:///anaconda3/envs/hail/lib/python3.6/site-packages/hail/hail-all-spark.jar at spark://wm65b-8a9.broadinstitute.org:55933/jars/hail-all-spark.jar with timestamp 1583695234637
2020-03-08 15:20:34 Executor: INFO: Starting executor ID driver on host localhost
2020-03-08 15:20:34 Utils: INFO: Successfully started service 'org.apache.spark.network.netty.NettyBlockTransferService' on port 55934.
2020-03-08 15:20:34 NettyBlockTransferService: INFO: Server created on wm65b-8a9.broadinstitute.org:55934
2020-03-08 15:20:34 BlockManager: INFO: Using org.apache.spark.storage.RandomBlockReplicationPolicy for block replication policy
2020-03-08 15:20:34 BlockManagerMaster: INFO: Registering BlockManager BlockManagerId(driver, wm65b-8a9.broadinstitute.org, 55934, None)
2020-03-08 15:20:34 BlockManagerMasterEndpoint: INFO: Registering block manager wm65b-8a9.broadinstitute.org:55934 with 366.3 MB RAM, BlockManagerId(driver, wm65b-8a9.broadinstitute.org, 55934, None)
2020-03-08 15:20:34 BlockManagerMaster: INFO: Registered BlockManager BlockManagerId(driver, wm65b-8a9.broadinstitute.org, 55934, None)
2020-03-08 15:20:34 BlockManager: INFO: Initialized BlockManager: BlockManagerId(driver, wm65b-8a9.broadinstitute.org, 55934, None)
2020-03-08 15:20:34 ContextHandler: INFO: Started o.s.j.s.ServletContextHandler@f33cf44{/metrics/json,null,AVAILABLE,@Spark}
2020-03-08 15:20:34 Hail: INFO: Hail temporary directory: file:/tmp/hail.0zi9kGBmpzBI
2020-03-08 15:20:34 Hail: INFO: SparkUI: http://wm65b-8a9.broadinstitute.org:4042
2020-03-08 15:20:34 Hail: INFO: Running Hail version 0.2.33-5d8cae649505
2020-03-08 15:20:35 SparkContext: WARN: Using an existing SparkContext; some configuration may not take effect.
2020-03-08 19:56:19 SparkContext: INFO: Invoking stop() from shutdown hook
2020-03-08 19:56:19 AbstractConnector: INFO: Stopped Spark@5639cdb2{HTTP/1.1,[http/1.1]}{0.0.0.0:4042}
2020-03-08 19:56:19 SparkUI: INFO: Stopped Spark web UI at http://wm65b-8a9.broadinstitute.org:4042
2020-03-08 19:56:19 MapOutputTrackerMasterEndpoint: INFO: MapOutputTrackerMasterEndpoint stopped!
2020-03-08 19:56:19 MemoryStore: INFO: MemoryStore cleared
2020-03-08 19:56:19 BlockManager: INFO: BlockManager stopped
2020-03-08 19:56:19 BlockManagerMaster: INFO: BlockManagerMaster stopped
2020-03-08 19:56:19 OutputCommitCoordinator$OutputCommitCoordinatorEndpoint: INFO: OutputCommitCoordinator stopped!
2020-03-08 19:56:19 SparkContext: INFO: Successfully stopped SparkContext
2020-03-08 19:56:19 ShutdownHookManager: INFO: Shutdown hook called
2020-03-08 19:56:19 ShutdownHookManager: INFO: Deleting directory /private/var/folders/56/q7rh2y5x7hj4n359_13dgwxcmtwz20/T/spark-a0cc850f-364a-4ad0-a8f6-ec3baa195e74
2020-03-08 19:56:19 ShutdownHookManager: INFO: Deleting directory /private/var/folders/56/q7rh2y5x7hj4n359_13dgwxcmtwz20/T/spark-a0cc850f-364a-4ad0-a8f6-ec3baa195e74/pyspark-84e2161a-9d7e-4428-8f14-28d505316d21
2020-03-08 19:56:19 ShutdownHookManager: INFO: Deleting directory /private/var/folders/56/q7rh2y5x7hj4n359_13dgwxcmtwz20/T/spark-96c382ca-d1f0-42ba-8e50-0d72c15d6e3f
