2020-03-19 10:05:56 Hail: WARN: This Hail JAR was compiled for Spark 2.4.0, running with Spark 2.4.3.
  Compatibility is not guaranteed.
2020-03-19 10:05:56 SparkContext: INFO: Running Spark version 2.4.3
2020-03-19 10:05:56 SparkContext: INFO: Submitted application: Hail
2020-03-19 10:05:56 SparkContext: INFO: Spark configuration:
spark.app.name=Hail
spark.driver.extraClassPath=/anaconda3/envs/hail/lib/python3.6/site-packages/hail/hail-all-spark.jar
spark.driver.maxResultSize=0
spark.executor.extraClassPath=./hail-all-spark.jar
spark.hadoop.google.cloud.auth.service.account.enable=true
spark.hadoop.google.cloud.auth.service.account.json.keyfile=/Users/nbaya/.hail/gcs-keys/gcs-connector-key.json
spark.hadoop.io.compression.codecs=org.apache.hadoop.io.compress.DefaultCodec,is.hail.io.compress.BGzipCodec,is.hail.io.compress.BGzipCodecTbi,org.apache.hadoop.io.compress.GzipCodec
spark.hadoop.mapreduce.input.fileinputformat.split.minsize=0
spark.jars=file:///anaconda3/envs/hail/lib/python3.6/site-packages/hail/hail-all-spark.jar
spark.kryo.registrator=is.hail.kryo.HailKryoRegistrator
spark.kryoserializer.buffer.max=1g
spark.logConf=true
spark.master=local[*]
spark.repl.local.jars=file:///anaconda3/envs/hail/lib/python3.6/site-packages/hail/hail-all-spark.jar
spark.serializer=org.apache.spark.serializer.KryoSerializer
spark.submit.deployMode=client
spark.ui.showConsoleProgress=false
2020-03-19 10:05:57 SecurityManager: INFO: Changing view acls to: nbaya
2020-03-19 10:05:57 SecurityManager: INFO: Changing modify acls to: nbaya
2020-03-19 10:05:57 SecurityManager: INFO: Changing view acls groups to: 
2020-03-19 10:05:57 SecurityManager: INFO: Changing modify acls groups to: 
2020-03-19 10:05:57 SecurityManager: INFO: SecurityManager: authentication disabled; ui acls disabled; users  with view permissions: Set(nbaya); groups with view permissions: Set(); users  with modify permissions: Set(nbaya); groups with modify permissions: Set()
2020-03-19 10:05:57 Utils: INFO: Successfully started service 'sparkDriver' on port 49858.
2020-03-19 10:05:57 SparkEnv: INFO: Registering MapOutputTracker
2020-03-19 10:05:57 SparkEnv: INFO: Registering BlockManagerMaster
2020-03-19 10:05:57 BlockManagerMasterEndpoint: INFO: Using org.apache.spark.storage.DefaultTopologyMapper for getting topology information
2020-03-19 10:05:57 BlockManagerMasterEndpoint: INFO: BlockManagerMasterEndpoint up
2020-03-19 10:05:57 DiskBlockManager: INFO: Created local directory at /private/var/folders/56/q7rh2y5x7hj4n359_13dgwxcmtwz20/T/blockmgr-3c8a7ceb-d954-4fff-8e90-ac28717377f6
2020-03-19 10:05:57 MemoryStore: INFO: MemoryStore started with capacity 366.3 MB
2020-03-19 10:05:57 SparkEnv: INFO: Registering OutputCommitCoordinator
2020-03-19 10:05:57 log: INFO: Logging initialized @2785ms
2020-03-19 10:05:57 Server: INFO: jetty-9.3.z-SNAPSHOT, build timestamp: unknown, git hash: unknown
2020-03-19 10:05:57 Server: INFO: Started @2885ms
2020-03-19 10:05:57 Utils: WARN: Service 'SparkUI' could not bind on port 4040. Attempting port 4041.
2020-03-19 10:05:57 AbstractConnector: INFO: Started ServerConnector@1bb42470{HTTP/1.1,[http/1.1]}{0.0.0.0:4041}
2020-03-19 10:05:57 Utils: INFO: Successfully started service 'SparkUI' on port 4041.
2020-03-19 10:05:57 ContextHandler: INFO: Started o.s.j.s.ServletContextHandler@6c00ac0b{/jobs,null,AVAILABLE,@Spark}
2020-03-19 10:05:57 ContextHandler: INFO: Started o.s.j.s.ServletContextHandler@f671116{/jobs/json,null,AVAILABLE,@Spark}
2020-03-19 10:05:57 ContextHandler: INFO: Started o.s.j.s.ServletContextHandler@97a88ef{/jobs/job,null,AVAILABLE,@Spark}
2020-03-19 10:05:57 ContextHandler: INFO: Started o.s.j.s.ServletContextHandler@18434754{/jobs/job/json,null,AVAILABLE,@Spark}
2020-03-19 10:05:57 ContextHandler: INFO: Started o.s.j.s.ServletContextHandler@2f1b1aeb{/stages,null,AVAILABLE,@Spark}
2020-03-19 10:05:57 ContextHandler: INFO: Started o.s.j.s.ServletContextHandler@72fbd217{/stages/json,null,AVAILABLE,@Spark}
2020-03-19 10:05:57 ContextHandler: INFO: Started o.s.j.s.ServletContextHandler@2b3e9132{/stages/stage,null,AVAILABLE,@Spark}
2020-03-19 10:05:57 ContextHandler: INFO: Started o.s.j.s.ServletContextHandler@72b98bd5{/stages/stage/json,null,AVAILABLE,@Spark}
2020-03-19 10:05:57 ContextHandler: INFO: Started o.s.j.s.ServletContextHandler@2d5123b1{/stages/pool,null,AVAILABLE,@Spark}
2020-03-19 10:05:57 ContextHandler: INFO: Started o.s.j.s.ServletContextHandler@2c420ed7{/stages/pool/json,null,AVAILABLE,@Spark}
2020-03-19 10:05:57 ContextHandler: INFO: Started o.s.j.s.ServletContextHandler@61d4701{/storage,null,AVAILABLE,@Spark}
2020-03-19 10:05:57 ContextHandler: INFO: Started o.s.j.s.ServletContextHandler@38c49334{/storage/json,null,AVAILABLE,@Spark}
2020-03-19 10:05:57 ContextHandler: INFO: Started o.s.j.s.ServletContextHandler@1cac6336{/storage/rdd,null,AVAILABLE,@Spark}
2020-03-19 10:05:57 ContextHandler: INFO: Started o.s.j.s.ServletContextHandler@2024f2c2{/storage/rdd/json,null,AVAILABLE,@Spark}
2020-03-19 10:05:57 ContextHandler: INFO: Started o.s.j.s.ServletContextHandler@4c6d9c88{/environment,null,AVAILABLE,@Spark}
2020-03-19 10:05:57 ContextHandler: INFO: Started o.s.j.s.ServletContextHandler@50acfb02{/environment/json,null,AVAILABLE,@Spark}
2020-03-19 10:05:57 ContextHandler: INFO: Started o.s.j.s.ServletContextHandler@2fe687f2{/executors,null,AVAILABLE,@Spark}
2020-03-19 10:05:57 ContextHandler: INFO: Started o.s.j.s.ServletContextHandler@2853d22e{/executors/json,null,AVAILABLE,@Spark}
2020-03-19 10:05:57 ContextHandler: INFO: Started o.s.j.s.ServletContextHandler@8fa8270{/executors/threadDump,null,AVAILABLE,@Spark}
2020-03-19 10:05:57 ContextHandler: INFO: Started o.s.j.s.ServletContextHandler@3f391c86{/executors/threadDump/json,null,AVAILABLE,@Spark}
2020-03-19 10:05:57 ContextHandler: INFO: Started o.s.j.s.ServletContextHandler@24fbc584{/static,null,AVAILABLE,@Spark}
2020-03-19 10:05:57 ContextHandler: INFO: Started o.s.j.s.ServletContextHandler@48b755cb{/,null,AVAILABLE,@Spark}
2020-03-19 10:05:57 ContextHandler: INFO: Started o.s.j.s.ServletContextHandler@7be9eee4{/api,null,AVAILABLE,@Spark}
2020-03-19 10:05:57 ContextHandler: INFO: Started o.s.j.s.ServletContextHandler@470e292{/jobs/job/kill,null,AVAILABLE,@Spark}
2020-03-19 10:05:57 ContextHandler: INFO: Started o.s.j.s.ServletContextHandler@381394d5{/stages/stage/kill,null,AVAILABLE,@Spark}
2020-03-19 10:05:57 SparkUI: INFO: Bound SparkUI to 0.0.0.0, and started at http://192.168.0.110:4041
2020-03-19 10:05:57 SparkContext: INFO: Added JAR file:///anaconda3/envs/hail/lib/python3.6/site-packages/hail/hail-all-spark.jar at spark://192.168.0.110:49858/jars/hail-all-spark.jar with timestamp 1584626757805
2020-03-19 10:05:57 Executor: INFO: Starting executor ID driver on host localhost
2020-03-19 10:05:57 Utils: INFO: Successfully started service 'org.apache.spark.network.netty.NettyBlockTransferService' on port 49859.
2020-03-19 10:05:57 NettyBlockTransferService: INFO: Server created on 192.168.0.110:49859
2020-03-19 10:05:57 BlockManager: INFO: Using org.apache.spark.storage.RandomBlockReplicationPolicy for block replication policy
2020-03-19 10:05:57 BlockManagerMaster: INFO: Registering BlockManager BlockManagerId(driver, 192.168.0.110, 49859, None)
2020-03-19 10:05:57 BlockManagerMasterEndpoint: INFO: Registering block manager 192.168.0.110:49859 with 366.3 MB RAM, BlockManagerId(driver, 192.168.0.110, 49859, None)
2020-03-19 10:05:57 BlockManagerMaster: INFO: Registered BlockManager BlockManagerId(driver, 192.168.0.110, 49859, None)
2020-03-19 10:05:57 BlockManager: INFO: Initialized BlockManager: BlockManagerId(driver, 192.168.0.110, 49859, None)
2020-03-19 10:05:58 ContextHandler: INFO: Started o.s.j.s.ServletContextHandler@7e5f9063{/metrics/json,null,AVAILABLE,@Spark}
2020-03-19 10:05:58 Hail: INFO: Hail temporary directory: file:/tmp/hail.Wocsg0uOrbsW
2020-03-19 10:05:58 Hail: INFO: SparkUI: http://192.168.0.110:4041
2020-03-19 10:05:58 Hail: INFO: Running Hail version 0.2.34-914bd8a10ca2
2020-03-19 10:05:58 SparkContext: WARN: Using an existing SparkContext; some configuration may not take effect.
2020-03-19 10:06:52 SparkContext: INFO: Invoking stop() from shutdown hook
2020-03-19 10:06:52 AbstractConnector: INFO: Stopped Spark@1bb42470{HTTP/1.1,[http/1.1]}{0.0.0.0:4041}
2020-03-19 10:06:52 SparkUI: INFO: Stopped Spark web UI at http://192.168.0.110:4041
2020-03-19 10:06:52 MapOutputTrackerMasterEndpoint: INFO: MapOutputTrackerMasterEndpoint stopped!
2020-03-19 10:06:52 MemoryStore: INFO: MemoryStore cleared
2020-03-19 10:06:52 BlockManager: INFO: BlockManager stopped
2020-03-19 10:06:52 BlockManagerMaster: INFO: BlockManagerMaster stopped
2020-03-19 10:06:52 OutputCommitCoordinator$OutputCommitCoordinatorEndpoint: INFO: OutputCommitCoordinator stopped!
2020-03-19 10:06:52 SparkContext: INFO: Successfully stopped SparkContext
2020-03-19 10:06:52 ShutdownHookManager: INFO: Shutdown hook called
2020-03-19 10:06:52 ShutdownHookManager: INFO: Deleting directory /private/var/folders/56/q7rh2y5x7hj4n359_13dgwxcmtwz20/T/spark-802c6667-ce30-48e4-b20f-528fe678d989/pyspark-8623f79f-198a-458a-857a-5501e4288ed4
2020-03-19 10:06:52 ShutdownHookManager: INFO: Deleting directory /private/var/folders/56/q7rh2y5x7hj4n359_13dgwxcmtwz20/T/spark-802c6667-ce30-48e4-b20f-528fe678d989
2020-03-19 10:06:52 ShutdownHookManager: INFO: Deleting directory /private/var/folders/56/q7rh2y5x7hj4n359_13dgwxcmtwz20/T/spark-bf75fb9d-1f74-4908-8aa1-c78ced15e6e7
