2020-03-09 11:18:09 Hail: WARN: This Hail JAR was compiled for Spark 2.4.0, running with Spark 2.4.3.
  Compatibility is not guaranteed.
2020-03-09 11:18:09 SparkContext: INFO: Running Spark version 2.4.3
2020-03-09 11:18:09 SparkContext: INFO: Submitted application: Hail
2020-03-09 11:18:09 SparkContext: INFO: Spark configuration:
spark.app.name=Hail
spark.driver.extraClassPath=/anaconda3/envs/hail/lib/python3.6/site-packages/hail/hail-all-spark.jar
spark.driver.maxResultSize=0
spark.executor.extraClassPath=./hail-all-spark.jar
spark.hadoop.google.cloud.auth.service.account.enable=true
spark.hadoop.google.cloud.auth.service.account.json.keyfile=/Users/nbaya/.hail/gcs-keys/gcs-connector-key.json
spark.hadoop.io.compression.codecs=org.apache.hadoop.io.compress.DefaultCodec,is.hail.io.compress.BGzipCodec,is.hail.io.compress.BGzipCodecTbi,org.apache.hadoop.io.compress.GzipCodec
spark.hadoop.mapreduce.input.fileinputformat.split.minsize=0
spark.jars=file:///anaconda3/envs/hail/lib/python3.6/site-packages/hail/hail-all-spark.jar
spark.kryo.registrator=is.hail.kryo.HailKryoRegistrator
spark.kryoserializer.buffer.max=1g
spark.logConf=true
spark.master=local[*]
spark.repl.local.jars=file:///anaconda3/envs/hail/lib/python3.6/site-packages/hail/hail-all-spark.jar
spark.serializer=org.apache.spark.serializer.KryoSerializer
spark.submit.deployMode=client
spark.ui.showConsoleProgress=false
2020-03-09 11:18:09 SecurityManager: INFO: Changing view acls to: nbaya
2020-03-09 11:18:09 SecurityManager: INFO: Changing modify acls to: nbaya
2020-03-09 11:18:09 SecurityManager: INFO: Changing view acls groups to: 
2020-03-09 11:18:09 SecurityManager: INFO: Changing modify acls groups to: 
2020-03-09 11:18:09 SecurityManager: INFO: SecurityManager: authentication disabled; ui acls disabled; users  with view permissions: Set(nbaya); groups with view permissions: Set(); users  with modify permissions: Set(nbaya); groups with modify permissions: Set()
2020-03-09 11:18:09 Utils: INFO: Successfully started service 'sparkDriver' on port 62551.
2020-03-09 11:18:10 SparkEnv: INFO: Registering MapOutputTracker
2020-03-09 11:18:10 SparkEnv: INFO: Registering BlockManagerMaster
2020-03-09 11:18:10 BlockManagerMasterEndpoint: INFO: Using org.apache.spark.storage.DefaultTopologyMapper for getting topology information
2020-03-09 11:18:10 BlockManagerMasterEndpoint: INFO: BlockManagerMasterEndpoint up
2020-03-09 11:18:10 DiskBlockManager: INFO: Created local directory at /private/var/folders/56/q7rh2y5x7hj4n359_13dgwxcmtwz20/T/blockmgr-a0c2e98a-89b5-4f30-92c9-58149a5e88af
2020-03-09 11:18:10 MemoryStore: INFO: MemoryStore started with capacity 366.3 MB
2020-03-09 11:18:10 SparkEnv: INFO: Registering OutputCommitCoordinator
2020-03-09 11:18:10 log: INFO: Logging initialized @2480ms
2020-03-09 11:18:10 Server: INFO: jetty-9.3.z-SNAPSHOT, build timestamp: unknown, git hash: unknown
2020-03-09 11:18:10 Server: INFO: Started @2561ms
2020-03-09 11:18:10 Utils: WARN: Service 'SparkUI' could not bind on port 4040. Attempting port 4041.
2020-03-09 11:18:10 AbstractConnector: INFO: Started ServerConnector@13e7880{HTTP/1.1,[http/1.1]}{0.0.0.0:4041}
2020-03-09 11:18:10 Utils: INFO: Successfully started service 'SparkUI' on port 4041.
2020-03-09 11:18:10 ContextHandler: INFO: Started o.s.j.s.ServletContextHandler@4bce2412{/jobs,null,AVAILABLE,@Spark}
2020-03-09 11:18:10 ContextHandler: INFO: Started o.s.j.s.ServletContextHandler@6162b94{/jobs/json,null,AVAILABLE,@Spark}
2020-03-09 11:18:10 ContextHandler: INFO: Started o.s.j.s.ServletContextHandler@1429b7d8{/jobs/job,null,AVAILABLE,@Spark}
2020-03-09 11:18:10 ContextHandler: INFO: Started o.s.j.s.ServletContextHandler@f465ce0{/jobs/job/json,null,AVAILABLE,@Spark}
2020-03-09 11:18:10 ContextHandler: INFO: Started o.s.j.s.ServletContextHandler@383b8c17{/stages,null,AVAILABLE,@Spark}
2020-03-09 11:18:10 ContextHandler: INFO: Started o.s.j.s.ServletContextHandler@61f57bbf{/stages/json,null,AVAILABLE,@Spark}
2020-03-09 11:18:10 ContextHandler: INFO: Started o.s.j.s.ServletContextHandler@ff389{/stages/stage,null,AVAILABLE,@Spark}
2020-03-09 11:18:10 ContextHandler: INFO: Started o.s.j.s.ServletContextHandler@134ec6ac{/stages/stage/json,null,AVAILABLE,@Spark}
2020-03-09 11:18:10 ContextHandler: INFO: Started o.s.j.s.ServletContextHandler@6ca2fcf7{/stages/pool,null,AVAILABLE,@Spark}
2020-03-09 11:18:10 ContextHandler: INFO: Started o.s.j.s.ServletContextHandler@49e52df9{/stages/pool/json,null,AVAILABLE,@Spark}
2020-03-09 11:18:10 ContextHandler: INFO: Started o.s.j.s.ServletContextHandler@73c673ae{/storage,null,AVAILABLE,@Spark}
2020-03-09 11:18:10 ContextHandler: INFO: Started o.s.j.s.ServletContextHandler@1658a0dc{/storage/json,null,AVAILABLE,@Spark}
2020-03-09 11:18:10 ContextHandler: INFO: Started o.s.j.s.ServletContextHandler@6de6b3a4{/storage/rdd,null,AVAILABLE,@Spark}
2020-03-09 11:18:10 ContextHandler: INFO: Started o.s.j.s.ServletContextHandler@d8cd104{/storage/rdd/json,null,AVAILABLE,@Spark}
2020-03-09 11:18:10 ContextHandler: INFO: Started o.s.j.s.ServletContextHandler@4d979818{/environment,null,AVAILABLE,@Spark}
2020-03-09 11:18:10 ContextHandler: INFO: Started o.s.j.s.ServletContextHandler@1e9a9f36{/environment/json,null,AVAILABLE,@Spark}
2020-03-09 11:18:10 ContextHandler: INFO: Started o.s.j.s.ServletContextHandler@46b964d2{/executors,null,AVAILABLE,@Spark}
2020-03-09 11:18:10 ContextHandler: INFO: Started o.s.j.s.ServletContextHandler@2d5689f0{/executors/json,null,AVAILABLE,@Spark}
2020-03-09 11:18:10 ContextHandler: INFO: Started o.s.j.s.ServletContextHandler@5c70831a{/executors/threadDump,null,AVAILABLE,@Spark}
2020-03-09 11:18:10 ContextHandler: INFO: Started o.s.j.s.ServletContextHandler@1659c48d{/executors/threadDump/json,null,AVAILABLE,@Spark}
2020-03-09 11:18:10 ContextHandler: INFO: Started o.s.j.s.ServletContextHandler@1bcbad60{/static,null,AVAILABLE,@Spark}
2020-03-09 11:18:10 ContextHandler: INFO: Started o.s.j.s.ServletContextHandler@5d740766{/,null,AVAILABLE,@Spark}
2020-03-09 11:18:10 ContextHandler: INFO: Started o.s.j.s.ServletContextHandler@61e3b6f7{/api,null,AVAILABLE,@Spark}
2020-03-09 11:18:10 ContextHandler: INFO: Started o.s.j.s.ServletContextHandler@25fbe58{/jobs/job/kill,null,AVAILABLE,@Spark}
2020-03-09 11:18:10 ContextHandler: INFO: Started o.s.j.s.ServletContextHandler@446961d3{/stages/stage/kill,null,AVAILABLE,@Spark}
2020-03-09 11:18:10 SparkUI: INFO: Bound SparkUI to 0.0.0.0, and started at http://wm65b-8a9.broadinstitute.org:4041
2020-03-09 11:18:10 SparkContext: INFO: Added JAR file:///anaconda3/envs/hail/lib/python3.6/site-packages/hail/hail-all-spark.jar at spark://wm65b-8a9.broadinstitute.org:62551/jars/hail-all-spark.jar with timestamp 1583767090359
2020-03-09 11:18:10 Executor: INFO: Starting executor ID driver on host localhost
2020-03-09 11:18:10 Utils: INFO: Successfully started service 'org.apache.spark.network.netty.NettyBlockTransferService' on port 62552.
2020-03-09 11:18:10 NettyBlockTransferService: INFO: Server created on wm65b-8a9.broadinstitute.org:62552
2020-03-09 11:18:10 BlockManager: INFO: Using org.apache.spark.storage.RandomBlockReplicationPolicy for block replication policy
2020-03-09 11:18:10 BlockManagerMaster: INFO: Registering BlockManager BlockManagerId(driver, wm65b-8a9.broadinstitute.org, 62552, None)
2020-03-09 11:18:10 BlockManagerMasterEndpoint: INFO: Registering block manager wm65b-8a9.broadinstitute.org:62552 with 366.3 MB RAM, BlockManagerId(driver, wm65b-8a9.broadinstitute.org, 62552, None)
2020-03-09 11:18:10 BlockManagerMaster: INFO: Registered BlockManager BlockManagerId(driver, wm65b-8a9.broadinstitute.org, 62552, None)
2020-03-09 11:18:10 BlockManager: INFO: Initialized BlockManager: BlockManagerId(driver, wm65b-8a9.broadinstitute.org, 62552, None)
2020-03-09 11:18:10 ContextHandler: INFO: Started o.s.j.s.ServletContextHandler@d6a4476{/metrics/json,null,AVAILABLE,@Spark}
2020-03-09 11:18:10 Hail: INFO: Hail temporary directory: file:/tmp/hail.whB1bVxLpASX
2020-03-09 11:18:10 Hail: INFO: SparkUI: http://wm65b-8a9.broadinstitute.org:4041
2020-03-09 11:18:10 Hail: INFO: Running Hail version 0.2.33-5d8cae649505
2020-03-09 11:18:11 SparkContext: WARN: Using an existing SparkContext; some configuration may not take effect.
2020-03-09 11:41:35 SparkContext: INFO: Invoking stop() from shutdown hook
2020-03-09 11:41:35 AbstractConnector: INFO: Stopped Spark@13e7880{HTTP/1.1,[http/1.1]}{0.0.0.0:4041}
2020-03-09 11:41:35 SparkUI: INFO: Stopped Spark web UI at http://wm65b-8a9.broadinstitute.org:4041
2020-03-09 11:41:35 MapOutputTrackerMasterEndpoint: INFO: MapOutputTrackerMasterEndpoint stopped!
2020-03-09 11:41:35 MemoryStore: INFO: MemoryStore cleared
2020-03-09 11:41:35 BlockManager: INFO: BlockManager stopped
2020-03-09 11:41:35 BlockManagerMaster: INFO: BlockManagerMaster stopped
2020-03-09 11:41:35 OutputCommitCoordinator$OutputCommitCoordinatorEndpoint: INFO: OutputCommitCoordinator stopped!
2020-03-09 11:41:35 SparkContext: INFO: Successfully stopped SparkContext
2020-03-09 11:41:35 ShutdownHookManager: INFO: Shutdown hook called
2020-03-09 11:41:35 ShutdownHookManager: INFO: Deleting directory /private/var/folders/56/q7rh2y5x7hj4n359_13dgwxcmtwz20/T/spark-db23a33a-3ff4-428a-81f3-6cc2ff58858f/pyspark-1e150ad7-4eb7-4de0-aae4-0c4c3af0629b
2020-03-09 11:41:35 ShutdownHookManager: INFO: Deleting directory /private/var/folders/56/q7rh2y5x7hj4n359_13dgwxcmtwz20/T/spark-7b700350-c287-482e-8fca-668128759d8c
2020-03-09 11:41:35 ShutdownHookManager: INFO: Deleting directory /private/var/folders/56/q7rh2y5x7hj4n359_13dgwxcmtwz20/T/spark-db23a33a-3ff4-428a-81f3-6cc2ff58858f
