2020-06-11 08:38:37 Hail: INFO: Running Hail version 0.2.43-d7da1fd14f3c
2020-06-11 08:38:38 SparkContext: WARN: Using an existing SparkContext; some configuration may not take effect.
2020-06-11 08:38:38 root: INFO: RegionPool: initialized for thread 15: Thread-4
2020-06-11 08:38:40 root: INFO: globbing path gs://ukb-diverse-pops/combined_results/phenotype_manifest.tsv.bgz returned 1 files: phenotype_manifest.tsv.bgz
2020-06-11 08:38:41 MemoryStore: INFO: Block broadcast_0 stored as values in memory (estimated size 238.1 KB, free 366.1 MB)
2020-06-11 08:38:41 MemoryStore: INFO: Block broadcast_0_piece0 stored as bytes in memory (estimated size 23.2 KB, free 366.0 MB)
2020-06-11 08:38:41 BlockManagerInfo: INFO: Added broadcast_0_piece0 in memory on 10.0.0.51:50942 (size: 23.2 KB, free: 366.3 MB)
2020-06-11 08:38:41 SparkContext: INFO: Created broadcast 0 from textFile at RichSparkContext.scala:16
2020-06-11 08:38:41 FileInputFormat: INFO: Total input paths to process : 1
2020-06-11 08:38:41 Hail: INFO: Reading table to impute column types
2020-06-11 08:38:41 SparkContext: INFO: Starting job: reduce at TextTableReader.scala:201
2020-06-11 08:38:41 DAGScheduler: INFO: Got job 0 (reduce at TextTableReader.scala:201) with 8 output partitions
2020-06-11 08:38:41 DAGScheduler: INFO: Final stage: ResultStage 0 (reduce at TextTableReader.scala:201)
2020-06-11 08:38:41 DAGScheduler: INFO: Parents of final stage: List()
2020-06-11 08:38:41 DAGScheduler: INFO: Missing parents: List()
2020-06-11 08:38:42 DAGScheduler: INFO: Submitting ResultStage 0 (MapPartitionsRDD[4] at mapPartitions at TextTableReader.scala:172), which has no missing parents
2020-06-11 08:38:42 MemoryStore: INFO: Block broadcast_1 stored as values in memory (estimated size 6.6 KB, free 366.0 MB)
2020-06-11 08:38:42 MemoryStore: INFO: Block broadcast_1_piece0 stored as bytes in memory (estimated size 3.5 KB, free 366.0 MB)
2020-06-11 08:38:42 BlockManagerInfo: INFO: Added broadcast_1_piece0 in memory on 10.0.0.51:50942 (size: 3.5 KB, free: 366.3 MB)
2020-06-11 08:38:42 SparkContext: INFO: Created broadcast 1 from broadcast at DAGScheduler.scala:1161
2020-06-11 08:38:42 DAGScheduler: INFO: Submitting 8 missing tasks from ResultStage 0 (MapPartitionsRDD[4] at mapPartitions at TextTableReader.scala:172) (first 15 tasks are for partitions Vector(0, 1, 2, 3, 4, 5, 6, 7))
2020-06-11 08:38:42 TaskSchedulerImpl: INFO: Adding task set 0.0 with 8 tasks
2020-06-11 08:38:42 TaskSetManager: INFO: Starting task 0.0 in stage 0.0 (TID 0, localhost, executor driver, partition 0, PROCESS_LOCAL, 7925 bytes)
2020-06-11 08:38:42 TaskSetManager: INFO: Starting task 1.0 in stage 0.0 (TID 1, localhost, executor driver, partition 1, PROCESS_LOCAL, 7925 bytes)
2020-06-11 08:38:42 TaskSetManager: INFO: Starting task 2.0 in stage 0.0 (TID 2, localhost, executor driver, partition 2, PROCESS_LOCAL, 7925 bytes)
2020-06-11 08:38:42 TaskSetManager: INFO: Starting task 3.0 in stage 0.0 (TID 3, localhost, executor driver, partition 3, PROCESS_LOCAL, 7925 bytes)
2020-06-11 08:38:42 TaskSetManager: INFO: Starting task 4.0 in stage 0.0 (TID 4, localhost, executor driver, partition 4, PROCESS_LOCAL, 7925 bytes)
2020-06-11 08:38:42 TaskSetManager: INFO: Starting task 5.0 in stage 0.0 (TID 5, localhost, executor driver, partition 5, PROCESS_LOCAL, 7925 bytes)
2020-06-11 08:38:42 TaskSetManager: INFO: Starting task 6.0 in stage 0.0 (TID 6, localhost, executor driver, partition 6, PROCESS_LOCAL, 7925 bytes)
2020-06-11 08:38:42 TaskSetManager: INFO: Starting task 7.0 in stage 0.0 (TID 7, localhost, executor driver, partition 7, PROCESS_LOCAL, 7925 bytes)
2020-06-11 08:38:42 Executor: INFO: Running task 1.0 in stage 0.0 (TID 1)
2020-06-11 08:38:42 Executor: INFO: Running task 0.0 in stage 0.0 (TID 0)
2020-06-11 08:38:42 Executor: INFO: Running task 4.0 in stage 0.0 (TID 4)
2020-06-11 08:38:42 Executor: INFO: Running task 5.0 in stage 0.0 (TID 5)
2020-06-11 08:38:42 Executor: INFO: Running task 6.0 in stage 0.0 (TID 6)
2020-06-11 08:38:42 Executor: INFO: Running task 3.0 in stage 0.0 (TID 3)
2020-06-11 08:38:42 Executor: INFO: Running task 2.0 in stage 0.0 (TID 2)
2020-06-11 08:38:42 Executor: INFO: Running task 7.0 in stage 0.0 (TID 7)
2020-06-11 08:38:42 HadoopRDD: INFO: Input split: gs://ukb-diverse-pops/combined_results/phenotype_manifest.tsv.bgz:429858+71643
2020-06-11 08:38:42 HadoopRDD: INFO: Input split: gs://ukb-diverse-pops/combined_results/phenotype_manifest.tsv.bgz:286572+71643
2020-06-11 08:38:42 HadoopRDD: INFO: Input split: gs://ukb-diverse-pops/combined_results/phenotype_manifest.tsv.bgz:0+71643
2020-06-11 08:38:42 HadoopRDD: INFO: Input split: gs://ukb-diverse-pops/combined_results/phenotype_manifest.tsv.bgz:143286+71643
2020-06-11 08:38:42 HadoopRDD: INFO: Input split: gs://ukb-diverse-pops/combined_results/phenotype_manifest.tsv.bgz:71643+71643
2020-06-11 08:38:42 HadoopRDD: INFO: Input split: gs://ukb-diverse-pops/combined_results/phenotype_manifest.tsv.bgz:214929+71643
2020-06-11 08:38:42 HadoopRDD: INFO: Input split: gs://ukb-diverse-pops/combined_results/phenotype_manifest.tsv.bgz:501501+71647
2020-06-11 08:38:42 HadoopRDD: INFO: Input split: gs://ukb-diverse-pops/combined_results/phenotype_manifest.tsv.bgz:358215+71643
2020-06-11 08:38:42 CodecPool: INFO: Got brand-new decompressor [.bgz]
2020-06-11 08:38:42 CodecPool: INFO: Got brand-new decompressor [.bgz]
2020-06-11 08:38:42 CodecPool: INFO: Got brand-new decompressor [.bgz]
2020-06-11 08:38:42 CodecPool: INFO: Got brand-new decompressor [.bgz]
2020-06-11 08:38:42 CodecPool: INFO: Got brand-new decompressor [.bgz]
2020-06-11 08:38:42 CodecPool: INFO: Got brand-new decompressor [.bgz]
2020-06-11 08:38:42 CodecPool: INFO: Got brand-new decompressor [.bgz]
2020-06-11 08:38:42 CodecPool: INFO: Got brand-new decompressor [.bgz]
2020-06-11 08:38:42 Executor: INFO: Finished task 4.0 in stage 0.0 (TID 4). 1114 bytes result sent to driver
2020-06-11 08:38:42 TaskSetManager: INFO: Finished task 4.0 in stage 0.0 (TID 4) in 807 ms on localhost (executor driver) (1/8)
2020-06-11 08:38:42 Executor: INFO: Finished task 0.0 in stage 0.0 (TID 0). 1071 bytes result sent to driver
2020-06-11 08:38:42 Executor: INFO: Finished task 7.0 in stage 0.0 (TID 7). 1071 bytes result sent to driver
2020-06-11 08:38:42 TaskSetManager: INFO: Finished task 0.0 in stage 0.0 (TID 0) in 853 ms on localhost (executor driver) (2/8)
2020-06-11 08:38:42 TaskSetManager: INFO: Finished task 7.0 in stage 0.0 (TID 7) in 839 ms on localhost (executor driver) (3/8)
2020-06-11 08:38:42 Executor: INFO: Finished task 5.0 in stage 0.0 (TID 5). 1071 bytes result sent to driver
2020-06-11 08:38:42 Executor: INFO: Finished task 2.0 in stage 0.0 (TID 2). 1071 bytes result sent to driver
2020-06-11 08:38:42 TaskSetManager: INFO: Finished task 2.0 in stage 0.0 (TID 2) in 847 ms on localhost (executor driver) (4/8)
2020-06-11 08:38:42 TaskSetManager: INFO: Finished task 5.0 in stage 0.0 (TID 5) in 847 ms on localhost (executor driver) (5/8)
2020-06-11 08:38:42 Executor: INFO: Finished task 1.0 in stage 0.0 (TID 1). 1071 bytes result sent to driver
2020-06-11 08:38:42 TaskSetManager: INFO: Finished task 1.0 in stage 0.0 (TID 1) in 852 ms on localhost (executor driver) (6/8)
2020-06-11 08:38:42 Executor: INFO: Finished task 3.0 in stage 0.0 (TID 3). 1071 bytes result sent to driver
2020-06-11 08:38:42 Executor: INFO: Finished task 6.0 in stage 0.0 (TID 6). 1114 bytes result sent to driver
2020-06-11 08:38:42 TaskSetManager: INFO: Finished task 3.0 in stage 0.0 (TID 3) in 853 ms on localhost (executor driver) (7/8)
2020-06-11 08:38:42 TaskSetManager: INFO: Finished task 6.0 in stage 0.0 (TID 6) in 851 ms on localhost (executor driver) (8/8)
2020-06-11 08:38:42 TaskSchedulerImpl: INFO: Removed TaskSet 0.0, whose tasks have all completed, from pool 
2020-06-11 08:38:42 DAGScheduler: INFO: ResultStage 0 (reduce at TextTableReader.scala:201) finished in 0.970 s
2020-06-11 08:38:43 DAGScheduler: INFO: Job 0 finished: reduce at TextTableReader.scala:201, took 1.043386 s
2020-06-11 08:38:43 Hail: INFO: Finished type imputation
  Loading column 'trait_type' as type 'str' (imputed)
  Loading column 'phenocode' as type 'str' (imputed)
  Loading column 'pheno_sex' as type 'str' (imputed)
  Loading column 'coding' as type 'str' (imputed)
  Loading column 'modifier' as type 'str' (imputed)
  Loading column 'description' as type 'str' (imputed)
  Loading column 'description_more' as type 'str' (imputed)
  Loading column 'coding_description' as type 'str' (imputed)
  Loading column 'category' as type 'str' (imputed)
  Loading column 'n_cases_full_cohort_both_sexes' as type 'int32' (imputed)
  Loading column 'n_cases_full_cohort_females' as type 'int32' (imputed)
  Loading column 'n_cases_full_cohort_males' as type 'int32' (imputed)
  Loading column 'pops' as type 'str' (imputed)
  Loading column 'num_pops' as type 'int32' (imputed)
  Loading column 'n_cases_AFR' as type 'int32' (imputed)
  Loading column 'n_cases_AMR' as type 'int32' (imputed)
  Loading column 'n_cases_CSA' as type 'int32' (imputed)
  Loading column 'n_cases_EAS' as type 'int32' (imputed)
  Loading column 'n_cases_EUR' as type 'int32' (imputed)
  Loading column 'n_cases_MID' as type 'int32' (imputed)
  Loading column 'n_controls_AFR' as type 'int32' (imputed)
  Loading column 'n_controls_AMR' as type 'int32' (imputed)
  Loading column 'n_controls_CSA' as type 'int32' (imputed)
  Loading column 'n_controls_EAS' as type 'int32' (imputed)
  Loading column 'n_controls_EUR' as type 'int32' (imputed)
  Loading column 'n_controls_MID' as type 'int32' (imputed)
  Loading column 'saige_heritability_AFR' as type 'float64' (imputed)
  Loading column 'saige_heritability_AMR' as type 'float64' (imputed)
  Loading column 'saige_heritability_CSA' as type 'float64' (imputed)
  Loading column 'saige_heritability_EAS' as type 'float64' (imputed)
  Loading column 'saige_heritability_EUR' as type 'float64' (imputed)
  Loading column 'saige_heritability_MID' as type 'float64' (imputed)
  Loading column 'lambda_gc_AFR' as type 'float64' (imputed)
  Loading column 'lambda_gc_AMR' as type 'float64' (imputed)
  Loading column 'lambda_gc_CSA' as type 'float64' (imputed)
  Loading column 'lambda_gc_EAS' as type 'float64' (imputed)
  Loading column 'lambda_gc_EUR' as type 'float64' (imputed)
  Loading column 'lambda_gc_MID' as type 'float64' (imputed)
  Loading column 'filename' as type 'str' (imputed)
2020-06-11 08:38:43 SparkContext: INFO: Invoking stop() from shutdown hook
2020-06-11 08:38:43 AbstractConnector: INFO: Stopped Spark@2bc0cb9e{HTTP/1.1,[http/1.1]}{0.0.0.0:4041}
2020-06-11 08:38:43 SparkUI: INFO: Stopped Spark web UI at http://10.0.0.51:4041
2020-06-11 08:38:43 MapOutputTrackerMasterEndpoint: INFO: MapOutputTrackerMasterEndpoint stopped!
2020-06-11 08:38:43 MemoryStore: INFO: MemoryStore cleared
2020-06-11 08:38:43 BlockManager: INFO: BlockManager stopped
2020-06-11 08:38:43 BlockManagerMaster: INFO: BlockManagerMaster stopped
2020-06-11 08:38:43 OutputCommitCoordinator$OutputCommitCoordinatorEndpoint: INFO: OutputCommitCoordinator stopped!
2020-06-11 08:38:43 SparkContext: INFO: Successfully stopped SparkContext
2020-06-11 08:38:43 ShutdownHookManager: INFO: Shutdown hook called
2020-06-11 08:38:43 ShutdownHookManager: INFO: Deleting directory /private/var/folders/56/q7rh2y5x7hj4n359_13dgwxcmtwz20/T/spark-ca8d9a94-dad7-4827-9b91-a89923570c32
2020-06-11 08:38:43 ShutdownHookManager: INFO: Deleting directory /private/var/folders/56/q7rh2y5x7hj4n359_13dgwxcmtwz20/T/spark-1f87306c-5b3a-4697-bc21-3415c1541be5
2020-06-11 08:38:43 ShutdownHookManager: INFO: Deleting directory /private/var/folders/56/q7rh2y5x7hj4n359_13dgwxcmtwz20/T/spark-ca8d9a94-dad7-4827-9b91-a89923570c32/pyspark-3d4d8cd5-e896-4784-9f82-00cc153b307e
