2020-04-02 13:20:18 Hail: WARN: This Hail JAR was compiled for Spark 2.4.0, running with Spark 2.4.3.
  Compatibility is not guaranteed.
2020-04-02 13:20:18 SparkContext: INFO: Running Spark version 2.4.3
2020-04-02 13:20:18 SparkContext: INFO: Submitted application: Hail
2020-04-02 13:20:18 SparkContext: INFO: Spark configuration:
spark.app.name=Hail
spark.driver.extraClassPath=/anaconda3/envs/hail/lib/python3.6/site-packages/hail/hail-all-spark.jar
spark.driver.maxResultSize=0
spark.executor.extraClassPath=./hail-all-spark.jar
spark.hadoop.google.cloud.auth.service.account.enable=true
spark.hadoop.google.cloud.auth.service.account.json.keyfile=/Users/nbaya/.hail/gcs-keys/gcs-connector-key.json
spark.hadoop.io.compression.codecs=org.apache.hadoop.io.compress.DefaultCodec,is.hail.io.compress.BGzipCodec,is.hail.io.compress.BGzipCodecTbi,org.apache.hadoop.io.compress.GzipCodec
spark.hadoop.mapreduce.input.fileinputformat.split.minsize=0
spark.jars=file:///anaconda3/envs/hail/lib/python3.6/site-packages/hail/hail-all-spark.jar
spark.kryo.registrator=is.hail.kryo.HailKryoRegistrator
spark.kryoserializer.buffer.max=1g
spark.logConf=true
spark.master=local[*]
spark.repl.local.jars=file:///anaconda3/envs/hail/lib/python3.6/site-packages/hail/hail-all-spark.jar
spark.serializer=org.apache.spark.serializer.KryoSerializer
spark.submit.deployMode=client
spark.ui.showConsoleProgress=false
2020-04-02 13:20:18 SecurityManager: INFO: Changing view acls to: nbaya
2020-04-02 13:20:18 SecurityManager: INFO: Changing modify acls to: nbaya
2020-04-02 13:20:18 SecurityManager: INFO: Changing view acls groups to: 
2020-04-02 13:20:18 SecurityManager: INFO: Changing modify acls groups to: 
2020-04-02 13:20:18 SecurityManager: INFO: SecurityManager: authentication disabled; ui acls disabled; users  with view permissions: Set(nbaya); groups with view permissions: Set(); users  with modify permissions: Set(nbaya); groups with modify permissions: Set()
2020-04-02 13:20:19 Utils: INFO: Successfully started service 'sparkDriver' on port 59179.
2020-04-02 13:20:19 SparkEnv: INFO: Registering MapOutputTracker
2020-04-02 13:20:19 SparkEnv: INFO: Registering BlockManagerMaster
2020-04-02 13:20:19 BlockManagerMasterEndpoint: INFO: Using org.apache.spark.storage.DefaultTopologyMapper for getting topology information
2020-04-02 13:20:19 BlockManagerMasterEndpoint: INFO: BlockManagerMasterEndpoint up
2020-04-02 13:20:19 DiskBlockManager: INFO: Created local directory at /private/var/folders/56/q7rh2y5x7hj4n359_13dgwxcmtwz20/T/blockmgr-e14df6f3-4541-494e-9338-2d4712013a80
2020-04-02 13:20:19 MemoryStore: INFO: MemoryStore started with capacity 366.3 MB
2020-04-02 13:20:19 SparkEnv: INFO: Registering OutputCommitCoordinator
2020-04-02 13:20:19 log: INFO: Logging initialized @2972ms
2020-04-02 13:20:19 Server: INFO: jetty-9.3.z-SNAPSHOT, build timestamp: unknown, git hash: unknown
2020-04-02 13:20:19 Server: INFO: Started @3080ms
2020-04-02 13:20:19 Utils: WARN: Service 'SparkUI' could not bind on port 4040. Attempting port 4041.
2020-04-02 13:20:19 AbstractConnector: INFO: Started ServerConnector@4dbfb59{HTTP/1.1,[http/1.1]}{0.0.0.0:4041}
2020-04-02 13:20:19 Utils: INFO: Successfully started service 'SparkUI' on port 4041.
2020-04-02 13:20:19 ContextHandler: INFO: Started o.s.j.s.ServletContextHandler@31a6213f{/jobs,null,AVAILABLE,@Spark}
2020-04-02 13:20:19 ContextHandler: INFO: Started o.s.j.s.ServletContextHandler@513eb010{/jobs/json,null,AVAILABLE,@Spark}
2020-04-02 13:20:19 ContextHandler: INFO: Started o.s.j.s.ServletContextHandler@75bf38e2{/jobs/job,null,AVAILABLE,@Spark}
2020-04-02 13:20:19 ContextHandler: INFO: Started o.s.j.s.ServletContextHandler@5cb2c25e{/jobs/job/json,null,AVAILABLE,@Spark}
2020-04-02 13:20:19 ContextHandler: INFO: Started o.s.j.s.ServletContextHandler@782857e8{/stages,null,AVAILABLE,@Spark}
2020-04-02 13:20:19 ContextHandler: INFO: Started o.s.j.s.ServletContextHandler@74dc1827{/stages/json,null,AVAILABLE,@Spark}
2020-04-02 13:20:19 ContextHandler: INFO: Started o.s.j.s.ServletContextHandler@4aa10982{/stages/stage,null,AVAILABLE,@Spark}
2020-04-02 13:20:19 ContextHandler: INFO: Started o.s.j.s.ServletContextHandler@2eef2807{/stages/stage/json,null,AVAILABLE,@Spark}
2020-04-02 13:20:19 ContextHandler: INFO: Started o.s.j.s.ServletContextHandler@6cc0c941{/stages/pool,null,AVAILABLE,@Spark}
2020-04-02 13:20:19 ContextHandler: INFO: Started o.s.j.s.ServletContextHandler@3042c831{/stages/pool/json,null,AVAILABLE,@Spark}
2020-04-02 13:20:19 ContextHandler: INFO: Started o.s.j.s.ServletContextHandler@3abc5807{/storage,null,AVAILABLE,@Spark}
2020-04-02 13:20:19 ContextHandler: INFO: Started o.s.j.s.ServletContextHandler@6dc4f047{/storage/json,null,AVAILABLE,@Spark}
2020-04-02 13:20:19 ContextHandler: INFO: Started o.s.j.s.ServletContextHandler@724b67f{/storage/rdd,null,AVAILABLE,@Spark}
2020-04-02 13:20:19 ContextHandler: INFO: Started o.s.j.s.ServletContextHandler@2181f5ea{/storage/rdd/json,null,AVAILABLE,@Spark}
2020-04-02 13:20:19 ContextHandler: INFO: Started o.s.j.s.ServletContextHandler@79a5fdbd{/environment,null,AVAILABLE,@Spark}
2020-04-02 13:20:19 ContextHandler: INFO: Started o.s.j.s.ServletContextHandler@33a96c06{/environment/json,null,AVAILABLE,@Spark}
2020-04-02 13:20:19 ContextHandler: INFO: Started o.s.j.s.ServletContextHandler@111ca342{/executors,null,AVAILABLE,@Spark}
2020-04-02 13:20:19 ContextHandler: INFO: Started o.s.j.s.ServletContextHandler@3f9c3a2e{/executors/json,null,AVAILABLE,@Spark}
2020-04-02 13:20:19 ContextHandler: INFO: Started o.s.j.s.ServletContextHandler@69026075{/executors/threadDump,null,AVAILABLE,@Spark}
2020-04-02 13:20:19 ContextHandler: INFO: Started o.s.j.s.ServletContextHandler@1133e80f{/executors/threadDump/json,null,AVAILABLE,@Spark}
2020-04-02 13:20:19 ContextHandler: INFO: Started o.s.j.s.ServletContextHandler@65415fd8{/static,null,AVAILABLE,@Spark}
2020-04-02 13:20:19 ContextHandler: INFO: Started o.s.j.s.ServletContextHandler@18611200{/,null,AVAILABLE,@Spark}
2020-04-02 13:20:19 ContextHandler: INFO: Started o.s.j.s.ServletContextHandler@3d5ab171{/api,null,AVAILABLE,@Spark}
2020-04-02 13:20:19 ContextHandler: INFO: Started o.s.j.s.ServletContextHandler@78539b43{/jobs/job/kill,null,AVAILABLE,@Spark}
2020-04-02 13:20:19 ContextHandler: INFO: Started o.s.j.s.ServletContextHandler@5ac82ad0{/stages/stage/kill,null,AVAILABLE,@Spark}
2020-04-02 13:20:19 SparkUI: INFO: Bound SparkUI to 0.0.0.0, and started at http://192.168.0.110:4041
2020-04-02 13:20:19 SparkContext: INFO: Added JAR file:///anaconda3/envs/hail/lib/python3.6/site-packages/hail/hail-all-spark.jar at spark://192.168.0.110:59179/jars/hail-all-spark.jar with timestamp 1585848019568
2020-04-02 13:20:19 Executor: INFO: Starting executor ID driver on host localhost
2020-04-02 13:20:19 Utils: INFO: Successfully started service 'org.apache.spark.network.netty.NettyBlockTransferService' on port 59180.
2020-04-02 13:20:19 NettyBlockTransferService: INFO: Server created on 192.168.0.110:59180
2020-04-02 13:20:19 BlockManager: INFO: Using org.apache.spark.storage.RandomBlockReplicationPolicy for block replication policy
2020-04-02 13:20:19 BlockManagerMaster: INFO: Registering BlockManager BlockManagerId(driver, 192.168.0.110, 59180, None)
2020-04-02 13:20:19 BlockManagerMasterEndpoint: INFO: Registering block manager 192.168.0.110:59180 with 366.3 MB RAM, BlockManagerId(driver, 192.168.0.110, 59180, None)
2020-04-02 13:20:19 BlockManagerMaster: INFO: Registered BlockManager BlockManagerId(driver, 192.168.0.110, 59180, None)
2020-04-02 13:20:19 BlockManager: INFO: Initialized BlockManager: BlockManagerId(driver, 192.168.0.110, 59180, None)
2020-04-02 13:20:19 ContextHandler: INFO: Started o.s.j.s.ServletContextHandler@63cf002d{/metrics/json,null,AVAILABLE,@Spark}
2020-04-02 13:20:20 Hail: INFO: Hail temporary directory: file:/tmp/hail.U8RFQ7jklAbs
2020-04-02 13:20:20 Hail: INFO: SparkUI: http://192.168.0.110:4041
2020-04-02 13:20:20 Hail: INFO: Running Hail version 0.2.34-914bd8a10ca2
2020-04-02 13:20:20 SparkContext: WARN: Using an existing SparkContext; some configuration may not take effect.
2020-04-02 13:33:37 SparkContext: INFO: Invoking stop() from shutdown hook
2020-04-02 13:33:37 AbstractConnector: INFO: Stopped Spark@4dbfb59{HTTP/1.1,[http/1.1]}{0.0.0.0:4041}
2020-04-02 13:33:37 SparkUI: INFO: Stopped Spark web UI at http://192.168.0.110:4041
2020-04-02 13:33:37 MapOutputTrackerMasterEndpoint: INFO: MapOutputTrackerMasterEndpoint stopped!
2020-04-02 13:33:37 MemoryStore: INFO: MemoryStore cleared
2020-04-02 13:33:37 BlockManager: INFO: BlockManager stopped
2020-04-02 13:33:37 BlockManagerMaster: INFO: BlockManagerMaster stopped
2020-04-02 13:33:37 OutputCommitCoordinator$OutputCommitCoordinatorEndpoint: INFO: OutputCommitCoordinator stopped!
2020-04-02 13:33:37 SparkContext: INFO: Successfully stopped SparkContext
2020-04-02 13:33:37 ShutdownHookManager: INFO: Shutdown hook called
2020-04-02 13:33:37 ShutdownHookManager: INFO: Deleting directory /private/var/folders/56/q7rh2y5x7hj4n359_13dgwxcmtwz20/T/spark-008e55ea-28c9-4757-9985-25125c1ca1af
2020-04-02 13:33:37 ShutdownHookManager: INFO: Deleting directory /private/var/folders/56/q7rh2y5x7hj4n359_13dgwxcmtwz20/T/spark-822c3b34-bae1-486f-a330-e1bbdcdc285a/pyspark-18df1e89-8e05-4361-81ab-e9af83d0950b
2020-04-02 13:33:37 ShutdownHookManager: INFO: Deleting directory /private/var/folders/56/q7rh2y5x7hj4n359_13dgwxcmtwz20/T/spark-822c3b34-bae1-486f-a330-e1bbdcdc285a
