2020-03-09 08:20:36 Hail: WARN: This Hail JAR was compiled for Spark 2.4.0, running with Spark 2.4.3.
  Compatibility is not guaranteed.
2020-03-09 08:20:36 SparkContext: INFO: Running Spark version 2.4.3
2020-03-09 08:20:36 SparkContext: INFO: Submitted application: Hail
2020-03-09 08:20:36 SparkContext: INFO: Spark configuration:
spark.app.name=Hail
spark.driver.extraClassPath=/anaconda3/envs/hail/lib/python3.6/site-packages/hail/hail-all-spark.jar
spark.driver.maxResultSize=0
spark.executor.extraClassPath=./hail-all-spark.jar
spark.hadoop.google.cloud.auth.service.account.enable=true
spark.hadoop.google.cloud.auth.service.account.json.keyfile=/Users/nbaya/.hail/gcs-keys/gcs-connector-key.json
spark.hadoop.io.compression.codecs=org.apache.hadoop.io.compress.DefaultCodec,is.hail.io.compress.BGzipCodec,is.hail.io.compress.BGzipCodecTbi,org.apache.hadoop.io.compress.GzipCodec
spark.hadoop.mapreduce.input.fileinputformat.split.minsize=0
spark.jars=file:///anaconda3/envs/hail/lib/python3.6/site-packages/hail/hail-all-spark.jar
spark.kryo.registrator=is.hail.kryo.HailKryoRegistrator
spark.kryoserializer.buffer.max=1g
spark.logConf=true
spark.master=local[*]
spark.repl.local.jars=file:///anaconda3/envs/hail/lib/python3.6/site-packages/hail/hail-all-spark.jar
spark.serializer=org.apache.spark.serializer.KryoSerializer
spark.submit.deployMode=client
spark.ui.showConsoleProgress=false
2020-03-09 08:20:36 SecurityManager: INFO: Changing view acls to: nbaya
2020-03-09 08:20:36 SecurityManager: INFO: Changing modify acls to: nbaya
2020-03-09 08:20:36 SecurityManager: INFO: Changing view acls groups to: 
2020-03-09 08:20:36 SecurityManager: INFO: Changing modify acls groups to: 
2020-03-09 08:20:36 SecurityManager: INFO: SecurityManager: authentication disabled; ui acls disabled; users  with view permissions: Set(nbaya); groups with view permissions: Set(); users  with modify permissions: Set(nbaya); groups with modify permissions: Set()
2020-03-09 08:20:36 Utils: INFO: Successfully started service 'sparkDriver' on port 60645.
2020-03-09 08:20:36 SparkEnv: INFO: Registering MapOutputTracker
2020-03-09 08:20:36 SparkEnv: INFO: Registering BlockManagerMaster
2020-03-09 08:20:36 BlockManagerMasterEndpoint: INFO: Using org.apache.spark.storage.DefaultTopologyMapper for getting topology information
2020-03-09 08:20:36 BlockManagerMasterEndpoint: INFO: BlockManagerMasterEndpoint up
2020-03-09 08:20:36 DiskBlockManager: INFO: Created local directory at /private/var/folders/56/q7rh2y5x7hj4n359_13dgwxcmtwz20/T/blockmgr-88ea1922-7872-48b2-8d23-8f2c7b3b8cd8
2020-03-09 08:20:36 MemoryStore: INFO: MemoryStore started with capacity 366.3 MB
2020-03-09 08:20:36 SparkEnv: INFO: Registering OutputCommitCoordinator
2020-03-09 08:20:36 log: INFO: Logging initialized @2591ms
2020-03-09 08:20:37 Server: INFO: jetty-9.3.z-SNAPSHOT, build timestamp: unknown, git hash: unknown
2020-03-09 08:20:37 Server: INFO: Started @2671ms
2020-03-09 08:20:37 Utils: WARN: Service 'SparkUI' could not bind on port 4040. Attempting port 4041.
2020-03-09 08:20:37 AbstractConnector: INFO: Started ServerConnector@63ae1257{HTTP/1.1,[http/1.1]}{0.0.0.0:4041}
2020-03-09 08:20:37 Utils: INFO: Successfully started service 'SparkUI' on port 4041.
2020-03-09 08:20:37 ContextHandler: INFO: Started o.s.j.s.ServletContextHandler@6fdd3c13{/jobs,null,AVAILABLE,@Spark}
2020-03-09 08:20:37 ContextHandler: INFO: Started o.s.j.s.ServletContextHandler@4887134e{/jobs/json,null,AVAILABLE,@Spark}
2020-03-09 08:20:37 ContextHandler: INFO: Started o.s.j.s.ServletContextHandler@5b609d5a{/jobs/job,null,AVAILABLE,@Spark}
2020-03-09 08:20:37 ContextHandler: INFO: Started o.s.j.s.ServletContextHandler@336da54c{/jobs/job/json,null,AVAILABLE,@Spark}
2020-03-09 08:20:37 ContextHandler: INFO: Started o.s.j.s.ServletContextHandler@4300cd0c{/stages,null,AVAILABLE,@Spark}
2020-03-09 08:20:37 ContextHandler: INFO: Started o.s.j.s.ServletContextHandler@1cd5127b{/stages/json,null,AVAILABLE,@Spark}
2020-03-09 08:20:37 ContextHandler: INFO: Started o.s.j.s.ServletContextHandler@4196906{/stages/stage,null,AVAILABLE,@Spark}
2020-03-09 08:20:37 ContextHandler: INFO: Started o.s.j.s.ServletContextHandler@2b5fbaa9{/stages/stage/json,null,AVAILABLE,@Spark}
2020-03-09 08:20:37 ContextHandler: INFO: Started o.s.j.s.ServletContextHandler@64c1b79d{/stages/pool,null,AVAILABLE,@Spark}
2020-03-09 08:20:37 ContextHandler: INFO: Started o.s.j.s.ServletContextHandler@39c4f882{/stages/pool/json,null,AVAILABLE,@Spark}
2020-03-09 08:20:37 ContextHandler: INFO: Started o.s.j.s.ServletContextHandler@4f30a09a{/storage,null,AVAILABLE,@Spark}
2020-03-09 08:20:37 ContextHandler: INFO: Started o.s.j.s.ServletContextHandler@196cd127{/storage/json,null,AVAILABLE,@Spark}
2020-03-09 08:20:37 ContextHandler: INFO: Started o.s.j.s.ServletContextHandler@70f8e0c8{/storage/rdd,null,AVAILABLE,@Spark}
2020-03-09 08:20:37 ContextHandler: INFO: Started o.s.j.s.ServletContextHandler@6ee606bd{/storage/rdd/json,null,AVAILABLE,@Spark}
2020-03-09 08:20:37 ContextHandler: INFO: Started o.s.j.s.ServletContextHandler@24184f8b{/environment,null,AVAILABLE,@Spark}
2020-03-09 08:20:37 ContextHandler: INFO: Started o.s.j.s.ServletContextHandler@5b0257c6{/environment/json,null,AVAILABLE,@Spark}
2020-03-09 08:20:37 ContextHandler: INFO: Started o.s.j.s.ServletContextHandler@6c4b02ce{/executors,null,AVAILABLE,@Spark}
2020-03-09 08:20:37 ContextHandler: INFO: Started o.s.j.s.ServletContextHandler@32c62214{/executors/json,null,AVAILABLE,@Spark}
2020-03-09 08:20:37 ContextHandler: INFO: Started o.s.j.s.ServletContextHandler@54c447d0{/executors/threadDump,null,AVAILABLE,@Spark}
2020-03-09 08:20:37 ContextHandler: INFO: Started o.s.j.s.ServletContextHandler@1d3186e9{/executors/threadDump/json,null,AVAILABLE,@Spark}
2020-03-09 08:20:37 ContextHandler: INFO: Started o.s.j.s.ServletContextHandler@29d8baf3{/static,null,AVAILABLE,@Spark}
2020-03-09 08:20:37 ContextHandler: INFO: Started o.s.j.s.ServletContextHandler@4b75c1e1{/,null,AVAILABLE,@Spark}
2020-03-09 08:20:37 ContextHandler: INFO: Started o.s.j.s.ServletContextHandler@5ad71ac1{/api,null,AVAILABLE,@Spark}
2020-03-09 08:20:37 ContextHandler: INFO: Started o.s.j.s.ServletContextHandler@d58df78{/jobs/job/kill,null,AVAILABLE,@Spark}
2020-03-09 08:20:37 ContextHandler: INFO: Started o.s.j.s.ServletContextHandler@1d38d5c6{/stages/stage/kill,null,AVAILABLE,@Spark}
2020-03-09 08:20:37 SparkUI: INFO: Bound SparkUI to 0.0.0.0, and started at http://wm65b-8a9.broadinstitute.org:4041
2020-03-09 08:20:37 SparkContext: INFO: Added JAR file:///anaconda3/envs/hail/lib/python3.6/site-packages/hail/hail-all-spark.jar at spark://wm65b-8a9.broadinstitute.org:60645/jars/hail-all-spark.jar with timestamp 1583756437176
2020-03-09 08:20:37 Executor: INFO: Starting executor ID driver on host localhost
2020-03-09 08:20:37 Utils: INFO: Successfully started service 'org.apache.spark.network.netty.NettyBlockTransferService' on port 60646.
2020-03-09 08:20:37 NettyBlockTransferService: INFO: Server created on wm65b-8a9.broadinstitute.org:60646
2020-03-09 08:20:37 BlockManager: INFO: Using org.apache.spark.storage.RandomBlockReplicationPolicy for block replication policy
2020-03-09 08:20:37 BlockManagerMaster: INFO: Registering BlockManager BlockManagerId(driver, wm65b-8a9.broadinstitute.org, 60646, None)
2020-03-09 08:20:37 BlockManagerMasterEndpoint: INFO: Registering block manager wm65b-8a9.broadinstitute.org:60646 with 366.3 MB RAM, BlockManagerId(driver, wm65b-8a9.broadinstitute.org, 60646, None)
2020-03-09 08:20:37 BlockManagerMaster: INFO: Registered BlockManager BlockManagerId(driver, wm65b-8a9.broadinstitute.org, 60646, None)
2020-03-09 08:20:37 BlockManager: INFO: Initialized BlockManager: BlockManagerId(driver, wm65b-8a9.broadinstitute.org, 60646, None)
2020-03-09 08:20:37 ContextHandler: INFO: Started o.s.j.s.ServletContextHandler@21686fc3{/metrics/json,null,AVAILABLE,@Spark}
2020-03-09 08:20:37 Hail: INFO: Hail temporary directory: file:/tmp/hail.vj5y9Jn318do
2020-03-09 08:20:37 Hail: INFO: SparkUI: http://wm65b-8a9.broadinstitute.org:4041
2020-03-09 08:20:37 Hail: INFO: Running Hail version 0.2.33-5d8cae649505
2020-03-09 08:20:37 SparkContext: WARN: Using an existing SparkContext; some configuration may not take effect.
2020-03-09 08:21:42 SparkContext: INFO: Invoking stop() from shutdown hook
2020-03-09 08:21:42 AbstractConnector: INFO: Stopped Spark@63ae1257{HTTP/1.1,[http/1.1]}{0.0.0.0:4041}
2020-03-09 08:21:42 SparkUI: INFO: Stopped Spark web UI at http://wm65b-8a9.broadinstitute.org:4041
2020-03-09 08:21:42 MapOutputTrackerMasterEndpoint: INFO: MapOutputTrackerMasterEndpoint stopped!
2020-03-09 08:21:43 MemoryStore: INFO: MemoryStore cleared
2020-03-09 08:21:43 BlockManager: INFO: BlockManager stopped
2020-03-09 08:21:43 BlockManagerMaster: INFO: BlockManagerMaster stopped
2020-03-09 08:21:43 OutputCommitCoordinator$OutputCommitCoordinatorEndpoint: INFO: OutputCommitCoordinator stopped!
2020-03-09 08:21:43 SparkContext: INFO: Successfully stopped SparkContext
2020-03-09 08:21:43 ShutdownHookManager: INFO: Shutdown hook called
2020-03-09 08:21:43 ShutdownHookManager: INFO: Deleting directory /private/var/folders/56/q7rh2y5x7hj4n359_13dgwxcmtwz20/T/spark-0914cfab-2401-4078-a925-09fa7cf84746
2020-03-09 08:21:43 ShutdownHookManager: INFO: Deleting directory /private/var/folders/56/q7rh2y5x7hj4n359_13dgwxcmtwz20/T/spark-b16aa241-1dfe-4a12-b6cd-9c538f4b4e59/pyspark-ad2e2706-5d59-4f6a-963d-fb7fc9cada13
2020-03-09 08:21:43 ShutdownHookManager: INFO: Deleting directory /private/var/folders/56/q7rh2y5x7hj4n359_13dgwxcmtwz20/T/spark-b16aa241-1dfe-4a12-b6cd-9c538f4b4e59
