2020-03-19 14:24:35 Hail: WARN: This Hail JAR was compiled for Spark 2.4.0, running with Spark 2.4.3.
  Compatibility is not guaranteed.
2020-03-19 14:24:35 SparkContext: INFO: Running Spark version 2.4.3
2020-03-19 14:24:35 SparkContext: INFO: Submitted application: Hail
2020-03-19 14:24:35 SparkContext: INFO: Spark configuration:
spark.app.name=Hail
spark.driver.extraClassPath=/anaconda3/envs/hail/lib/python3.6/site-packages/hail/hail-all-spark.jar
spark.driver.maxResultSize=0
spark.executor.extraClassPath=./hail-all-spark.jar
spark.hadoop.google.cloud.auth.service.account.enable=true
spark.hadoop.google.cloud.auth.service.account.json.keyfile=/Users/nbaya/.hail/gcs-keys/gcs-connector-key.json
spark.hadoop.io.compression.codecs=org.apache.hadoop.io.compress.DefaultCodec,is.hail.io.compress.BGzipCodec,is.hail.io.compress.BGzipCodecTbi,org.apache.hadoop.io.compress.GzipCodec
spark.hadoop.mapreduce.input.fileinputformat.split.minsize=0
spark.jars=file:///anaconda3/envs/hail/lib/python3.6/site-packages/hail/hail-all-spark.jar
spark.kryo.registrator=is.hail.kryo.HailKryoRegistrator
spark.kryoserializer.buffer.max=1g
spark.logConf=true
spark.master=local[*]
spark.repl.local.jars=file:///anaconda3/envs/hail/lib/python3.6/site-packages/hail/hail-all-spark.jar
spark.serializer=org.apache.spark.serializer.KryoSerializer
spark.submit.deployMode=client
spark.ui.showConsoleProgress=false
2020-03-19 14:24:36 SecurityManager: INFO: Changing view acls to: nbaya
2020-03-19 14:24:36 SecurityManager: INFO: Changing modify acls to: nbaya
2020-03-19 14:24:36 SecurityManager: INFO: Changing view acls groups to: 
2020-03-19 14:24:36 SecurityManager: INFO: Changing modify acls groups to: 
2020-03-19 14:24:36 SecurityManager: INFO: SecurityManager: authentication disabled; ui acls disabled; users  with view permissions: Set(nbaya); groups with view permissions: Set(); users  with modify permissions: Set(nbaya); groups with modify permissions: Set()
2020-03-19 14:24:36 Utils: INFO: Successfully started service 'sparkDriver' on port 51765.
2020-03-19 14:24:36 SparkEnv: INFO: Registering MapOutputTracker
2020-03-19 14:24:36 SparkEnv: INFO: Registering BlockManagerMaster
2020-03-19 14:24:36 BlockManagerMasterEndpoint: INFO: Using org.apache.spark.storage.DefaultTopologyMapper for getting topology information
2020-03-19 14:24:36 BlockManagerMasterEndpoint: INFO: BlockManagerMasterEndpoint up
2020-03-19 14:24:36 DiskBlockManager: INFO: Created local directory at /private/var/folders/56/q7rh2y5x7hj4n359_13dgwxcmtwz20/T/blockmgr-74a0b070-c39e-4396-8d78-57488f067940
2020-03-19 14:24:36 MemoryStore: INFO: MemoryStore started with capacity 366.3 MB
2020-03-19 14:24:36 SparkEnv: INFO: Registering OutputCommitCoordinator
2020-03-19 14:24:36 log: INFO: Logging initialized @2850ms
2020-03-19 14:24:36 Server: INFO: jetty-9.3.z-SNAPSHOT, build timestamp: unknown, git hash: unknown
2020-03-19 14:24:36 Server: INFO: Started @2926ms
2020-03-19 14:24:36 Utils: WARN: Service 'SparkUI' could not bind on port 4040. Attempting port 4041.
2020-03-19 14:24:36 AbstractConnector: INFO: Started ServerConnector@7b26ac70{HTTP/1.1,[http/1.1]}{0.0.0.0:4041}
2020-03-19 14:24:36 Utils: INFO: Successfully started service 'SparkUI' on port 4041.
2020-03-19 14:24:36 ContextHandler: INFO: Started o.s.j.s.ServletContextHandler@34423271{/jobs,null,AVAILABLE,@Spark}
2020-03-19 14:24:36 ContextHandler: INFO: Started o.s.j.s.ServletContextHandler@65ccd2bf{/jobs/json,null,AVAILABLE,@Spark}
2020-03-19 14:24:36 ContextHandler: INFO: Started o.s.j.s.ServletContextHandler@30d15dab{/jobs/job,null,AVAILABLE,@Spark}
2020-03-19 14:24:36 ContextHandler: INFO: Started o.s.j.s.ServletContextHandler@577f10d5{/jobs/job/json,null,AVAILABLE,@Spark}
2020-03-19 14:24:36 ContextHandler: INFO: Started o.s.j.s.ServletContextHandler@542569af{/stages,null,AVAILABLE,@Spark}
2020-03-19 14:24:36 ContextHandler: INFO: Started o.s.j.s.ServletContextHandler@6e235a85{/stages/json,null,AVAILABLE,@Spark}
2020-03-19 14:24:36 ContextHandler: INFO: Started o.s.j.s.ServletContextHandler@57a30075{/stages/stage,null,AVAILABLE,@Spark}
2020-03-19 14:24:36 ContextHandler: INFO: Started o.s.j.s.ServletContextHandler@7361a847{/stages/stage/json,null,AVAILABLE,@Spark}
2020-03-19 14:24:36 ContextHandler: INFO: Started o.s.j.s.ServletContextHandler@3c0eaef6{/stages/pool,null,AVAILABLE,@Spark}
2020-03-19 14:24:36 ContextHandler: INFO: Started o.s.j.s.ServletContextHandler@6ef6a8a0{/stages/pool/json,null,AVAILABLE,@Spark}
2020-03-19 14:24:36 ContextHandler: INFO: Started o.s.j.s.ServletContextHandler@7868607f{/storage,null,AVAILABLE,@Spark}
2020-03-19 14:24:36 ContextHandler: INFO: Started o.s.j.s.ServletContextHandler@635dca5{/storage/json,null,AVAILABLE,@Spark}
2020-03-19 14:24:36 ContextHandler: INFO: Started o.s.j.s.ServletContextHandler@4f85bb8b{/storage/rdd,null,AVAILABLE,@Spark}
2020-03-19 14:24:36 ContextHandler: INFO: Started o.s.j.s.ServletContextHandler@14edb973{/storage/rdd/json,null,AVAILABLE,@Spark}
2020-03-19 14:24:36 ContextHandler: INFO: Started o.s.j.s.ServletContextHandler@2fbd4809{/environment,null,AVAILABLE,@Spark}
2020-03-19 14:24:36 ContextHandler: INFO: Started o.s.j.s.ServletContextHandler@7c569af{/environment/json,null,AVAILABLE,@Spark}
2020-03-19 14:24:36 ContextHandler: INFO: Started o.s.j.s.ServletContextHandler@657ec33f{/executors,null,AVAILABLE,@Spark}
2020-03-19 14:24:36 ContextHandler: INFO: Started o.s.j.s.ServletContextHandler@1c21c8c2{/executors/json,null,AVAILABLE,@Spark}
2020-03-19 14:24:36 ContextHandler: INFO: Started o.s.j.s.ServletContextHandler@5919364f{/executors/threadDump,null,AVAILABLE,@Spark}
2020-03-19 14:24:36 ContextHandler: INFO: Started o.s.j.s.ServletContextHandler@753db4d2{/executors/threadDump/json,null,AVAILABLE,@Spark}
2020-03-19 14:24:36 ContextHandler: INFO: Started o.s.j.s.ServletContextHandler@66c9e671{/static,null,AVAILABLE,@Spark}
2020-03-19 14:24:36 ContextHandler: INFO: Started o.s.j.s.ServletContextHandler@1c995e38{/,null,AVAILABLE,@Spark}
2020-03-19 14:24:36 ContextHandler: INFO: Started o.s.j.s.ServletContextHandler@6928cf5c{/api,null,AVAILABLE,@Spark}
2020-03-19 14:24:36 ContextHandler: INFO: Started o.s.j.s.ServletContextHandler@7169b327{/jobs/job/kill,null,AVAILABLE,@Spark}
2020-03-19 14:24:36 ContextHandler: INFO: Started o.s.j.s.ServletContextHandler@36d034c1{/stages/stage/kill,null,AVAILABLE,@Spark}
2020-03-19 14:24:36 SparkUI: INFO: Bound SparkUI to 0.0.0.0, and started at http://192.168.0.110:4041
2020-03-19 14:24:36 SparkContext: INFO: Added JAR file:///anaconda3/envs/hail/lib/python3.6/site-packages/hail/hail-all-spark.jar at spark://192.168.0.110:51765/jars/hail-all-spark.jar with timestamp 1584642276690
2020-03-19 14:24:36 Executor: INFO: Starting executor ID driver on host localhost
2020-03-19 14:24:36 Utils: INFO: Successfully started service 'org.apache.spark.network.netty.NettyBlockTransferService' on port 51766.
2020-03-19 14:24:36 NettyBlockTransferService: INFO: Server created on 192.168.0.110:51766
2020-03-19 14:24:36 BlockManager: INFO: Using org.apache.spark.storage.RandomBlockReplicationPolicy for block replication policy
2020-03-19 14:24:36 BlockManagerMaster: INFO: Registering BlockManager BlockManagerId(driver, 192.168.0.110, 51766, None)
2020-03-19 14:24:36 BlockManagerMasterEndpoint: INFO: Registering block manager 192.168.0.110:51766 with 366.3 MB RAM, BlockManagerId(driver, 192.168.0.110, 51766, None)
2020-03-19 14:24:36 BlockManagerMaster: INFO: Registered BlockManager BlockManagerId(driver, 192.168.0.110, 51766, None)
2020-03-19 14:24:36 BlockManager: INFO: Initialized BlockManager: BlockManagerId(driver, 192.168.0.110, 51766, None)
2020-03-19 14:24:36 ContextHandler: INFO: Started o.s.j.s.ServletContextHandler@68277149{/metrics/json,null,AVAILABLE,@Spark}
2020-03-19 14:24:37 Hail: INFO: Hail temporary directory: file:/tmp/hail.UrZUvYld6YuK
2020-03-19 14:24:37 Hail: INFO: SparkUI: http://192.168.0.110:4041
2020-03-19 14:24:37 Hail: INFO: Running Hail version 0.2.34-914bd8a10ca2
2020-03-19 14:24:37 SparkContext: WARN: Using an existing SparkContext; some configuration may not take effect.
2020-03-19 14:34:04 SparkContext: INFO: Invoking stop() from shutdown hook
2020-03-19 14:34:04 AbstractConnector: INFO: Stopped Spark@7b26ac70{HTTP/1.1,[http/1.1]}{0.0.0.0:4041}
2020-03-19 14:34:04 SparkUI: INFO: Stopped Spark web UI at http://192.168.0.110:4041
2020-03-19 14:34:04 MapOutputTrackerMasterEndpoint: INFO: MapOutputTrackerMasterEndpoint stopped!
2020-03-19 14:34:04 MemoryStore: INFO: MemoryStore cleared
2020-03-19 14:34:04 BlockManager: INFO: BlockManager stopped
2020-03-19 14:34:04 BlockManagerMaster: INFO: BlockManagerMaster stopped
2020-03-19 14:34:04 OutputCommitCoordinator$OutputCommitCoordinatorEndpoint: INFO: OutputCommitCoordinator stopped!
2020-03-19 14:34:04 SparkContext: INFO: Successfully stopped SparkContext
2020-03-19 14:34:04 ShutdownHookManager: INFO: Shutdown hook called
2020-03-19 14:34:04 ShutdownHookManager: INFO: Deleting directory /private/var/folders/56/q7rh2y5x7hj4n359_13dgwxcmtwz20/T/spark-00e72587-6894-47b5-9e3c-9ff5d2b5df6a/pyspark-c3c56bff-8c45-47c4-99c1-e48654d11475
2020-03-19 14:34:04 ShutdownHookManager: INFO: Deleting directory /private/var/folders/56/q7rh2y5x7hj4n359_13dgwxcmtwz20/T/spark-00e72587-6894-47b5-9e3c-9ff5d2b5df6a
2020-03-19 14:34:04 ShutdownHookManager: INFO: Deleting directory /private/var/folders/56/q7rh2y5x7hj4n359_13dgwxcmtwz20/T/spark-50e74abf-b9fb-4d85-b926-263812b44b27
