2020-03-16 14:04:44 Hail: WARN: This Hail JAR was compiled for Spark 2.4.0, running with Spark 2.4.3.
  Compatibility is not guaranteed.
2020-03-16 14:04:44 SparkContext: INFO: Running Spark version 2.4.3
2020-03-16 14:04:44 SparkContext: INFO: Submitted application: Hail
2020-03-16 14:04:44 SparkContext: INFO: Spark configuration:
spark.app.name=Hail
spark.driver.extraClassPath=/anaconda3/envs/hail/lib/python3.6/site-packages/hail/hail-all-spark.jar
spark.driver.maxResultSize=0
spark.executor.extraClassPath=./hail-all-spark.jar
spark.hadoop.google.cloud.auth.service.account.enable=true
spark.hadoop.google.cloud.auth.service.account.json.keyfile=/Users/nbaya/.hail/gcs-keys/gcs-connector-key.json
spark.hadoop.io.compression.codecs=org.apache.hadoop.io.compress.DefaultCodec,is.hail.io.compress.BGzipCodec,is.hail.io.compress.BGzipCodecTbi,org.apache.hadoop.io.compress.GzipCodec
spark.hadoop.mapreduce.input.fileinputformat.split.minsize=0
spark.jars=file:///anaconda3/envs/hail/lib/python3.6/site-packages/hail/hail-all-spark.jar
spark.kryo.registrator=is.hail.kryo.HailKryoRegistrator
spark.kryoserializer.buffer.max=1g
spark.logConf=true
spark.master=local[*]
spark.repl.local.jars=file:///anaconda3/envs/hail/lib/python3.6/site-packages/hail/hail-all-spark.jar
spark.serializer=org.apache.spark.serializer.KryoSerializer
spark.submit.deployMode=client
spark.ui.showConsoleProgress=false
2020-03-16 14:04:44 SecurityManager: INFO: Changing view acls to: nbaya
2020-03-16 14:04:44 SecurityManager: INFO: Changing modify acls to: nbaya
2020-03-16 14:04:44 SecurityManager: INFO: Changing view acls groups to: 
2020-03-16 14:04:44 SecurityManager: INFO: Changing modify acls groups to: 
2020-03-16 14:04:44 SecurityManager: INFO: SecurityManager: authentication disabled; ui acls disabled; users  with view permissions: Set(nbaya); groups with view permissions: Set(); users  with modify permissions: Set(nbaya); groups with modify permissions: Set()
2020-03-16 14:04:44 Utils: INFO: Successfully started service 'sparkDriver' on port 64826.
2020-03-16 14:04:44 SparkEnv: INFO: Registering MapOutputTracker
2020-03-16 14:04:44 SparkEnv: INFO: Registering BlockManagerMaster
2020-03-16 14:04:44 BlockManagerMasterEndpoint: INFO: Using org.apache.spark.storage.DefaultTopologyMapper for getting topology information
2020-03-16 14:04:44 BlockManagerMasterEndpoint: INFO: BlockManagerMasterEndpoint up
2020-03-16 14:04:44 DiskBlockManager: INFO: Created local directory at /private/var/folders/56/q7rh2y5x7hj4n359_13dgwxcmtwz20/T/blockmgr-78bd6a7d-aebe-4603-8350-ac7cc7594369
2020-03-16 14:04:44 MemoryStore: INFO: MemoryStore started with capacity 366.3 MB
2020-03-16 14:04:44 SparkEnv: INFO: Registering OutputCommitCoordinator
2020-03-16 14:04:45 log: INFO: Logging initialized @2335ms
2020-03-16 14:04:45 Server: INFO: jetty-9.3.z-SNAPSHOT, build timestamp: unknown, git hash: unknown
2020-03-16 14:04:45 Server: INFO: Started @2406ms
2020-03-16 14:04:45 Utils: WARN: Service 'SparkUI' could not bind on port 4040. Attempting port 4041.
2020-03-16 14:04:45 AbstractConnector: INFO: Started ServerConnector@44108d85{HTTP/1.1,[http/1.1]}{0.0.0.0:4041}
2020-03-16 14:04:45 Utils: INFO: Successfully started service 'SparkUI' on port 4041.
2020-03-16 14:04:45 ContextHandler: INFO: Started o.s.j.s.ServletContextHandler@624efc36{/jobs,null,AVAILABLE,@Spark}
2020-03-16 14:04:45 ContextHandler: INFO: Started o.s.j.s.ServletContextHandler@3dc7a21{/jobs/json,null,AVAILABLE,@Spark}
2020-03-16 14:04:45 ContextHandler: INFO: Started o.s.j.s.ServletContextHandler@553aa659{/jobs/job,null,AVAILABLE,@Spark}
2020-03-16 14:04:45 ContextHandler: INFO: Started o.s.j.s.ServletContextHandler@7e924b6d{/jobs/job/json,null,AVAILABLE,@Spark}
2020-03-16 14:04:45 ContextHandler: INFO: Started o.s.j.s.ServletContextHandler@1e7f3bec{/stages,null,AVAILABLE,@Spark}
2020-03-16 14:04:45 ContextHandler: INFO: Started o.s.j.s.ServletContextHandler@1ef74e14{/stages/json,null,AVAILABLE,@Spark}
2020-03-16 14:04:45 ContextHandler: INFO: Started o.s.j.s.ServletContextHandler@19b5e60b{/stages/stage,null,AVAILABLE,@Spark}
2020-03-16 14:04:45 ContextHandler: INFO: Started o.s.j.s.ServletContextHandler@367491c6{/stages/stage/json,null,AVAILABLE,@Spark}
2020-03-16 14:04:45 ContextHandler: INFO: Started o.s.j.s.ServletContextHandler@47acbd{/stages/pool,null,AVAILABLE,@Spark}
2020-03-16 14:04:45 ContextHandler: INFO: Started o.s.j.s.ServletContextHandler@75d9c051{/stages/pool/json,null,AVAILABLE,@Spark}
2020-03-16 14:04:45 ContextHandler: INFO: Started o.s.j.s.ServletContextHandler@58f080c6{/storage,null,AVAILABLE,@Spark}
2020-03-16 14:04:45 ContextHandler: INFO: Started o.s.j.s.ServletContextHandler@4a98c0bf{/storage/json,null,AVAILABLE,@Spark}
2020-03-16 14:04:45 ContextHandler: INFO: Started o.s.j.s.ServletContextHandler@7707af15{/storage/rdd,null,AVAILABLE,@Spark}
2020-03-16 14:04:45 ContextHandler: INFO: Started o.s.j.s.ServletContextHandler@4ce722ec{/storage/rdd/json,null,AVAILABLE,@Spark}
2020-03-16 14:04:45 ContextHandler: INFO: Started o.s.j.s.ServletContextHandler@104d7d06{/environment,null,AVAILABLE,@Spark}
2020-03-16 14:04:45 ContextHandler: INFO: Started o.s.j.s.ServletContextHandler@1c5cca88{/environment/json,null,AVAILABLE,@Spark}
2020-03-16 14:04:45 ContextHandler: INFO: Started o.s.j.s.ServletContextHandler@56e9b111{/executors,null,AVAILABLE,@Spark}
2020-03-16 14:04:45 ContextHandler: INFO: Started o.s.j.s.ServletContextHandler@23ec1962{/executors/json,null,AVAILABLE,@Spark}
2020-03-16 14:04:45 ContextHandler: INFO: Started o.s.j.s.ServletContextHandler@58b2f554{/executors/threadDump,null,AVAILABLE,@Spark}
2020-03-16 14:04:45 ContextHandler: INFO: Started o.s.j.s.ServletContextHandler@22406c40{/executors/threadDump/json,null,AVAILABLE,@Spark}
2020-03-16 14:04:45 ContextHandler: INFO: Started o.s.j.s.ServletContextHandler@39ba3020{/static,null,AVAILABLE,@Spark}
2020-03-16 14:04:45 ContextHandler: INFO: Started o.s.j.s.ServletContextHandler@4618a5ad{/,null,AVAILABLE,@Spark}
2020-03-16 14:04:45 ContextHandler: INFO: Started o.s.j.s.ServletContextHandler@7fdbac58{/api,null,AVAILABLE,@Spark}
2020-03-16 14:04:45 ContextHandler: INFO: Started o.s.j.s.ServletContextHandler@6e37f53c{/jobs/job/kill,null,AVAILABLE,@Spark}
2020-03-16 14:04:45 ContextHandler: INFO: Started o.s.j.s.ServletContextHandler@776ebba4{/stages/stage/kill,null,AVAILABLE,@Spark}
2020-03-16 14:04:45 SparkUI: INFO: Bound SparkUI to 0.0.0.0, and started at http://192.168.0.110:4041
2020-03-16 14:04:45 SparkContext: INFO: Added JAR file:///anaconda3/envs/hail/lib/python3.6/site-packages/hail/hail-all-spark.jar at spark://192.168.0.110:64826/jars/hail-all-spark.jar with timestamp 1584381885189
2020-03-16 14:04:45 Executor: INFO: Starting executor ID driver on host localhost
2020-03-16 14:04:45 Utils: INFO: Successfully started service 'org.apache.spark.network.netty.NettyBlockTransferService' on port 64827.
2020-03-16 14:04:45 NettyBlockTransferService: INFO: Server created on 192.168.0.110:64827
2020-03-16 14:04:45 BlockManager: INFO: Using org.apache.spark.storage.RandomBlockReplicationPolicy for block replication policy
2020-03-16 14:04:45 BlockManagerMaster: INFO: Registering BlockManager BlockManagerId(driver, 192.168.0.110, 64827, None)
2020-03-16 14:04:45 BlockManagerMasterEndpoint: INFO: Registering block manager 192.168.0.110:64827 with 366.3 MB RAM, BlockManagerId(driver, 192.168.0.110, 64827, None)
2020-03-16 14:04:45 BlockManagerMaster: INFO: Registered BlockManager BlockManagerId(driver, 192.168.0.110, 64827, None)
2020-03-16 14:04:45 BlockManager: INFO: Initialized BlockManager: BlockManagerId(driver, 192.168.0.110, 64827, None)
2020-03-16 14:04:45 ContextHandler: INFO: Started o.s.j.s.ServletContextHandler@42cb2b4e{/metrics/json,null,AVAILABLE,@Spark}
2020-03-16 14:04:45 Hail: INFO: Hail temporary directory: file:/tmp/hail.HyVayYA123m0
2020-03-16 14:04:45 Hail: INFO: SparkUI: http://192.168.0.110:4041
2020-03-16 14:04:45 Hail: INFO: Running Hail version 0.2.34-914bd8a10ca2
2020-03-16 14:04:45 SparkContext: WARN: Using an existing SparkContext; some configuration may not take effect.
2020-03-16 14:09:23 SparkContext: INFO: Invoking stop() from shutdown hook
2020-03-16 14:09:23 AbstractConnector: INFO: Stopped Spark@44108d85{HTTP/1.1,[http/1.1]}{0.0.0.0:4041}
2020-03-16 14:09:23 SparkUI: INFO: Stopped Spark web UI at http://192.168.0.110:4041
2020-03-16 14:09:23 MapOutputTrackerMasterEndpoint: INFO: MapOutputTrackerMasterEndpoint stopped!
2020-03-16 14:09:23 MemoryStore: INFO: MemoryStore cleared
2020-03-16 14:09:23 BlockManager: INFO: BlockManager stopped
2020-03-16 14:09:23 BlockManagerMaster: INFO: BlockManagerMaster stopped
2020-03-16 14:09:23 OutputCommitCoordinator$OutputCommitCoordinatorEndpoint: INFO: OutputCommitCoordinator stopped!
2020-03-16 14:09:24 SparkContext: INFO: Successfully stopped SparkContext
2020-03-16 14:09:24 ShutdownHookManager: INFO: Shutdown hook called
2020-03-16 14:09:24 ShutdownHookManager: INFO: Deleting directory /private/var/folders/56/q7rh2y5x7hj4n359_13dgwxcmtwz20/T/spark-b6aa18c6-b2dc-425d-8f2f-3f7a13c6b13f
2020-03-16 14:09:24 ShutdownHookManager: INFO: Deleting directory /private/var/folders/56/q7rh2y5x7hj4n359_13dgwxcmtwz20/T/spark-b6aa18c6-b2dc-425d-8f2f-3f7a13c6b13f/pyspark-4d250ab7-44fc-4a6a-9ee6-0f698d075b57
2020-03-16 14:09:24 ShutdownHookManager: INFO: Deleting directory /private/var/folders/56/q7rh2y5x7hj4n359_13dgwxcmtwz20/T/spark-aadf8728-7414-4fe1-ab07-5880eef37fe8
