2020-03-22 19:04:48 Hail: WARN: This Hail JAR was compiled for Spark 2.4.0, running with Spark 2.4.3.
  Compatibility is not guaranteed.
2020-03-22 19:04:48 SparkContext: INFO: Running Spark version 2.4.3
2020-03-22 19:04:48 SparkContext: INFO: Submitted application: Hail
2020-03-22 19:04:48 SparkContext: INFO: Spark configuration:
spark.app.name=Hail
spark.driver.extraClassPath=/anaconda3/envs/hail/lib/python3.6/site-packages/hail/hail-all-spark.jar
spark.driver.maxResultSize=0
spark.executor.extraClassPath=./hail-all-spark.jar
spark.hadoop.google.cloud.auth.service.account.enable=true
spark.hadoop.google.cloud.auth.service.account.json.keyfile=/Users/nbaya/.hail/gcs-keys/gcs-connector-key.json
spark.hadoop.io.compression.codecs=org.apache.hadoop.io.compress.DefaultCodec,is.hail.io.compress.BGzipCodec,is.hail.io.compress.BGzipCodecTbi,org.apache.hadoop.io.compress.GzipCodec
spark.hadoop.mapreduce.input.fileinputformat.split.minsize=0
spark.jars=file:///anaconda3/envs/hail/lib/python3.6/site-packages/hail/hail-all-spark.jar
spark.kryo.registrator=is.hail.kryo.HailKryoRegistrator
spark.kryoserializer.buffer.max=1g
spark.logConf=true
spark.master=local[*]
spark.repl.local.jars=file:///anaconda3/envs/hail/lib/python3.6/site-packages/hail/hail-all-spark.jar
spark.serializer=org.apache.spark.serializer.KryoSerializer
spark.submit.deployMode=client
spark.ui.showConsoleProgress=false
2020-03-22 19:04:48 SecurityManager: INFO: Changing view acls to: nbaya
2020-03-22 19:04:48 SecurityManager: INFO: Changing modify acls to: nbaya
2020-03-22 19:04:48 SecurityManager: INFO: Changing view acls groups to: 
2020-03-22 19:04:48 SecurityManager: INFO: Changing modify acls groups to: 
2020-03-22 19:04:48 SecurityManager: INFO: SecurityManager: authentication disabled; ui acls disabled; users  with view permissions: Set(nbaya); groups with view permissions: Set(); users  with modify permissions: Set(nbaya); groups with modify permissions: Set()
2020-03-22 19:04:49 Utils: INFO: Successfully started service 'sparkDriver' on port 50196.
2020-03-22 19:04:49 SparkEnv: INFO: Registering MapOutputTracker
2020-03-22 19:04:49 SparkEnv: INFO: Registering BlockManagerMaster
2020-03-22 19:04:49 BlockManagerMasterEndpoint: INFO: Using org.apache.spark.storage.DefaultTopologyMapper for getting topology information
2020-03-22 19:04:49 BlockManagerMasterEndpoint: INFO: BlockManagerMasterEndpoint up
2020-03-22 19:04:49 DiskBlockManager: INFO: Created local directory at /private/var/folders/56/q7rh2y5x7hj4n359_13dgwxcmtwz20/T/blockmgr-cd5bb3ba-0581-411d-9ef7-b01cfa79094a
2020-03-22 19:04:49 MemoryStore: INFO: MemoryStore started with capacity 366.3 MB
2020-03-22 19:04:49 SparkEnv: INFO: Registering OutputCommitCoordinator
2020-03-22 19:04:49 log: INFO: Logging initialized @2412ms
2020-03-22 19:04:49 Server: INFO: jetty-9.3.z-SNAPSHOT, build timestamp: unknown, git hash: unknown
2020-03-22 19:04:49 Server: INFO: Started @2486ms
2020-03-22 19:04:49 Utils: WARN: Service 'SparkUI' could not bind on port 4040. Attempting port 4041.
2020-03-22 19:04:49 AbstractConnector: INFO: Started ServerConnector@78ed0678{HTTP/1.1,[http/1.1]}{0.0.0.0:4041}
2020-03-22 19:04:49 Utils: INFO: Successfully started service 'SparkUI' on port 4041.
2020-03-22 19:04:49 ContextHandler: INFO: Started o.s.j.s.ServletContextHandler@531a4516{/jobs,null,AVAILABLE,@Spark}
2020-03-22 19:04:49 ContextHandler: INFO: Started o.s.j.s.ServletContextHandler@3636b115{/jobs/json,null,AVAILABLE,@Spark}
2020-03-22 19:04:49 ContextHandler: INFO: Started o.s.j.s.ServletContextHandler@2f1cb1d2{/jobs/job,null,AVAILABLE,@Spark}
2020-03-22 19:04:49 ContextHandler: INFO: Started o.s.j.s.ServletContextHandler@7d7d468b{/jobs/job/json,null,AVAILABLE,@Spark}
2020-03-22 19:04:49 ContextHandler: INFO: Started o.s.j.s.ServletContextHandler@7e40fe28{/stages,null,AVAILABLE,@Spark}
2020-03-22 19:04:49 ContextHandler: INFO: Started o.s.j.s.ServletContextHandler@34984213{/stages/json,null,AVAILABLE,@Spark}
2020-03-22 19:04:49 ContextHandler: INFO: Started o.s.j.s.ServletContextHandler@4434fb53{/stages/stage,null,AVAILABLE,@Spark}
2020-03-22 19:04:49 ContextHandler: INFO: Started o.s.j.s.ServletContextHandler@5cdce626{/stages/stage/json,null,AVAILABLE,@Spark}
2020-03-22 19:04:49 ContextHandler: INFO: Started o.s.j.s.ServletContextHandler@3f51608d{/stages/pool,null,AVAILABLE,@Spark}
2020-03-22 19:04:49 ContextHandler: INFO: Started o.s.j.s.ServletContextHandler@391f1b93{/stages/pool/json,null,AVAILABLE,@Spark}
2020-03-22 19:04:49 ContextHandler: INFO: Started o.s.j.s.ServletContextHandler@60fda72{/storage,null,AVAILABLE,@Spark}
2020-03-22 19:04:49 ContextHandler: INFO: Started o.s.j.s.ServletContextHandler@3d59e143{/storage/json,null,AVAILABLE,@Spark}
2020-03-22 19:04:49 ContextHandler: INFO: Started o.s.j.s.ServletContextHandler@9b8ab6d{/storage/rdd,null,AVAILABLE,@Spark}
2020-03-22 19:04:49 ContextHandler: INFO: Started o.s.j.s.ServletContextHandler@483aea4a{/storage/rdd/json,null,AVAILABLE,@Spark}
2020-03-22 19:04:49 ContextHandler: INFO: Started o.s.j.s.ServletContextHandler@309e7575{/environment,null,AVAILABLE,@Spark}
2020-03-22 19:04:49 ContextHandler: INFO: Started o.s.j.s.ServletContextHandler@42bfd9dc{/environment/json,null,AVAILABLE,@Spark}
2020-03-22 19:04:49 ContextHandler: INFO: Started o.s.j.s.ServletContextHandler@e90f125{/executors,null,AVAILABLE,@Spark}
2020-03-22 19:04:49 ContextHandler: INFO: Started o.s.j.s.ServletContextHandler@11673207{/executors/json,null,AVAILABLE,@Spark}
2020-03-22 19:04:49 ContextHandler: INFO: Started o.s.j.s.ServletContextHandler@5291d883{/executors/threadDump,null,AVAILABLE,@Spark}
2020-03-22 19:04:49 ContextHandler: INFO: Started o.s.j.s.ServletContextHandler@6e5c8a34{/executors/threadDump/json,null,AVAILABLE,@Spark}
2020-03-22 19:04:49 ContextHandler: INFO: Started o.s.j.s.ServletContextHandler@674c4703{/static,null,AVAILABLE,@Spark}
2020-03-22 19:04:49 ContextHandler: INFO: Started o.s.j.s.ServletContextHandler@3e33bfec{/,null,AVAILABLE,@Spark}
2020-03-22 19:04:49 ContextHandler: INFO: Started o.s.j.s.ServletContextHandler@20d7c41c{/api,null,AVAILABLE,@Spark}
2020-03-22 19:04:49 ContextHandler: INFO: Started o.s.j.s.ServletContextHandler@70ca2a14{/jobs/job/kill,null,AVAILABLE,@Spark}
2020-03-22 19:04:49 ContextHandler: INFO: Started o.s.j.s.ServletContextHandler@33104098{/stages/stage/kill,null,AVAILABLE,@Spark}
2020-03-22 19:04:49 SparkUI: INFO: Bound SparkUI to 0.0.0.0, and started at http://192.168.0.110:4041
2020-03-22 19:04:49 SparkContext: INFO: Added JAR file:///anaconda3/envs/hail/lib/python3.6/site-packages/hail/hail-all-spark.jar at spark://192.168.0.110:50196/jars/hail-all-spark.jar with timestamp 1584918289490
2020-03-22 19:04:49 Executor: INFO: Starting executor ID driver on host localhost
2020-03-22 19:04:49 Utils: INFO: Successfully started service 'org.apache.spark.network.netty.NettyBlockTransferService' on port 50197.
2020-03-22 19:04:49 NettyBlockTransferService: INFO: Server created on 192.168.0.110:50197
2020-03-22 19:04:49 BlockManager: INFO: Using org.apache.spark.storage.RandomBlockReplicationPolicy for block replication policy
2020-03-22 19:04:49 BlockManagerMaster: INFO: Registering BlockManager BlockManagerId(driver, 192.168.0.110, 50197, None)
2020-03-22 19:04:49 BlockManagerMasterEndpoint: INFO: Registering block manager 192.168.0.110:50197 with 366.3 MB RAM, BlockManagerId(driver, 192.168.0.110, 50197, None)
2020-03-22 19:04:49 BlockManagerMaster: INFO: Registered BlockManager BlockManagerId(driver, 192.168.0.110, 50197, None)
2020-03-22 19:04:49 BlockManager: INFO: Initialized BlockManager: BlockManagerId(driver, 192.168.0.110, 50197, None)
2020-03-22 19:04:49 ContextHandler: INFO: Started o.s.j.s.ServletContextHandler@53df43a8{/metrics/json,null,AVAILABLE,@Spark}
2020-03-22 19:04:49 Hail: INFO: Hail temporary directory: file:/tmp/hail.ep8KsLWZRqtj
2020-03-22 19:04:49 Hail: INFO: SparkUI: http://192.168.0.110:4041
2020-03-22 19:04:49 Hail: INFO: Running Hail version 0.2.34-914bd8a10ca2
2020-03-22 19:04:50 SparkContext: WARN: Using an existing SparkContext; some configuration may not take effect.
2020-03-22 19:04:52 SparkContext: INFO: Invoking stop() from shutdown hook
2020-03-22 19:04:52 AbstractConnector: INFO: Stopped Spark@78ed0678{HTTP/1.1,[http/1.1]}{0.0.0.0:4041}
2020-03-22 19:04:52 SparkUI: INFO: Stopped Spark web UI at http://192.168.0.110:4041
2020-03-22 19:04:52 MapOutputTrackerMasterEndpoint: INFO: MapOutputTrackerMasterEndpoint stopped!
2020-03-22 19:04:52 MemoryStore: INFO: MemoryStore cleared
2020-03-22 19:04:52 BlockManager: INFO: BlockManager stopped
2020-03-22 19:04:52 BlockManagerMaster: INFO: BlockManagerMaster stopped
2020-03-22 19:04:52 OutputCommitCoordinator$OutputCommitCoordinatorEndpoint: INFO: OutputCommitCoordinator stopped!
2020-03-22 19:04:52 SparkContext: INFO: Successfully stopped SparkContext
2020-03-22 19:04:52 ShutdownHookManager: INFO: Shutdown hook called
2020-03-22 19:04:52 ShutdownHookManager: INFO: Deleting directory /private/var/folders/56/q7rh2y5x7hj4n359_13dgwxcmtwz20/T/spark-5df7d538-59fb-4d47-b47d-fafc21bd4ffe/pyspark-ee08e928-8de9-4dcb-b34d-8438817cb1c6
2020-03-22 19:04:52 ShutdownHookManager: INFO: Deleting directory /private/var/folders/56/q7rh2y5x7hj4n359_13dgwxcmtwz20/T/spark-307bb23f-3ca8-4997-b395-4471de7f6c05
2020-03-22 19:04:52 ShutdownHookManager: INFO: Deleting directory /private/var/folders/56/q7rh2y5x7hj4n359_13dgwxcmtwz20/T/spark-5df7d538-59fb-4d47-b47d-fafc21bd4ffe
