2020-03-19 13:52:30 Hail: WARN: This Hail JAR was compiled for Spark 2.4.0, running with Spark 2.4.3.
  Compatibility is not guaranteed.
2020-03-19 13:52:30 SparkContext: INFO: Running Spark version 2.4.3
2020-03-19 13:52:30 SparkContext: INFO: Submitted application: Hail
2020-03-19 13:52:30 SparkContext: INFO: Spark configuration:
spark.app.name=Hail
spark.driver.extraClassPath=/anaconda3/envs/hail/lib/python3.6/site-packages/hail/hail-all-spark.jar
spark.driver.maxResultSize=0
spark.executor.extraClassPath=./hail-all-spark.jar
spark.hadoop.google.cloud.auth.service.account.enable=true
spark.hadoop.google.cloud.auth.service.account.json.keyfile=/Users/nbaya/.hail/gcs-keys/gcs-connector-key.json
spark.hadoop.io.compression.codecs=org.apache.hadoop.io.compress.DefaultCodec,is.hail.io.compress.BGzipCodec,is.hail.io.compress.BGzipCodecTbi,org.apache.hadoop.io.compress.GzipCodec
spark.hadoop.mapreduce.input.fileinputformat.split.minsize=0
spark.jars=file:///anaconda3/envs/hail/lib/python3.6/site-packages/hail/hail-all-spark.jar
spark.kryo.registrator=is.hail.kryo.HailKryoRegistrator
spark.kryoserializer.buffer.max=1g
spark.logConf=true
spark.master=local[*]
spark.repl.local.jars=file:///anaconda3/envs/hail/lib/python3.6/site-packages/hail/hail-all-spark.jar
spark.serializer=org.apache.spark.serializer.KryoSerializer
spark.submit.deployMode=client
spark.ui.showConsoleProgress=false
2020-03-19 13:52:31 SecurityManager: INFO: Changing view acls to: nbaya
2020-03-19 13:52:31 SecurityManager: INFO: Changing modify acls to: nbaya
2020-03-19 13:52:31 SecurityManager: INFO: Changing view acls groups to: 
2020-03-19 13:52:31 SecurityManager: INFO: Changing modify acls groups to: 
2020-03-19 13:52:31 SecurityManager: INFO: SecurityManager: authentication disabled; ui acls disabled; users  with view permissions: Set(nbaya); groups with view permissions: Set(); users  with modify permissions: Set(nbaya); groups with modify permissions: Set()
2020-03-19 13:52:31 Utils: INFO: Successfully started service 'sparkDriver' on port 51459.
2020-03-19 13:52:31 SparkEnv: INFO: Registering MapOutputTracker
2020-03-19 13:52:31 SparkEnv: INFO: Registering BlockManagerMaster
2020-03-19 13:52:31 BlockManagerMasterEndpoint: INFO: Using org.apache.spark.storage.DefaultTopologyMapper for getting topology information
2020-03-19 13:52:31 BlockManagerMasterEndpoint: INFO: BlockManagerMasterEndpoint up
2020-03-19 13:52:31 DiskBlockManager: INFO: Created local directory at /private/var/folders/56/q7rh2y5x7hj4n359_13dgwxcmtwz20/T/blockmgr-a01cfdb5-79a8-4131-b271-cefeb8394639
2020-03-19 13:52:31 MemoryStore: INFO: MemoryStore started with capacity 366.3 MB
2020-03-19 13:52:31 SparkEnv: INFO: Registering OutputCommitCoordinator
2020-03-19 13:52:31 log: INFO: Logging initialized @3029ms
2020-03-19 13:52:31 Server: INFO: jetty-9.3.z-SNAPSHOT, build timestamp: unknown, git hash: unknown
2020-03-19 13:52:31 Server: INFO: Started @3175ms
2020-03-19 13:52:31 Utils: WARN: Service 'SparkUI' could not bind on port 4040. Attempting port 4041.
2020-03-19 13:52:31 Utils: WARN: Service 'SparkUI' could not bind on port 4041. Attempting port 4042.
2020-03-19 13:52:31 AbstractConnector: INFO: Started ServerConnector@19c8d0ee{HTTP/1.1,[http/1.1]}{0.0.0.0:4042}
2020-03-19 13:52:31 Utils: INFO: Successfully started service 'SparkUI' on port 4042.
2020-03-19 13:52:31 ContextHandler: INFO: Started o.s.j.s.ServletContextHandler@50bb13a5{/jobs,null,AVAILABLE,@Spark}
2020-03-19 13:52:31 ContextHandler: INFO: Started o.s.j.s.ServletContextHandler@2f1cb1d2{/jobs/json,null,AVAILABLE,@Spark}
2020-03-19 13:52:31 ContextHandler: INFO: Started o.s.j.s.ServletContextHandler@5b456330{/jobs/job,null,AVAILABLE,@Spark}
2020-03-19 13:52:31 ContextHandler: INFO: Started o.s.j.s.ServletContextHandler@7e40fe28{/jobs/job/json,null,AVAILABLE,@Spark}
2020-03-19 13:52:31 ContextHandler: INFO: Started o.s.j.s.ServletContextHandler@34984213{/stages,null,AVAILABLE,@Spark}
2020-03-19 13:52:31 ContextHandler: INFO: Started o.s.j.s.ServletContextHandler@4434fb53{/stages/json,null,AVAILABLE,@Spark}
2020-03-19 13:52:31 ContextHandler: INFO: Started o.s.j.s.ServletContextHandler@536ab440{/stages/stage,null,AVAILABLE,@Spark}
2020-03-19 13:52:31 ContextHandler: INFO: Started o.s.j.s.ServletContextHandler@3f51608d{/stages/stage/json,null,AVAILABLE,@Spark}
2020-03-19 13:52:31 ContextHandler: INFO: Started o.s.j.s.ServletContextHandler@391f1b93{/stages/pool,null,AVAILABLE,@Spark}
2020-03-19 13:52:31 ContextHandler: INFO: Started o.s.j.s.ServletContextHandler@60fda72{/stages/pool/json,null,AVAILABLE,@Spark}
2020-03-19 13:52:31 ContextHandler: INFO: Started o.s.j.s.ServletContextHandler@3d59e143{/storage,null,AVAILABLE,@Spark}
2020-03-19 13:52:31 ContextHandler: INFO: Started o.s.j.s.ServletContextHandler@9b8ab6d{/storage/json,null,AVAILABLE,@Spark}
2020-03-19 13:52:31 ContextHandler: INFO: Started o.s.j.s.ServletContextHandler@483aea4a{/storage/rdd,null,AVAILABLE,@Spark}
2020-03-19 13:52:31 ContextHandler: INFO: Started o.s.j.s.ServletContextHandler@309e7575{/storage/rdd/json,null,AVAILABLE,@Spark}
2020-03-19 13:52:31 ContextHandler: INFO: Started o.s.j.s.ServletContextHandler@42bfd9dc{/environment,null,AVAILABLE,@Spark}
2020-03-19 13:52:31 ContextHandler: INFO: Started o.s.j.s.ServletContextHandler@e90f125{/environment/json,null,AVAILABLE,@Spark}
2020-03-19 13:52:31 ContextHandler: INFO: Started o.s.j.s.ServletContextHandler@11673207{/executors,null,AVAILABLE,@Spark}
2020-03-19 13:52:31 ContextHandler: INFO: Started o.s.j.s.ServletContextHandler@5291d883{/executors/json,null,AVAILABLE,@Spark}
2020-03-19 13:52:31 ContextHandler: INFO: Started o.s.j.s.ServletContextHandler@6e5c8a34{/executors/threadDump,null,AVAILABLE,@Spark}
2020-03-19 13:52:31 ContextHandler: INFO: Started o.s.j.s.ServletContextHandler@674c4703{/executors/threadDump/json,null,AVAILABLE,@Spark}
2020-03-19 13:52:31 ContextHandler: INFO: Started o.s.j.s.ServletContextHandler@4f93b6e7{/static,null,AVAILABLE,@Spark}
2020-03-19 13:52:31 ContextHandler: INFO: Started o.s.j.s.ServletContextHandler@20d7c41c{/,null,AVAILABLE,@Spark}
2020-03-19 13:52:31 ContextHandler: INFO: Started o.s.j.s.ServletContextHandler@7676adf8{/api,null,AVAILABLE,@Spark}
2020-03-19 13:52:31 ContextHandler: INFO: Started o.s.j.s.ServletContextHandler@33104098{/jobs/job/kill,null,AVAILABLE,@Spark}
2020-03-19 13:52:31 ContextHandler: INFO: Started o.s.j.s.ServletContextHandler@198517e6{/stages/stage/kill,null,AVAILABLE,@Spark}
2020-03-19 13:52:31 SparkUI: INFO: Bound SparkUI to 0.0.0.0, and started at http://192.168.0.110:4042
2020-03-19 13:52:31 SparkContext: INFO: Added JAR file:///anaconda3/envs/hail/lib/python3.6/site-packages/hail/hail-all-spark.jar at spark://192.168.0.110:51459/jars/hail-all-spark.jar with timestamp 1584640351925
2020-03-19 13:52:31 Executor: INFO: Starting executor ID driver on host localhost
2020-03-19 13:52:32 Utils: INFO: Successfully started service 'org.apache.spark.network.netty.NettyBlockTransferService' on port 51460.
2020-03-19 13:52:32 NettyBlockTransferService: INFO: Server created on 192.168.0.110:51460
2020-03-19 13:52:32 BlockManager: INFO: Using org.apache.spark.storage.RandomBlockReplicationPolicy for block replication policy
2020-03-19 13:52:32 BlockManagerMaster: INFO: Registering BlockManager BlockManagerId(driver, 192.168.0.110, 51460, None)
2020-03-19 13:52:32 BlockManagerMasterEndpoint: INFO: Registering block manager 192.168.0.110:51460 with 366.3 MB RAM, BlockManagerId(driver, 192.168.0.110, 51460, None)
2020-03-19 13:52:32 BlockManagerMaster: INFO: Registered BlockManager BlockManagerId(driver, 192.168.0.110, 51460, None)
2020-03-19 13:52:32 BlockManager: INFO: Initialized BlockManager: BlockManagerId(driver, 192.168.0.110, 51460, None)
2020-03-19 13:52:32 ContextHandler: INFO: Started o.s.j.s.ServletContextHandler@58eb1686{/metrics/json,null,AVAILABLE,@Spark}
2020-03-19 13:52:32 Hail: INFO: Hail temporary directory: file:/tmp/hail.ajGjefGsoXMN
2020-03-19 13:52:32 Hail: INFO: SparkUI: http://192.168.0.110:4042
2020-03-19 13:52:32 Hail: INFO: Running Hail version 0.2.34-914bd8a10ca2
2020-03-19 13:52:33 SparkContext: WARN: Using an existing SparkContext; some configuration may not take effect.
2020-03-19 13:53:07 SparkContext: INFO: Invoking stop() from shutdown hook
2020-03-19 13:53:07 AbstractConnector: INFO: Stopped Spark@19c8d0ee{HTTP/1.1,[http/1.1]}{0.0.0.0:4042}
2020-03-19 13:53:07 SparkUI: INFO: Stopped Spark web UI at http://192.168.0.110:4042
2020-03-19 13:53:07 MapOutputTrackerMasterEndpoint: INFO: MapOutputTrackerMasterEndpoint stopped!
2020-03-19 13:53:07 MemoryStore: INFO: MemoryStore cleared
2020-03-19 13:53:07 BlockManager: INFO: BlockManager stopped
2020-03-19 13:53:07 BlockManagerMaster: INFO: BlockManagerMaster stopped
2020-03-19 13:53:07 OutputCommitCoordinator$OutputCommitCoordinatorEndpoint: INFO: OutputCommitCoordinator stopped!
2020-03-19 13:53:07 SparkContext: INFO: Successfully stopped SparkContext
2020-03-19 13:53:07 ShutdownHookManager: INFO: Shutdown hook called
2020-03-19 13:53:07 ShutdownHookManager: INFO: Deleting directory /private/var/folders/56/q7rh2y5x7hj4n359_13dgwxcmtwz20/T/spark-dd5f03e7-5d72-4bec-89df-5ac17d557d4a
2020-03-19 13:53:07 ShutdownHookManager: INFO: Deleting directory /private/var/folders/56/q7rh2y5x7hj4n359_13dgwxcmtwz20/T/spark-c2a6d96b-bb9d-4fcb-a58f-32a10685f4e9
2020-03-19 13:53:07 ShutdownHookManager: INFO: Deleting directory /private/var/folders/56/q7rh2y5x7hj4n359_13dgwxcmtwz20/T/spark-c2a6d96b-bb9d-4fcb-a58f-32a10685f4e9/pyspark-ebc1efc2-3fe9-4130-b031-084eb8b17887
