2020-03-05 16:58:01 Hail: WARN: This Hail JAR was compiled for Spark 2.4.0, running with Spark 2.4.3.
  Compatibility is not guaranteed.
2020-03-05 16:58:01 SparkContext: INFO: Running Spark version 2.4.3
2020-03-05 16:58:01 SparkContext: INFO: Submitted application: Hail
2020-03-05 16:58:01 SparkContext: INFO: Spark configuration:
spark.app.name=Hail
spark.driver.extraClassPath=/anaconda3/envs/hail/lib/python3.6/site-packages/hail/hail-all-spark.jar
spark.driver.maxResultSize=0
spark.executor.extraClassPath=./hail-all-spark.jar
spark.hadoop.google.cloud.auth.service.account.enable=true
spark.hadoop.google.cloud.auth.service.account.json.keyfile=/Users/nbaya/.hail/gcs-keys/gcs-connector-key.json
spark.hadoop.io.compression.codecs=org.apache.hadoop.io.compress.DefaultCodec,is.hail.io.compress.BGzipCodec,is.hail.io.compress.BGzipCodecTbi,org.apache.hadoop.io.compress.GzipCodec
spark.hadoop.mapreduce.input.fileinputformat.split.minsize=0
spark.jars=file:///anaconda3/envs/hail/lib/python3.6/site-packages/hail/hail-all-spark.jar
spark.kryo.registrator=is.hail.kryo.HailKryoRegistrator
spark.kryoserializer.buffer.max=1g
spark.logConf=true
spark.master=local[*]
spark.repl.local.jars=file:///anaconda3/envs/hail/lib/python3.6/site-packages/hail/hail-all-spark.jar
spark.serializer=org.apache.spark.serializer.KryoSerializer
spark.submit.deployMode=client
spark.ui.showConsoleProgress=false
2020-03-05 16:58:01 SecurityManager: INFO: Changing view acls to: nbaya
2020-03-05 16:58:01 SecurityManager: INFO: Changing modify acls to: nbaya
2020-03-05 16:58:01 SecurityManager: INFO: Changing view acls groups to: 
2020-03-05 16:58:01 SecurityManager: INFO: Changing modify acls groups to: 
2020-03-05 16:58:01 SecurityManager: INFO: SecurityManager: authentication disabled; ui acls disabled; users  with view permissions: Set(nbaya); groups with view permissions: Set(); users  with modify permissions: Set(nbaya); groups with modify permissions: Set()
2020-03-05 16:58:02 Utils: INFO: Successfully started service 'sparkDriver' on port 65488.
2020-03-05 16:58:02 SparkEnv: INFO: Registering MapOutputTracker
2020-03-05 16:58:02 SparkEnv: INFO: Registering BlockManagerMaster
2020-03-05 16:58:02 BlockManagerMasterEndpoint: INFO: Using org.apache.spark.storage.DefaultTopologyMapper for getting topology information
2020-03-05 16:58:02 BlockManagerMasterEndpoint: INFO: BlockManagerMasterEndpoint up
2020-03-05 16:58:02 DiskBlockManager: INFO: Created local directory at /private/var/folders/56/q7rh2y5x7hj4n359_13dgwxcmtwz20/T/blockmgr-d0d51207-8d87-4703-ae3f-4db13010df02
2020-03-05 16:58:02 MemoryStore: INFO: MemoryStore started with capacity 366.3 MB
2020-03-05 16:58:02 SparkEnv: INFO: Registering OutputCommitCoordinator
2020-03-05 16:58:02 log: INFO: Logging initialized @4062ms
2020-03-05 16:58:02 Server: INFO: jetty-9.3.z-SNAPSHOT, build timestamp: unknown, git hash: unknown
2020-03-05 16:58:02 Server: INFO: Started @4181ms
2020-03-05 16:58:02 Utils: WARN: Service 'SparkUI' could not bind on port 4040. Attempting port 4041.
2020-03-05 16:58:02 AbstractConnector: INFO: Started ServerConnector@67e71404{HTTP/1.1,[http/1.1]}{0.0.0.0:4041}
2020-03-05 16:58:02 Utils: INFO: Successfully started service 'SparkUI' on port 4041.
2020-03-05 16:58:02 ContextHandler: INFO: Started o.s.j.s.ServletContextHandler@1b73bdb9{/jobs,null,AVAILABLE,@Spark}
2020-03-05 16:58:02 ContextHandler: INFO: Started o.s.j.s.ServletContextHandler@590fd94c{/jobs/json,null,AVAILABLE,@Spark}
2020-03-05 16:58:02 ContextHandler: INFO: Started o.s.j.s.ServletContextHandler@42f4fbfc{/jobs/job,null,AVAILABLE,@Spark}
2020-03-05 16:58:02 ContextHandler: INFO: Started o.s.j.s.ServletContextHandler@354df280{/jobs/job/json,null,AVAILABLE,@Spark}
2020-03-05 16:58:02 ContextHandler: INFO: Started o.s.j.s.ServletContextHandler@12af88dc{/stages,null,AVAILABLE,@Spark}
2020-03-05 16:58:02 ContextHandler: INFO: Started o.s.j.s.ServletContextHandler@77e1ba6e{/stages/json,null,AVAILABLE,@Spark}
2020-03-05 16:58:02 ContextHandler: INFO: Started o.s.j.s.ServletContextHandler@780561d1{/stages/stage,null,AVAILABLE,@Spark}
2020-03-05 16:58:02 ContextHandler: INFO: Started o.s.j.s.ServletContextHandler@36493163{/stages/stage/json,null,AVAILABLE,@Spark}
2020-03-05 16:58:02 ContextHandler: INFO: Started o.s.j.s.ServletContextHandler@6511d592{/stages/pool,null,AVAILABLE,@Spark}
2020-03-05 16:58:02 ContextHandler: INFO: Started o.s.j.s.ServletContextHandler@75aa2fce{/stages/pool/json,null,AVAILABLE,@Spark}
2020-03-05 16:58:02 ContextHandler: INFO: Started o.s.j.s.ServletContextHandler@37ebdac4{/storage,null,AVAILABLE,@Spark}
2020-03-05 16:58:02 ContextHandler: INFO: Started o.s.j.s.ServletContextHandler@48563773{/storage/json,null,AVAILABLE,@Spark}
2020-03-05 16:58:02 ContextHandler: INFO: Started o.s.j.s.ServletContextHandler@2300c6ae{/storage/rdd,null,AVAILABLE,@Spark}
2020-03-05 16:58:02 ContextHandler: INFO: Started o.s.j.s.ServletContextHandler@7f0595f{/storage/rdd/json,null,AVAILABLE,@Spark}
2020-03-05 16:58:02 ContextHandler: INFO: Started o.s.j.s.ServletContextHandler@6ea48e9f{/environment,null,AVAILABLE,@Spark}
2020-03-05 16:58:02 ContextHandler: INFO: Started o.s.j.s.ServletContextHandler@17b0d197{/environment/json,null,AVAILABLE,@Spark}
2020-03-05 16:58:02 ContextHandler: INFO: Started o.s.j.s.ServletContextHandler@32205079{/executors,null,AVAILABLE,@Spark}
2020-03-05 16:58:02 ContextHandler: INFO: Started o.s.j.s.ServletContextHandler@371fddc3{/executors/json,null,AVAILABLE,@Spark}
2020-03-05 16:58:02 ContextHandler: INFO: Started o.s.j.s.ServletContextHandler@7d056dc9{/executors/threadDump,null,AVAILABLE,@Spark}
2020-03-05 16:58:02 ContextHandler: INFO: Started o.s.j.s.ServletContextHandler@6ca83797{/executors/threadDump/json,null,AVAILABLE,@Spark}
2020-03-05 16:58:02 ContextHandler: INFO: Started o.s.j.s.ServletContextHandler@5cbb11e3{/static,null,AVAILABLE,@Spark}
2020-03-05 16:58:02 ContextHandler: INFO: Started o.s.j.s.ServletContextHandler@91f964f{/,null,AVAILABLE,@Spark}
2020-03-05 16:58:02 ContextHandler: INFO: Started o.s.j.s.ServletContextHandler@68e3c3be{/api,null,AVAILABLE,@Spark}
2020-03-05 16:58:02 ContextHandler: INFO: Started o.s.j.s.ServletContextHandler@22e2fc22{/jobs/job/kill,null,AVAILABLE,@Spark}
2020-03-05 16:58:02 ContextHandler: INFO: Started o.s.j.s.ServletContextHandler@26f8dafb{/stages/stage/kill,null,AVAILABLE,@Spark}
2020-03-05 16:58:02 SparkUI: INFO: Bound SparkUI to 0.0.0.0, and started at http://wm65b-8a9.broadinstitute.org:4041
2020-03-05 16:58:02 SparkContext: INFO: Added JAR file:///anaconda3/envs/hail/lib/python3.6/site-packages/hail/hail-all-spark.jar at spark://wm65b-8a9.broadinstitute.org:65488/jars/hail-all-spark.jar with timestamp 1583445482927
2020-03-05 16:58:03 Executor: INFO: Starting executor ID driver on host localhost
2020-03-05 16:58:03 Utils: INFO: Successfully started service 'org.apache.spark.network.netty.NettyBlockTransferService' on port 65491.
2020-03-05 16:58:03 NettyBlockTransferService: INFO: Server created on wm65b-8a9.broadinstitute.org:65491
2020-03-05 16:58:03 BlockManager: INFO: Using org.apache.spark.storage.RandomBlockReplicationPolicy for block replication policy
2020-03-05 16:58:03 BlockManagerMaster: INFO: Registering BlockManager BlockManagerId(driver, wm65b-8a9.broadinstitute.org, 65491, None)
2020-03-05 16:58:03 BlockManagerMasterEndpoint: INFO: Registering block manager wm65b-8a9.broadinstitute.org:65491 with 366.3 MB RAM, BlockManagerId(driver, wm65b-8a9.broadinstitute.org, 65491, None)
2020-03-05 16:58:03 BlockManagerMaster: INFO: Registered BlockManager BlockManagerId(driver, wm65b-8a9.broadinstitute.org, 65491, None)
2020-03-05 16:58:03 BlockManager: INFO: Initialized BlockManager: BlockManagerId(driver, wm65b-8a9.broadinstitute.org, 65491, None)
2020-03-05 16:58:03 ContextHandler: INFO: Started o.s.j.s.ServletContextHandler@797df9dc{/metrics/json,null,AVAILABLE,@Spark}
2020-03-05 16:58:03 Hail: INFO: Hail temporary directory: file:/tmp/hail.301ZWhgd3DhF
2020-03-05 16:58:03 Hail: INFO: SparkUI: http://wm65b-8a9.broadinstitute.org:4041
2020-03-05 16:58:03 Hail: INFO: Running Hail version 0.2.33-5d8cae649505
2020-03-05 16:58:04 SparkContext: WARN: Using an existing SparkContext; some configuration may not take effect.
2020-03-05 16:59:40 SparkContext: INFO: Invoking stop() from shutdown hook
2020-03-05 16:59:40 AbstractConnector: INFO: Stopped Spark@67e71404{HTTP/1.1,[http/1.1]}{0.0.0.0:4041}
2020-03-05 16:59:41 SparkUI: INFO: Stopped Spark web UI at http://wm65b-8a9.broadinstitute.org:4041
2020-03-05 16:59:41 MapOutputTrackerMasterEndpoint: INFO: MapOutputTrackerMasterEndpoint stopped!
2020-03-05 16:59:41 MemoryStore: INFO: MemoryStore cleared
2020-03-05 16:59:41 BlockManager: INFO: BlockManager stopped
2020-03-05 16:59:41 BlockManagerMaster: INFO: BlockManagerMaster stopped
2020-03-05 16:59:41 OutputCommitCoordinator$OutputCommitCoordinatorEndpoint: INFO: OutputCommitCoordinator stopped!
2020-03-05 16:59:41 SparkContext: INFO: Successfully stopped SparkContext
2020-03-05 16:59:41 ShutdownHookManager: INFO: Shutdown hook called
2020-03-05 16:59:41 ShutdownHookManager: INFO: Deleting directory /private/var/folders/56/q7rh2y5x7hj4n359_13dgwxcmtwz20/T/spark-8d89ac37-499a-4bba-8f61-48b0db1247b6/pyspark-b4b5b5a6-e5c3-47b3-abb0-46119c979111
2020-03-05 16:59:41 ShutdownHookManager: INFO: Deleting directory /private/var/folders/56/q7rh2y5x7hj4n359_13dgwxcmtwz20/T/spark-5da8876c-106a-4536-b586-1eb6304158ca
2020-03-05 16:59:41 ShutdownHookManager: INFO: Deleting directory /private/var/folders/56/q7rh2y5x7hj4n359_13dgwxcmtwz20/T/spark-8d89ac37-499a-4bba-8f61-48b0db1247b6
