2020-03-19 13:53:54 Hail: WARN: This Hail JAR was compiled for Spark 2.4.0, running with Spark 2.4.3.
  Compatibility is not guaranteed.
2020-03-19 13:53:54 SparkContext: INFO: Running Spark version 2.4.3
2020-03-19 13:53:54 SparkContext: INFO: Submitted application: Hail
2020-03-19 13:53:54 SparkContext: INFO: Spark configuration:
spark.app.name=Hail
spark.driver.extraClassPath=/anaconda3/envs/hail/lib/python3.6/site-packages/hail/hail-all-spark.jar
spark.driver.maxResultSize=0
spark.executor.extraClassPath=./hail-all-spark.jar
spark.hadoop.google.cloud.auth.service.account.enable=true
spark.hadoop.google.cloud.auth.service.account.json.keyfile=/Users/nbaya/.hail/gcs-keys/gcs-connector-key.json
spark.hadoop.io.compression.codecs=org.apache.hadoop.io.compress.DefaultCodec,is.hail.io.compress.BGzipCodec,is.hail.io.compress.BGzipCodecTbi,org.apache.hadoop.io.compress.GzipCodec
spark.hadoop.mapreduce.input.fileinputformat.split.minsize=0
spark.jars=file:///anaconda3/envs/hail/lib/python3.6/site-packages/hail/hail-all-spark.jar
spark.kryo.registrator=is.hail.kryo.HailKryoRegistrator
spark.kryoserializer.buffer.max=1g
spark.logConf=true
spark.master=local[*]
spark.repl.local.jars=file:///anaconda3/envs/hail/lib/python3.6/site-packages/hail/hail-all-spark.jar
spark.serializer=org.apache.spark.serializer.KryoSerializer
spark.submit.deployMode=client
spark.ui.showConsoleProgress=false
2020-03-19 13:53:55 SecurityManager: INFO: Changing view acls to: nbaya
2020-03-19 13:53:55 SecurityManager: INFO: Changing modify acls to: nbaya
2020-03-19 13:53:55 SecurityManager: INFO: Changing view acls groups to: 
2020-03-19 13:53:55 SecurityManager: INFO: Changing modify acls groups to: 
2020-03-19 13:53:55 SecurityManager: INFO: SecurityManager: authentication disabled; ui acls disabled; users  with view permissions: Set(nbaya); groups with view permissions: Set(); users  with modify permissions: Set(nbaya); groups with modify permissions: Set()
2020-03-19 13:53:55 Utils: INFO: Successfully started service 'sparkDriver' on port 51481.
2020-03-19 13:53:55 SparkEnv: INFO: Registering MapOutputTracker
2020-03-19 13:53:55 SparkEnv: INFO: Registering BlockManagerMaster
2020-03-19 13:53:55 BlockManagerMasterEndpoint: INFO: Using org.apache.spark.storage.DefaultTopologyMapper for getting topology information
2020-03-19 13:53:55 BlockManagerMasterEndpoint: INFO: BlockManagerMasterEndpoint up
2020-03-19 13:53:55 DiskBlockManager: INFO: Created local directory at /private/var/folders/56/q7rh2y5x7hj4n359_13dgwxcmtwz20/T/blockmgr-b024c848-45e9-4a89-9e7c-9a0dc3af4a37
2020-03-19 13:53:55 MemoryStore: INFO: MemoryStore started with capacity 366.3 MB
2020-03-19 13:53:55 SparkEnv: INFO: Registering OutputCommitCoordinator
2020-03-19 13:53:55 log: INFO: Logging initialized @3117ms
2020-03-19 13:53:55 Server: INFO: jetty-9.3.z-SNAPSHOT, build timestamp: unknown, git hash: unknown
2020-03-19 13:53:55 Server: INFO: Started @3219ms
2020-03-19 13:53:55 Utils: WARN: Service 'SparkUI' could not bind on port 4040. Attempting port 4041.
2020-03-19 13:53:55 Utils: WARN: Service 'SparkUI' could not bind on port 4041. Attempting port 4042.
2020-03-19 13:53:55 AbstractConnector: INFO: Started ServerConnector@64bd94ef{HTTP/1.1,[http/1.1]}{0.0.0.0:4042}
2020-03-19 13:53:55 Utils: INFO: Successfully started service 'SparkUI' on port 4042.
2020-03-19 13:53:55 ContextHandler: INFO: Started o.s.j.s.ServletContextHandler@38fc5b28{/jobs,null,AVAILABLE,@Spark}
2020-03-19 13:53:55 ContextHandler: INFO: Started o.s.j.s.ServletContextHandler@1266a378{/jobs/json,null,AVAILABLE,@Spark}
2020-03-19 13:53:55 ContextHandler: INFO: Started o.s.j.s.ServletContextHandler@10793ba1{/jobs/job,null,AVAILABLE,@Spark}
2020-03-19 13:53:55 ContextHandler: INFO: Started o.s.j.s.ServletContextHandler@2da3d11c{/jobs/job/json,null,AVAILABLE,@Spark}
2020-03-19 13:53:55 ContextHandler: INFO: Started o.s.j.s.ServletContextHandler@af9cab3{/stages,null,AVAILABLE,@Spark}
2020-03-19 13:53:55 ContextHandler: INFO: Started o.s.j.s.ServletContextHandler@53845c7e{/stages/json,null,AVAILABLE,@Spark}
2020-03-19 13:53:55 ContextHandler: INFO: Started o.s.j.s.ServletContextHandler@74e85b6d{/stages/stage,null,AVAILABLE,@Spark}
2020-03-19 13:53:55 ContextHandler: INFO: Started o.s.j.s.ServletContextHandler@720e7263{/stages/stage/json,null,AVAILABLE,@Spark}
2020-03-19 13:53:55 ContextHandler: INFO: Started o.s.j.s.ServletContextHandler@448b6c7c{/stages/pool,null,AVAILABLE,@Spark}
2020-03-19 13:53:55 ContextHandler: INFO: Started o.s.j.s.ServletContextHandler@1c0dd87{/stages/pool/json,null,AVAILABLE,@Spark}
2020-03-19 13:53:55 ContextHandler: INFO: Started o.s.j.s.ServletContextHandler@475022d4{/storage,null,AVAILABLE,@Spark}
2020-03-19 13:53:55 ContextHandler: INFO: Started o.s.j.s.ServletContextHandler@464ccd37{/storage/json,null,AVAILABLE,@Spark}
2020-03-19 13:53:55 ContextHandler: INFO: Started o.s.j.s.ServletContextHandler@59bba10e{/storage/rdd,null,AVAILABLE,@Spark}
2020-03-19 13:53:55 ContextHandler: INFO: Started o.s.j.s.ServletContextHandler@5e90635b{/storage/rdd/json,null,AVAILABLE,@Spark}
2020-03-19 13:53:55 ContextHandler: INFO: Started o.s.j.s.ServletContextHandler@1890acdf{/environment,null,AVAILABLE,@Spark}
2020-03-19 13:53:55 ContextHandler: INFO: Started o.s.j.s.ServletContextHandler@3895ff8f{/environment/json,null,AVAILABLE,@Spark}
2020-03-19 13:53:55 ContextHandler: INFO: Started o.s.j.s.ServletContextHandler@3ca29a42{/executors,null,AVAILABLE,@Spark}
2020-03-19 13:53:55 ContextHandler: INFO: Started o.s.j.s.ServletContextHandler@61f5bc36{/executors/json,null,AVAILABLE,@Spark}
2020-03-19 13:53:55 ContextHandler: INFO: Started o.s.j.s.ServletContextHandler@7c9e1283{/executors/threadDump,null,AVAILABLE,@Spark}
2020-03-19 13:53:55 ContextHandler: INFO: Started o.s.j.s.ServletContextHandler@6b60e318{/executors/threadDump/json,null,AVAILABLE,@Spark}
2020-03-19 13:53:55 ContextHandler: INFO: Started o.s.j.s.ServletContextHandler@43b814bc{/static,null,AVAILABLE,@Spark}
2020-03-19 13:53:55 ContextHandler: INFO: Started o.s.j.s.ServletContextHandler@17c90fd0{/,null,AVAILABLE,@Spark}
2020-03-19 13:53:55 ContextHandler: INFO: Started o.s.j.s.ServletContextHandler@767e3569{/api,null,AVAILABLE,@Spark}
2020-03-19 13:53:55 ContextHandler: INFO: Started o.s.j.s.ServletContextHandler@f3c3bea{/jobs/job/kill,null,AVAILABLE,@Spark}
2020-03-19 13:53:55 ContextHandler: INFO: Started o.s.j.s.ServletContextHandler@31916a88{/stages/stage/kill,null,AVAILABLE,@Spark}
2020-03-19 13:53:55 SparkUI: INFO: Bound SparkUI to 0.0.0.0, and started at http://192.168.0.110:4042
2020-03-19 13:53:55 SparkContext: INFO: Added JAR file:///anaconda3/envs/hail/lib/python3.6/site-packages/hail/hail-all-spark.jar at spark://192.168.0.110:51481/jars/hail-all-spark.jar with timestamp 1584640435938
2020-03-19 13:53:56 Executor: INFO: Starting executor ID driver on host localhost
2020-03-19 13:53:56 Utils: INFO: Successfully started service 'org.apache.spark.network.netty.NettyBlockTransferService' on port 51482.
2020-03-19 13:53:56 NettyBlockTransferService: INFO: Server created on 192.168.0.110:51482
2020-03-19 13:53:56 BlockManager: INFO: Using org.apache.spark.storage.RandomBlockReplicationPolicy for block replication policy
2020-03-19 13:53:56 BlockManagerMaster: INFO: Registering BlockManager BlockManagerId(driver, 192.168.0.110, 51482, None)
2020-03-19 13:53:56 BlockManagerMasterEndpoint: INFO: Registering block manager 192.168.0.110:51482 with 366.3 MB RAM, BlockManagerId(driver, 192.168.0.110, 51482, None)
2020-03-19 13:53:56 BlockManagerMaster: INFO: Registered BlockManager BlockManagerId(driver, 192.168.0.110, 51482, None)
2020-03-19 13:53:56 BlockManager: INFO: Initialized BlockManager: BlockManagerId(driver, 192.168.0.110, 51482, None)
2020-03-19 13:53:56 ContextHandler: INFO: Started o.s.j.s.ServletContextHandler@410efc63{/metrics/json,null,AVAILABLE,@Spark}
2020-03-19 13:53:56 Hail: INFO: Hail temporary directory: file:/tmp/hail.shZbUMb9y9FB
2020-03-19 13:53:56 Hail: INFO: SparkUI: http://192.168.0.110:4042
2020-03-19 13:53:56 Hail: INFO: Running Hail version 0.2.34-914bd8a10ca2
2020-03-19 13:53:57 SparkContext: WARN: Using an existing SparkContext; some configuration may not take effect.
2020-03-19 13:54:30 SparkContext: INFO: Invoking stop() from shutdown hook
2020-03-19 13:54:30 AbstractConnector: INFO: Stopped Spark@64bd94ef{HTTP/1.1,[http/1.1]}{0.0.0.0:4042}
2020-03-19 13:54:30 SparkUI: INFO: Stopped Spark web UI at http://192.168.0.110:4042
2020-03-19 13:54:30 MapOutputTrackerMasterEndpoint: INFO: MapOutputTrackerMasterEndpoint stopped!
2020-03-19 13:54:30 MemoryStore: INFO: MemoryStore cleared
2020-03-19 13:54:30 BlockManager: INFO: BlockManager stopped
2020-03-19 13:54:30 BlockManagerMaster: INFO: BlockManagerMaster stopped
2020-03-19 13:54:30 OutputCommitCoordinator$OutputCommitCoordinatorEndpoint: INFO: OutputCommitCoordinator stopped!
2020-03-19 13:54:30 SparkContext: INFO: Successfully stopped SparkContext
2020-03-19 13:54:30 ShutdownHookManager: INFO: Shutdown hook called
2020-03-19 13:54:30 ShutdownHookManager: INFO: Deleting directory /private/var/folders/56/q7rh2y5x7hj4n359_13dgwxcmtwz20/T/spark-7761ae73-3efd-4e56-88e0-a087b649b2d1
2020-03-19 13:54:30 ShutdownHookManager: INFO: Deleting directory /private/var/folders/56/q7rh2y5x7hj4n359_13dgwxcmtwz20/T/spark-4e2f59aa-4ec3-4578-968b-e2b3fedcbed3
2020-03-19 13:54:30 ShutdownHookManager: INFO: Deleting directory /private/var/folders/56/q7rh2y5x7hj4n359_13dgwxcmtwz20/T/spark-4e2f59aa-4ec3-4578-968b-e2b3fedcbed3/pyspark-5f693c75-e66c-4ec8-85c8-46548dae4661
