2020-03-19 08:53:18 Hail: WARN: This Hail JAR was compiled for Spark 2.4.0, running with Spark 2.4.3.
  Compatibility is not guaranteed.
2020-03-19 08:53:18 SparkContext: INFO: Running Spark version 2.4.3
2020-03-19 08:53:18 SparkContext: INFO: Submitted application: Hail
2020-03-19 08:53:18 SparkContext: INFO: Spark configuration:
spark.app.name=Hail
spark.driver.extraClassPath=/anaconda3/envs/hail/lib/python3.6/site-packages/hail/hail-all-spark.jar
spark.driver.maxResultSize=0
spark.executor.extraClassPath=./hail-all-spark.jar
spark.hadoop.google.cloud.auth.service.account.enable=true
spark.hadoop.google.cloud.auth.service.account.json.keyfile=/Users/nbaya/.hail/gcs-keys/gcs-connector-key.json
spark.hadoop.io.compression.codecs=org.apache.hadoop.io.compress.DefaultCodec,is.hail.io.compress.BGzipCodec,is.hail.io.compress.BGzipCodecTbi,org.apache.hadoop.io.compress.GzipCodec
spark.hadoop.mapreduce.input.fileinputformat.split.minsize=0
spark.jars=file:///anaconda3/envs/hail/lib/python3.6/site-packages/hail/hail-all-spark.jar
spark.kryo.registrator=is.hail.kryo.HailKryoRegistrator
spark.kryoserializer.buffer.max=1g
spark.logConf=true
spark.master=local[*]
spark.repl.local.jars=file:///anaconda3/envs/hail/lib/python3.6/site-packages/hail/hail-all-spark.jar
spark.serializer=org.apache.spark.serializer.KryoSerializer
spark.submit.deployMode=client
spark.ui.showConsoleProgress=false
2020-03-19 08:53:18 SecurityManager: INFO: Changing view acls to: nbaya
2020-03-19 08:53:18 SecurityManager: INFO: Changing modify acls to: nbaya
2020-03-19 08:53:18 SecurityManager: INFO: Changing view acls groups to: 
2020-03-19 08:53:18 SecurityManager: INFO: Changing modify acls groups to: 
2020-03-19 08:53:18 SecurityManager: INFO: SecurityManager: authentication disabled; ui acls disabled; users  with view permissions: Set(nbaya); groups with view permissions: Set(); users  with modify permissions: Set(nbaya); groups with modify permissions: Set()
2020-03-19 08:53:18 Utils: INFO: Successfully started service 'sparkDriver' on port 49444.
2020-03-19 08:53:18 SparkEnv: INFO: Registering MapOutputTracker
2020-03-19 08:53:18 SparkEnv: INFO: Registering BlockManagerMaster
2020-03-19 08:53:18 BlockManagerMasterEndpoint: INFO: Using org.apache.spark.storage.DefaultTopologyMapper for getting topology information
2020-03-19 08:53:18 BlockManagerMasterEndpoint: INFO: BlockManagerMasterEndpoint up
2020-03-19 08:53:18 DiskBlockManager: INFO: Created local directory at /private/var/folders/56/q7rh2y5x7hj4n359_13dgwxcmtwz20/T/blockmgr-b6547407-d783-4e30-9c0a-d22a70b6601a
2020-03-19 08:53:19 MemoryStore: INFO: MemoryStore started with capacity 366.3 MB
2020-03-19 08:53:19 SparkEnv: INFO: Registering OutputCommitCoordinator
2020-03-19 08:53:19 log: INFO: Logging initialized @2535ms
2020-03-19 08:53:19 Server: INFO: jetty-9.3.z-SNAPSHOT, build timestamp: unknown, git hash: unknown
2020-03-19 08:53:19 Server: INFO: Started @2621ms
2020-03-19 08:53:19 Utils: WARN: Service 'SparkUI' could not bind on port 4040. Attempting port 4041.
2020-03-19 08:53:19 AbstractConnector: INFO: Started ServerConnector@20f7aae6{HTTP/1.1,[http/1.1]}{0.0.0.0:4041}
2020-03-19 08:53:19 Utils: INFO: Successfully started service 'SparkUI' on port 4041.
2020-03-19 08:53:19 ContextHandler: INFO: Started o.s.j.s.ServletContextHandler@216b9138{/jobs,null,AVAILABLE,@Spark}
2020-03-19 08:53:19 ContextHandler: INFO: Started o.s.j.s.ServletContextHandler@68c1ed4c{/jobs/json,null,AVAILABLE,@Spark}
2020-03-19 08:53:19 ContextHandler: INFO: Started o.s.j.s.ServletContextHandler@622d6eb{/jobs/job,null,AVAILABLE,@Spark}
2020-03-19 08:53:19 ContextHandler: INFO: Started o.s.j.s.ServletContextHandler@288298cb{/jobs/job/json,null,AVAILABLE,@Spark}
2020-03-19 08:53:19 ContextHandler: INFO: Started o.s.j.s.ServletContextHandler@4f4ebb1a{/stages,null,AVAILABLE,@Spark}
2020-03-19 08:53:19 ContextHandler: INFO: Started o.s.j.s.ServletContextHandler@5fcba996{/stages/json,null,AVAILABLE,@Spark}
2020-03-19 08:53:19 ContextHandler: INFO: Started o.s.j.s.ServletContextHandler@5729456{/stages/stage,null,AVAILABLE,@Spark}
2020-03-19 08:53:19 ContextHandler: INFO: Started o.s.j.s.ServletContextHandler@1237458{/stages/stage/json,null,AVAILABLE,@Spark}
2020-03-19 08:53:19 ContextHandler: INFO: Started o.s.j.s.ServletContextHandler@1062800e{/stages/pool,null,AVAILABLE,@Spark}
2020-03-19 08:53:19 ContextHandler: INFO: Started o.s.j.s.ServletContextHandler@79869779{/stages/pool/json,null,AVAILABLE,@Spark}
2020-03-19 08:53:19 ContextHandler: INFO: Started o.s.j.s.ServletContextHandler@4d418918{/storage,null,AVAILABLE,@Spark}
2020-03-19 08:53:19 ContextHandler: INFO: Started o.s.j.s.ServletContextHandler@57daa55c{/storage/json,null,AVAILABLE,@Spark}
2020-03-19 08:53:19 ContextHandler: INFO: Started o.s.j.s.ServletContextHandler@533c2d59{/storage/rdd,null,AVAILABLE,@Spark}
2020-03-19 08:53:19 ContextHandler: INFO: Started o.s.j.s.ServletContextHandler@1ecc4518{/storage/rdd/json,null,AVAILABLE,@Spark}
2020-03-19 08:53:19 ContextHandler: INFO: Started o.s.j.s.ServletContextHandler@5f041690{/environment,null,AVAILABLE,@Spark}
2020-03-19 08:53:19 ContextHandler: INFO: Started o.s.j.s.ServletContextHandler@5df6a869{/environment/json,null,AVAILABLE,@Spark}
2020-03-19 08:53:19 ContextHandler: INFO: Started o.s.j.s.ServletContextHandler@6f12106b{/executors,null,AVAILABLE,@Spark}
2020-03-19 08:53:19 ContextHandler: INFO: Started o.s.j.s.ServletContextHandler@130a6c14{/executors/json,null,AVAILABLE,@Spark}
2020-03-19 08:53:19 ContextHandler: INFO: Started o.s.j.s.ServletContextHandler@6cc54873{/executors/threadDump,null,AVAILABLE,@Spark}
2020-03-19 08:53:19 ContextHandler: INFO: Started o.s.j.s.ServletContextHandler@4981062{/executors/threadDump/json,null,AVAILABLE,@Spark}
2020-03-19 08:53:19 ContextHandler: INFO: Started o.s.j.s.ServletContextHandler@7b76d9d2{/static,null,AVAILABLE,@Spark}
2020-03-19 08:53:19 ContextHandler: INFO: Started o.s.j.s.ServletContextHandler@75ffd6df{/,null,AVAILABLE,@Spark}
2020-03-19 08:53:19 ContextHandler: INFO: Started o.s.j.s.ServletContextHandler@67dfbbd{/api,null,AVAILABLE,@Spark}
2020-03-19 08:53:19 ContextHandler: INFO: Started o.s.j.s.ServletContextHandler@679a7174{/jobs/job/kill,null,AVAILABLE,@Spark}
2020-03-19 08:53:19 ContextHandler: INFO: Started o.s.j.s.ServletContextHandler@6015162e{/stages/stage/kill,null,AVAILABLE,@Spark}
2020-03-19 08:53:19 SparkUI: INFO: Bound SparkUI to 0.0.0.0, and started at http://192.168.0.110:4041
2020-03-19 08:53:19 SparkContext: INFO: Added JAR file:///anaconda3/envs/hail/lib/python3.6/site-packages/hail/hail-all-spark.jar at spark://192.168.0.110:49444/jars/hail-all-spark.jar with timestamp 1584622399346
2020-03-19 08:53:19 Executor: INFO: Starting executor ID driver on host localhost
2020-03-19 08:53:19 Utils: INFO: Successfully started service 'org.apache.spark.network.netty.NettyBlockTransferService' on port 49445.
2020-03-19 08:53:19 NettyBlockTransferService: INFO: Server created on 192.168.0.110:49445
2020-03-19 08:53:19 BlockManager: INFO: Using org.apache.spark.storage.RandomBlockReplicationPolicy for block replication policy
2020-03-19 08:53:19 BlockManagerMaster: INFO: Registering BlockManager BlockManagerId(driver, 192.168.0.110, 49445, None)
2020-03-19 08:53:19 BlockManagerMasterEndpoint: INFO: Registering block manager 192.168.0.110:49445 with 366.3 MB RAM, BlockManagerId(driver, 192.168.0.110, 49445, None)
2020-03-19 08:53:19 BlockManagerMaster: INFO: Registered BlockManager BlockManagerId(driver, 192.168.0.110, 49445, None)
2020-03-19 08:53:19 BlockManager: INFO: Initialized BlockManager: BlockManagerId(driver, 192.168.0.110, 49445, None)
2020-03-19 08:53:19 ContextHandler: INFO: Started o.s.j.s.ServletContextHandler@5d9e9581{/metrics/json,null,AVAILABLE,@Spark}
2020-03-19 08:53:19 Hail: INFO: Hail temporary directory: file:/tmp/hail.k6YbxBwVMG9K
2020-03-19 08:53:19 Hail: INFO: SparkUI: http://192.168.0.110:4041
2020-03-19 08:53:19 Hail: INFO: Running Hail version 0.2.34-914bd8a10ca2
2020-03-19 08:53:20 SparkContext: WARN: Using an existing SparkContext; some configuration may not take effect.
2020-03-19 09:00:34 SparkContext: INFO: Invoking stop() from shutdown hook
2020-03-19 09:00:34 AbstractConnector: INFO: Stopped Spark@20f7aae6{HTTP/1.1,[http/1.1]}{0.0.0.0:4041}
2020-03-19 09:00:34 SparkUI: INFO: Stopped Spark web UI at http://192.168.0.110:4041
2020-03-19 09:00:34 MapOutputTrackerMasterEndpoint: INFO: MapOutputTrackerMasterEndpoint stopped!
2020-03-19 09:00:34 MemoryStore: INFO: MemoryStore cleared
2020-03-19 09:00:34 BlockManager: INFO: BlockManager stopped
2020-03-19 09:00:34 BlockManagerMaster: INFO: BlockManagerMaster stopped
2020-03-19 09:00:34 OutputCommitCoordinator$OutputCommitCoordinatorEndpoint: INFO: OutputCommitCoordinator stopped!
2020-03-19 09:00:34 SparkContext: INFO: Successfully stopped SparkContext
2020-03-19 09:00:34 ShutdownHookManager: INFO: Shutdown hook called
2020-03-19 09:00:34 ShutdownHookManager: INFO: Deleting directory /private/var/folders/56/q7rh2y5x7hj4n359_13dgwxcmtwz20/T/spark-2584a40a-6c90-46f3-8270-241bb25e943b
2020-03-19 09:00:34 ShutdownHookManager: INFO: Deleting directory /private/var/folders/56/q7rh2y5x7hj4n359_13dgwxcmtwz20/T/spark-2584a40a-6c90-46f3-8270-241bb25e943b/pyspark-2fb3584c-00bb-4865-b204-3769e562e248
2020-03-19 09:00:34 ShutdownHookManager: INFO: Deleting directory /private/var/folders/56/q7rh2y5x7hj4n359_13dgwxcmtwz20/T/spark-e29986e9-d6a1-486b-9c37-05a16d76e755
