2020-03-19 11:50:38 Hail: WARN: This Hail JAR was compiled for Spark 2.4.0, running with Spark 2.4.3.
  Compatibility is not guaranteed.
2020-03-19 11:50:38 SparkContext: INFO: Running Spark version 2.4.3
2020-03-19 11:50:38 SparkContext: INFO: Submitted application: Hail
2020-03-19 11:50:38 SparkContext: INFO: Spark configuration:
spark.app.name=Hail
spark.driver.extraClassPath=/anaconda3/envs/hail/lib/python3.6/site-packages/hail/hail-all-spark.jar
spark.driver.maxResultSize=0
spark.executor.extraClassPath=./hail-all-spark.jar
spark.hadoop.google.cloud.auth.service.account.enable=true
spark.hadoop.google.cloud.auth.service.account.json.keyfile=/Users/nbaya/.hail/gcs-keys/gcs-connector-key.json
spark.hadoop.io.compression.codecs=org.apache.hadoop.io.compress.DefaultCodec,is.hail.io.compress.BGzipCodec,is.hail.io.compress.BGzipCodecTbi,org.apache.hadoop.io.compress.GzipCodec
spark.hadoop.mapreduce.input.fileinputformat.split.minsize=0
spark.jars=file:///anaconda3/envs/hail/lib/python3.6/site-packages/hail/hail-all-spark.jar
spark.kryo.registrator=is.hail.kryo.HailKryoRegistrator
spark.kryoserializer.buffer.max=1g
spark.logConf=true
spark.master=local[*]
spark.repl.local.jars=file:///anaconda3/envs/hail/lib/python3.6/site-packages/hail/hail-all-spark.jar
spark.serializer=org.apache.spark.serializer.KryoSerializer
spark.submit.deployMode=client
spark.ui.showConsoleProgress=false
2020-03-19 11:50:38 SecurityManager: INFO: Changing view acls to: nbaya
2020-03-19 11:50:38 SecurityManager: INFO: Changing modify acls to: nbaya
2020-03-19 11:50:38 SecurityManager: INFO: Changing view acls groups to: 
2020-03-19 11:50:38 SecurityManager: INFO: Changing modify acls groups to: 
2020-03-19 11:50:38 SecurityManager: INFO: SecurityManager: authentication disabled; ui acls disabled; users  with view permissions: Set(nbaya); groups with view permissions: Set(); users  with modify permissions: Set(nbaya); groups with modify permissions: Set()
2020-03-19 11:50:38 Utils: INFO: Successfully started service 'sparkDriver' on port 50365.
2020-03-19 11:50:38 SparkEnv: INFO: Registering MapOutputTracker
2020-03-19 11:50:38 SparkEnv: INFO: Registering BlockManagerMaster
2020-03-19 11:50:38 BlockManagerMasterEndpoint: INFO: Using org.apache.spark.storage.DefaultTopologyMapper for getting topology information
2020-03-19 11:50:38 BlockManagerMasterEndpoint: INFO: BlockManagerMasterEndpoint up
2020-03-19 11:50:38 DiskBlockManager: INFO: Created local directory at /private/var/folders/56/q7rh2y5x7hj4n359_13dgwxcmtwz20/T/blockmgr-8f2e6f96-c480-4247-b8c4-e266f5d557f6
2020-03-19 11:50:38 MemoryStore: INFO: MemoryStore started with capacity 366.3 MB
2020-03-19 11:50:39 SparkEnv: INFO: Registering OutputCommitCoordinator
2020-03-19 11:50:39 log: INFO: Logging initialized @2816ms
2020-03-19 11:50:39 Server: INFO: jetty-9.3.z-SNAPSHOT, build timestamp: unknown, git hash: unknown
2020-03-19 11:50:39 Server: INFO: Started @2917ms
2020-03-19 11:50:39 Utils: WARN: Service 'SparkUI' could not bind on port 4040. Attempting port 4041.
2020-03-19 11:50:39 AbstractConnector: INFO: Started ServerConnector@72f36d02{HTTP/1.1,[http/1.1]}{0.0.0.0:4041}
2020-03-19 11:50:39 Utils: INFO: Successfully started service 'SparkUI' on port 4041.
2020-03-19 11:50:39 ContextHandler: INFO: Started o.s.j.s.ServletContextHandler@68479bdf{/jobs,null,AVAILABLE,@Spark}
2020-03-19 11:50:39 ContextHandler: INFO: Started o.s.j.s.ServletContextHandler@2126092c{/jobs/json,null,AVAILABLE,@Spark}
2020-03-19 11:50:39 ContextHandler: INFO: Started o.s.j.s.ServletContextHandler@20b1a89f{/jobs/job,null,AVAILABLE,@Spark}
2020-03-19 11:50:39 ContextHandler: INFO: Started o.s.j.s.ServletContextHandler@7f158058{/jobs/job/json,null,AVAILABLE,@Spark}
2020-03-19 11:50:39 ContextHandler: INFO: Started o.s.j.s.ServletContextHandler@6e6b99ff{/stages,null,AVAILABLE,@Spark}
2020-03-19 11:50:39 ContextHandler: INFO: Started o.s.j.s.ServletContextHandler@433321fd{/stages/json,null,AVAILABLE,@Spark}
2020-03-19 11:50:39 ContextHandler: INFO: Started o.s.j.s.ServletContextHandler@5e1293b2{/stages/stage,null,AVAILABLE,@Spark}
2020-03-19 11:50:39 ContextHandler: INFO: Started o.s.j.s.ServletContextHandler@65a6e980{/stages/stage/json,null,AVAILABLE,@Spark}
2020-03-19 11:50:39 ContextHandler: INFO: Started o.s.j.s.ServletContextHandler@2fe36985{/stages/pool,null,AVAILABLE,@Spark}
2020-03-19 11:50:39 ContextHandler: INFO: Started o.s.j.s.ServletContextHandler@1475de9e{/stages/pool/json,null,AVAILABLE,@Spark}
2020-03-19 11:50:39 ContextHandler: INFO: Started o.s.j.s.ServletContextHandler@2bd02da7{/storage,null,AVAILABLE,@Spark}
2020-03-19 11:50:39 ContextHandler: INFO: Started o.s.j.s.ServletContextHandler@79683bb4{/storage/json,null,AVAILABLE,@Spark}
2020-03-19 11:50:39 ContextHandler: INFO: Started o.s.j.s.ServletContextHandler@4d73ca5d{/storage/rdd,null,AVAILABLE,@Spark}
2020-03-19 11:50:39 ContextHandler: INFO: Started o.s.j.s.ServletContextHandler@77486c43{/storage/rdd/json,null,AVAILABLE,@Spark}
2020-03-19 11:50:39 ContextHandler: INFO: Started o.s.j.s.ServletContextHandler@5ddfda18{/environment,null,AVAILABLE,@Spark}
2020-03-19 11:50:39 ContextHandler: INFO: Started o.s.j.s.ServletContextHandler@65d2ef8c{/environment/json,null,AVAILABLE,@Spark}
2020-03-19 11:50:39 ContextHandler: INFO: Started o.s.j.s.ServletContextHandler@3620e049{/executors,null,AVAILABLE,@Spark}
2020-03-19 11:50:39 ContextHandler: INFO: Started o.s.j.s.ServletContextHandler@2bea8ba{/executors/json,null,AVAILABLE,@Spark}
2020-03-19 11:50:39 ContextHandler: INFO: Started o.s.j.s.ServletContextHandler@2192bdef{/executors/threadDump,null,AVAILABLE,@Spark}
2020-03-19 11:50:39 ContextHandler: INFO: Started o.s.j.s.ServletContextHandler@53ce98de{/executors/threadDump/json,null,AVAILABLE,@Spark}
2020-03-19 11:50:39 ContextHandler: INFO: Started o.s.j.s.ServletContextHandler@625d0846{/static,null,AVAILABLE,@Spark}
2020-03-19 11:50:39 ContextHandler: INFO: Started o.s.j.s.ServletContextHandler@2868d0f7{/,null,AVAILABLE,@Spark}
2020-03-19 11:50:39 ContextHandler: INFO: Started o.s.j.s.ServletContextHandler@3bc37e61{/api,null,AVAILABLE,@Spark}
2020-03-19 11:50:39 ContextHandler: INFO: Started o.s.j.s.ServletContextHandler@6414e663{/jobs/job/kill,null,AVAILABLE,@Spark}
2020-03-19 11:50:39 ContextHandler: INFO: Started o.s.j.s.ServletContextHandler@78bbd1c6{/stages/stage/kill,null,AVAILABLE,@Spark}
2020-03-19 11:50:39 SparkUI: INFO: Bound SparkUI to 0.0.0.0, and started at http://192.168.0.110:4041
2020-03-19 11:50:39 SparkContext: INFO: Added JAR file:///anaconda3/envs/hail/lib/python3.6/site-packages/hail/hail-all-spark.jar at spark://192.168.0.110:50365/jars/hail-all-spark.jar with timestamp 1584633039370
2020-03-19 11:50:39 Executor: INFO: Starting executor ID driver on host localhost
2020-03-19 11:50:39 Utils: INFO: Successfully started service 'org.apache.spark.network.netty.NettyBlockTransferService' on port 50366.
2020-03-19 11:50:39 NettyBlockTransferService: INFO: Server created on 192.168.0.110:50366
2020-03-19 11:50:39 BlockManager: INFO: Using org.apache.spark.storage.RandomBlockReplicationPolicy for block replication policy
2020-03-19 11:50:39 BlockManagerMaster: INFO: Registering BlockManager BlockManagerId(driver, 192.168.0.110, 50366, None)
2020-03-19 11:50:39 BlockManagerMasterEndpoint: INFO: Registering block manager 192.168.0.110:50366 with 366.3 MB RAM, BlockManagerId(driver, 192.168.0.110, 50366, None)
2020-03-19 11:50:39 BlockManagerMaster: INFO: Registered BlockManager BlockManagerId(driver, 192.168.0.110, 50366, None)
2020-03-19 11:50:39 BlockManager: INFO: Initialized BlockManager: BlockManagerId(driver, 192.168.0.110, 50366, None)
2020-03-19 11:50:39 ContextHandler: INFO: Started o.s.j.s.ServletContextHandler@463a1c40{/metrics/json,null,AVAILABLE,@Spark}
2020-03-19 11:50:39 Hail: INFO: Hail temporary directory: file:/tmp/hail.soJQsEIkWLwg
2020-03-19 11:50:39 Hail: INFO: SparkUI: http://192.168.0.110:4041
2020-03-19 11:50:39 Hail: INFO: Running Hail version 0.2.34-914bd8a10ca2
2020-03-19 11:50:40 SparkContext: WARN: Using an existing SparkContext; some configuration may not take effect.
2020-03-19 11:56:47 SparkContext: INFO: Invoking stop() from shutdown hook
2020-03-19 11:56:47 AbstractConnector: INFO: Stopped Spark@72f36d02{HTTP/1.1,[http/1.1]}{0.0.0.0:4041}
2020-03-19 11:56:47 SparkUI: INFO: Stopped Spark web UI at http://192.168.0.110:4041
2020-03-19 11:56:47 MapOutputTrackerMasterEndpoint: INFO: MapOutputTrackerMasterEndpoint stopped!
2020-03-19 11:56:47 MemoryStore: INFO: MemoryStore cleared
2020-03-19 11:56:47 BlockManager: INFO: BlockManager stopped
2020-03-19 11:56:47 BlockManagerMaster: INFO: BlockManagerMaster stopped
2020-03-19 11:56:47 OutputCommitCoordinator$OutputCommitCoordinatorEndpoint: INFO: OutputCommitCoordinator stopped!
2020-03-19 11:56:47 SparkContext: INFO: Successfully stopped SparkContext
2020-03-19 11:56:47 ShutdownHookManager: INFO: Shutdown hook called
2020-03-19 11:56:47 ShutdownHookManager: INFO: Deleting directory /private/var/folders/56/q7rh2y5x7hj4n359_13dgwxcmtwz20/T/spark-b5ecdc40-819e-4fe4-b994-319613b304f9
2020-03-19 11:56:47 ShutdownHookManager: INFO: Deleting directory /private/var/folders/56/q7rh2y5x7hj4n359_13dgwxcmtwz20/T/spark-b679864d-b4eb-4684-b1ed-898ae1d82f37
2020-03-19 11:56:47 ShutdownHookManager: INFO: Deleting directory /private/var/folders/56/q7rh2y5x7hj4n359_13dgwxcmtwz20/T/spark-b679864d-b4eb-4684-b1ed-898ae1d82f37/pyspark-7c92d673-b2ca-4317-9f1a-de0479673f57
