2020-09-26 20:45:07 Hail: INFO: Running Hail version 0.2.57-582b2e31b8bd
2020-09-26 20:45:07 SparkContext: WARN: Using an existing SparkContext; some configuration may not take effect.
2020-09-26 20:45:08 root: INFO: RegionPool: initialized for thread 15: Thread-4
2020-09-26 20:45:09 root: INFO: globbing path gs://ukb-diverse-pops-public/sumstats_release/phenotype_manifest.tsv.bgz returned 1 files: phenotype_manifest.tsv.bgz
2020-09-26 20:45:09 Hail: INFO: Loading 48 fields. Counts by type:
  str: 48
2020-09-26 20:45:10 root: INFO: Timer: Time taken for optimize: relationalLowerer, initial IR -- Verify : 0.306ms, total 22.416ms
2020-09-26 20:45:10 root: INFO: optimize optimize: relationalLowerer, initial IR: before: IR size 25: 
(ToArray
  (StreamMap __uid_4
    (ToStream False
      (GetField rows
        (TableCollect
          (TableMapRows
            (TableMapGlobals
              (TableMapRows
                (TableRead None False "{\"files\":[\"gs://ukb-diverse-pops-public/sumstats_release/phenotype_manifest.tsv.bgz\"],\"typeMapStr\":{},\"comment\":[],\"separator\":\"\\t\",\"missing\":[\"NA\"],\"hasHeader\":true,\"quoteStr\":null,\"skipBlankLines\":false,\"forceBGZ\":false,\"filterAndReplace\":{},\"forceGZ\":false,\"name\":\"TextTableReader\"}")
                (InsertFields
                  (SelectFields ()
                    (SelectFields (trait_type phenocode pheno_sex coding modifier description description_more coding_description category n_cases_full_cohort_both_sexes n_cases_full_cohort_females n_cases_full_cohort_males pops num_pops n_cases_AFR n_cases_AMR n_cases_CSA n_cases_EAS n_cases_EUR n_cases_MID n_controls_AFR n_controls_AMR n_controls_CSA n_controls_EAS n_controls_EUR n_controls_MID saige_heritability_AFR saige_heritability_AMR saige_heritability_CSA saige_heritability_EAS saige_heritability_EUR saige_heritability_MID lambda_gc_AFR lambda_gc_AMR lambda_gc_CSA lambda_gc_EAS lambda_gc_EUR lambda_gc_MID filename filename_tabix aws_link aws_link_tabix wget wget_tabix size_in_bytes size_in_bytes_tabix md5_hex md5_hex_tabix)
                      (Ref row)))
                  None
                  (pops
                    (GetField pops
                      (Ref row)))))
              (InsertFields
                (SelectFields ()
                  (SelectFields ()
                    (Ref global)))
                None))
            (InsertFields
              (SelectFields (pops)
                (SelectFields (pops)
                  (Ref row)))
              None)))))
    (GetField pops
      (Ref __uid_4))))
2020-09-26 20:45:10 root: INFO: Timer: Time taken for optimize: relationalLowerer, initial IR -- LoweringTransformation -- Optimize -- FoldConstants : 4.075ms, total 36.700ms
2020-09-26 20:45:10 root: INFO: Timer: Time taken for optimize: relationalLowerer, initial IR -- LoweringTransformation -- Optimize -- ExtractIntervalFilters : 4.044ms, total 41.131ms
2020-09-26 20:45:10 root: INFO: Timer: Time taken for optimize: relationalLowerer, initial IR -- LoweringTransformation -- Optimize -- Simplify : 9.122ms, total 50.625ms
2020-09-26 20:45:10 root: INFO: Timer: Time taken for optimize: relationalLowerer, initial IR -- LoweringTransformation -- Optimize -- ForwardLets : 8.054ms, total 59.029ms
2020-09-26 20:45:10 root: INFO: Timer: Time taken for optimize: relationalLowerer, initial IR -- LoweringTransformation -- Optimize -- ForwardRelationalLets : 1.069ms, total 60.428ms
2020-09-26 20:45:10 root: INFO: Timer: Time taken for optimize: relationalLowerer, initial IR -- LoweringTransformation -- Optimize -- PruneDeadFields : 8.689ms, total 69.453ms
2020-09-26 20:45:10 root: INFO: Timer: Time taken for optimize: relationalLowerer, initial IR -- LoweringTransformation -- Optimize -- FoldConstants : 0.182ms, total 69.888ms
2020-09-26 20:45:10 root: INFO: Timer: Time taken for optimize: relationalLowerer, initial IR -- LoweringTransformation -- Optimize -- ExtractIntervalFilters : 0.071ms, total 70.107ms
2020-09-26 20:45:10 root: INFO: Timer: Time taken for optimize: relationalLowerer, initial IR -- LoweringTransformation -- Optimize -- Simplify : 0.150ms, total 70.365ms
2020-09-26 20:45:10 root: INFO: Timer: Time taken for optimize: relationalLowerer, initial IR -- LoweringTransformation -- Optimize -- ForwardLets : 0.690ms, total 71.173ms
2020-09-26 20:45:10 root: INFO: Timer: Time taken for optimize: relationalLowerer, initial IR -- LoweringTransformation -- Optimize -- ForwardRelationalLets : 0.040ms, total 71.351ms
2020-09-26 20:45:10 root: INFO: Timer: Time taken for optimize: relationalLowerer, initial IR -- LoweringTransformation -- Optimize -- PruneDeadFields : 0.486ms, total 71.954ms
2020-09-26 20:45:10 root: INFO: Timer: Time taken for optimize: relationalLowerer, initial IR -- LoweringTransformation -- Optimize -- FoldConstants : 0.142ms, total 72.220ms
2020-09-26 20:45:10 root: INFO: Timer: Time taken for optimize: relationalLowerer, initial IR -- LoweringTransformation -- Optimize -- ExtractIntervalFilters : 0.034ms, total 72.356ms
2020-09-26 20:45:10 root: INFO: Timer: Time taken for optimize: relationalLowerer, initial IR -- LoweringTransformation -- Optimize -- Simplify : 0.114ms, total 72.571ms
2020-09-26 20:45:10 root: INFO: Timer: Time taken for optimize: relationalLowerer, initial IR -- LoweringTransformation -- Optimize -- ForwardLets : 0.717ms, total 73.395ms
2020-09-26 20:45:10 root: INFO: Timer: Time taken for optimize: relationalLowerer, initial IR -- LoweringTransformation -- Optimize -- ForwardRelationalLets : 0.046ms, total 73.617ms
2020-09-26 20:45:10 root: INFO: Timer: Time taken for optimize: relationalLowerer, initial IR -- LoweringTransformation -- Optimize -- PruneDeadFields : 0.690ms, total 74.436ms
2020-09-26 20:45:10 root: INFO: Timer: Time taken for optimize: relationalLowerer, initial IR -- LoweringTransformation -- Optimize : 42.223ms, total 74.611ms, tagged coverage 91.0
2020-09-26 20:45:10 root: INFO: optimize optimize: relationalLowerer, initial IR: after: IR size 8:
(ToArray
  (StreamMap __iruid_2
    (ToStream False
      (GetField rows
        (TableCollect
          (TableRead Table{global:Struct{},key:[],row:Struct{pops:String}} False "{\"files\":[\"gs://ukb-diverse-pops-public/sumstats_release/phenotype_manifest.tsv.bgz\"],\"typeMapStr\":{},\"comment\":[],\"separator\":\"\\t\",\"missing\":[\"NA\"],\"hasHeader\":true,\"quoteStr\":null,\"skipBlankLines\":false,\"forceBGZ\":false,\"filterAndReplace\":{},\"forceGZ\":false,\"name\":\"TextTableReader\"}"))))
    (GetField pops
      (Ref __iruid_2))))
2020-09-26 20:45:10 root: INFO: Timer: Time taken for optimize: relationalLowerer, initial IR -- LoweringTransformation : 53.394ms, total 76.831ms, tagged coverage 71.9
2020-09-26 20:45:10 root: INFO: Timer: Time taken for optimize: relationalLowerer, initial IR -- Verify : 0.023ms, total 77.183ms
2020-09-26 20:45:10 root: INFO: Timer: Time taken for optimize: relationalLowerer, initial IR : 55.334ms, total 77.300ms, tagged coverage 70.0
2020-09-26 20:45:10 root: INFO: Timer: Time taken for LowerMatrixToTable -- Verify : 0.009ms, total 77.553ms
2020-09-26 20:45:10 root: INFO: Timer: Time taken for LowerMatrixToTable -- LoweringTransformation : 6.217ms, total 83.879ms
2020-09-26 20:45:10 root: INFO: Timer: Time taken for LowerMatrixToTable -- Verify : 0.027ms, total 84.146ms
2020-09-26 20:45:10 root: INFO: Timer: Time taken for LowerMatrixToTable : 6.741ms, total 84.283ms, tagged coverage 92.8
2020-09-26 20:45:10 root: INFO: Timer: Time taken for optimize: relationalLowerer, after LowerMatrixToTable -- Verify : 0.009ms, total 84.551ms
2020-09-26 20:45:10 root: INFO: optimize optimize: relationalLowerer, after LowerMatrixToTable: before: IR size 8: 
(ToArray
  (StreamMap __iruid_2
    (ToStream False
      (GetField rows
        (TableCollect
          (TableRead Table{global:Struct{},key:[],row:Struct{pops:String}} False "{\"files\":[\"gs://ukb-diverse-pops-public/sumstats_release/phenotype_manifest.tsv.bgz\"],\"typeMapStr\":{},\"comment\":[],\"separator\":\"\\t\",\"missing\":[\"NA\"],\"hasHeader\":true,\"quoteStr\":null,\"skipBlankLines\":false,\"forceBGZ\":false,\"filterAndReplace\":{},\"forceGZ\":false,\"name\":\"TextTableReader\"}"))))
    (GetField pops
      (Ref __iruid_2))))
2020-09-26 20:45:10 root: INFO: Timer: Time taken for optimize: relationalLowerer, after LowerMatrixToTable -- LoweringTransformation -- Optimize -- FoldConstants : 0.128ms, total 85.327ms
2020-09-26 20:45:10 root: INFO: Timer: Time taken for optimize: relationalLowerer, after LowerMatrixToTable -- LoweringTransformation -- Optimize -- ExtractIntervalFilters : 0.106ms, total 85.552ms
2020-09-26 20:45:10 root: INFO: Timer: Time taken for optimize: relationalLowerer, after LowerMatrixToTable -- LoweringTransformation -- Optimize -- Simplify : 0.085ms, total 85.763ms
2020-09-26 20:45:10 root: INFO: Timer: Time taken for optimize: relationalLowerer, after LowerMatrixToTable -- LoweringTransformation -- Optimize -- ForwardLets : 0.658ms, total 86.550ms
2020-09-26 20:45:10 root: INFO: Timer: Time taken for optimize: relationalLowerer, after LowerMatrixToTable -- LoweringTransformation -- Optimize -- ForwardRelationalLets : 0.049ms, total 86.758ms
2020-09-26 20:45:10 root: INFO: Timer: Time taken for optimize: relationalLowerer, after LowerMatrixToTable -- LoweringTransformation -- Optimize -- PruneDeadFields : 0.422ms, total 87.284ms
2020-09-26 20:45:10 root: INFO: Timer: Time taken for optimize: relationalLowerer, after LowerMatrixToTable -- LoweringTransformation -- Optimize -- FoldConstants : 0.126ms, total 87.557ms
2020-09-26 20:45:10 root: INFO: Timer: Time taken for optimize: relationalLowerer, after LowerMatrixToTable -- LoweringTransformation -- Optimize -- ExtractIntervalFilters : 0.030ms, total 87.690ms
2020-09-26 20:45:10 root: INFO: Timer: Time taken for optimize: relationalLowerer, after LowerMatrixToTable -- LoweringTransformation -- Optimize -- Simplify : 0.080ms, total 87.876ms
2020-09-26 20:45:10 root: INFO: Timer: Time taken for optimize: relationalLowerer, after LowerMatrixToTable -- LoweringTransformation -- Optimize -- ForwardLets : 0.813ms, total 88.785ms
2020-09-26 20:45:10 root: INFO: Timer: Time taken for optimize: relationalLowerer, after LowerMatrixToTable -- LoweringTransformation -- Optimize -- ForwardRelationalLets : 0.041ms, total 89.009ms
2020-09-26 20:45:10 root: INFO: Timer: Time taken for optimize: relationalLowerer, after LowerMatrixToTable -- LoweringTransformation -- Optimize -- PruneDeadFields : 0.429ms, total 89.545ms
2020-09-26 20:45:10 root: INFO: Timer: Time taken for optimize: relationalLowerer, after LowerMatrixToTable -- LoweringTransformation -- Optimize -- FoldConstants : 0.227ms, total 89.957ms
2020-09-26 20:45:10 root: INFO: Timer: Time taken for optimize: relationalLowerer, after LowerMatrixToTable -- LoweringTransformation -- Optimize -- ExtractIntervalFilters : 0.037ms, total 90.131ms
2020-09-26 20:45:10 root: INFO: Timer: Time taken for optimize: relationalLowerer, after LowerMatrixToTable -- LoweringTransformation -- Optimize -- Simplify : 0.083ms, total 90.317ms
2020-09-26 20:45:10 root: INFO: Timer: Time taken for optimize: relationalLowerer, after LowerMatrixToTable -- LoweringTransformation -- Optimize -- ForwardLets : 0.905ms, total 91.320ms
2020-09-26 20:45:10 root: INFO: Timer: Time taken for optimize: relationalLowerer, after LowerMatrixToTable -- LoweringTransformation -- Optimize -- ForwardRelationalLets : 0.043ms, total 91.548ms
2020-09-26 20:45:10 root: INFO: Timer: Time taken for optimize: relationalLowerer, after LowerMatrixToTable -- LoweringTransformation -- Optimize -- PruneDeadFields : 0.425ms, total 92.077ms
2020-09-26 20:45:10 root: INFO: Timer: Time taken for optimize: relationalLowerer, after LowerMatrixToTable -- LoweringTransformation -- Optimize : 6.997ms, total 92.193ms, tagged coverage 67.0
2020-09-26 20:45:10 root: INFO: optimize optimize: relationalLowerer, after LowerMatrixToTable: after: IR size 8:
(ToArray
  (StreamMap __iruid_5
    (ToStream False
      (GetField rows
        (TableCollect
          (TableRead Table{global:Struct{},key:[],row:Struct{pops:String}} False "{\"files\":[\"gs://ukb-diverse-pops-public/sumstats_release/phenotype_manifest.tsv.bgz\"],\"typeMapStr\":{},\"comment\":[],\"separator\":\"\\t\",\"missing\":[\"NA\"],\"hasHeader\":true,\"quoteStr\":null,\"skipBlankLines\":false,\"forceBGZ\":false,\"filterAndReplace\":{},\"forceGZ\":false,\"name\":\"TextTableReader\"}"))))
    (GetField pops
      (Ref __iruid_5))))
2020-09-26 20:45:10 root: INFO: Timer: Time taken for optimize: relationalLowerer, after LowerMatrixToTable -- LoweringTransformation : 8.301ms, total 92.959ms, tagged coverage 56.4
2020-09-26 20:45:10 root: INFO: Timer: Time taken for optimize: relationalLowerer, after LowerMatrixToTable -- Verify : 0.016ms, total 93.191ms
2020-09-26 20:45:10 root: INFO: Timer: Time taken for optimize: relationalLowerer, after LowerMatrixToTable : 8.794ms, total 93.332ms, tagged coverage 53.6
2020-09-26 20:45:10 root: INFO: Timer: Time taken for InterpretNonCompilable -- Verify : 0.014ms, total 94.856ms
2020-09-26 20:45:10 root: INFO: interpreting non compilable node: TableCollect
2020-09-26 20:45:10 MemoryStore: INFO: Block broadcast_0 stored as values in memory (estimated size 238.6 KB, free 366.1 MB)
2020-09-26 20:45:10 MemoryStore: INFO: Block broadcast_0_piece0 stored as bytes in memory (estimated size 23.4 KB, free 366.0 MB)
2020-09-26 20:45:10 BlockManagerInfo: INFO: Added broadcast_0_piece0 in memory on 10.26.239.71:54384 (size: 23.4 KB, free: 366.3 MB)
2020-09-26 20:45:10 SparkContext: INFO: Created broadcast 0 from broadcast at SparkBackend.scala:233
2020-09-26 20:45:10 root: INFO: encoder cache miss (0 hits, 1 misses, 0.000)
2020-09-26 20:45:10 root: INFO: instruction count: 6: __C1etypeEncode.<init>
2020-09-26 20:45:10 root: INFO: instruction count: 8: __C1etypeEncode.apply
2020-09-26 20:45:10 root: INFO: instruction count: 39: __C1etypeEncode.__m2ENCODE_r_tuple_of_o_stringEND_TO_r_struct_of_o_binaryEND
2020-09-26 20:45:10 root: INFO: instruction count: 19: __C1etypeEncode.__m3ENCODE_o_binary_TO_o_binary
2020-09-26 20:45:10 SparkContext: INFO: Starting job: collect at RVD.scala:762
2020-09-26 20:45:10 DAGScheduler: INFO: Got job 0 (collect at RVD.scala:762) with 1 output partitions
2020-09-26 20:45:10 DAGScheduler: INFO: Final stage: ResultStage 0 (collect at RVD.scala:762)
2020-09-26 20:45:10 DAGScheduler: INFO: Parents of final stage: List()
2020-09-26 20:45:10 DAGScheduler: INFO: Missing parents: List()
2020-09-26 20:45:10 DAGScheduler: INFO: Submitting ResultStage 0 (MapPartitionsRDD[3] at mapPartitions at ContextRDD.scala:160), which has no missing parents
2020-09-26 20:45:10 MemoryStore: INFO: Block broadcast_1 stored as values in memory (estimated size 16.2 KB, free 366.0 MB)
2020-09-26 20:45:10 MemoryStore: INFO: Block broadcast_1_piece0 stored as bytes in memory (estimated size 8.8 KB, free 366.0 MB)
2020-09-26 20:45:10 BlockManagerInfo: INFO: Added broadcast_1_piece0 in memory on 10.26.239.71:54384 (size: 8.8 KB, free: 366.3 MB)
2020-09-26 20:45:10 SparkContext: INFO: Created broadcast 1 from broadcast at DAGScheduler.scala:1161
2020-09-26 20:45:10 DAGScheduler: INFO: Submitting 1 missing tasks from ResultStage 0 (MapPartitionsRDD[3] at mapPartitions at ContextRDD.scala:160) (first 15 tasks are for partitions Vector(0))
2020-09-26 20:45:10 TaskSchedulerImpl: INFO: Adding task set 0.0 with 1 tasks
2020-09-26 20:45:10 TaskSetManager: INFO: Starting task 0.0 in stage 0.0 (TID 0, localhost, executor driver, partition 0, PROCESS_LOCAL, 7999 bytes)
2020-09-26 20:45:10 Executor: INFO: Running task 0.0 in stage 0.0 (TID 0)
2020-09-26 20:45:10 root: INFO: RegionPool: initialized for thread 60: Executor task launch worker for task 0
2020-09-26 20:45:11 Executor: INFO: Finished task 0.0 in stage 0.0 (TID 0). 145368 bytes result sent to driver
2020-09-26 20:45:11 TaskSetManager: INFO: Finished task 0.0 in stage 0.0 (TID 0) in 690 ms on localhost (executor driver) (1/1)
2020-09-26 20:45:11 TaskSchedulerImpl: INFO: Removed TaskSet 0.0, whose tasks have all completed, from pool 
2020-09-26 20:45:11 DAGScheduler: INFO: ResultStage 0 (collect at RVD.scala:762) finished in 0.750 s
2020-09-26 20:45:11 DAGScheduler: INFO: Job 0 finished: collect at RVD.scala:762, took 0.788791 s
2020-09-26 20:45:11 root: INFO: decoder cache miss (0 hits, 1 misses, 0.000
2020-09-26 20:45:11 root: INFO: instruction count: 6: __C4etypeDecode.<init>
2020-09-26 20:45:11 root: INFO: instruction count: 8: __C4etypeDecode.apply
2020-09-26 20:45:11 root: INFO: instruction count: 38: __C4etypeDecode.__m5DECODE_r_struct_of_o_binaryEND_TO_r_tuple_of_o_stringEND
2020-09-26 20:45:11 root: INFO: instruction count: 32: __C4etypeDecode.__m6read_fields_group_0
2020-09-26 20:45:11 root: INFO: instruction count: 34: __C4etypeDecode.__m7INPLACE_DECODE_o_binary_TO_o_binary
2020-09-26 20:45:11 root: INFO: took 1.533s
2020-09-26 20:45:11 root: INFO: Timer: Time taken for InterpretNonCompilable -- LoweringTransformation : 1.535s, total 1.630s
2020-09-26 20:45:11 root: INFO: Timer: Time taken for InterpretNonCompilable -- Verify : 0.271ms, total 1.631s
2020-09-26 20:45:11 root: INFO: Timer: Time taken for InterpretNonCompilable : 1.536s, total 1.631s, tagged coverage 100.0
2020-09-26 20:45:11 root: INFO: Timer: Time taken for optimize: relationalLowerer, after InterpretNonCompilable -- Verify : 0.025ms, total 1.631s
2020-09-26 20:45:11 root: INFO: optimize optimize: relationalLowerer, after InterpretNonCompilable: before: IR size 7: 
(ToArray
  (StreamMap __iruid_5
    (ToStream False
      (GetField rows
        (Literal Struct{rows:Array[Struct{pops:String}],global:Struct{}} <literal value>)))
    (GetField pops
      (Ref __iruid_5))))
2020-09-26 20:45:11 root: INFO: Timer: Time taken for optimize: relationalLowerer, after InterpretNonCompilable -- LoweringTransformation -- Optimize -- FoldConstants : 0.766ms, total 1.633s
2020-09-26 20:45:11 root: INFO: Timer: Time taken for optimize: relationalLowerer, after InterpretNonCompilable -- LoweringTransformation -- Optimize -- ExtractIntervalFilters : 0.044ms, total 1.633s
2020-09-26 20:45:11 root: INFO: Timer: Time taken for optimize: relationalLowerer, after InterpretNonCompilable -- LoweringTransformation -- Optimize -- Simplify : 0.071ms, total 1.633s
2020-09-26 20:45:11 root: INFO: Timer: Time taken for optimize: relationalLowerer, after InterpretNonCompilable -- LoweringTransformation -- Optimize -- ForwardLets : 0.526ms, total 1.634s
2020-09-26 20:45:11 root: INFO: Timer: Time taken for optimize: relationalLowerer, after InterpretNonCompilable -- LoweringTransformation -- Optimize -- ForwardRelationalLets : 0.065ms, total 1.634s
2020-09-26 20:45:11 root: INFO: Timer: Time taken for optimize: relationalLowerer, after InterpretNonCompilable -- LoweringTransformation -- Optimize -- PruneDeadFields : 0.449ms, total 1.635s
2020-09-26 20:45:11 root: INFO: Timer: Time taken for optimize: relationalLowerer, after InterpretNonCompilable -- LoweringTransformation -- Optimize -- FoldConstants : 0.116ms, total 1.635s
2020-09-26 20:45:11 root: INFO: Timer: Time taken for optimize: relationalLowerer, after InterpretNonCompilable -- LoweringTransformation -- Optimize -- ExtractIntervalFilters : 0.024ms, total 1.635s
2020-09-26 20:45:11 root: INFO: Timer: Time taken for optimize: relationalLowerer, after InterpretNonCompilable -- LoweringTransformation -- Optimize -- Simplify : 0.073ms, total 1.635s
2020-09-26 20:45:11 root: INFO: Timer: Time taken for optimize: relationalLowerer, after InterpretNonCompilable -- LoweringTransformation -- Optimize -- ForwardLets : 0.477ms, total 1.636s
2020-09-26 20:45:11 root: INFO: Timer: Time taken for optimize: relationalLowerer, after InterpretNonCompilable -- LoweringTransformation -- Optimize -- ForwardRelationalLets : 0.052ms, total 1.636s
2020-09-26 20:45:11 root: INFO: Timer: Time taken for optimize: relationalLowerer, after InterpretNonCompilable -- LoweringTransformation -- Optimize -- PruneDeadFields : 0.439ms, total 1.637s
2020-09-26 20:45:11 root: INFO: Timer: Time taken for optimize: relationalLowerer, after InterpretNonCompilable -- LoweringTransformation -- Optimize -- FoldConstants : 0.133ms, total 1.637s
2020-09-26 20:45:11 root: INFO: Timer: Time taken for optimize: relationalLowerer, after InterpretNonCompilable -- LoweringTransformation -- Optimize -- ExtractIntervalFilters : 0.024ms, total 1.637s
2020-09-26 20:45:11 root: INFO: Timer: Time taken for optimize: relationalLowerer, after InterpretNonCompilable -- LoweringTransformation -- Optimize -- Simplify : 0.067ms, total 1.638s
2020-09-26 20:45:11 root: INFO: Timer: Time taken for optimize: relationalLowerer, after InterpretNonCompilable -- LoweringTransformation -- Optimize -- ForwardLets : 0.421ms, total 1.638s
2020-09-26 20:45:11 root: INFO: Timer: Time taken for optimize: relationalLowerer, after InterpretNonCompilable -- LoweringTransformation -- Optimize -- ForwardRelationalLets : 0.043ms, total 1.638s
2020-09-26 20:45:11 root: INFO: Timer: Time taken for optimize: relationalLowerer, after InterpretNonCompilable -- LoweringTransformation -- Optimize -- PruneDeadFields : 0.228ms, total 1.639s
2020-09-26 20:45:11 root: INFO: Timer: Time taken for optimize: relationalLowerer, after InterpretNonCompilable -- LoweringTransformation -- Optimize : 6.613ms, total 1.639s, tagged coverage 60.8
2020-09-26 20:45:11 root: INFO: optimize optimize: relationalLowerer, after InterpretNonCompilable: after: IR size 6:
(ToArray
  (StreamMap __iruid_8
    (ToStream False
      (Literal Array[Struct{pops:String}] <literal value>))
    (GetField pops
      (Ref __iruid_8))))
2020-09-26 20:45:11 root: INFO: Timer: Time taken for optimize: relationalLowerer, after InterpretNonCompilable -- LoweringTransformation : 7.307ms, total 1.639s, tagged coverage 55.0
2020-09-26 20:45:11 root: INFO: Timer: Time taken for optimize: relationalLowerer, after InterpretNonCompilable -- Verify : 0.009ms, total 1.639s
2020-09-26 20:45:11 root: INFO: Timer: Time taken for optimize: relationalLowerer, after InterpretNonCompilable : 7.727ms, total 1.639s, tagged coverage 52.4
2020-09-26 20:45:11 root: INFO: Timer: Time taken for Compile -- optimize: compileLowerer, initial IR -- Verify : 0.015ms, total 1.652s
2020-09-26 20:45:11 root: INFO: optimize optimize: compileLowerer, initial IR: before: IR size 7: 
(MakeTuple (0)
  (ToArray
    (StreamMap __iruid_8
      (ToStream False
        (Literal Array[Struct{pops:String}] <literal value>))
      (GetField pops
        (Ref __iruid_8)))))
2020-09-26 20:45:11 root: INFO: Timer: Time taken for Compile -- optimize: compileLowerer, initial IR -- LoweringTransformation -- Optimize -- FoldConstants : 1.323ms, total 1.654s
2020-09-26 20:45:11 root: INFO: Timer: Time taken for Compile -- optimize: compileLowerer, initial IR -- LoweringTransformation -- Optimize -- ExtractIntervalFilters : 0.066ms, total 1.655s
2020-09-26 20:45:11 root: INFO: Timer: Time taken for Compile -- optimize: compileLowerer, initial IR -- LoweringTransformation -- Optimize -- Simplify : 0.124ms, total 1.655s
2020-09-26 20:45:11 root: INFO: Timer: Time taken for Compile -- optimize: compileLowerer, initial IR -- LoweringTransformation -- Optimize -- ForwardLets : 0.912ms, total 1.656s
2020-09-26 20:45:11 root: INFO: Timer: Time taken for Compile -- optimize: compileLowerer, initial IR -- LoweringTransformation -- Optimize -- ForwardRelationalLets : 0.095ms, total 1.656s
2020-09-26 20:45:11 root: INFO: Timer: Time taken for Compile -- optimize: compileLowerer, initial IR -- LoweringTransformation -- Optimize -- PruneDeadFields : 2.995ms, total 1.660s
2020-09-26 20:45:11 root: INFO: Timer: Time taken for Compile -- optimize: compileLowerer, initial IR -- LoweringTransformation -- Optimize -- FoldConstants : 0.167ms, total 1.660s
2020-09-26 20:45:11 root: INFO: Timer: Time taken for Compile -- optimize: compileLowerer, initial IR -- LoweringTransformation -- Optimize -- ExtractIntervalFilters : 0.040ms, total 1.660s
2020-09-26 20:45:11 root: INFO: Timer: Time taken for Compile -- optimize: compileLowerer, initial IR -- LoweringTransformation -- Optimize -- Simplify : 0.088ms, total 1.660s
2020-09-26 20:45:11 root: INFO: Timer: Time taken for Compile -- optimize: compileLowerer, initial IR -- LoweringTransformation -- Optimize -- ForwardLets : 0.524ms, total 1.661s
2020-09-26 20:45:11 root: INFO: Timer: Time taken for Compile -- optimize: compileLowerer, initial IR -- LoweringTransformation -- Optimize -- ForwardRelationalLets : 0.066ms, total 1.661s
2020-09-26 20:45:11 root: INFO: Timer: Time taken for Compile -- optimize: compileLowerer, initial IR -- LoweringTransformation -- Optimize -- PruneDeadFields : 0.307ms, total 1.662s
2020-09-26 20:45:11 root: INFO: Timer: Time taken for Compile -- optimize: compileLowerer, initial IR -- LoweringTransformation -- Optimize -- FoldConstants : 0.127ms, total 1.662s
2020-09-26 20:45:11 root: INFO: Timer: Time taken for Compile -- optimize: compileLowerer, initial IR -- LoweringTransformation -- Optimize -- ExtractIntervalFilters : 0.029ms, total 1.662s
2020-09-26 20:45:11 root: INFO: Timer: Time taken for Compile -- optimize: compileLowerer, initial IR -- LoweringTransformation -- Optimize -- Simplify : 0.108ms, total 1.662s
2020-09-26 20:45:11 root: INFO: Timer: Time taken for Compile -- optimize: compileLowerer, initial IR -- LoweringTransformation -- Optimize -- ForwardLets : 0.505ms, total 1.663s
2020-09-26 20:45:11 root: INFO: Timer: Time taken for Compile -- optimize: compileLowerer, initial IR -- LoweringTransformation -- Optimize -- ForwardRelationalLets : 0.053ms, total 1.663s
2020-09-26 20:45:11 root: INFO: Timer: Time taken for Compile -- optimize: compileLowerer, initial IR -- LoweringTransformation -- Optimize -- PruneDeadFields : 0.303ms, total 1.664s
2020-09-26 20:45:11 root: INFO: Timer: Time taken for Compile -- optimize: compileLowerer, initial IR -- LoweringTransformation -- Optimize : 10.571ms, total 1.664s, tagged coverage 74.1
2020-09-26 20:45:11 root: INFO: optimize optimize: compileLowerer, initial IR: after: IR size 7:
(MakeTuple (0)
  (ToArray
    (StreamMap __iruid_11
      (ToStream False
        (Literal Array[Struct{pops:String}] <literal value>))
      (GetField pops
        (Ref __iruid_11)))))
2020-09-26 20:45:11 root: INFO: Timer: Time taken for Compile -- optimize: compileLowerer, initial IR -- LoweringTransformation : 11.477ms, total 1.664s, tagged coverage 68.2
2020-09-26 20:45:11 root: INFO: Timer: Time taken for Compile -- optimize: compileLowerer, initial IR -- Verify : 0.013ms, total 1.664s
2020-09-26 20:45:11 root: INFO: Timer: Time taken for Compile -- optimize: compileLowerer, initial IR : 12.031ms, total 1.664s, tagged coverage 65.3
2020-09-26 20:45:11 root: INFO: Timer: Time taken for Compile -- InlineApplyIR -- Verify : 0.028ms, total 1.666s
2020-09-26 20:45:11 root: INFO: Timer: Time taken for Compile -- InlineApplyIR -- LoweringTransformation : 0.401ms, total 1.667s
2020-09-26 20:45:11 root: INFO: Timer: Time taken for Compile -- InlineApplyIR -- Verify : 0.030ms, total 1.667s
2020-09-26 20:45:11 root: INFO: Timer: Time taken for Compile -- InlineApplyIR : 1.090ms, total 1.667s, tagged coverage 42.1
2020-09-26 20:45:11 root: INFO: Timer: Time taken for Compile -- optimize: compileLowerer, after InlineApplyIR -- Verify : 0.014ms, total 1.667s
2020-09-26 20:45:11 root: INFO: optimize optimize: compileLowerer, after InlineApplyIR: before: IR size 7: 
(MakeTuple (0)
  (ToArray
    (StreamMap __iruid_11
      (ToStream False
        (Literal Array[Struct{pops:String}] <literal value>))
      (GetField pops
        (Ref __iruid_11)))))
2020-09-26 20:45:11 root: INFO: Timer: Time taken for Compile -- optimize: compileLowerer, after InlineApplyIR -- LoweringTransformation -- Optimize -- FoldConstants : 0.100ms, total 1.668s
2020-09-26 20:45:11 root: INFO: Timer: Time taken for Compile -- optimize: compileLowerer, after InlineApplyIR -- LoweringTransformation -- Optimize -- ExtractIntervalFilters : 0.039ms, total 1.668s
2020-09-26 20:45:11 root: INFO: Timer: Time taken for Compile -- optimize: compileLowerer, after InlineApplyIR -- LoweringTransformation -- Optimize -- Simplify : 0.079ms, total 1.668s
2020-09-26 20:45:11 root: INFO: Timer: Time taken for Compile -- optimize: compileLowerer, after InlineApplyIR -- LoweringTransformation -- Optimize -- ForwardLets : 0.523ms, total 1.669s
2020-09-26 20:45:11 root: INFO: Timer: Time taken for Compile -- optimize: compileLowerer, after InlineApplyIR -- LoweringTransformation -- Optimize -- ForwardRelationalLets : 0.052ms, total 1.669s
2020-09-26 20:45:11 root: INFO: Timer: Time taken for Compile -- optimize: compileLowerer, after InlineApplyIR -- LoweringTransformation -- Optimize -- PruneDeadFields : 0.283ms, total 1.669s
2020-09-26 20:45:11 root: INFO: Timer: Time taken for Compile -- optimize: compileLowerer, after InlineApplyIR -- LoweringTransformation -- Optimize -- FoldConstants : 0.152ms, total 1.670s
2020-09-26 20:45:11 root: INFO: Timer: Time taken for Compile -- optimize: compileLowerer, after InlineApplyIR -- LoweringTransformation -- Optimize -- ExtractIntervalFilters : 0.035ms, total 1.670s
2020-09-26 20:45:11 root: INFO: Timer: Time taken for Compile -- optimize: compileLowerer, after InlineApplyIR -- LoweringTransformation -- Optimize -- Simplify : 0.153ms, total 1.670s
2020-09-26 20:45:11 root: INFO: Timer: Time taken for Compile -- optimize: compileLowerer, after InlineApplyIR -- LoweringTransformation -- Optimize -- ForwardLets : 0.945ms, total 1.671s
2020-09-26 20:45:11 root: INFO: Timer: Time taken for Compile -- optimize: compileLowerer, after InlineApplyIR -- LoweringTransformation -- Optimize -- ForwardRelationalLets : 0.114ms, total 1.671s
2020-09-26 20:45:11 root: INFO: Timer: Time taken for Compile -- optimize: compileLowerer, after InlineApplyIR -- LoweringTransformation -- Optimize -- PruneDeadFields : 0.420ms, total 1.672s
2020-09-26 20:45:11 root: INFO: Timer: Time taken for Compile -- optimize: compileLowerer, after InlineApplyIR -- LoweringTransformation -- Optimize -- FoldConstants : 0.181ms, total 1.672s
2020-09-26 20:45:11 root: INFO: Timer: Time taken for Compile -- optimize: compileLowerer, after InlineApplyIR -- LoweringTransformation -- Optimize -- ExtractIntervalFilters : 1.736ms, total 1.674s
2020-09-26 20:45:11 root: INFO: Timer: Time taken for Compile -- optimize: compileLowerer, after InlineApplyIR -- LoweringTransformation -- Optimize -- Simplify : 0.303ms, total 1.675s
2020-09-26 20:45:11 root: INFO: Timer: Time taken for Compile -- optimize: compileLowerer, after InlineApplyIR -- LoweringTransformation -- Optimize -- ForwardLets : 0.858ms, total 1.676s
2020-09-26 20:45:11 root: INFO: Timer: Time taken for Compile -- optimize: compileLowerer, after InlineApplyIR -- LoweringTransformation -- Optimize -- ForwardRelationalLets : 0.083ms, total 1.676s
2020-09-26 20:45:11 root: INFO: Timer: Time taken for Compile -- optimize: compileLowerer, after InlineApplyIR -- LoweringTransformation -- Optimize -- PruneDeadFields : 0.424ms, total 1.677s
2020-09-26 20:45:11 root: INFO: Timer: Time taken for Compile -- optimize: compileLowerer, after InlineApplyIR -- LoweringTransformation -- Optimize : 9.500ms, total 1.677s, tagged coverage 68.2
2020-09-26 20:45:11 root: INFO: optimize optimize: compileLowerer, after InlineApplyIR: after: IR size 7:
(MakeTuple (0)
  (ToArray
    (StreamMap __iruid_14
      (ToStream False
        (Literal Array[Struct{pops:String}] <literal value>))
      (GetField pops
        (Ref __iruid_14)))))
2020-09-26 20:45:11 root: INFO: Timer: Time taken for Compile -- optimize: compileLowerer, after InlineApplyIR -- LoweringTransformation : 10.259ms, total 1.678s, tagged coverage 63.2
2020-09-26 20:45:11 root: INFO: Timer: Time taken for Compile -- optimize: compileLowerer, after InlineApplyIR -- Verify : 0.013ms, total 1.678s
2020-09-26 20:45:11 root: INFO: Timer: Time taken for Compile -- optimize: compileLowerer, after InlineApplyIR : 10.731ms, total 1.678s, tagged coverage 60.6
2020-09-26 20:45:11 root: INFO: Timer: Time taken for Compile -- LowerArrayAggsToRunAggs -- Verify : 0.025ms, total 1.678s
2020-09-26 20:45:11 root: INFO: Timer: Time taken for Compile -- LowerArrayAggsToRunAggs -- LoweringTransformation : 20.887ms, total 1.699s
2020-09-26 20:45:11 root: INFO: Timer: Time taken for Compile -- LowerArrayAggsToRunAggs -- Verify : 0.241ms, total 1.700s
2020-09-26 20:45:11 root: INFO: Timer: Time taken for Compile -- LowerArrayAggsToRunAggs : 21.784ms, total 1.700s, tagged coverage 97.1
2020-09-26 20:45:11 root: INFO: Timer: Time taken for Compile -- optimize: compileLowerer, after LowerArrayAggsToRunAggs -- Verify : 0.008ms, total 1.700s
2020-09-26 20:45:11 root: INFO: optimize optimize: compileLowerer, after LowerArrayAggsToRunAggs: before: IR size 7: 
(MakeTuple (0)
  (ToArray
    (StreamMap __iruid_14
      (ToStream False
        (Literal Array[Struct{pops:String}] <literal value>))
      (GetField pops
        (Ref __iruid_14)))))
2020-09-26 20:45:11 root: INFO: Timer: Time taken for Compile -- optimize: compileLowerer, after LowerArrayAggsToRunAggs -- LoweringTransformation -- Optimize -- FoldConstants : 0.120ms, total 1.701s
2020-09-26 20:45:11 root: INFO: Timer: Time taken for Compile -- optimize: compileLowerer, after LowerArrayAggsToRunAggs -- LoweringTransformation -- Optimize -- ExtractIntervalFilters : 0.039ms, total 1.701s
2020-09-26 20:45:11 root: INFO: Timer: Time taken for Compile -- optimize: compileLowerer, after LowerArrayAggsToRunAggs -- LoweringTransformation -- Optimize -- Simplify : 0.087ms, total 1.701s
2020-09-26 20:45:11 root: INFO: Timer: Time taken for Compile -- optimize: compileLowerer, after LowerArrayAggsToRunAggs -- LoweringTransformation -- Optimize -- ForwardLets : 0.523ms, total 1.702s
2020-09-26 20:45:11 root: INFO: Timer: Time taken for Compile -- optimize: compileLowerer, after LowerArrayAggsToRunAggs -- LoweringTransformation -- Optimize -- ForwardRelationalLets : 0.084ms, total 1.702s
2020-09-26 20:45:11 root: INFO: Timer: Time taken for Compile -- optimize: compileLowerer, after LowerArrayAggsToRunAggs -- LoweringTransformation -- Optimize -- PruneDeadFields : 0.439ms, total 1.703s
2020-09-26 20:45:11 root: INFO: Timer: Time taken for Compile -- optimize: compileLowerer, after LowerArrayAggsToRunAggs -- LoweringTransformation -- Optimize -- FoldConstants : 0.186ms, total 1.703s
2020-09-26 20:45:11 root: INFO: Timer: Time taken for Compile -- optimize: compileLowerer, after LowerArrayAggsToRunAggs -- LoweringTransformation -- Optimize -- ExtractIntervalFilters : 0.045ms, total 1.703s
2020-09-26 20:45:11 root: INFO: Timer: Time taken for Compile -- optimize: compileLowerer, after LowerArrayAggsToRunAggs -- LoweringTransformation -- Optimize -- Simplify : 0.112ms, total 1.704s
2020-09-26 20:45:11 root: INFO: Timer: Time taken for Compile -- optimize: compileLowerer, after LowerArrayAggsToRunAggs -- LoweringTransformation -- Optimize -- ForwardLets : 5.757ms, total 1.710s
2020-09-26 20:45:11 root: INFO: Timer: Time taken for Compile -- optimize: compileLowerer, after LowerArrayAggsToRunAggs -- LoweringTransformation -- Optimize -- ForwardRelationalLets : 0.059ms, total 1.710s
2020-09-26 20:45:11 root: INFO: Timer: Time taken for Compile -- optimize: compileLowerer, after LowerArrayAggsToRunAggs -- LoweringTransformation -- Optimize -- PruneDeadFields : 0.375ms, total 1.710s
2020-09-26 20:45:11 root: INFO: Timer: Time taken for Compile -- optimize: compileLowerer, after LowerArrayAggsToRunAggs -- LoweringTransformation -- Optimize -- FoldConstants : 0.130ms, total 1.711s
2020-09-26 20:45:11 root: INFO: Timer: Time taken for Compile -- optimize: compileLowerer, after LowerArrayAggsToRunAggs -- LoweringTransformation -- Optimize -- ExtractIntervalFilters : 0.053ms, total 1.711s
2020-09-26 20:45:11 root: INFO: Timer: Time taken for Compile -- optimize: compileLowerer, after LowerArrayAggsToRunAggs -- LoweringTransformation -- Optimize -- Simplify : 0.074ms, total 1.711s
2020-09-26 20:45:11 root: INFO: Timer: Time taken for Compile -- optimize: compileLowerer, after LowerArrayAggsToRunAggs -- LoweringTransformation -- Optimize -- ForwardLets : 0.682ms, total 1.712s
2020-09-26 20:45:11 root: INFO: Timer: Time taken for Compile -- optimize: compileLowerer, after LowerArrayAggsToRunAggs -- LoweringTransformation -- Optimize -- ForwardRelationalLets : 0.093ms, total 1.712s
2020-09-26 20:45:11 root: INFO: Timer: Time taken for Compile -- optimize: compileLowerer, after LowerArrayAggsToRunAggs -- LoweringTransformation -- Optimize -- PruneDeadFields : 0.502ms, total 1.713s
2020-09-26 20:45:11 root: INFO: Timer: Time taken for Compile -- optimize: compileLowerer, after LowerArrayAggsToRunAggs -- LoweringTransformation -- Optimize : 12.325ms, total 1.713s, tagged coverage 75.9
2020-09-26 20:45:11 root: INFO: optimize optimize: compileLowerer, after LowerArrayAggsToRunAggs: after: IR size 7:
(MakeTuple (0)
  (ToArray
    (StreamMap __iruid_17
      (ToStream False
        (Literal Array[Struct{pops:String}] <literal value>))
      (GetField pops
        (Ref __iruid_17)))))
2020-09-26 20:45:11 root: INFO: Timer: Time taken for Compile -- optimize: compileLowerer, after LowerArrayAggsToRunAggs -- LoweringTransformation : 13.060ms, total 1.714s, tagged coverage 71.7
2020-09-26 20:45:11 root: INFO: Timer: Time taken for Compile -- optimize: compileLowerer, after LowerArrayAggsToRunAggs -- Verify : 0.014ms, total 1.714s
2020-09-26 20:45:11 root: INFO: Timer: Time taken for Compile -- optimize: compileLowerer, after LowerArrayAggsToRunAggs : 13.504ms, total 1.714s, tagged coverage 69.5
2020-09-26 20:45:11 root: INFO: encoder cache miss (0 hits, 2 misses, 0.000)
2020-09-26 20:45:11 root: INFO: instruction count: 6: __C32etypeEncode.<init>
2020-09-26 20:45:11 root: INFO: instruction count: 8: __C32etypeEncode.apply
2020-09-26 20:45:11 root: INFO: instruction count: 16: __C32etypeEncode.__m33ENCODE_r_tuple_of_r_array_of_r_tuple_of_r_stringENDEND_TO_r_struct_of_r_array_of_r_struct_of_r_binaryENDEND
2020-09-26 20:45:11 root: INFO: instruction count: 53: __C32etypeEncode.__m34ENCODE_r_array_of_r_tuple_of_r_binaryEND_TO_r_array_of_r_struct_of_r_binaryEND
2020-09-26 20:45:11 root: INFO: instruction count: 16: __C32etypeEncode.__m35ENCODE_r_tuple_of_r_binaryEND_TO_r_struct_of_r_binaryEND
2020-09-26 20:45:11 root: INFO: instruction count: 19: __C32etypeEncode.__m36ENCODE_r_binary_TO_r_binary
2020-09-26 20:45:11 root: INFO: RegionPool: REPORT_THRESHOLD: 256.0K allocated (256.0K blocks / 0 chunks), regions.size = 2, 0 current java objects, 0 max java objects, thread 15: Thread-4
2020-09-26 20:45:11 MemoryStore: INFO: Block broadcast_2 stored as values in memory (estimated size 84.2 KB, free 365.9 MB)
2020-09-26 20:45:11 MemoryStore: INFO: Block broadcast_2_piece0 stored as bytes in memory (estimated size 13.0 KB, free 365.9 MB)
2020-09-26 20:45:11 BlockManagerInfo: INFO: Added broadcast_2_piece0 in memory on 10.26.239.71:54384 (size: 13.0 KB, free: 366.3 MB)
2020-09-26 20:45:11 SparkContext: INFO: Created broadcast 2 from broadcast at SparkBackend.scala:233
2020-09-26 20:45:11 root: INFO: instruction count: 6: __C8Compiled.<init>
2020-09-26 20:45:11 root: INFO: instruction count: 135: __C8Compiled.apply
2020-09-26 20:45:11 root: INFO: instruction count: 8: __C8Compiled.__m21addIRIntermediate
2020-09-26 20:45:11 root: INFO: instruction count: 8: __C8Compiled.__m22addIRIntermediate
2020-09-26 20:45:11 root: INFO: instruction count: 14: __C8Compiled.setPartitionIndex
2020-09-26 20:45:11 root: INFO: instruction count: 7: __C8Compiled.addPartitionRegion
2020-09-26 20:45:11 root: INFO: instruction count: 25: __C8Compiled.__m25DECODE_r_struct_of_r_array_of_r_struct_of_r_binaryENDEND_TO_r_tuple_of_r_array_of_r_tuple_of_r_stringENDEND
2020-09-26 20:45:11 root: INFO: instruction count: 11: __C8Compiled.__m26read_fields_group_0
2020-09-26 20:45:11 root: INFO: instruction count: 58: __C8Compiled.__m27INPLACE_DECODE_r_array_of_r_struct_of_r_binaryEND_TO_r_array_of_r_tuple_of_r_binaryEND
2020-09-26 20:45:11 root: INFO: instruction count: 17: __C8Compiled.__m28INPLACE_DECODE_r_struct_of_r_binaryEND_TO_r_tuple_of_r_binaryEND
2020-09-26 20:45:11 root: INFO: instruction count: 11: __C8Compiled.__m29read_fields_group_0
2020-09-26 20:45:11 root: INFO: instruction count: 34: __C8Compiled.__m30INPLACE_DECODE_r_binary_TO_r_binary
2020-09-26 20:45:11 root: INFO: instruction count: 55: __C8Compiled.addLiterals
2020-09-26 20:45:11 root: INFO: Timer: Time taken for Compile : 186.433ms, total 1.826s, tagged coverage 24.3
2020-09-26 20:45:11 root: INFO: Timer: Time taken for InitializeCompiledFunction : 4.669ms, total 1.831s
2020-09-26 20:45:11 root: INFO: Timer: Time taken for RunCompiledFunction : 1.321ms, total 1.833s
2020-09-26 20:45:11 root: INFO: Timer: Time taken for convertRegionValueToAnnotation : 9.153ms, total 1.843s
2020-09-26 20:45:11 root: INFO: Timer: all timings:
2020-09-26 20:45:11 root: INFO: Timer: Time taken for optimize: relationalLowerer, initial IR -- Verify : 0.306ms, total 22.416ms
2020-09-26 20:45:11 root: INFO: Timer: Time taken for optimize: relationalLowerer, initial IR -- LoweringTransformation -- Optimize -- FoldConstants : 4.075ms, total 36.700ms
2020-09-26 20:45:11 root: INFO: Timer: Time taken for optimize: relationalLowerer, initial IR -- LoweringTransformation -- Optimize -- ExtractIntervalFilters : 4.044ms, total 41.131ms
2020-09-26 20:45:11 root: INFO: Timer: Time taken for optimize: relationalLowerer, initial IR -- LoweringTransformation -- Optimize -- Simplify : 9.122ms, total 50.625ms
2020-09-26 20:45:11 root: INFO: Timer: Time taken for optimize: relationalLowerer, initial IR -- LoweringTransformation -- Optimize -- ForwardLets : 8.054ms, total 59.029ms
2020-09-26 20:45:11 root: INFO: Timer: Time taken for optimize: relationalLowerer, initial IR -- LoweringTransformation -- Optimize -- ForwardRelationalLets : 1.069ms, total 60.428ms
2020-09-26 20:45:11 root: INFO: Timer: Time taken for optimize: relationalLowerer, initial IR -- LoweringTransformation -- Optimize -- PruneDeadFields : 8.689ms, total 69.453ms
2020-09-26 20:45:11 root: INFO: Timer: Time taken for optimize: relationalLowerer, initial IR -- LoweringTransformation -- Optimize -- FoldConstants : 0.182ms, total 69.888ms
2020-09-26 20:45:11 root: INFO: Timer: Time taken for optimize: relationalLowerer, initial IR -- LoweringTransformation -- Optimize -- ExtractIntervalFilters : 0.071ms, total 70.107ms
2020-09-26 20:45:11 root: INFO: Timer: Time taken for optimize: relationalLowerer, initial IR -- LoweringTransformation -- Optimize -- Simplify : 0.150ms, total 70.365ms
2020-09-26 20:45:11 root: INFO: Timer: Time taken for optimize: relationalLowerer, initial IR -- LoweringTransformation -- Optimize -- ForwardLets : 0.690ms, total 71.173ms
2020-09-26 20:45:11 root: INFO: Timer: Time taken for optimize: relationalLowerer, initial IR -- LoweringTransformation -- Optimize -- ForwardRelationalLets : 0.040ms, total 71.351ms
2020-09-26 20:45:11 root: INFO: Timer: Time taken for optimize: relationalLowerer, initial IR -- LoweringTransformation -- Optimize -- PruneDeadFields : 0.486ms, total 71.954ms
2020-09-26 20:45:11 root: INFO: Timer: Time taken for optimize: relationalLowerer, initial IR -- LoweringTransformation -- Optimize -- FoldConstants : 0.142ms, total 72.220ms
2020-09-26 20:45:11 root: INFO: Timer: Time taken for optimize: relationalLowerer, initial IR -- LoweringTransformation -- Optimize -- ExtractIntervalFilters : 0.034ms, total 72.356ms
2020-09-26 20:45:11 root: INFO: Timer: Time taken for optimize: relationalLowerer, initial IR -- LoweringTransformation -- Optimize -- Simplify : 0.114ms, total 72.571ms
2020-09-26 20:45:11 root: INFO: Timer: Time taken for optimize: relationalLowerer, initial IR -- LoweringTransformation -- Optimize -- ForwardLets : 0.717ms, total 73.395ms
2020-09-26 20:45:11 root: INFO: Timer: Time taken for optimize: relationalLowerer, initial IR -- LoweringTransformation -- Optimize -- ForwardRelationalLets : 0.046ms, total 73.617ms
2020-09-26 20:45:11 root: INFO: Timer: Time taken for optimize: relationalLowerer, initial IR -- LoweringTransformation -- Optimize -- PruneDeadFields : 0.690ms, total 74.436ms
2020-09-26 20:45:11 root: INFO: Timer: Time taken for optimize: relationalLowerer, initial IR -- LoweringTransformation -- Optimize : 42.223ms, total 74.611ms, tagged coverage 91.0
2020-09-26 20:45:11 root: INFO: Timer: Time taken for optimize: relationalLowerer, initial IR -- LoweringTransformation : 53.394ms, total 76.831ms, tagged coverage 71.9
2020-09-26 20:45:11 root: INFO: Timer: Time taken for optimize: relationalLowerer, initial IR -- Verify : 0.023ms, total 77.183ms
2020-09-26 20:45:11 root: INFO: Timer: Time taken for optimize: relationalLowerer, initial IR : 55.334ms, total 77.300ms, tagged coverage 70.0
2020-09-26 20:45:11 root: INFO: Timer: Time taken for LowerMatrixToTable -- Verify : 0.009ms, total 77.553ms
2020-09-26 20:45:11 root: INFO: Timer: Time taken for LowerMatrixToTable -- LoweringTransformation : 6.217ms, total 83.879ms
2020-09-26 20:45:11 root: INFO: Timer: Time taken for LowerMatrixToTable -- Verify : 0.027ms, total 84.146ms
2020-09-26 20:45:11 root: INFO: Timer: Time taken for LowerMatrixToTable : 6.741ms, total 84.283ms, tagged coverage 92.8
2020-09-26 20:45:11 root: INFO: Timer: Time taken for optimize: relationalLowerer, after LowerMatrixToTable -- Verify : 0.009ms, total 84.551ms
2020-09-26 20:45:11 root: INFO: Timer: Time taken for optimize: relationalLowerer, after LowerMatrixToTable -- LoweringTransformation -- Optimize -- FoldConstants : 0.128ms, total 85.327ms
2020-09-26 20:45:11 root: INFO: Timer: Time taken for optimize: relationalLowerer, after LowerMatrixToTable -- LoweringTransformation -- Optimize -- ExtractIntervalFilters : 0.106ms, total 85.552ms
2020-09-26 20:45:11 root: INFO: Timer: Time taken for optimize: relationalLowerer, after LowerMatrixToTable -- LoweringTransformation -- Optimize -- Simplify : 0.085ms, total 85.763ms
2020-09-26 20:45:11 root: INFO: Timer: Time taken for optimize: relationalLowerer, after LowerMatrixToTable -- LoweringTransformation -- Optimize -- ForwardLets : 0.658ms, total 86.550ms
2020-09-26 20:45:11 root: INFO: Timer: Time taken for optimize: relationalLowerer, after LowerMatrixToTable -- LoweringTransformation -- Optimize -- ForwardRelationalLets : 0.049ms, total 86.758ms
2020-09-26 20:45:11 root: INFO: Timer: Time taken for optimize: relationalLowerer, after LowerMatrixToTable -- LoweringTransformation -- Optimize -- PruneDeadFields : 0.422ms, total 87.284ms
2020-09-26 20:45:11 root: INFO: Timer: Time taken for optimize: relationalLowerer, after LowerMatrixToTable -- LoweringTransformation -- Optimize -- FoldConstants : 0.126ms, total 87.557ms
2020-09-26 20:45:11 root: INFO: Timer: Time taken for optimize: relationalLowerer, after LowerMatrixToTable -- LoweringTransformation -- Optimize -- ExtractIntervalFilters : 0.030ms, total 87.690ms
2020-09-26 20:45:11 root: INFO: Timer: Time taken for optimize: relationalLowerer, after LowerMatrixToTable -- LoweringTransformation -- Optimize -- Simplify : 0.080ms, total 87.876ms
2020-09-26 20:45:11 root: INFO: Timer: Time taken for optimize: relationalLowerer, after LowerMatrixToTable -- LoweringTransformation -- Optimize -- ForwardLets : 0.813ms, total 88.785ms
2020-09-26 20:45:11 root: INFO: Timer: Time taken for optimize: relationalLowerer, after LowerMatrixToTable -- LoweringTransformation -- Optimize -- ForwardRelationalLets : 0.041ms, total 89.009ms
2020-09-26 20:45:11 root: INFO: Timer: Time taken for optimize: relationalLowerer, after LowerMatrixToTable -- LoweringTransformation -- Optimize -- PruneDeadFields : 0.429ms, total 89.545ms
2020-09-26 20:45:11 root: INFO: Timer: Time taken for optimize: relationalLowerer, after LowerMatrixToTable -- LoweringTransformation -- Optimize -- FoldConstants : 0.227ms, total 89.957ms
2020-09-26 20:45:11 root: INFO: Timer: Time taken for optimize: relationalLowerer, after LowerMatrixToTable -- LoweringTransformation -- Optimize -- ExtractIntervalFilters : 0.037ms, total 90.131ms
2020-09-26 20:45:11 root: INFO: Timer: Time taken for optimize: relationalLowerer, after LowerMatrixToTable -- LoweringTransformation -- Optimize -- Simplify : 0.083ms, total 90.317ms
2020-09-26 20:45:11 root: INFO: Timer: Time taken for optimize: relationalLowerer, after LowerMatrixToTable -- LoweringTransformation -- Optimize -- ForwardLets : 0.905ms, total 91.320ms
2020-09-26 20:45:11 root: INFO: Timer: Time taken for optimize: relationalLowerer, after LowerMatrixToTable -- LoweringTransformation -- Optimize -- ForwardRelationalLets : 0.043ms, total 91.548ms
2020-09-26 20:45:11 root: INFO: Timer: Time taken for optimize: relationalLowerer, after LowerMatrixToTable -- LoweringTransformation -- Optimize -- PruneDeadFields : 0.425ms, total 92.077ms
2020-09-26 20:45:11 root: INFO: Timer: Time taken for optimize: relationalLowerer, after LowerMatrixToTable -- LoweringTransformation -- Optimize : 6.997ms, total 92.193ms, tagged coverage 67.0
2020-09-26 20:45:11 root: INFO: Timer: Time taken for optimize: relationalLowerer, after LowerMatrixToTable -- LoweringTransformation : 8.301ms, total 92.959ms, tagged coverage 56.4
2020-09-26 20:45:11 root: INFO: Timer: Time taken for optimize: relationalLowerer, after LowerMatrixToTable -- Verify : 0.016ms, total 93.191ms
2020-09-26 20:45:11 root: INFO: Timer: Time taken for optimize: relationalLowerer, after LowerMatrixToTable : 8.794ms, total 93.332ms, tagged coverage 53.6
2020-09-26 20:45:11 root: INFO: Timer: Time taken for InterpretNonCompilable -- Verify : 0.014ms, total 94.856ms
2020-09-26 20:45:11 root: INFO: Timer: Time taken for InterpretNonCompilable -- LoweringTransformation : 1.535s, total 1.630s
2020-09-26 20:45:11 root: INFO: Timer: Time taken for InterpretNonCompilable -- Verify : 0.271ms, total 1.631s
2020-09-26 20:45:11 root: INFO: Timer: Time taken for InterpretNonCompilable : 1.536s, total 1.631s, tagged coverage 100.0
2020-09-26 20:45:11 root: INFO: Timer: Time taken for optimize: relationalLowerer, after InterpretNonCompilable -- Verify : 0.025ms, total 1.631s
2020-09-26 20:45:11 root: INFO: Timer: Time taken for optimize: relationalLowerer, after InterpretNonCompilable -- LoweringTransformation -- Optimize -- FoldConstants : 0.766ms, total 1.633s
2020-09-26 20:45:11 root: INFO: Timer: Time taken for optimize: relationalLowerer, after InterpretNonCompilable -- LoweringTransformation -- Optimize -- ExtractIntervalFilters : 0.044ms, total 1.633s
2020-09-26 20:45:11 root: INFO: Timer: Time taken for optimize: relationalLowerer, after InterpretNonCompilable -- LoweringTransformation -- Optimize -- Simplify : 0.071ms, total 1.633s
2020-09-26 20:45:11 root: INFO: Timer: Time taken for optimize: relationalLowerer, after InterpretNonCompilable -- LoweringTransformation -- Optimize -- ForwardLets : 0.526ms, total 1.634s
2020-09-26 20:45:11 root: INFO: Timer: Time taken for optimize: relationalLowerer, after InterpretNonCompilable -- LoweringTransformation -- Optimize -- ForwardRelationalLets : 0.065ms, total 1.634s
2020-09-26 20:45:11 root: INFO: Timer: Time taken for optimize: relationalLowerer, after InterpretNonCompilable -- LoweringTransformation -- Optimize -- PruneDeadFields : 0.449ms, total 1.635s
2020-09-26 20:45:11 root: INFO: Timer: Time taken for optimize: relationalLowerer, after InterpretNonCompilable -- LoweringTransformation -- Optimize -- FoldConstants : 0.116ms, total 1.635s
2020-09-26 20:45:11 root: INFO: Timer: Time taken for optimize: relationalLowerer, after InterpretNonCompilable -- LoweringTransformation -- Optimize -- ExtractIntervalFilters : 0.024ms, total 1.635s
2020-09-26 20:45:11 root: INFO: Timer: Time taken for optimize: relationalLowerer, after InterpretNonCompilable -- LoweringTransformation -- Optimize -- Simplify : 0.073ms, total 1.635s
2020-09-26 20:45:11 root: INFO: Timer: Time taken for optimize: relationalLowerer, after InterpretNonCompilable -- LoweringTransformation -- Optimize -- ForwardLets : 0.477ms, total 1.636s
2020-09-26 20:45:11 root: INFO: Timer: Time taken for optimize: relationalLowerer, after InterpretNonCompilable -- LoweringTransformation -- Optimize -- ForwardRelationalLets : 0.052ms, total 1.636s
2020-09-26 20:45:11 root: INFO: Timer: Time taken for optimize: relationalLowerer, after InterpretNonCompilable -- LoweringTransformation -- Optimize -- PruneDeadFields : 0.439ms, total 1.637s
2020-09-26 20:45:11 root: INFO: Timer: Time taken for optimize: relationalLowerer, after InterpretNonCompilable -- LoweringTransformation -- Optimize -- FoldConstants : 0.133ms, total 1.637s
2020-09-26 20:45:11 root: INFO: Timer: Time taken for optimize: relationalLowerer, after InterpretNonCompilable -- LoweringTransformation -- Optimize -- ExtractIntervalFilters : 0.024ms, total 1.637s
2020-09-26 20:45:11 root: INFO: Timer: Time taken for optimize: relationalLowerer, after InterpretNonCompilable -- LoweringTransformation -- Optimize -- Simplify : 0.067ms, total 1.638s
2020-09-26 20:45:11 root: INFO: Timer: Time taken for optimize: relationalLowerer, after InterpretNonCompilable -- LoweringTransformation -- Optimize -- ForwardLets : 0.421ms, total 1.638s
2020-09-26 20:45:11 root: INFO: Timer: Time taken for optimize: relationalLowerer, after InterpretNonCompilable -- LoweringTransformation -- Optimize -- ForwardRelationalLets : 0.043ms, total 1.638s
2020-09-26 20:45:11 root: INFO: Timer: Time taken for optimize: relationalLowerer, after InterpretNonCompilable -- LoweringTransformation -- Optimize -- PruneDeadFields : 0.228ms, total 1.639s
2020-09-26 20:45:11 root: INFO: Timer: Time taken for optimize: relationalLowerer, after InterpretNonCompilable -- LoweringTransformation -- Optimize : 6.613ms, total 1.639s, tagged coverage 60.8
2020-09-26 20:45:11 root: INFO: Timer: Time taken for optimize: relationalLowerer, after InterpretNonCompilable -- LoweringTransformation : 7.307ms, total 1.639s, tagged coverage 55.0
2020-09-26 20:45:11 root: INFO: Timer: Time taken for optimize: relationalLowerer, after InterpretNonCompilable -- Verify : 0.009ms, total 1.639s
2020-09-26 20:45:11 root: INFO: Timer: Time taken for optimize: relationalLowerer, after InterpretNonCompilable : 7.727ms, total 1.639s, tagged coverage 52.4
2020-09-26 20:45:11 root: INFO: Timer: Time taken for Compile -- optimize: compileLowerer, initial IR -- Verify : 0.015ms, total 1.652s
2020-09-26 20:45:11 root: INFO: Timer: Time taken for Compile -- optimize: compileLowerer, initial IR -- LoweringTransformation -- Optimize -- FoldConstants : 1.323ms, total 1.654s
2020-09-26 20:45:11 root: INFO: Timer: Time taken for Compile -- optimize: compileLowerer, initial IR -- LoweringTransformation -- Optimize -- ExtractIntervalFilters : 0.066ms, total 1.655s
2020-09-26 20:45:11 root: INFO: Timer: Time taken for Compile -- optimize: compileLowerer, initial IR -- LoweringTransformation -- Optimize -- Simplify : 0.124ms, total 1.655s
2020-09-26 20:45:11 root: INFO: Timer: Time taken for Compile -- optimize: compileLowerer, initial IR -- LoweringTransformation -- Optimize -- ForwardLets : 0.912ms, total 1.656s
2020-09-26 20:45:11 root: INFO: Timer: Time taken for Compile -- optimize: compileLowerer, initial IR -- LoweringTransformation -- Optimize -- ForwardRelationalLets : 0.095ms, total 1.656s
2020-09-26 20:45:11 root: INFO: Timer: Time taken for Compile -- optimize: compileLowerer, initial IR -- LoweringTransformation -- Optimize -- PruneDeadFields : 2.995ms, total 1.660s
2020-09-26 20:45:11 root: INFO: Timer: Time taken for Compile -- optimize: compileLowerer, initial IR -- LoweringTransformation -- Optimize -- FoldConstants : 0.167ms, total 1.660s
2020-09-26 20:45:11 root: INFO: Timer: Time taken for Compile -- optimize: compileLowerer, initial IR -- LoweringTransformation -- Optimize -- ExtractIntervalFilters : 0.040ms, total 1.660s
2020-09-26 20:45:11 root: INFO: Timer: Time taken for Compile -- optimize: compileLowerer, initial IR -- LoweringTransformation -- Optimize -- Simplify : 0.088ms, total 1.660s
2020-09-26 20:45:11 root: INFO: Timer: Time taken for Compile -- optimize: compileLowerer, initial IR -- LoweringTransformation -- Optimize -- ForwardLets : 0.524ms, total 1.661s
2020-09-26 20:45:11 root: INFO: Timer: Time taken for Compile -- optimize: compileLowerer, initial IR -- LoweringTransformation -- Optimize -- ForwardRelationalLets : 0.066ms, total 1.661s
2020-09-26 20:45:11 root: INFO: Timer: Time taken for Compile -- optimize: compileLowerer, initial IR -- LoweringTransformation -- Optimize -- PruneDeadFields : 0.307ms, total 1.662s
2020-09-26 20:45:11 root: INFO: Timer: Time taken for Compile -- optimize: compileLowerer, initial IR -- LoweringTransformation -- Optimize -- FoldConstants : 0.127ms, total 1.662s
2020-09-26 20:45:11 root: INFO: Timer: Time taken for Compile -- optimize: compileLowerer, initial IR -- LoweringTransformation -- Optimize -- ExtractIntervalFilters : 0.029ms, total 1.662s
2020-09-26 20:45:11 root: INFO: Timer: Time taken for Compile -- optimize: compileLowerer, initial IR -- LoweringTransformation -- Optimize -- Simplify : 0.108ms, total 1.662s
2020-09-26 20:45:11 root: INFO: Timer: Time taken for Compile -- optimize: compileLowerer, initial IR -- LoweringTransformation -- Optimize -- ForwardLets : 0.505ms, total 1.663s
2020-09-26 20:45:11 root: INFO: Timer: Time taken for Compile -- optimize: compileLowerer, initial IR -- LoweringTransformation -- Optimize -- ForwardRelationalLets : 0.053ms, total 1.663s
2020-09-26 20:45:11 root: INFO: Timer: Time taken for Compile -- optimize: compileLowerer, initial IR -- LoweringTransformation -- Optimize -- PruneDeadFields : 0.303ms, total 1.664s
2020-09-26 20:45:11 root: INFO: Timer: Time taken for Compile -- optimize: compileLowerer, initial IR -- LoweringTransformation -- Optimize : 10.571ms, total 1.664s, tagged coverage 74.1
2020-09-26 20:45:11 root: INFO: Timer: Time taken for Compile -- optimize: compileLowerer, initial IR -- LoweringTransformation : 11.477ms, total 1.664s, tagged coverage 68.2
2020-09-26 20:45:11 root: INFO: Timer: Time taken for Compile -- optimize: compileLowerer, initial IR -- Verify : 0.013ms, total 1.664s
2020-09-26 20:45:11 root: INFO: Timer: Time taken for Compile -- optimize: compileLowerer, initial IR : 12.031ms, total 1.664s, tagged coverage 65.3
2020-09-26 20:45:11 root: INFO: Timer: Time taken for Compile -- InlineApplyIR -- Verify : 0.028ms, total 1.666s
2020-09-26 20:45:11 root: INFO: Timer: Time taken for Compile -- InlineApplyIR -- LoweringTransformation : 0.401ms, total 1.667s
2020-09-26 20:45:11 root: INFO: Timer: Time taken for Compile -- InlineApplyIR -- Verify : 0.030ms, total 1.667s
2020-09-26 20:45:11 root: INFO: Timer: Time taken for Compile -- InlineApplyIR : 1.090ms, total 1.667s, tagged coverage 42.1
2020-09-26 20:45:11 root: INFO: Timer: Time taken for Compile -- optimize: compileLowerer, after InlineApplyIR -- Verify : 0.014ms, total 1.667s
2020-09-26 20:45:11 root: INFO: Timer: Time taken for Compile -- optimize: compileLowerer, after InlineApplyIR -- LoweringTransformation -- Optimize -- FoldConstants : 0.100ms, total 1.668s
2020-09-26 20:45:11 root: INFO: Timer: Time taken for Compile -- optimize: compileLowerer, after InlineApplyIR -- LoweringTransformation -- Optimize -- ExtractIntervalFilters : 0.039ms, total 1.668s
2020-09-26 20:45:11 root: INFO: Timer: Time taken for Compile -- optimize: compileLowerer, after InlineApplyIR -- LoweringTransformation -- Optimize -- Simplify : 0.079ms, total 1.668s
2020-09-26 20:45:11 root: INFO: Timer: Time taken for Compile -- optimize: compileLowerer, after InlineApplyIR -- LoweringTransformation -- Optimize -- ForwardLets : 0.523ms, total 1.669s
2020-09-26 20:45:11 root: INFO: Timer: Time taken for Compile -- optimize: compileLowerer, after InlineApplyIR -- LoweringTransformation -- Optimize -- ForwardRelationalLets : 0.052ms, total 1.669s
2020-09-26 20:45:11 root: INFO: Timer: Time taken for Compile -- optimize: compileLowerer, after InlineApplyIR -- LoweringTransformation -- Optimize -- PruneDeadFields : 0.283ms, total 1.669s
2020-09-26 20:45:11 root: INFO: Timer: Time taken for Compile -- optimize: compileLowerer, after InlineApplyIR -- LoweringTransformation -- Optimize -- FoldConstants : 0.152ms, total 1.670s
2020-09-26 20:45:11 root: INFO: Timer: Time taken for Compile -- optimize: compileLowerer, after InlineApplyIR -- LoweringTransformation -- Optimize -- ExtractIntervalFilters : 0.035ms, total 1.670s
2020-09-26 20:45:11 root: INFO: Timer: Time taken for Compile -- optimize: compileLowerer, after InlineApplyIR -- LoweringTransformation -- Optimize -- Simplify : 0.153ms, total 1.670s
2020-09-26 20:45:11 root: INFO: Timer: Time taken for Compile -- optimize: compileLowerer, after InlineApplyIR -- LoweringTransformation -- Optimize -- ForwardLets : 0.945ms, total 1.671s
2020-09-26 20:45:11 root: INFO: Timer: Time taken for Compile -- optimize: compileLowerer, after InlineApplyIR -- LoweringTransformation -- Optimize -- ForwardRelationalLets : 0.114ms, total 1.671s
2020-09-26 20:45:11 root: INFO: Timer: Time taken for Compile -- optimize: compileLowerer, after InlineApplyIR -- LoweringTransformation -- Optimize -- PruneDeadFields : 0.420ms, total 1.672s
2020-09-26 20:45:11 root: INFO: Timer: Time taken for Compile -- optimize: compileLowerer, after InlineApplyIR -- LoweringTransformation -- Optimize -- FoldConstants : 0.181ms, total 1.672s
2020-09-26 20:45:11 root: INFO: Timer: Time taken for Compile -- optimize: compileLowerer, after InlineApplyIR -- LoweringTransformation -- Optimize -- ExtractIntervalFilters : 1.736ms, total 1.674s
2020-09-26 20:45:11 root: INFO: Timer: Time taken for Compile -- optimize: compileLowerer, after InlineApplyIR -- LoweringTransformation -- Optimize -- Simplify : 0.303ms, total 1.675s
2020-09-26 20:45:11 root: INFO: Timer: Time taken for Compile -- optimize: compileLowerer, after InlineApplyIR -- LoweringTransformation -- Optimize -- ForwardLets : 0.858ms, total 1.676s
2020-09-26 20:45:11 root: INFO: Timer: Time taken for Compile -- optimize: compileLowerer, after InlineApplyIR -- LoweringTransformation -- Optimize -- ForwardRelationalLets : 0.083ms, total 1.676s
2020-09-26 20:45:11 root: INFO: Timer: Time taken for Compile -- optimize: compileLowerer, after InlineApplyIR -- LoweringTransformation -- Optimize -- PruneDeadFields : 0.424ms, total 1.677s
2020-09-26 20:45:11 root: INFO: Timer: Time taken for Compile -- optimize: compileLowerer, after InlineApplyIR -- LoweringTransformation -- Optimize : 9.500ms, total 1.677s, tagged coverage 68.2
2020-09-26 20:45:11 root: INFO: Timer: Time taken for Compile -- optimize: compileLowerer, after InlineApplyIR -- LoweringTransformation : 10.259ms, total 1.678s, tagged coverage 63.2
2020-09-26 20:45:11 root: INFO: Timer: Time taken for Compile -- optimize: compileLowerer, after InlineApplyIR -- Verify : 0.013ms, total 1.678s
2020-09-26 20:45:11 root: INFO: Timer: Time taken for Compile -- optimize: compileLowerer, after InlineApplyIR : 10.731ms, total 1.678s, tagged coverage 60.6
2020-09-26 20:45:11 root: INFO: Timer: Time taken for Compile -- LowerArrayAggsToRunAggs -- Verify : 0.025ms, total 1.678s
2020-09-26 20:45:11 root: INFO: Timer: Time taken for Compile -- LowerArrayAggsToRunAggs -- LoweringTransformation : 20.887ms, total 1.699s
2020-09-26 20:45:11 root: INFO: Timer: Time taken for Compile -- LowerArrayAggsToRunAggs -- Verify : 0.241ms, total 1.700s
2020-09-26 20:45:11 root: INFO: Timer: Time taken for Compile -- LowerArrayAggsToRunAggs : 21.784ms, total 1.700s, tagged coverage 97.1
2020-09-26 20:45:11 root: INFO: Timer: Time taken for Compile -- optimize: compileLowerer, after LowerArrayAggsToRunAggs -- Verify : 0.008ms, total 1.700s
2020-09-26 20:45:11 root: INFO: Timer: Time taken for Compile -- optimize: compileLowerer, after LowerArrayAggsToRunAggs -- LoweringTransformation -- Optimize -- FoldConstants : 0.120ms, total 1.701s
2020-09-26 20:45:11 root: INFO: Timer: Time taken for Compile -- optimize: compileLowerer, after LowerArrayAggsToRunAggs -- LoweringTransformation -- Optimize -- ExtractIntervalFilters : 0.039ms, total 1.701s
2020-09-26 20:45:11 root: INFO: Timer: Time taken for Compile -- optimize: compileLowerer, after LowerArrayAggsToRunAggs -- LoweringTransformation -- Optimize -- Simplify : 0.087ms, total 1.701s
2020-09-26 20:45:11 root: INFO: Timer: Time taken for Compile -- optimize: compileLowerer, after LowerArrayAggsToRunAggs -- LoweringTransformation -- Optimize -- ForwardLets : 0.523ms, total 1.702s
2020-09-26 20:45:11 root: INFO: Timer: Time taken for Compile -- optimize: compileLowerer, after LowerArrayAggsToRunAggs -- LoweringTransformation -- Optimize -- ForwardRelationalLets : 0.084ms, total 1.702s
2020-09-26 20:45:11 root: INFO: Timer: Time taken for Compile -- optimize: compileLowerer, after LowerArrayAggsToRunAggs -- LoweringTransformation -- Optimize -- PruneDeadFields : 0.439ms, total 1.703s
2020-09-26 20:45:11 root: INFO: Timer: Time taken for Compile -- optimize: compileLowerer, after LowerArrayAggsToRunAggs -- LoweringTransformation -- Optimize -- FoldConstants : 0.186ms, total 1.703s
2020-09-26 20:45:11 root: INFO: Timer: Time taken for Compile -- optimize: compileLowerer, after LowerArrayAggsToRunAggs -- LoweringTransformation -- Optimize -- ExtractIntervalFilters : 0.045ms, total 1.703s
2020-09-26 20:45:11 root: INFO: Timer: Time taken for Compile -- optimize: compileLowerer, after LowerArrayAggsToRunAggs -- LoweringTransformation -- Optimize -- Simplify : 0.112ms, total 1.704s
2020-09-26 20:45:11 root: INFO: Timer: Time taken for Compile -- optimize: compileLowerer, after LowerArrayAggsToRunAggs -- LoweringTransformation -- Optimize -- ForwardLets : 5.757ms, total 1.710s
2020-09-26 20:45:11 root: INFO: Timer: Time taken for Compile -- optimize: compileLowerer, after LowerArrayAggsToRunAggs -- LoweringTransformation -- Optimize -- ForwardRelationalLets : 0.059ms, total 1.710s
2020-09-26 20:45:11 root: INFO: Timer: Time taken for Compile -- optimize: compileLowerer, after LowerArrayAggsToRunAggs -- LoweringTransformation -- Optimize -- PruneDeadFields : 0.375ms, total 1.710s
2020-09-26 20:45:11 root: INFO: Timer: Time taken for Compile -- optimize: compileLowerer, after LowerArrayAggsToRunAggs -- LoweringTransformation -- Optimize -- FoldConstants : 0.130ms, total 1.711s
2020-09-26 20:45:11 root: INFO: Timer: Time taken for Compile -- optimize: compileLowerer, after LowerArrayAggsToRunAggs -- LoweringTransformation -- Optimize -- ExtractIntervalFilters : 0.053ms, total 1.711s
2020-09-26 20:45:11 root: INFO: Timer: Time taken for Compile -- optimize: compileLowerer, after LowerArrayAggsToRunAggs -- LoweringTransformation -- Optimize -- Simplify : 0.074ms, total 1.711s
2020-09-26 20:45:11 root: INFO: Timer: Time taken for Compile -- optimize: compileLowerer, after LowerArrayAggsToRunAggs -- LoweringTransformation -- Optimize -- ForwardLets : 0.682ms, total 1.712s
2020-09-26 20:45:11 root: INFO: Timer: Time taken for Compile -- optimize: compileLowerer, after LowerArrayAggsToRunAggs -- LoweringTransformation -- Optimize -- ForwardRelationalLets : 0.093ms, total 1.712s
2020-09-26 20:45:11 root: INFO: Timer: Time taken for Compile -- optimize: compileLowerer, after LowerArrayAggsToRunAggs -- LoweringTransformation -- Optimize -- PruneDeadFields : 0.502ms, total 1.713s
2020-09-26 20:45:11 root: INFO: Timer: Time taken for Compile -- optimize: compileLowerer, after LowerArrayAggsToRunAggs -- LoweringTransformation -- Optimize : 12.325ms, total 1.713s, tagged coverage 75.9
2020-09-26 20:45:11 root: INFO: Timer: Time taken for Compile -- optimize: compileLowerer, after LowerArrayAggsToRunAggs -- LoweringTransformation : 13.060ms, total 1.714s, tagged coverage 71.7
2020-09-26 20:45:11 root: INFO: Timer: Time taken for Compile -- optimize: compileLowerer, after LowerArrayAggsToRunAggs -- Verify : 0.014ms, total 1.714s
2020-09-26 20:45:11 root: INFO: Timer: Time taken for Compile -- optimize: compileLowerer, after LowerArrayAggsToRunAggs : 13.504ms, total 1.714s, tagged coverage 69.5
2020-09-26 20:45:11 root: INFO: Timer: Time taken for Compile : 186.433ms, total 1.826s, tagged coverage 24.3
2020-09-26 20:45:11 root: INFO: Timer: Time taken for InitializeCompiledFunction : 4.669ms, total 1.831s
2020-09-26 20:45:11 root: INFO: Timer: Time taken for RunCompiledFunction : 1.321ms, total 1.833s
2020-09-26 20:45:11 root: INFO: Timer: Time taken for convertRegionValueToAnnotation : 9.153ms, total 1.843s
2020-09-26 20:45:11 root: INFO: Timer: aggregate:
2020-09-26 20:45:11 root: INFO: Timer: Time taken for tag 'Verify' (20): 1.109ms
2020-09-26 20:45:11 root: INFO: Timer: Time taken for tag 'RunCompiledFunction' (1): 1.321ms
2020-09-26 20:45:11 root: INFO: Timer: Time taken for tag 'ForwardRelationalLets' (18): 2.147ms
2020-09-26 20:45:11 root: INFO: Timer: Time taken for tag 'InitializeCompiledFunction' (1): 4.669ms
2020-09-26 20:45:11 root: INFO: Timer: Time taken for tag 'ExtractIntervalFilters' (18): 6.494ms
2020-09-26 20:45:11 root: INFO: Timer: Time taken for tag 'FoldConstants' (18): 8.379ms
2020-09-26 20:45:11 root: INFO: Timer: Time taken for tag 'convertRegionValueToAnnotation' (1): 9.153ms
2020-09-26 20:45:11 root: INFO: Timer: Time taken for tag 'Simplify' (18): 10.974ms
2020-09-26 20:45:11 root: INFO: Timer: Time taken for tag 'PruneDeadFields' (18): 18.307ms
2020-09-26 20:45:11 root: INFO: Timer: Time taken for tag 'ForwardLets' (18): 24.492ms
2020-09-26 20:45:11 root: INFO: Timer: Time taken for tag 'LoweringTransformation' (4): 1.563s
2020-09-26 20:45:11 root: INFO: Timer: Fraction covered by a tagged leaf: 201.654ms (89.1%)
2020-09-26 20:59:10 SparkContext: INFO: Invoking stop() from shutdown hook
2020-09-26 20:59:10 AbstractConnector: INFO: Stopped Spark@4faf4be0{HTTP/1.1,[http/1.1]}{0.0.0.0:4041}
2020-09-26 20:59:10 SparkUI: INFO: Stopped Spark web UI at http://10.26.239.71:4041
2020-09-26 20:59:10 MapOutputTrackerMasterEndpoint: INFO: MapOutputTrackerMasterEndpoint stopped!
2020-09-26 20:59:10 MemoryStore: INFO: MemoryStore cleared
2020-09-26 20:59:10 BlockManager: INFO: BlockManager stopped
2020-09-26 20:59:10 BlockManagerMaster: INFO: BlockManagerMaster stopped
2020-09-26 20:59:10 OutputCommitCoordinator$OutputCommitCoordinatorEndpoint: INFO: OutputCommitCoordinator stopped!
2020-09-26 20:59:11 SparkContext: INFO: Successfully stopped SparkContext
2020-09-26 20:59:11 ShutdownHookManager: INFO: Shutdown hook called
2020-09-26 20:59:11 ShutdownHookManager: INFO: Deleting directory /private/var/folders/v4/w7rkkv_x2_zcsszmps6x2dkm0000gn/T/spark-d607aac1-21c5-4536-b6ba-49572fd0eefe
2020-09-26 20:59:11 ShutdownHookManager: INFO: Deleting directory /private/var/folders/v4/w7rkkv_x2_zcsszmps6x2dkm0000gn/T/spark-eedd9829-217e-4545-b4f9-66a055aa5cd8
2020-09-26 20:59:11 ShutdownHookManager: INFO: Deleting directory /private/var/folders/v4/w7rkkv_x2_zcsszmps6x2dkm0000gn/T/spark-d607aac1-21c5-4536-b6ba-49572fd0eefe/pyspark-f05df7ac-cc49-44ca-babe-ba15525301db
