2020-03-16 12:26:54 Hail: WARN: This Hail JAR was compiled for Spark 2.4.0, running with Spark 2.4.3.
  Compatibility is not guaranteed.
2020-03-16 12:26:54 SparkContext: INFO: Running Spark version 2.4.3
2020-03-16 12:26:54 SparkContext: INFO: Submitted application: Hail
2020-03-16 12:26:55 SparkContext: INFO: Spark configuration:
spark.app.name=Hail
spark.driver.extraClassPath=/anaconda3/envs/hail/lib/python3.6/site-packages/hail/hail-all-spark.jar
spark.driver.maxResultSize=0
spark.executor.extraClassPath=./hail-all-spark.jar
spark.hadoop.google.cloud.auth.service.account.enable=true
spark.hadoop.google.cloud.auth.service.account.json.keyfile=/Users/nbaya/.hail/gcs-keys/gcs-connector-key.json
spark.hadoop.io.compression.codecs=org.apache.hadoop.io.compress.DefaultCodec,is.hail.io.compress.BGzipCodec,is.hail.io.compress.BGzipCodecTbi,org.apache.hadoop.io.compress.GzipCodec
spark.hadoop.mapreduce.input.fileinputformat.split.minsize=0
spark.jars=file:///anaconda3/envs/hail/lib/python3.6/site-packages/hail/hail-all-spark.jar
spark.kryo.registrator=is.hail.kryo.HailKryoRegistrator
spark.kryoserializer.buffer.max=1g
spark.logConf=true
spark.master=local[*]
spark.repl.local.jars=file:///anaconda3/envs/hail/lib/python3.6/site-packages/hail/hail-all-spark.jar
spark.serializer=org.apache.spark.serializer.KryoSerializer
spark.submit.deployMode=client
spark.ui.showConsoleProgress=false
2020-03-16 12:26:55 SecurityManager: INFO: Changing view acls to: nbaya
2020-03-16 12:26:55 SecurityManager: INFO: Changing modify acls to: nbaya
2020-03-16 12:26:55 SecurityManager: INFO: Changing view acls groups to: 
2020-03-16 12:26:55 SecurityManager: INFO: Changing modify acls groups to: 
2020-03-16 12:26:55 SecurityManager: INFO: SecurityManager: authentication disabled; ui acls disabled; users  with view permissions: Set(nbaya); groups with view permissions: Set(); users  with modify permissions: Set(nbaya); groups with modify permissions: Set()
2020-03-16 12:26:55 Utils: INFO: Successfully started service 'sparkDriver' on port 63594.
2020-03-16 12:26:55 SparkEnv: INFO: Registering MapOutputTracker
2020-03-16 12:26:55 SparkEnv: INFO: Registering BlockManagerMaster
2020-03-16 12:26:55 BlockManagerMasterEndpoint: INFO: Using org.apache.spark.storage.DefaultTopologyMapper for getting topology information
2020-03-16 12:26:55 BlockManagerMasterEndpoint: INFO: BlockManagerMasterEndpoint up
2020-03-16 12:26:55 DiskBlockManager: INFO: Created local directory at /private/var/folders/56/q7rh2y5x7hj4n359_13dgwxcmtwz20/T/blockmgr-a91de7c7-4da3-4c40-b2d4-32cf402dbf08
2020-03-16 12:26:55 MemoryStore: INFO: MemoryStore started with capacity 366.3 MB
2020-03-16 12:26:55 SparkEnv: INFO: Registering OutputCommitCoordinator
2020-03-16 12:26:55 log: INFO: Logging initialized @2402ms
2020-03-16 12:26:55 Server: INFO: jetty-9.3.z-SNAPSHOT, build timestamp: unknown, git hash: unknown
2020-03-16 12:26:55 Server: INFO: Started @2474ms
2020-03-16 12:26:55 Utils: WARN: Service 'SparkUI' could not bind on port 4040. Attempting port 4041.
2020-03-16 12:26:55 AbstractConnector: INFO: Started ServerConnector@283add02{HTTP/1.1,[http/1.1]}{0.0.0.0:4041}
2020-03-16 12:26:55 Utils: INFO: Successfully started service 'SparkUI' on port 4041.
2020-03-16 12:26:55 ContextHandler: INFO: Started o.s.j.s.ServletContextHandler@310889aa{/jobs,null,AVAILABLE,@Spark}
2020-03-16 12:26:55 ContextHandler: INFO: Started o.s.j.s.ServletContextHandler@511e8631{/jobs/json,null,AVAILABLE,@Spark}
2020-03-16 12:26:55 ContextHandler: INFO: Started o.s.j.s.ServletContextHandler@55b3b6a2{/jobs/job,null,AVAILABLE,@Spark}
2020-03-16 12:26:55 ContextHandler: INFO: Started o.s.j.s.ServletContextHandler@4beaacee{/jobs/job/json,null,AVAILABLE,@Spark}
2020-03-16 12:26:55 ContextHandler: INFO: Started o.s.j.s.ServletContextHandler@6e6094ac{/stages,null,AVAILABLE,@Spark}
2020-03-16 12:26:55 ContextHandler: INFO: Started o.s.j.s.ServletContextHandler@26ae3964{/stages/json,null,AVAILABLE,@Spark}
2020-03-16 12:26:55 ContextHandler: INFO: Started o.s.j.s.ServletContextHandler@2dcee4fb{/stages/stage,null,AVAILABLE,@Spark}
2020-03-16 12:26:55 ContextHandler: INFO: Started o.s.j.s.ServletContextHandler@ec0e000{/stages/stage/json,null,AVAILABLE,@Spark}
2020-03-16 12:26:55 ContextHandler: INFO: Started o.s.j.s.ServletContextHandler@54f3241f{/stages/pool,null,AVAILABLE,@Spark}
2020-03-16 12:26:55 ContextHandler: INFO: Started o.s.j.s.ServletContextHandler@af3d0d1{/stages/pool/json,null,AVAILABLE,@Spark}
2020-03-16 12:26:55 ContextHandler: INFO: Started o.s.j.s.ServletContextHandler@47f606d3{/storage,null,AVAILABLE,@Spark}
2020-03-16 12:26:55 ContextHandler: INFO: Started o.s.j.s.ServletContextHandler@4ebf2ecd{/storage/json,null,AVAILABLE,@Spark}
2020-03-16 12:26:55 ContextHandler: INFO: Started o.s.j.s.ServletContextHandler@3a138d9{/storage/rdd,null,AVAILABLE,@Spark}
2020-03-16 12:26:55 ContextHandler: INFO: Started o.s.j.s.ServletContextHandler@17c01524{/storage/rdd/json,null,AVAILABLE,@Spark}
2020-03-16 12:26:55 ContextHandler: INFO: Started o.s.j.s.ServletContextHandler@60f74991{/environment,null,AVAILABLE,@Spark}
2020-03-16 12:26:55 ContextHandler: INFO: Started o.s.j.s.ServletContextHandler@5709da04{/environment/json,null,AVAILABLE,@Spark}
2020-03-16 12:26:55 ContextHandler: INFO: Started o.s.j.s.ServletContextHandler@5d6457cc{/executors,null,AVAILABLE,@Spark}
2020-03-16 12:26:55 ContextHandler: INFO: Started o.s.j.s.ServletContextHandler@4a1a1071{/executors/json,null,AVAILABLE,@Spark}
2020-03-16 12:26:55 ContextHandler: INFO: Started o.s.j.s.ServletContextHandler@10fb7362{/executors/threadDump,null,AVAILABLE,@Spark}
2020-03-16 12:26:55 ContextHandler: INFO: Started o.s.j.s.ServletContextHandler@9bb4283{/executors/threadDump/json,null,AVAILABLE,@Spark}
2020-03-16 12:26:55 ContextHandler: INFO: Started o.s.j.s.ServletContextHandler@769eae4f{/static,null,AVAILABLE,@Spark}
2020-03-16 12:26:55 ContextHandler: INFO: Started o.s.j.s.ServletContextHandler@304bcbd5{/,null,AVAILABLE,@Spark}
2020-03-16 12:26:55 ContextHandler: INFO: Started o.s.j.s.ServletContextHandler@7f6a9263{/api,null,AVAILABLE,@Spark}
2020-03-16 12:26:55 ContextHandler: INFO: Started o.s.j.s.ServletContextHandler@2fb00cb1{/jobs/job/kill,null,AVAILABLE,@Spark}
2020-03-16 12:26:55 ContextHandler: INFO: Started o.s.j.s.ServletContextHandler@51697623{/stages/stage/kill,null,AVAILABLE,@Spark}
2020-03-16 12:26:55 SparkUI: INFO: Bound SparkUI to 0.0.0.0, and started at http://192.168.0.110:4041
2020-03-16 12:26:55 SparkContext: INFO: Added JAR file:///anaconda3/envs/hail/lib/python3.6/site-packages/hail/hail-all-spark.jar at spark://192.168.0.110:63594/jars/hail-all-spark.jar with timestamp 1584376015775
2020-03-16 12:26:55 Executor: INFO: Starting executor ID driver on host localhost
2020-03-16 12:26:55 Utils: INFO: Successfully started service 'org.apache.spark.network.netty.NettyBlockTransferService' on port 63595.
2020-03-16 12:26:55 NettyBlockTransferService: INFO: Server created on 192.168.0.110:63595
2020-03-16 12:26:55 BlockManager: INFO: Using org.apache.spark.storage.RandomBlockReplicationPolicy for block replication policy
2020-03-16 12:26:55 BlockManagerMaster: INFO: Registering BlockManager BlockManagerId(driver, 192.168.0.110, 63595, None)
2020-03-16 12:26:55 BlockManagerMasterEndpoint: INFO: Registering block manager 192.168.0.110:63595 with 366.3 MB RAM, BlockManagerId(driver, 192.168.0.110, 63595, None)
2020-03-16 12:26:55 BlockManagerMaster: INFO: Registered BlockManager BlockManagerId(driver, 192.168.0.110, 63595, None)
2020-03-16 12:26:55 BlockManager: INFO: Initialized BlockManager: BlockManagerId(driver, 192.168.0.110, 63595, None)
2020-03-16 12:26:56 ContextHandler: INFO: Started o.s.j.s.ServletContextHandler@2381de07{/metrics/json,null,AVAILABLE,@Spark}
2020-03-16 12:26:56 Hail: INFO: Hail temporary directory: file:/tmp/hail.X4xUD9JGMKZ7
2020-03-16 12:26:56 Hail: INFO: SparkUI: http://192.168.0.110:4041
2020-03-16 12:26:56 Hail: INFO: Running Hail version 0.2.34-914bd8a10ca2
2020-03-16 12:26:56 SparkContext: WARN: Using an existing SparkContext; some configuration may not take effect.
2020-03-16 12:30:36 SparkContext: INFO: Invoking stop() from shutdown hook
2020-03-16 12:30:36 AbstractConnector: INFO: Stopped Spark@283add02{HTTP/1.1,[http/1.1]}{0.0.0.0:4041}
2020-03-16 12:30:36 SparkUI: INFO: Stopped Spark web UI at http://192.168.0.110:4041
2020-03-16 12:30:36 MapOutputTrackerMasterEndpoint: INFO: MapOutputTrackerMasterEndpoint stopped!
2020-03-16 12:30:36 MemoryStore: INFO: MemoryStore cleared
2020-03-16 12:30:36 BlockManager: INFO: BlockManager stopped
2020-03-16 12:30:36 BlockManagerMaster: INFO: BlockManagerMaster stopped
2020-03-16 12:30:36 OutputCommitCoordinator$OutputCommitCoordinatorEndpoint: INFO: OutputCommitCoordinator stopped!
2020-03-16 12:30:36 SparkContext: INFO: Successfully stopped SparkContext
2020-03-16 12:30:36 ShutdownHookManager: INFO: Shutdown hook called
2020-03-16 12:30:36 ShutdownHookManager: INFO: Deleting directory /private/var/folders/56/q7rh2y5x7hj4n359_13dgwxcmtwz20/T/spark-010af7ef-65ac-405e-88b8-638f921922e2
2020-03-16 12:30:36 ShutdownHookManager: INFO: Deleting directory /private/var/folders/56/q7rh2y5x7hj4n359_13dgwxcmtwz20/T/spark-61043f9b-cfb9-4348-92cd-9b5482cd9c97/pyspark-f5d9aab7-e59c-448f-8b04-3c5cd80c9eb9
2020-03-16 12:30:36 ShutdownHookManager: INFO: Deleting directory /private/var/folders/56/q7rh2y5x7hj4n359_13dgwxcmtwz20/T/spark-61043f9b-cfb9-4348-92cd-9b5482cd9c97
