2020-03-23 15:36:34 Hail: WARN: This Hail JAR was compiled for Spark 2.4.0, running with Spark 2.4.3.
  Compatibility is not guaranteed.
2020-03-23 15:36:34 SparkContext: INFO: Running Spark version 2.4.3
2020-03-23 15:36:34 SparkContext: INFO: Submitted application: Hail
2020-03-23 15:36:34 SparkContext: INFO: Spark configuration:
spark.app.name=Hail
spark.driver.extraClassPath=/anaconda3/envs/hail/lib/python3.6/site-packages/hail/hail-all-spark.jar
spark.driver.maxResultSize=0
spark.executor.extraClassPath=./hail-all-spark.jar
spark.hadoop.google.cloud.auth.service.account.enable=true
spark.hadoop.google.cloud.auth.service.account.json.keyfile=/Users/nbaya/.hail/gcs-keys/gcs-connector-key.json
spark.hadoop.io.compression.codecs=org.apache.hadoop.io.compress.DefaultCodec,is.hail.io.compress.BGzipCodec,is.hail.io.compress.BGzipCodecTbi,org.apache.hadoop.io.compress.GzipCodec
spark.hadoop.mapreduce.input.fileinputformat.split.minsize=0
spark.jars=file:///anaconda3/envs/hail/lib/python3.6/site-packages/hail/hail-all-spark.jar
spark.kryo.registrator=is.hail.kryo.HailKryoRegistrator
spark.kryoserializer.buffer.max=1g
spark.logConf=true
spark.master=local[*]
spark.repl.local.jars=file:///anaconda3/envs/hail/lib/python3.6/site-packages/hail/hail-all-spark.jar
spark.serializer=org.apache.spark.serializer.KryoSerializer
spark.submit.deployMode=client
spark.ui.showConsoleProgress=false
2020-03-23 15:36:34 SecurityManager: INFO: Changing view acls to: nbaya
2020-03-23 15:36:34 SecurityManager: INFO: Changing modify acls to: nbaya
2020-03-23 15:36:34 SecurityManager: INFO: Changing view acls groups to: 
2020-03-23 15:36:34 SecurityManager: INFO: Changing modify acls groups to: 
2020-03-23 15:36:34 SecurityManager: INFO: SecurityManager: authentication disabled; ui acls disabled; users  with view permissions: Set(nbaya); groups with view permissions: Set(); users  with modify permissions: Set(nbaya); groups with modify permissions: Set()
2020-03-23 15:36:34 Utils: INFO: Successfully started service 'sparkDriver' on port 56494.
2020-03-23 15:36:34 SparkEnv: INFO: Registering MapOutputTracker
2020-03-23 15:36:34 SparkEnv: INFO: Registering BlockManagerMaster
2020-03-23 15:36:34 BlockManagerMasterEndpoint: INFO: Using org.apache.spark.storage.DefaultTopologyMapper for getting topology information
2020-03-23 15:36:34 BlockManagerMasterEndpoint: INFO: BlockManagerMasterEndpoint up
2020-03-23 15:36:34 DiskBlockManager: INFO: Created local directory at /private/var/folders/56/q7rh2y5x7hj4n359_13dgwxcmtwz20/T/blockmgr-d3e087df-5b64-419b-8596-0e82d165120c
2020-03-23 15:36:34 MemoryStore: INFO: MemoryStore started with capacity 366.3 MB
2020-03-23 15:36:34 SparkEnv: INFO: Registering OutputCommitCoordinator
2020-03-23 15:36:34 log: INFO: Logging initialized @2458ms
2020-03-23 15:36:34 Server: INFO: jetty-9.3.z-SNAPSHOT, build timestamp: unknown, git hash: unknown
2020-03-23 15:36:34 Server: INFO: Started @2547ms
2020-03-23 15:36:34 Utils: WARN: Service 'SparkUI' could not bind on port 4040. Attempting port 4041.
2020-03-23 15:36:34 AbstractConnector: INFO: Started ServerConnector@150e1470{HTTP/1.1,[http/1.1]}{0.0.0.0:4041}
2020-03-23 15:36:34 Utils: INFO: Successfully started service 'SparkUI' on port 4041.
2020-03-23 15:36:34 ContextHandler: INFO: Started o.s.j.s.ServletContextHandler@658facdf{/jobs,null,AVAILABLE,@Spark}
2020-03-23 15:36:34 ContextHandler: INFO: Started o.s.j.s.ServletContextHandler@28fbfa6f{/jobs/json,null,AVAILABLE,@Spark}
2020-03-23 15:36:34 ContextHandler: INFO: Started o.s.j.s.ServletContextHandler@1614098b{/jobs/job,null,AVAILABLE,@Spark}
2020-03-23 15:36:34 ContextHandler: INFO: Started o.s.j.s.ServletContextHandler@5cad1f70{/jobs/job/json,null,AVAILABLE,@Spark}
2020-03-23 15:36:34 ContextHandler: INFO: Started o.s.j.s.ServletContextHandler@2b72ae08{/stages,null,AVAILABLE,@Spark}
2020-03-23 15:36:34 ContextHandler: INFO: Started o.s.j.s.ServletContextHandler@1d1ca2bc{/stages/json,null,AVAILABLE,@Spark}
2020-03-23 15:36:34 ContextHandler: INFO: Started o.s.j.s.ServletContextHandler@632c85cb{/stages/stage,null,AVAILABLE,@Spark}
2020-03-23 15:36:34 ContextHandler: INFO: Started o.s.j.s.ServletContextHandler@1183f08e{/stages/stage/json,null,AVAILABLE,@Spark}
2020-03-23 15:36:34 ContextHandler: INFO: Started o.s.j.s.ServletContextHandler@16863da8{/stages/pool,null,AVAILABLE,@Spark}
2020-03-23 15:36:34 ContextHandler: INFO: Started o.s.j.s.ServletContextHandler@33efab71{/stages/pool/json,null,AVAILABLE,@Spark}
2020-03-23 15:36:34 ContextHandler: INFO: Started o.s.j.s.ServletContextHandler@4fd32b14{/storage,null,AVAILABLE,@Spark}
2020-03-23 15:36:34 ContextHandler: INFO: Started o.s.j.s.ServletContextHandler@415ab5e0{/storage/json,null,AVAILABLE,@Spark}
2020-03-23 15:36:34 ContextHandler: INFO: Started o.s.j.s.ServletContextHandler@6696ab1e{/storage/rdd,null,AVAILABLE,@Spark}
2020-03-23 15:36:34 ContextHandler: INFO: Started o.s.j.s.ServletContextHandler@286c209e{/storage/rdd/json,null,AVAILABLE,@Spark}
2020-03-23 15:36:34 ContextHandler: INFO: Started o.s.j.s.ServletContextHandler@7eb1350c{/environment,null,AVAILABLE,@Spark}
2020-03-23 15:36:34 ContextHandler: INFO: Started o.s.j.s.ServletContextHandler@6ad06a8f{/environment/json,null,AVAILABLE,@Spark}
2020-03-23 15:36:34 ContextHandler: INFO: Started o.s.j.s.ServletContextHandler@394df290{/executors,null,AVAILABLE,@Spark}
2020-03-23 15:36:34 ContextHandler: INFO: Started o.s.j.s.ServletContextHandler@70ec4df7{/executors/json,null,AVAILABLE,@Spark}
2020-03-23 15:36:34 ContextHandler: INFO: Started o.s.j.s.ServletContextHandler@7821fb3{/executors/threadDump,null,AVAILABLE,@Spark}
2020-03-23 15:36:34 ContextHandler: INFO: Started o.s.j.s.ServletContextHandler@6eef99de{/executors/threadDump/json,null,AVAILABLE,@Spark}
2020-03-23 15:36:34 ContextHandler: INFO: Started o.s.j.s.ServletContextHandler@38603fe1{/static,null,AVAILABLE,@Spark}
2020-03-23 15:36:34 ContextHandler: INFO: Started o.s.j.s.ServletContextHandler@53d8db55{/,null,AVAILABLE,@Spark}
2020-03-23 15:36:34 ContextHandler: INFO: Started o.s.j.s.ServletContextHandler@4da627bc{/api,null,AVAILABLE,@Spark}
2020-03-23 15:36:34 ContextHandler: INFO: Started o.s.j.s.ServletContextHandler@5df1708d{/jobs/job/kill,null,AVAILABLE,@Spark}
2020-03-23 15:36:34 ContextHandler: INFO: Started o.s.j.s.ServletContextHandler@2b71b1c7{/stages/stage/kill,null,AVAILABLE,@Spark}
2020-03-23 15:36:34 SparkUI: INFO: Bound SparkUI to 0.0.0.0, and started at http://192.168.0.110:4041
2020-03-23 15:36:34 SparkContext: INFO: Added JAR file:///anaconda3/envs/hail/lib/python3.6/site-packages/hail/hail-all-spark.jar at spark://192.168.0.110:56494/jars/hail-all-spark.jar with timestamp 1584992194935
2020-03-23 15:36:34 Executor: INFO: Starting executor ID driver on host localhost
2020-03-23 15:36:35 Utils: INFO: Successfully started service 'org.apache.spark.network.netty.NettyBlockTransferService' on port 56495.
2020-03-23 15:36:35 NettyBlockTransferService: INFO: Server created on 192.168.0.110:56495
2020-03-23 15:36:35 BlockManager: INFO: Using org.apache.spark.storage.RandomBlockReplicationPolicy for block replication policy
2020-03-23 15:36:35 BlockManagerMaster: INFO: Registering BlockManager BlockManagerId(driver, 192.168.0.110, 56495, None)
2020-03-23 15:36:35 BlockManagerMasterEndpoint: INFO: Registering block manager 192.168.0.110:56495 with 366.3 MB RAM, BlockManagerId(driver, 192.168.0.110, 56495, None)
2020-03-23 15:36:35 BlockManagerMaster: INFO: Registered BlockManager BlockManagerId(driver, 192.168.0.110, 56495, None)
2020-03-23 15:36:35 BlockManager: INFO: Initialized BlockManager: BlockManagerId(driver, 192.168.0.110, 56495, None)
2020-03-23 15:36:35 ContextHandler: INFO: Started o.s.j.s.ServletContextHandler@481646ad{/metrics/json,null,AVAILABLE,@Spark}
2020-03-23 15:36:35 Hail: INFO: Hail temporary directory: file:/tmp/hail.7PSNoa0vYYtt
2020-03-23 15:36:35 Hail: INFO: SparkUI: http://192.168.0.110:4041
2020-03-23 15:36:35 Hail: INFO: Running Hail version 0.2.34-914bd8a10ca2
2020-03-23 15:36:35 SparkContext: WARN: Using an existing SparkContext; some configuration may not take effect.
2020-03-23 15:51:51 SparkContext: INFO: Invoking stop() from shutdown hook
2020-03-23 15:51:51 AbstractConnector: INFO: Stopped Spark@150e1470{HTTP/1.1,[http/1.1]}{0.0.0.0:4041}
2020-03-23 15:51:51 SparkUI: INFO: Stopped Spark web UI at http://192.168.0.110:4041
2020-03-23 15:51:51 MapOutputTrackerMasterEndpoint: INFO: MapOutputTrackerMasterEndpoint stopped!
2020-03-23 15:51:51 MemoryStore: INFO: MemoryStore cleared
2020-03-23 15:51:51 BlockManager: INFO: BlockManager stopped
2020-03-23 15:51:51 BlockManagerMaster: INFO: BlockManagerMaster stopped
2020-03-23 15:51:51 OutputCommitCoordinator$OutputCommitCoordinatorEndpoint: INFO: OutputCommitCoordinator stopped!
2020-03-23 15:51:51 SparkContext: INFO: Successfully stopped SparkContext
2020-03-23 15:51:51 ShutdownHookManager: INFO: Shutdown hook called
2020-03-23 15:51:51 ShutdownHookManager: INFO: Deleting directory /private/var/folders/56/q7rh2y5x7hj4n359_13dgwxcmtwz20/T/spark-4706c436-ce41-4f85-84ff-a725bd2a04b9
2020-03-23 15:51:51 ShutdownHookManager: INFO: Deleting directory /private/var/folders/56/q7rh2y5x7hj4n359_13dgwxcmtwz20/T/spark-6d6a26e7-3d44-4612-8bff-862688df43f4/pyspark-03fdacf8-cb23-4d5e-97e1-2e005f3af38f
2020-03-23 15:51:51 ShutdownHookManager: INFO: Deleting directory /private/var/folders/56/q7rh2y5x7hj4n359_13dgwxcmtwz20/T/spark-6d6a26e7-3d44-4612-8bff-862688df43f4
