2020-09-26 21:09:33 Hail: INFO: Running Hail version 0.2.57-582b2e31b8bd
2020-09-26 21:09:33 SparkContext: WARN: Using an existing SparkContext; some configuration may not take effect.
2020-09-26 21:09:33 root: INFO: RegionPool: initialized for thread 15: Thread-4
2020-09-26 21:09:35 root: INFO: globbing path gs://ukb-diverse-pops-public/sumstats_release/phenotype_manifest.tsv.bgz returned 1 files: phenotype_manifest.tsv.bgz
2020-09-26 21:09:35 Hail: INFO: Loading 48 fields. Counts by type:
  str: 48
2020-09-26 21:09:36 root: INFO: Timer: Time taken for optimize: relationalLowerer, initial IR -- Verify : 0.680ms, total 37.316ms
2020-09-26 21:09:36 root: INFO: optimize optimize: relationalLowerer, initial IR: before: IR size 25: 
(ToArray
  (StreamMap __uid_4
    (ToStream False
      (GetField rows
        (TableCollect
          (TableMapRows
            (TableMapGlobals
              (TableMapRows
                (TableRead None False "{\"files\":[\"gs://ukb-diverse-pops-public/sumstats_release/phenotype_manifest.tsv.bgz\"],\"typeMapStr\":{},\"comment\":[],\"separator\":\"\\t\",\"missing\":[\"NA\"],\"hasHeader\":true,\"quoteStr\":null,\"skipBlankLines\":false,\"forceBGZ\":false,\"filterAndReplace\":{},\"forceGZ\":false,\"name\":\"TextTableReader\"}")
                (InsertFields
                  (SelectFields ()
                    (SelectFields (trait_type phenocode pheno_sex coding modifier description description_more coding_description category n_cases_full_cohort_both_sexes n_cases_full_cohort_females n_cases_full_cohort_males pops num_pops n_cases_AFR n_cases_AMR n_cases_CSA n_cases_EAS n_cases_EUR n_cases_MID n_controls_AFR n_controls_AMR n_controls_CSA n_controls_EAS n_controls_EUR n_controls_MID saige_heritability_AFR saige_heritability_AMR saige_heritability_CSA saige_heritability_EAS saige_heritability_EUR saige_heritability_MID lambda_gc_AFR lambda_gc_AMR lambda_gc_CSA lambda_gc_EAS lambda_gc_EUR lambda_gc_MID filename filename_tabix aws_link aws_link_tabix wget wget_tabix size_in_bytes size_in_bytes_tabix md5_hex md5_hex_tabix)
                      (Ref row)))
                  None
                  (pops
                    (GetField pops
                      (Ref row)))))
              (InsertFields
                (SelectFields ()
                  (SelectFields ()
                    (Ref global)))
                None))
            (InsertFields
              (SelectFields (pops)
                (SelectFields (pops)
                  (Ref row)))
              None)))))
    (GetField pops
      (Ref __uid_4))))
2020-09-26 21:09:36 root: INFO: Timer: Time taken for optimize: relationalLowerer, initial IR -- LoweringTransformation -- Optimize -- FoldConstants : 4.620ms, total 53.599ms
2020-09-26 21:09:36 root: INFO: Timer: Time taken for optimize: relationalLowerer, initial IR -- LoweringTransformation -- Optimize -- ExtractIntervalFilters : 4.730ms, total 58.909ms
2020-09-26 21:09:36 root: INFO: Timer: Time taken for optimize: relationalLowerer, initial IR -- LoweringTransformation -- Optimize -- Simplify : 10.112ms, total 69.554ms
2020-09-26 21:09:36 root: INFO: Timer: Time taken for optimize: relationalLowerer, initial IR -- LoweringTransformation -- Optimize -- ForwardLets : 10.166ms, total 80.535ms
2020-09-26 21:09:36 root: INFO: Timer: Time taken for optimize: relationalLowerer, initial IR -- LoweringTransformation -- Optimize -- ForwardRelationalLets : 1.136ms, total 82.014ms
2020-09-26 21:09:36 root: INFO: Timer: Time taken for optimize: relationalLowerer, initial IR -- LoweringTransformation -- Optimize -- PruneDeadFields : 11.266ms, total 93.724ms
2020-09-26 21:09:36 root: INFO: Timer: Time taken for optimize: relationalLowerer, initial IR -- LoweringTransformation -- Optimize -- FoldConstants : 0.218ms, total 94.222ms
2020-09-26 21:09:36 root: INFO: Timer: Time taken for optimize: relationalLowerer, initial IR -- LoweringTransformation -- Optimize -- ExtractIntervalFilters : 0.079ms, total 94.447ms
2020-09-26 21:09:36 root: INFO: Timer: Time taken for optimize: relationalLowerer, initial IR -- LoweringTransformation -- Optimize -- Simplify : 0.162ms, total 94.717ms
2020-09-26 21:09:36 root: INFO: Timer: Time taken for optimize: relationalLowerer, initial IR -- LoweringTransformation -- Optimize -- ForwardLets : 0.721ms, total 95.573ms
2020-09-26 21:09:36 root: INFO: Timer: Time taken for optimize: relationalLowerer, initial IR -- LoweringTransformation -- Optimize -- ForwardRelationalLets : 0.042ms, total 95.739ms
2020-09-26 21:09:36 root: INFO: Timer: Time taken for optimize: relationalLowerer, initial IR -- LoweringTransformation -- Optimize -- PruneDeadFields : 0.555ms, total 96.419ms
2020-09-26 21:09:36 root: INFO: Timer: Time taken for optimize: relationalLowerer, initial IR -- LoweringTransformation -- Optimize -- FoldConstants : 0.134ms, total 96.703ms
2020-09-26 21:09:36 root: INFO: Timer: Time taken for optimize: relationalLowerer, initial IR -- LoweringTransformation -- Optimize -- ExtractIntervalFilters : 0.073ms, total 96.892ms
2020-09-26 21:09:36 root: INFO: Timer: Time taken for optimize: relationalLowerer, initial IR -- LoweringTransformation -- Optimize -- Simplify : 0.116ms, total 97.115ms
2020-09-26 21:09:36 root: INFO: Timer: Time taken for optimize: relationalLowerer, initial IR -- LoweringTransformation -- Optimize -- ForwardLets : 0.734ms, total 97.962ms
2020-09-26 21:09:36 root: INFO: Timer: Time taken for optimize: relationalLowerer, initial IR -- LoweringTransformation -- Optimize -- ForwardRelationalLets : 0.043ms, total 98.195ms
2020-09-26 21:09:36 root: INFO: Timer: Time taken for optimize: relationalLowerer, initial IR -- LoweringTransformation -- Optimize -- PruneDeadFields : 0.677ms, total 98.999ms
2020-09-26 21:09:36 root: INFO: Timer: Time taken for optimize: relationalLowerer, initial IR -- LoweringTransformation -- Optimize : 50.545ms, total 99.204ms, tagged coverage 90.2
2020-09-26 21:09:36 root: INFO: optimize optimize: relationalLowerer, initial IR: after: IR size 8:
(ToArray
  (StreamMap __iruid_2
    (ToStream False
      (GetField rows
        (TableCollect
          (TableRead Table{global:Struct{},key:[],row:Struct{pops:String}} False "{\"files\":[\"gs://ukb-diverse-pops-public/sumstats_release/phenotype_manifest.tsv.bgz\"],\"typeMapStr\":{},\"comment\":[],\"separator\":\"\\t\",\"missing\":[\"NA\"],\"hasHeader\":true,\"quoteStr\":null,\"skipBlankLines\":false,\"forceBGZ\":false,\"filterAndReplace\":{},\"forceGZ\":false,\"name\":\"TextTableReader\"}"))))
    (GetField pops
      (Ref __iruid_2))))
2020-09-26 21:09:36 root: INFO: Timer: Time taken for optimize: relationalLowerer, initial IR -- LoweringTransformation : 61.890ms, total 101.100ms, tagged coverage 73.7
2020-09-26 21:09:36 root: INFO: Timer: Time taken for optimize: relationalLowerer, initial IR -- Verify : 0.025ms, total 101.503ms
2020-09-26 21:09:36 root: INFO: Timer: Time taken for optimize: relationalLowerer, initial IR : 65.217ms, total 101.625ms, tagged coverage 71.0
2020-09-26 21:09:36 root: INFO: Timer: Time taken for LowerMatrixToTable -- Verify : 0.012ms, total 101.979ms
2020-09-26 21:09:36 root: INFO: Timer: Time taken for LowerMatrixToTable -- LoweringTransformation : 7.308ms, total 109.586ms
2020-09-26 21:09:36 root: INFO: Timer: Time taken for LowerMatrixToTable -- Verify : 0.046ms, total 109.966ms
2020-09-26 21:09:36 root: INFO: Timer: Time taken for LowerMatrixToTable : 8.157ms, total 110.120ms, tagged coverage 90.3
2020-09-26 21:09:36 root: INFO: Timer: Time taken for optimize: relationalLowerer, after LowerMatrixToTable -- Verify : 0.011ms, total 110.418ms
2020-09-26 21:09:36 root: INFO: optimize optimize: relationalLowerer, after LowerMatrixToTable: before: IR size 8: 
(ToArray
  (StreamMap __iruid_2
    (ToStream False
      (GetField rows
        (TableCollect
          (TableRead Table{global:Struct{},key:[],row:Struct{pops:String}} False "{\"files\":[\"gs://ukb-diverse-pops-public/sumstats_release/phenotype_manifest.tsv.bgz\"],\"typeMapStr\":{},\"comment\":[],\"separator\":\"\\t\",\"missing\":[\"NA\"],\"hasHeader\":true,\"quoteStr\":null,\"skipBlankLines\":false,\"forceBGZ\":false,\"filterAndReplace\":{},\"forceGZ\":false,\"name\":\"TextTableReader\"}"))))
    (GetField pops
      (Ref __iruid_2))))
2020-09-26 21:09:36 root: INFO: Timer: Time taken for optimize: relationalLowerer, after LowerMatrixToTable -- LoweringTransformation -- Optimize -- FoldConstants : 0.222ms, total 111.642ms
2020-09-26 21:09:36 root: INFO: Timer: Time taken for optimize: relationalLowerer, after LowerMatrixToTable -- LoweringTransformation -- Optimize -- ExtractIntervalFilters : 0.162ms, total 112.079ms
2020-09-26 21:09:36 root: INFO: Timer: Time taken for optimize: relationalLowerer, after LowerMatrixToTable -- LoweringTransformation -- Optimize -- Simplify : 0.161ms, total 112.502ms
2020-09-26 21:09:36 root: INFO: Timer: Time taken for optimize: relationalLowerer, after LowerMatrixToTable -- LoweringTransformation -- Optimize -- ForwardLets : 0.906ms, total 113.579ms
2020-09-26 21:09:36 root: INFO: Timer: Time taken for optimize: relationalLowerer, after LowerMatrixToTable -- LoweringTransformation -- Optimize -- ForwardRelationalLets : 0.155ms, total 114.057ms
2020-09-26 21:09:36 root: INFO: Timer: Time taken for optimize: relationalLowerer, after LowerMatrixToTable -- LoweringTransformation -- Optimize -- PruneDeadFields : 0.781ms, total 115.078ms
2020-09-26 21:09:36 root: INFO: Timer: Time taken for optimize: relationalLowerer, after LowerMatrixToTable -- LoweringTransformation -- Optimize -- FoldConstants : 0.237ms, total 115.674ms
2020-09-26 21:09:36 root: INFO: Timer: Time taken for optimize: relationalLowerer, after LowerMatrixToTable -- LoweringTransformation -- Optimize -- ExtractIntervalFilters : 0.057ms, total 115.967ms
2020-09-26 21:09:36 root: INFO: Timer: Time taken for optimize: relationalLowerer, after LowerMatrixToTable -- LoweringTransformation -- Optimize -- Simplify : 0.106ms, total 116.342ms
2020-09-26 21:09:36 root: INFO: Timer: Time taken for optimize: relationalLowerer, after LowerMatrixToTable -- LoweringTransformation -- Optimize -- ForwardLets : 1.058ms, total 117.590ms
2020-09-26 21:09:36 root: INFO: Timer: Time taken for optimize: relationalLowerer, after LowerMatrixToTable -- LoweringTransformation -- Optimize -- ForwardRelationalLets : 0.069ms, total 117.949ms
2020-09-26 21:09:36 root: INFO: Timer: Time taken for optimize: relationalLowerer, after LowerMatrixToTable -- LoweringTransformation -- Optimize -- PruneDeadFields : 0.689ms, total 118.833ms
2020-09-26 21:09:36 root: INFO: Timer: Time taken for optimize: relationalLowerer, after LowerMatrixToTable -- LoweringTransformation -- Optimize -- FoldConstants : 0.712ms, total 120.311ms
2020-09-26 21:09:36 root: INFO: Timer: Time taken for optimize: relationalLowerer, after LowerMatrixToTable -- LoweringTransformation -- Optimize -- ExtractIntervalFilters : 0.079ms, total 120.750ms
2020-09-26 21:09:36 root: INFO: Timer: Time taken for optimize: relationalLowerer, after LowerMatrixToTable -- LoweringTransformation -- Optimize -- Simplify : 0.297ms, total 121.250ms
2020-09-26 21:09:36 root: INFO: Timer: Time taken for optimize: relationalLowerer, after LowerMatrixToTable -- LoweringTransformation -- Optimize -- ForwardLets : 1.313ms, total 122.856ms
2020-09-26 21:09:36 root: INFO: Timer: Time taken for optimize: relationalLowerer, after LowerMatrixToTable -- LoweringTransformation -- Optimize -- ForwardRelationalLets : 0.060ms, total 123.293ms
2020-09-26 21:09:36 root: INFO: Timer: Time taken for optimize: relationalLowerer, after LowerMatrixToTable -- LoweringTransformation -- Optimize -- PruneDeadFields : 0.996ms, total 124.540ms
2020-09-26 21:09:36 root: INFO: Timer: Time taken for optimize: relationalLowerer, after LowerMatrixToTable -- LoweringTransformation -- Optimize : 13.430ms, total 124.845ms, tagged coverage 60.0
2020-09-26 21:09:36 root: INFO: optimize optimize: relationalLowerer, after LowerMatrixToTable: after: IR size 8:
(ToArray
  (StreamMap __iruid_5
    (ToStream False
      (GetField rows
        (TableCollect
          (TableRead Table{global:Struct{},key:[],row:Struct{pops:String}} False "{\"files\":[\"gs://ukb-diverse-pops-public/sumstats_release/phenotype_manifest.tsv.bgz\"],\"typeMapStr\":{},\"comment\":[],\"separator\":\"\\t\",\"missing\":[\"NA\"],\"hasHeader\":true,\"quoteStr\":null,\"skipBlankLines\":false,\"forceBGZ\":false,\"filterAndReplace\":{},\"forceGZ\":false,\"name\":\"TextTableReader\"}"))))
    (GetField pops
      (Ref __iruid_5))))
2020-09-26 21:09:36 root: INFO: Timer: Time taken for optimize: relationalLowerer, after LowerMatrixToTable -- LoweringTransformation : 15.442ms, total 125.996ms, tagged coverage 52.2
2020-09-26 21:09:36 root: INFO: Timer: Time taken for optimize: relationalLowerer, after LowerMatrixToTable -- Verify : 0.021ms, total 126.384ms
2020-09-26 21:09:36 root: INFO: Timer: Time taken for optimize: relationalLowerer, after LowerMatrixToTable : 17.544ms, total 127.947ms, tagged coverage 46.1
2020-09-26 21:09:36 root: INFO: Timer: Time taken for InterpretNonCompilable -- Verify : 0.021ms, total 128.416ms
2020-09-26 21:09:36 root: INFO: interpreting non compilable node: TableCollect
2020-09-26 21:09:36 MemoryStore: INFO: Block broadcast_0 stored as values in memory (estimated size 238.6 KB, free 366.1 MB)
2020-09-26 21:09:36 MemoryStore: INFO: Block broadcast_0_piece0 stored as bytes in memory (estimated size 23.4 KB, free 366.0 MB)
2020-09-26 21:09:36 BlockManagerInfo: INFO: Added broadcast_0_piece0 in memory on 10.26.239.71:54764 (size: 23.4 KB, free: 366.3 MB)
2020-09-26 21:09:36 SparkContext: INFO: Created broadcast 0 from broadcast at SparkBackend.scala:233
2020-09-26 21:09:36 root: INFO: encoder cache miss (0 hits, 1 misses, 0.000)
2020-09-26 21:09:36 root: INFO: instruction count: 6: __C1etypeEncode.<init>
2020-09-26 21:09:36 root: INFO: instruction count: 8: __C1etypeEncode.apply
2020-09-26 21:09:36 root: INFO: instruction count: 39: __C1etypeEncode.__m2ENCODE_r_tuple_of_o_stringEND_TO_r_struct_of_o_binaryEND
2020-09-26 21:09:36 root: INFO: instruction count: 19: __C1etypeEncode.__m3ENCODE_o_binary_TO_o_binary
2020-09-26 21:09:36 SparkContext: INFO: Starting job: collect at RVD.scala:762
2020-09-26 21:09:36 DAGScheduler: INFO: Got job 0 (collect at RVD.scala:762) with 1 output partitions
2020-09-26 21:09:36 DAGScheduler: INFO: Final stage: ResultStage 0 (collect at RVD.scala:762)
2020-09-26 21:09:36 DAGScheduler: INFO: Parents of final stage: List()
2020-09-26 21:09:36 DAGScheduler: INFO: Missing parents: List()
2020-09-26 21:09:36 DAGScheduler: INFO: Submitting ResultStage 0 (MapPartitionsRDD[3] at mapPartitions at ContextRDD.scala:160), which has no missing parents
2020-09-26 21:09:36 MemoryStore: INFO: Block broadcast_1 stored as values in memory (estimated size 16.2 KB, free 366.0 MB)
2020-09-26 21:09:36 MemoryStore: INFO: Block broadcast_1_piece0 stored as bytes in memory (estimated size 8.8 KB, free 366.0 MB)
2020-09-26 21:09:36 BlockManagerInfo: INFO: Added broadcast_1_piece0 in memory on 10.26.239.71:54764 (size: 8.8 KB, free: 366.3 MB)
2020-09-26 21:09:36 SparkContext: INFO: Created broadcast 1 from broadcast at DAGScheduler.scala:1161
2020-09-26 21:09:37 DAGScheduler: INFO: Submitting 1 missing tasks from ResultStage 0 (MapPartitionsRDD[3] at mapPartitions at ContextRDD.scala:160) (first 15 tasks are for partitions Vector(0))
2020-09-26 21:09:37 TaskSchedulerImpl: INFO: Adding task set 0.0 with 1 tasks
2020-09-26 21:09:37 TaskSetManager: INFO: Starting task 0.0 in stage 0.0 (TID 0, localhost, executor driver, partition 0, PROCESS_LOCAL, 7999 bytes)
2020-09-26 21:09:37 Executor: INFO: Running task 0.0 in stage 0.0 (TID 0)
2020-09-26 21:09:37 root: INFO: RegionPool: initialized for thread 60: Executor task launch worker for task 0
2020-09-26 21:09:37 Executor: INFO: Finished task 0.0 in stage 0.0 (TID 0). 145368 bytes result sent to driver
2020-09-26 21:09:37 TaskSetManager: INFO: Finished task 0.0 in stage 0.0 (TID 0) in 662 ms on localhost (executor driver) (1/1)
2020-09-26 21:09:37 TaskSchedulerImpl: INFO: Removed TaskSet 0.0, whose tasks have all completed, from pool 
2020-09-26 21:09:37 DAGScheduler: INFO: ResultStage 0 (collect at RVD.scala:762) finished in 0.724 s
2020-09-26 21:09:37 DAGScheduler: INFO: Job 0 finished: collect at RVD.scala:762, took 0.766764 s
2020-09-26 21:09:37 root: INFO: decoder cache miss (0 hits, 1 misses, 0.000
2020-09-26 21:09:37 root: INFO: instruction count: 6: __C4etypeDecode.<init>
2020-09-26 21:09:37 root: INFO: instruction count: 8: __C4etypeDecode.apply
2020-09-26 21:09:37 root: INFO: instruction count: 38: __C4etypeDecode.__m5DECODE_r_struct_of_o_binaryEND_TO_r_tuple_of_o_stringEND
2020-09-26 21:09:37 root: INFO: instruction count: 32: __C4etypeDecode.__m6read_fields_group_0
2020-09-26 21:09:37 root: INFO: instruction count: 34: __C4etypeDecode.__m7INPLACE_DECODE_o_binary_TO_o_binary
2020-09-26 21:09:37 root: INFO: took 1.572s
2020-09-26 21:09:37 root: INFO: Timer: Time taken for InterpretNonCompilable -- LoweringTransformation : 1.575s, total 1.703s
2020-09-26 21:09:37 root: INFO: Timer: Time taken for InterpretNonCompilable -- Verify : 0.250ms, total 1.704s
2020-09-26 21:09:37 root: INFO: Timer: Time taken for InterpretNonCompilable : 1.576s, total 1.704s, tagged coverage 100.0
2020-09-26 21:09:37 root: INFO: Timer: Time taken for optimize: relationalLowerer, after InterpretNonCompilable -- Verify : 0.010ms, total 1.704s
2020-09-26 21:09:37 root: INFO: optimize optimize: relationalLowerer, after InterpretNonCompilable: before: IR size 7: 
(ToArray
  (StreamMap __iruid_5
    (ToStream False
      (GetField rows
        (Literal Struct{rows:Array[Struct{pops:String}],global:Struct{}} <literal value>)))
    (GetField pops
      (Ref __iruid_5))))
2020-09-26 21:09:37 root: INFO: Timer: Time taken for optimize: relationalLowerer, after InterpretNonCompilable -- LoweringTransformation -- Optimize -- FoldConstants : 0.673ms, total 1.705s
2020-09-26 21:09:37 root: INFO: Timer: Time taken for optimize: relationalLowerer, after InterpretNonCompilable -- LoweringTransformation -- Optimize -- ExtractIntervalFilters : 0.053ms, total 1.706s
2020-09-26 21:09:37 root: INFO: Timer: Time taken for optimize: relationalLowerer, after InterpretNonCompilable -- LoweringTransformation -- Optimize -- Simplify : 0.089ms, total 1.706s
2020-09-26 21:09:37 root: INFO: Timer: Time taken for optimize: relationalLowerer, after InterpretNonCompilable -- LoweringTransformation -- Optimize -- ForwardLets : 0.654ms, total 1.707s
2020-09-26 21:09:37 root: INFO: Timer: Time taken for optimize: relationalLowerer, after InterpretNonCompilable -- LoweringTransformation -- Optimize -- ForwardRelationalLets : 0.075ms, total 1.707s
2020-09-26 21:09:37 root: INFO: Timer: Time taken for optimize: relationalLowerer, after InterpretNonCompilable -- LoweringTransformation -- Optimize -- PruneDeadFields : 0.351ms, total 1.707s
2020-09-26 21:09:37 root: INFO: Timer: Time taken for optimize: relationalLowerer, after InterpretNonCompilable -- LoweringTransformation -- Optimize -- FoldConstants : 0.110ms, total 1.708s
2020-09-26 21:09:37 root: INFO: Timer: Time taken for optimize: relationalLowerer, after InterpretNonCompilable -- LoweringTransformation -- Optimize -- ExtractIntervalFilters : 0.021ms, total 1.708s
2020-09-26 21:09:37 root: INFO: Timer: Time taken for optimize: relationalLowerer, after InterpretNonCompilable -- LoweringTransformation -- Optimize -- Simplify : 0.065ms, total 1.708s
2020-09-26 21:09:37 root: INFO: Timer: Time taken for optimize: relationalLowerer, after InterpretNonCompilable -- LoweringTransformation -- Optimize -- ForwardLets : 0.592ms, total 1.709s
2020-09-26 21:09:37 root: INFO: Timer: Time taken for optimize: relationalLowerer, after InterpretNonCompilable -- LoweringTransformation -- Optimize -- ForwardRelationalLets : 0.050ms, total 1.709s
2020-09-26 21:09:37 root: INFO: Timer: Time taken for optimize: relationalLowerer, after InterpretNonCompilable -- LoweringTransformation -- Optimize -- PruneDeadFields : 0.289ms, total 1.709s
2020-09-26 21:09:37 root: INFO: Timer: Time taken for optimize: relationalLowerer, after InterpretNonCompilable -- LoweringTransformation -- Optimize -- FoldConstants : 0.149ms, total 1.710s
2020-09-26 21:09:37 root: INFO: Timer: Time taken for optimize: relationalLowerer, after InterpretNonCompilable -- LoweringTransformation -- Optimize -- ExtractIntervalFilters : 0.031ms, total 1.710s
2020-09-26 21:09:37 root: INFO: Timer: Time taken for optimize: relationalLowerer, after InterpretNonCompilable -- LoweringTransformation -- Optimize -- Simplify : 0.093ms, total 1.710s
2020-09-26 21:09:37 root: INFO: Timer: Time taken for optimize: relationalLowerer, after InterpretNonCompilable -- LoweringTransformation -- Optimize -- ForwardLets : 0.548ms, total 1.711s
2020-09-26 21:09:37 root: INFO: Timer: Time taken for optimize: relationalLowerer, after InterpretNonCompilable -- LoweringTransformation -- Optimize -- ForwardRelationalLets : 0.058ms, total 1.711s
2020-09-26 21:09:37 root: INFO: Timer: Time taken for optimize: relationalLowerer, after InterpretNonCompilable -- LoweringTransformation -- Optimize -- PruneDeadFields : 0.345ms, total 1.712s
2020-09-26 21:09:37 root: INFO: Timer: Time taken for optimize: relationalLowerer, after InterpretNonCompilable -- LoweringTransformation -- Optimize : 6.921ms, total 1.712s, tagged coverage 61.4
2020-09-26 21:09:37 root: INFO: optimize optimize: relationalLowerer, after InterpretNonCompilable: after: IR size 6:
(ToArray
  (StreamMap __iruid_8
    (ToStream False
      (Literal Array[Struct{pops:String}] <literal value>))
    (GetField pops
      (Ref __iruid_8))))
2020-09-26 21:09:37 root: INFO: Timer: Time taken for optimize: relationalLowerer, after InterpretNonCompilable -- LoweringTransformation : 7.706ms, total 1.712s, tagged coverage 55.1
2020-09-26 21:09:37 root: INFO: Timer: Time taken for optimize: relationalLowerer, after InterpretNonCompilable -- Verify : 0.012ms, total 1.712s
2020-09-26 21:09:37 root: INFO: Timer: Time taken for optimize: relationalLowerer, after InterpretNonCompilable : 8.159ms, total 1.712s, tagged coverage 52.3
2020-09-26 21:09:37 root: INFO: Timer: Time taken for Compile -- optimize: compileLowerer, initial IR -- Verify : 0.015ms, total 1.725s
2020-09-26 21:09:37 root: INFO: optimize optimize: compileLowerer, initial IR: before: IR size 7: 
(MakeTuple (0)
  (ToArray
    (StreamMap __iruid_8
      (ToStream False
        (Literal Array[Struct{pops:String}] <literal value>))
      (GetField pops
        (Ref __iruid_8)))))
2020-09-26 21:09:37 root: INFO: Timer: Time taken for Compile -- optimize: compileLowerer, initial IR -- LoweringTransformation -- Optimize -- FoldConstants : 1.076ms, total 1.727s
2020-09-26 21:09:37 root: INFO: Timer: Time taken for Compile -- optimize: compileLowerer, initial IR -- LoweringTransformation -- Optimize -- ExtractIntervalFilters : 0.043ms, total 1.728s
2020-09-26 21:09:37 root: INFO: Timer: Time taken for Compile -- optimize: compileLowerer, initial IR -- LoweringTransformation -- Optimize -- Simplify : 0.094ms, total 1.728s
2020-09-26 21:09:37 root: INFO: Timer: Time taken for Compile -- optimize: compileLowerer, initial IR -- LoweringTransformation -- Optimize -- ForwardLets : 0.585ms, total 1.729s
2020-09-26 21:09:37 root: INFO: Timer: Time taken for Compile -- optimize: compileLowerer, initial IR -- LoweringTransformation -- Optimize -- ForwardRelationalLets : 0.052ms, total 1.729s
2020-09-26 21:09:37 root: INFO: Timer: Time taken for Compile -- optimize: compileLowerer, initial IR -- LoweringTransformation -- Optimize -- PruneDeadFields : 1.709ms, total 1.731s
2020-09-26 21:09:37 root: INFO: Timer: Time taken for Compile -- optimize: compileLowerer, initial IR -- LoweringTransformation -- Optimize -- FoldConstants : 0.224ms, total 1.731s
2020-09-26 21:09:37 root: INFO: Timer: Time taken for Compile -- optimize: compileLowerer, initial IR -- LoweringTransformation -- Optimize -- ExtractIntervalFilters : 0.057ms, total 1.731s
2020-09-26 21:09:37 root: INFO: Timer: Time taken for Compile -- optimize: compileLowerer, initial IR -- LoweringTransformation -- Optimize -- Simplify : 0.121ms, total 1.732s
2020-09-26 21:09:37 root: INFO: Timer: Time taken for Compile -- optimize: compileLowerer, initial IR -- LoweringTransformation -- Optimize -- ForwardLets : 0.702ms, total 1.732s
2020-09-26 21:09:37 root: INFO: Timer: Time taken for Compile -- optimize: compileLowerer, initial IR -- LoweringTransformation -- Optimize -- ForwardRelationalLets : 0.092ms, total 1.733s
2020-09-26 21:09:37 root: INFO: Timer: Time taken for Compile -- optimize: compileLowerer, initial IR -- LoweringTransformation -- Optimize -- PruneDeadFields : 0.520ms, total 1.733s
2020-09-26 21:09:37 root: INFO: Timer: Time taken for Compile -- optimize: compileLowerer, initial IR -- LoweringTransformation -- Optimize -- FoldConstants : 0.224ms, total 1.734s
2020-09-26 21:09:37 root: INFO: Timer: Time taken for Compile -- optimize: compileLowerer, initial IR -- LoweringTransformation -- Optimize -- ExtractIntervalFilters : 0.050ms, total 1.734s
2020-09-26 21:09:37 root: INFO: Timer: Time taken for Compile -- optimize: compileLowerer, initial IR -- LoweringTransformation -- Optimize -- Simplify : 0.114ms, total 1.735s
2020-09-26 21:09:37 root: INFO: Timer: Time taken for Compile -- optimize: compileLowerer, initial IR -- LoweringTransformation -- Optimize -- ForwardLets : 0.496ms, total 1.735s
2020-09-26 21:09:37 root: INFO: Timer: Time taken for Compile -- optimize: compileLowerer, initial IR -- LoweringTransformation -- Optimize -- ForwardRelationalLets : 0.053ms, total 1.735s
2020-09-26 21:09:37 root: INFO: Timer: Time taken for Compile -- optimize: compileLowerer, initial IR -- LoweringTransformation -- Optimize -- PruneDeadFields : 0.357ms, total 1.736s
2020-09-26 21:09:37 root: INFO: Timer: Time taken for Compile -- optimize: compileLowerer, initial IR -- LoweringTransformation -- Optimize : 9.737ms, total 1.736s, tagged coverage 67.5
2020-09-26 21:09:37 root: INFO: optimize optimize: compileLowerer, initial IR: after: IR size 7:
(MakeTuple (0)
  (ToArray
    (StreamMap __iruid_11
      (ToStream False
        (Literal Array[Struct{pops:String}] <literal value>))
      (GetField pops
        (Ref __iruid_11)))))
2020-09-26 21:09:37 root: INFO: Timer: Time taken for Compile -- optimize: compileLowerer, initial IR -- LoweringTransformation : 10.690ms, total 1.736s, tagged coverage 61.5
2020-09-26 21:09:37 root: INFO: Timer: Time taken for Compile -- optimize: compileLowerer, initial IR -- Verify : 0.010ms, total 1.736s
2020-09-26 21:09:37 root: INFO: Timer: Time taken for Compile -- optimize: compileLowerer, initial IR : 11.164ms, total 1.737s, tagged coverage 59.1
2020-09-26 21:09:37 root: INFO: Timer: Time taken for Compile -- InlineApplyIR -- Verify : 0.016ms, total 1.738s
2020-09-26 21:09:37 root: INFO: Timer: Time taken for Compile -- InlineApplyIR -- LoweringTransformation : 0.220ms, total 1.738s
2020-09-26 21:09:37 root: INFO: Timer: Time taken for Compile -- InlineApplyIR -- Verify : 0.028ms, total 1.738s
2020-09-26 21:09:37 root: INFO: Timer: Time taken for Compile -- InlineApplyIR : 0.650ms, total 1.738s, tagged coverage 40.7
2020-09-26 21:09:37 root: INFO: Timer: Time taken for Compile -- optimize: compileLowerer, after InlineApplyIR -- Verify : 0.010ms, total 1.738s
2020-09-26 21:09:37 root: INFO: optimize optimize: compileLowerer, after InlineApplyIR: before: IR size 7: 
(MakeTuple (0)
  (ToArray
    (StreamMap __iruid_11
      (ToStream False
        (Literal Array[Struct{pops:String}] <literal value>))
      (GetField pops
        (Ref __iruid_11)))))
2020-09-26 21:09:37 root: INFO: Timer: Time taken for Compile -- optimize: compileLowerer, after InlineApplyIR -- LoweringTransformation -- Optimize -- FoldConstants : 0.139ms, total 1.739s
2020-09-26 21:09:37 root: INFO: Timer: Time taken for Compile -- optimize: compileLowerer, after InlineApplyIR -- LoweringTransformation -- Optimize -- ExtractIntervalFilters : 0.039ms, total 1.739s
2020-09-26 21:09:37 root: INFO: Timer: Time taken for Compile -- optimize: compileLowerer, after InlineApplyIR -- LoweringTransformation -- Optimize -- Simplify : 0.079ms, total 1.739s
2020-09-26 21:09:37 root: INFO: Timer: Time taken for Compile -- optimize: compileLowerer, after InlineApplyIR -- LoweringTransformation -- Optimize -- ForwardLets : 0.477ms, total 1.740s
2020-09-26 21:09:37 root: INFO: Timer: Time taken for Compile -- optimize: compileLowerer, after InlineApplyIR -- LoweringTransformation -- Optimize -- ForwardRelationalLets : 0.056ms, total 1.740s
2020-09-26 21:09:37 root: INFO: Timer: Time taken for Compile -- optimize: compileLowerer, after InlineApplyIR -- LoweringTransformation -- Optimize -- PruneDeadFields : 0.356ms, total 1.741s
2020-09-26 21:09:37 root: INFO: Timer: Time taken for Compile -- optimize: compileLowerer, after InlineApplyIR -- LoweringTransformation -- Optimize -- FoldConstants : 0.175ms, total 1.741s
2020-09-26 21:09:37 root: INFO: Timer: Time taken for Compile -- optimize: compileLowerer, after InlineApplyIR -- LoweringTransformation -- Optimize -- ExtractIntervalFilters : 0.033ms, total 1.741s
2020-09-26 21:09:37 root: INFO: Timer: Time taken for Compile -- optimize: compileLowerer, after InlineApplyIR -- LoweringTransformation -- Optimize -- Simplify : 0.161ms, total 1.741s
2020-09-26 21:09:37 root: INFO: Timer: Time taken for Compile -- optimize: compileLowerer, after InlineApplyIR -- LoweringTransformation -- Optimize -- ForwardLets : 0.719ms, total 1.742s
2020-09-26 21:09:37 root: INFO: Timer: Time taken for Compile -- optimize: compileLowerer, after InlineApplyIR -- LoweringTransformation -- Optimize -- ForwardRelationalLets : 0.049ms, total 1.742s
2020-09-26 21:09:37 root: INFO: Timer: Time taken for Compile -- optimize: compileLowerer, after InlineApplyIR -- LoweringTransformation -- Optimize -- PruneDeadFields : 1.541ms, total 1.744s
2020-09-26 21:09:37 root: INFO: Timer: Time taken for Compile -- optimize: compileLowerer, after InlineApplyIR -- LoweringTransformation -- Optimize -- FoldConstants : 0.310ms, total 1.744s
2020-09-26 21:09:37 root: INFO: Timer: Time taken for Compile -- optimize: compileLowerer, after InlineApplyIR -- LoweringTransformation -- Optimize -- ExtractIntervalFilters : 0.047ms, total 1.745s
2020-09-26 21:09:37 root: INFO: Timer: Time taken for Compile -- optimize: compileLowerer, after InlineApplyIR -- LoweringTransformation -- Optimize -- Simplify : 0.076ms, total 1.745s
2020-09-26 21:09:37 root: INFO: Timer: Time taken for Compile -- optimize: compileLowerer, after InlineApplyIR -- LoweringTransformation -- Optimize -- ForwardLets : 0.446ms, total 1.745s
2020-09-26 21:09:37 root: INFO: Timer: Time taken for Compile -- optimize: compileLowerer, after InlineApplyIR -- LoweringTransformation -- Optimize -- ForwardRelationalLets : 0.050ms, total 1.746s
2020-09-26 21:09:37 root: INFO: Timer: Time taken for Compile -- optimize: compileLowerer, after InlineApplyIR -- LoweringTransformation -- Optimize -- PruneDeadFields : 0.360ms, total 1.746s
2020-09-26 21:09:37 root: INFO: Timer: Time taken for Compile -- optimize: compileLowerer, after InlineApplyIR -- LoweringTransformation -- Optimize : 7.311ms, total 1.746s, tagged coverage 70.0
2020-09-26 21:09:37 root: INFO: optimize optimize: compileLowerer, after InlineApplyIR: after: IR size 7:
(MakeTuple (0)
  (ToArray
    (StreamMap __iruid_14
      (ToStream False
        (Literal Array[Struct{pops:String}] <literal value>))
      (GetField pops
        (Ref __iruid_14)))))
2020-09-26 21:09:37 root: INFO: Timer: Time taken for Compile -- optimize: compileLowerer, after InlineApplyIR -- LoweringTransformation : 7.992ms, total 1.747s, tagged coverage 64.0
2020-09-26 21:09:37 root: INFO: Timer: Time taken for Compile -- optimize: compileLowerer, after InlineApplyIR -- Verify : 0.028ms, total 1.747s
2020-09-26 21:09:37 root: INFO: Timer: Time taken for Compile -- optimize: compileLowerer, after InlineApplyIR : 8.406ms, total 1.747s, tagged coverage 61.3
2020-09-26 21:09:37 root: INFO: Timer: Time taken for Compile -- LowerArrayAggsToRunAggs -- Verify : 0.018ms, total 1.747s
2020-09-26 21:09:37 root: INFO: Timer: Time taken for Compile -- LowerArrayAggsToRunAggs -- LoweringTransformation : 22.376ms, total 1.770s
2020-09-26 21:09:37 root: INFO: Timer: Time taken for Compile -- LowerArrayAggsToRunAggs -- Verify : 0.182ms, total 1.770s
2020-09-26 21:09:37 root: INFO: Timer: Time taken for Compile -- LowerArrayAggsToRunAggs : 23.091ms, total 1.770s, tagged coverage 97.8
2020-09-26 21:09:37 root: INFO: Timer: Time taken for Compile -- optimize: compileLowerer, after LowerArrayAggsToRunAggs -- Verify : 0.010ms, total 1.771s
2020-09-26 21:09:37 root: INFO: optimize optimize: compileLowerer, after LowerArrayAggsToRunAggs: before: IR size 7: 
(MakeTuple (0)
  (ToArray
    (StreamMap __iruid_14
      (ToStream False
        (Literal Array[Struct{pops:String}] <literal value>))
      (GetField pops
        (Ref __iruid_14)))))
2020-09-26 21:09:37 root: INFO: Timer: Time taken for Compile -- optimize: compileLowerer, after LowerArrayAggsToRunAggs -- LoweringTransformation -- Optimize -- FoldConstants : 0.177ms, total 1.771s
2020-09-26 21:09:37 root: INFO: Timer: Time taken for Compile -- optimize: compileLowerer, after LowerArrayAggsToRunAggs -- LoweringTransformation -- Optimize -- ExtractIntervalFilters : 0.038ms, total 1.772s
2020-09-26 21:09:37 root: INFO: Timer: Time taken for Compile -- optimize: compileLowerer, after LowerArrayAggsToRunAggs -- LoweringTransformation -- Optimize -- Simplify : 0.087ms, total 1.772s
2020-09-26 21:09:37 root: INFO: Timer: Time taken for Compile -- optimize: compileLowerer, after LowerArrayAggsToRunAggs -- LoweringTransformation -- Optimize -- ForwardLets : 0.668ms, total 1.772s
2020-09-26 21:09:37 root: INFO: Timer: Time taken for Compile -- optimize: compileLowerer, after LowerArrayAggsToRunAggs -- LoweringTransformation -- Optimize -- ForwardRelationalLets : 0.052ms, total 1.773s
2020-09-26 21:09:37 root: INFO: Timer: Time taken for Compile -- optimize: compileLowerer, after LowerArrayAggsToRunAggs -- LoweringTransformation -- Optimize -- PruneDeadFields : 0.293ms, total 1.773s
2020-09-26 21:09:37 root: INFO: Timer: Time taken for Compile -- optimize: compileLowerer, after LowerArrayAggsToRunAggs -- LoweringTransformation -- Optimize -- FoldConstants : 0.120ms, total 1.773s
2020-09-26 21:09:37 root: INFO: Timer: Time taken for Compile -- optimize: compileLowerer, after LowerArrayAggsToRunAggs -- LoweringTransformation -- Optimize -- ExtractIntervalFilters : 0.026ms, total 1.773s
2020-09-26 21:09:37 root: INFO: Timer: Time taken for Compile -- optimize: compileLowerer, after LowerArrayAggsToRunAggs -- LoweringTransformation -- Optimize -- Simplify : 0.071ms, total 1.774s
2020-09-26 21:09:37 root: INFO: Timer: Time taken for Compile -- optimize: compileLowerer, after LowerArrayAggsToRunAggs -- LoweringTransformation -- Optimize -- ForwardLets : 5.125ms, total 1.779s
2020-09-26 21:09:37 root: INFO: Timer: Time taken for Compile -- optimize: compileLowerer, after LowerArrayAggsToRunAggs -- LoweringTransformation -- Optimize -- ForwardRelationalLets : 0.061ms, total 1.779s
2020-09-26 21:09:37 root: INFO: Timer: Time taken for Compile -- optimize: compileLowerer, after LowerArrayAggsToRunAggs -- LoweringTransformation -- Optimize -- PruneDeadFields : 0.312ms, total 1.780s
2020-09-26 21:09:37 root: INFO: Timer: Time taken for Compile -- optimize: compileLowerer, after LowerArrayAggsToRunAggs -- LoweringTransformation -- Optimize -- FoldConstants : 0.115ms, total 1.780s
2020-09-26 21:09:37 root: INFO: Timer: Time taken for Compile -- optimize: compileLowerer, after LowerArrayAggsToRunAggs -- LoweringTransformation -- Optimize -- ExtractIntervalFilters : 0.030ms, total 1.780s
2020-09-26 21:09:37 root: INFO: Timer: Time taken for Compile -- optimize: compileLowerer, after LowerArrayAggsToRunAggs -- LoweringTransformation -- Optimize -- Simplify : 0.069ms, total 1.780s
2020-09-26 21:09:37 root: INFO: Timer: Time taken for Compile -- optimize: compileLowerer, after LowerArrayAggsToRunAggs -- LoweringTransformation -- Optimize -- ForwardLets : 0.553ms, total 1.781s
2020-09-26 21:09:37 root: INFO: Timer: Time taken for Compile -- optimize: compileLowerer, after LowerArrayAggsToRunAggs -- LoweringTransformation -- Optimize -- ForwardRelationalLets : 0.073ms, total 1.781s
2020-09-26 21:09:37 root: INFO: Timer: Time taken for Compile -- optimize: compileLowerer, after LowerArrayAggsToRunAggs -- LoweringTransformation -- Optimize -- PruneDeadFields : 0.344ms, total 1.782s
2020-09-26 21:09:37 root: INFO: Timer: Time taken for Compile -- optimize: compileLowerer, after LowerArrayAggsToRunAggs -- LoweringTransformation -- Optimize : 10.581ms, total 1.782s, tagged coverage 77.6
2020-09-26 21:09:37 root: INFO: optimize optimize: compileLowerer, after LowerArrayAggsToRunAggs: after: IR size 7:
(MakeTuple (0)
  (ToArray
    (StreamMap __iruid_17
      (ToStream False
        (Literal Array[Struct{pops:String}] <literal value>))
      (GetField pops
        (Ref __iruid_17)))))
2020-09-26 21:09:37 root: INFO: Timer: Time taken for Compile -- optimize: compileLowerer, after LowerArrayAggsToRunAggs -- LoweringTransformation : 11.455ms, total 1.782s, tagged coverage 71.7
2020-09-26 21:09:37 root: INFO: Timer: Time taken for Compile -- optimize: compileLowerer, after LowerArrayAggsToRunAggs -- Verify : 0.010ms, total 1.782s
2020-09-26 21:09:37 root: INFO: Timer: Time taken for Compile -- optimize: compileLowerer, after LowerArrayAggsToRunAggs : 11.842ms, total 1.782s, tagged coverage 69.5
2020-09-26 21:09:37 root: INFO: encoder cache miss (0 hits, 2 misses, 0.000)
2020-09-26 21:09:37 root: INFO: instruction count: 6: __C32etypeEncode.<init>
2020-09-26 21:09:37 root: INFO: instruction count: 8: __C32etypeEncode.apply
2020-09-26 21:09:37 root: INFO: instruction count: 16: __C32etypeEncode.__m33ENCODE_r_tuple_of_r_array_of_r_tuple_of_r_stringENDEND_TO_r_struct_of_r_array_of_r_struct_of_r_binaryENDEND
2020-09-26 21:09:37 root: INFO: instruction count: 53: __C32etypeEncode.__m34ENCODE_r_array_of_r_tuple_of_r_binaryEND_TO_r_array_of_r_struct_of_r_binaryEND
2020-09-26 21:09:37 root: INFO: instruction count: 16: __C32etypeEncode.__m35ENCODE_r_tuple_of_r_binaryEND_TO_r_struct_of_r_binaryEND
2020-09-26 21:09:37 root: INFO: instruction count: 19: __C32etypeEncode.__m36ENCODE_r_binary_TO_r_binary
2020-09-26 21:09:37 root: INFO: RegionPool: REPORT_THRESHOLD: 256.0K allocated (256.0K blocks / 0 chunks), regions.size = 2, 0 current java objects, 0 max java objects, thread 15: Thread-4
2020-09-26 21:09:37 MemoryStore: INFO: Block broadcast_2 stored as values in memory (estimated size 84.2 KB, free 365.9 MB)
2020-09-26 21:09:37 MemoryStore: INFO: Block broadcast_2_piece0 stored as bytes in memory (estimated size 13.0 KB, free 365.9 MB)
2020-09-26 21:09:37 BlockManagerInfo: INFO: Added broadcast_2_piece0 in memory on 10.26.239.71:54764 (size: 13.0 KB, free: 366.3 MB)
2020-09-26 21:09:37 SparkContext: INFO: Created broadcast 2 from broadcast at SparkBackend.scala:233
2020-09-26 21:09:37 root: INFO: instruction count: 6: __C8Compiled.<init>
2020-09-26 21:09:37 root: INFO: instruction count: 135: __C8Compiled.apply
2020-09-26 21:09:37 root: INFO: instruction count: 8: __C8Compiled.__m21addIRIntermediate
2020-09-26 21:09:37 root: INFO: instruction count: 8: __C8Compiled.__m22addIRIntermediate
2020-09-26 21:09:37 root: INFO: instruction count: 14: __C8Compiled.setPartitionIndex
2020-09-26 21:09:37 root: INFO: instruction count: 7: __C8Compiled.addPartitionRegion
2020-09-26 21:09:37 root: INFO: instruction count: 25: __C8Compiled.__m25DECODE_r_struct_of_r_array_of_r_struct_of_r_binaryENDEND_TO_r_tuple_of_r_array_of_r_tuple_of_r_stringENDEND
2020-09-26 21:09:37 root: INFO: instruction count: 11: __C8Compiled.__m26read_fields_group_0
2020-09-26 21:09:37 root: INFO: instruction count: 58: __C8Compiled.__m27INPLACE_DECODE_r_array_of_r_struct_of_r_binaryEND_TO_r_array_of_r_tuple_of_r_binaryEND
2020-09-26 21:09:37 root: INFO: instruction count: 17: __C8Compiled.__m28INPLACE_DECODE_r_struct_of_r_binaryEND_TO_r_tuple_of_r_binaryEND
2020-09-26 21:09:37 root: INFO: instruction count: 11: __C8Compiled.__m29read_fields_group_0
2020-09-26 21:09:37 root: INFO: instruction count: 34: __C8Compiled.__m30INPLACE_DECODE_r_binary_TO_r_binary
2020-09-26 21:09:37 root: INFO: instruction count: 55: __C8Compiled.addLiterals
2020-09-26 21:09:37 root: INFO: Timer: Time taken for Compile : 172.108ms, total 1.885s, tagged coverage 24.9
2020-09-26 21:09:37 root: INFO: Timer: Time taken for InitializeCompiledFunction : 5.655ms, total 1.892s
2020-09-26 21:09:37 root: INFO: Timer: Time taken for RunCompiledFunction : 1.154ms, total 1.893s
2020-09-26 21:09:37 root: INFO: Timer: Time taken for convertRegionValueToAnnotation : 7.671ms, total 1.902s
2020-09-26 21:09:37 root: INFO: Timer: all timings:
2020-09-26 21:09:37 root: INFO: Timer: Time taken for optimize: relationalLowerer, initial IR -- Verify : 0.680ms, total 37.316ms
2020-09-26 21:09:37 root: INFO: Timer: Time taken for optimize: relationalLowerer, initial IR -- LoweringTransformation -- Optimize -- FoldConstants : 4.620ms, total 53.599ms
2020-09-26 21:09:37 root: INFO: Timer: Time taken for optimize: relationalLowerer, initial IR -- LoweringTransformation -- Optimize -- ExtractIntervalFilters : 4.730ms, total 58.909ms
2020-09-26 21:09:37 root: INFO: Timer: Time taken for optimize: relationalLowerer, initial IR -- LoweringTransformation -- Optimize -- Simplify : 10.112ms, total 69.554ms
2020-09-26 21:09:37 root: INFO: Timer: Time taken for optimize: relationalLowerer, initial IR -- LoweringTransformation -- Optimize -- ForwardLets : 10.166ms, total 80.535ms
2020-09-26 21:09:37 root: INFO: Timer: Time taken for optimize: relationalLowerer, initial IR -- LoweringTransformation -- Optimize -- ForwardRelationalLets : 1.136ms, total 82.014ms
2020-09-26 21:09:37 root: INFO: Timer: Time taken for optimize: relationalLowerer, initial IR -- LoweringTransformation -- Optimize -- PruneDeadFields : 11.266ms, total 93.724ms
2020-09-26 21:09:37 root: INFO: Timer: Time taken for optimize: relationalLowerer, initial IR -- LoweringTransformation -- Optimize -- FoldConstants : 0.218ms, total 94.222ms
2020-09-26 21:09:37 root: INFO: Timer: Time taken for optimize: relationalLowerer, initial IR -- LoweringTransformation -- Optimize -- ExtractIntervalFilters : 0.079ms, total 94.447ms
2020-09-26 21:09:37 root: INFO: Timer: Time taken for optimize: relationalLowerer, initial IR -- LoweringTransformation -- Optimize -- Simplify : 0.162ms, total 94.717ms
2020-09-26 21:09:37 root: INFO: Timer: Time taken for optimize: relationalLowerer, initial IR -- LoweringTransformation -- Optimize -- ForwardLets : 0.721ms, total 95.573ms
2020-09-26 21:09:37 root: INFO: Timer: Time taken for optimize: relationalLowerer, initial IR -- LoweringTransformation -- Optimize -- ForwardRelationalLets : 0.042ms, total 95.739ms
2020-09-26 21:09:37 root: INFO: Timer: Time taken for optimize: relationalLowerer, initial IR -- LoweringTransformation -- Optimize -- PruneDeadFields : 0.555ms, total 96.419ms
2020-09-26 21:09:37 root: INFO: Timer: Time taken for optimize: relationalLowerer, initial IR -- LoweringTransformation -- Optimize -- FoldConstants : 0.134ms, total 96.703ms
2020-09-26 21:09:37 root: INFO: Timer: Time taken for optimize: relationalLowerer, initial IR -- LoweringTransformation -- Optimize -- ExtractIntervalFilters : 0.073ms, total 96.892ms
2020-09-26 21:09:37 root: INFO: Timer: Time taken for optimize: relationalLowerer, initial IR -- LoweringTransformation -- Optimize -- Simplify : 0.116ms, total 97.115ms
2020-09-26 21:09:37 root: INFO: Timer: Time taken for optimize: relationalLowerer, initial IR -- LoweringTransformation -- Optimize -- ForwardLets : 0.734ms, total 97.962ms
2020-09-26 21:09:37 root: INFO: Timer: Time taken for optimize: relationalLowerer, initial IR -- LoweringTransformation -- Optimize -- ForwardRelationalLets : 0.043ms, total 98.195ms
2020-09-26 21:09:37 root: INFO: Timer: Time taken for optimize: relationalLowerer, initial IR -- LoweringTransformation -- Optimize -- PruneDeadFields : 0.677ms, total 98.999ms
2020-09-26 21:09:37 root: INFO: Timer: Time taken for optimize: relationalLowerer, initial IR -- LoweringTransformation -- Optimize : 50.545ms, total 99.204ms, tagged coverage 90.2
2020-09-26 21:09:37 root: INFO: Timer: Time taken for optimize: relationalLowerer, initial IR -- LoweringTransformation : 61.890ms, total 101.100ms, tagged coverage 73.7
2020-09-26 21:09:37 root: INFO: Timer: Time taken for optimize: relationalLowerer, initial IR -- Verify : 0.025ms, total 101.503ms
2020-09-26 21:09:37 root: INFO: Timer: Time taken for optimize: relationalLowerer, initial IR : 65.217ms, total 101.625ms, tagged coverage 71.0
2020-09-26 21:09:37 root: INFO: Timer: Time taken for LowerMatrixToTable -- Verify : 0.012ms, total 101.979ms
2020-09-26 21:09:37 root: INFO: Timer: Time taken for LowerMatrixToTable -- LoweringTransformation : 7.308ms, total 109.586ms
2020-09-26 21:09:37 root: INFO: Timer: Time taken for LowerMatrixToTable -- Verify : 0.046ms, total 109.966ms
2020-09-26 21:09:37 root: INFO: Timer: Time taken for LowerMatrixToTable : 8.157ms, total 110.120ms, tagged coverage 90.3
2020-09-26 21:09:37 root: INFO: Timer: Time taken for optimize: relationalLowerer, after LowerMatrixToTable -- Verify : 0.011ms, total 110.418ms
2020-09-26 21:09:37 root: INFO: Timer: Time taken for optimize: relationalLowerer, after LowerMatrixToTable -- LoweringTransformation -- Optimize -- FoldConstants : 0.222ms, total 111.642ms
2020-09-26 21:09:37 root: INFO: Timer: Time taken for optimize: relationalLowerer, after LowerMatrixToTable -- LoweringTransformation -- Optimize -- ExtractIntervalFilters : 0.162ms, total 112.079ms
2020-09-26 21:09:37 root: INFO: Timer: Time taken for optimize: relationalLowerer, after LowerMatrixToTable -- LoweringTransformation -- Optimize -- Simplify : 0.161ms, total 112.502ms
2020-09-26 21:09:37 root: INFO: Timer: Time taken for optimize: relationalLowerer, after LowerMatrixToTable -- LoweringTransformation -- Optimize -- ForwardLets : 0.906ms, total 113.579ms
2020-09-26 21:09:37 root: INFO: Timer: Time taken for optimize: relationalLowerer, after LowerMatrixToTable -- LoweringTransformation -- Optimize -- ForwardRelationalLets : 0.155ms, total 114.057ms
2020-09-26 21:09:37 root: INFO: Timer: Time taken for optimize: relationalLowerer, after LowerMatrixToTable -- LoweringTransformation -- Optimize -- PruneDeadFields : 0.781ms, total 115.078ms
2020-09-26 21:09:37 root: INFO: Timer: Time taken for optimize: relationalLowerer, after LowerMatrixToTable -- LoweringTransformation -- Optimize -- FoldConstants : 0.237ms, total 115.674ms
2020-09-26 21:09:37 root: INFO: Timer: Time taken for optimize: relationalLowerer, after LowerMatrixToTable -- LoweringTransformation -- Optimize -- ExtractIntervalFilters : 0.057ms, total 115.967ms
2020-09-26 21:09:37 root: INFO: Timer: Time taken for optimize: relationalLowerer, after LowerMatrixToTable -- LoweringTransformation -- Optimize -- Simplify : 0.106ms, total 116.342ms
2020-09-26 21:09:37 root: INFO: Timer: Time taken for optimize: relationalLowerer, after LowerMatrixToTable -- LoweringTransformation -- Optimize -- ForwardLets : 1.058ms, total 117.590ms
2020-09-26 21:09:37 root: INFO: Timer: Time taken for optimize: relationalLowerer, after LowerMatrixToTable -- LoweringTransformation -- Optimize -- ForwardRelationalLets : 0.069ms, total 117.949ms
2020-09-26 21:09:37 root: INFO: Timer: Time taken for optimize: relationalLowerer, after LowerMatrixToTable -- LoweringTransformation -- Optimize -- PruneDeadFields : 0.689ms, total 118.833ms
2020-09-26 21:09:37 root: INFO: Timer: Time taken for optimize: relationalLowerer, after LowerMatrixToTable -- LoweringTransformation -- Optimize -- FoldConstants : 0.712ms, total 120.311ms
2020-09-26 21:09:37 root: INFO: Timer: Time taken for optimize: relationalLowerer, after LowerMatrixToTable -- LoweringTransformation -- Optimize -- ExtractIntervalFilters : 0.079ms, total 120.750ms
2020-09-26 21:09:37 root: INFO: Timer: Time taken for optimize: relationalLowerer, after LowerMatrixToTable -- LoweringTransformation -- Optimize -- Simplify : 0.297ms, total 121.250ms
2020-09-26 21:09:37 root: INFO: Timer: Time taken for optimize: relationalLowerer, after LowerMatrixToTable -- LoweringTransformation -- Optimize -- ForwardLets : 1.313ms, total 122.856ms
2020-09-26 21:09:37 root: INFO: Timer: Time taken for optimize: relationalLowerer, after LowerMatrixToTable -- LoweringTransformation -- Optimize -- ForwardRelationalLets : 0.060ms, total 123.293ms
2020-09-26 21:09:37 root: INFO: Timer: Time taken for optimize: relationalLowerer, after LowerMatrixToTable -- LoweringTransformation -- Optimize -- PruneDeadFields : 0.996ms, total 124.540ms
2020-09-26 21:09:37 root: INFO: Timer: Time taken for optimize: relationalLowerer, after LowerMatrixToTable -- LoweringTransformation -- Optimize : 13.430ms, total 124.845ms, tagged coverage 60.0
2020-09-26 21:09:37 root: INFO: Timer: Time taken for optimize: relationalLowerer, after LowerMatrixToTable -- LoweringTransformation : 15.442ms, total 125.996ms, tagged coverage 52.2
2020-09-26 21:09:37 root: INFO: Timer: Time taken for optimize: relationalLowerer, after LowerMatrixToTable -- Verify : 0.021ms, total 126.384ms
2020-09-26 21:09:37 root: INFO: Timer: Time taken for optimize: relationalLowerer, after LowerMatrixToTable : 17.544ms, total 127.947ms, tagged coverage 46.1
2020-09-26 21:09:37 root: INFO: Timer: Time taken for InterpretNonCompilable -- Verify : 0.021ms, total 128.416ms
2020-09-26 21:09:37 root: INFO: Timer: Time taken for InterpretNonCompilable -- LoweringTransformation : 1.575s, total 1.703s
2020-09-26 21:09:37 root: INFO: Timer: Time taken for InterpretNonCompilable -- Verify : 0.250ms, total 1.704s
2020-09-26 21:09:37 root: INFO: Timer: Time taken for InterpretNonCompilable : 1.576s, total 1.704s, tagged coverage 100.0
2020-09-26 21:09:37 root: INFO: Timer: Time taken for optimize: relationalLowerer, after InterpretNonCompilable -- Verify : 0.010ms, total 1.704s
2020-09-26 21:09:37 root: INFO: Timer: Time taken for optimize: relationalLowerer, after InterpretNonCompilable -- LoweringTransformation -- Optimize -- FoldConstants : 0.673ms, total 1.705s
2020-09-26 21:09:37 root: INFO: Timer: Time taken for optimize: relationalLowerer, after InterpretNonCompilable -- LoweringTransformation -- Optimize -- ExtractIntervalFilters : 0.053ms, total 1.706s
2020-09-26 21:09:37 root: INFO: Timer: Time taken for optimize: relationalLowerer, after InterpretNonCompilable -- LoweringTransformation -- Optimize -- Simplify : 0.089ms, total 1.706s
2020-09-26 21:09:37 root: INFO: Timer: Time taken for optimize: relationalLowerer, after InterpretNonCompilable -- LoweringTransformation -- Optimize -- ForwardLets : 0.654ms, total 1.707s
2020-09-26 21:09:37 root: INFO: Timer: Time taken for optimize: relationalLowerer, after InterpretNonCompilable -- LoweringTransformation -- Optimize -- ForwardRelationalLets : 0.075ms, total 1.707s
2020-09-26 21:09:37 root: INFO: Timer: Time taken for optimize: relationalLowerer, after InterpretNonCompilable -- LoweringTransformation -- Optimize -- PruneDeadFields : 0.351ms, total 1.707s
2020-09-26 21:09:37 root: INFO: Timer: Time taken for optimize: relationalLowerer, after InterpretNonCompilable -- LoweringTransformation -- Optimize -- FoldConstants : 0.110ms, total 1.708s
2020-09-26 21:09:37 root: INFO: Timer: Time taken for optimize: relationalLowerer, after InterpretNonCompilable -- LoweringTransformation -- Optimize -- ExtractIntervalFilters : 0.021ms, total 1.708s
2020-09-26 21:09:37 root: INFO: Timer: Time taken for optimize: relationalLowerer, after InterpretNonCompilable -- LoweringTransformation -- Optimize -- Simplify : 0.065ms, total 1.708s
2020-09-26 21:09:37 root: INFO: Timer: Time taken for optimize: relationalLowerer, after InterpretNonCompilable -- LoweringTransformation -- Optimize -- ForwardLets : 0.592ms, total 1.709s
2020-09-26 21:09:37 root: INFO: Timer: Time taken for optimize: relationalLowerer, after InterpretNonCompilable -- LoweringTransformation -- Optimize -- ForwardRelationalLets : 0.050ms, total 1.709s
2020-09-26 21:09:37 root: INFO: Timer: Time taken for optimize: relationalLowerer, after InterpretNonCompilable -- LoweringTransformation -- Optimize -- PruneDeadFields : 0.289ms, total 1.709s
2020-09-26 21:09:37 root: INFO: Timer: Time taken for optimize: relationalLowerer, after InterpretNonCompilable -- LoweringTransformation -- Optimize -- FoldConstants : 0.149ms, total 1.710s
2020-09-26 21:09:37 root: INFO: Timer: Time taken for optimize: relationalLowerer, after InterpretNonCompilable -- LoweringTransformation -- Optimize -- ExtractIntervalFilters : 0.031ms, total 1.710s
2020-09-26 21:09:37 root: INFO: Timer: Time taken for optimize: relationalLowerer, after InterpretNonCompilable -- LoweringTransformation -- Optimize -- Simplify : 0.093ms, total 1.710s
2020-09-26 21:09:37 root: INFO: Timer: Time taken for optimize: relationalLowerer, after InterpretNonCompilable -- LoweringTransformation -- Optimize -- ForwardLets : 0.548ms, total 1.711s
2020-09-26 21:09:37 root: INFO: Timer: Time taken for optimize: relationalLowerer, after InterpretNonCompilable -- LoweringTransformation -- Optimize -- ForwardRelationalLets : 0.058ms, total 1.711s
2020-09-26 21:09:37 root: INFO: Timer: Time taken for optimize: relationalLowerer, after InterpretNonCompilable -- LoweringTransformation -- Optimize -- PruneDeadFields : 0.345ms, total 1.712s
2020-09-26 21:09:37 root: INFO: Timer: Time taken for optimize: relationalLowerer, after InterpretNonCompilable -- LoweringTransformation -- Optimize : 6.921ms, total 1.712s, tagged coverage 61.4
2020-09-26 21:09:37 root: INFO: Timer: Time taken for optimize: relationalLowerer, after InterpretNonCompilable -- LoweringTransformation : 7.706ms, total 1.712s, tagged coverage 55.1
2020-09-26 21:09:37 root: INFO: Timer: Time taken for optimize: relationalLowerer, after InterpretNonCompilable -- Verify : 0.012ms, total 1.712s
2020-09-26 21:09:37 root: INFO: Timer: Time taken for optimize: relationalLowerer, after InterpretNonCompilable : 8.159ms, total 1.712s, tagged coverage 52.3
2020-09-26 21:09:37 root: INFO: Timer: Time taken for Compile -- optimize: compileLowerer, initial IR -- Verify : 0.015ms, total 1.725s
2020-09-26 21:09:37 root: INFO: Timer: Time taken for Compile -- optimize: compileLowerer, initial IR -- LoweringTransformation -- Optimize -- FoldConstants : 1.076ms, total 1.727s
2020-09-26 21:09:37 root: INFO: Timer: Time taken for Compile -- optimize: compileLowerer, initial IR -- LoweringTransformation -- Optimize -- ExtractIntervalFilters : 0.043ms, total 1.728s
2020-09-26 21:09:37 root: INFO: Timer: Time taken for Compile -- optimize: compileLowerer, initial IR -- LoweringTransformation -- Optimize -- Simplify : 0.094ms, total 1.728s
2020-09-26 21:09:37 root: INFO: Timer: Time taken for Compile -- optimize: compileLowerer, initial IR -- LoweringTransformation -- Optimize -- ForwardLets : 0.585ms, total 1.729s
2020-09-26 21:09:37 root: INFO: Timer: Time taken for Compile -- optimize: compileLowerer, initial IR -- LoweringTransformation -- Optimize -- ForwardRelationalLets : 0.052ms, total 1.729s
2020-09-26 21:09:37 root: INFO: Timer: Time taken for Compile -- optimize: compileLowerer, initial IR -- LoweringTransformation -- Optimize -- PruneDeadFields : 1.709ms, total 1.731s
2020-09-26 21:09:37 root: INFO: Timer: Time taken for Compile -- optimize: compileLowerer, initial IR -- LoweringTransformation -- Optimize -- FoldConstants : 0.224ms, total 1.731s
2020-09-26 21:09:37 root: INFO: Timer: Time taken for Compile -- optimize: compileLowerer, initial IR -- LoweringTransformation -- Optimize -- ExtractIntervalFilters : 0.057ms, total 1.731s
2020-09-26 21:09:37 root: INFO: Timer: Time taken for Compile -- optimize: compileLowerer, initial IR -- LoweringTransformation -- Optimize -- Simplify : 0.121ms, total 1.732s
2020-09-26 21:09:37 root: INFO: Timer: Time taken for Compile -- optimize: compileLowerer, initial IR -- LoweringTransformation -- Optimize -- ForwardLets : 0.702ms, total 1.732s
2020-09-26 21:09:37 root: INFO: Timer: Time taken for Compile -- optimize: compileLowerer, initial IR -- LoweringTransformation -- Optimize -- ForwardRelationalLets : 0.092ms, total 1.733s
2020-09-26 21:09:37 root: INFO: Timer: Time taken for Compile -- optimize: compileLowerer, initial IR -- LoweringTransformation -- Optimize -- PruneDeadFields : 0.520ms, total 1.733s
2020-09-26 21:09:37 root: INFO: Timer: Time taken for Compile -- optimize: compileLowerer, initial IR -- LoweringTransformation -- Optimize -- FoldConstants : 0.224ms, total 1.734s
2020-09-26 21:09:37 root: INFO: Timer: Time taken for Compile -- optimize: compileLowerer, initial IR -- LoweringTransformation -- Optimize -- ExtractIntervalFilters : 0.050ms, total 1.734s
2020-09-26 21:09:37 root: INFO: Timer: Time taken for Compile -- optimize: compileLowerer, initial IR -- LoweringTransformation -- Optimize -- Simplify : 0.114ms, total 1.735s
2020-09-26 21:09:37 root: INFO: Timer: Time taken for Compile -- optimize: compileLowerer, initial IR -- LoweringTransformation -- Optimize -- ForwardLets : 0.496ms, total 1.735s
2020-09-26 21:09:37 root: INFO: Timer: Time taken for Compile -- optimize: compileLowerer, initial IR -- LoweringTransformation -- Optimize -- ForwardRelationalLets : 0.053ms, total 1.735s
2020-09-26 21:09:37 root: INFO: Timer: Time taken for Compile -- optimize: compileLowerer, initial IR -- LoweringTransformation -- Optimize -- PruneDeadFields : 0.357ms, total 1.736s
2020-09-26 21:09:37 root: INFO: Timer: Time taken for Compile -- optimize: compileLowerer, initial IR -- LoweringTransformation -- Optimize : 9.737ms, total 1.736s, tagged coverage 67.5
2020-09-26 21:09:37 root: INFO: Timer: Time taken for Compile -- optimize: compileLowerer, initial IR -- LoweringTransformation : 10.690ms, total 1.736s, tagged coverage 61.5
2020-09-26 21:09:37 root: INFO: Timer: Time taken for Compile -- optimize: compileLowerer, initial IR -- Verify : 0.010ms, total 1.736s
2020-09-26 21:09:37 root: INFO: Timer: Time taken for Compile -- optimize: compileLowerer, initial IR : 11.164ms, total 1.737s, tagged coverage 59.1
2020-09-26 21:09:37 root: INFO: Timer: Time taken for Compile -- InlineApplyIR -- Verify : 0.016ms, total 1.738s
2020-09-26 21:09:37 root: INFO: Timer: Time taken for Compile -- InlineApplyIR -- LoweringTransformation : 0.220ms, total 1.738s
2020-09-26 21:09:37 root: INFO: Timer: Time taken for Compile -- InlineApplyIR -- Verify : 0.028ms, total 1.738s
2020-09-26 21:09:37 root: INFO: Timer: Time taken for Compile -- InlineApplyIR : 0.650ms, total 1.738s, tagged coverage 40.7
2020-09-26 21:09:37 root: INFO: Timer: Time taken for Compile -- optimize: compileLowerer, after InlineApplyIR -- Verify : 0.010ms, total 1.738s
2020-09-26 21:09:37 root: INFO: Timer: Time taken for Compile -- optimize: compileLowerer, after InlineApplyIR -- LoweringTransformation -- Optimize -- FoldConstants : 0.139ms, total 1.739s
2020-09-26 21:09:37 root: INFO: Timer: Time taken for Compile -- optimize: compileLowerer, after InlineApplyIR -- LoweringTransformation -- Optimize -- ExtractIntervalFilters : 0.039ms, total 1.739s
2020-09-26 21:09:37 root: INFO: Timer: Time taken for Compile -- optimize: compileLowerer, after InlineApplyIR -- LoweringTransformation -- Optimize -- Simplify : 0.079ms, total 1.739s
2020-09-26 21:09:37 root: INFO: Timer: Time taken for Compile -- optimize: compileLowerer, after InlineApplyIR -- LoweringTransformation -- Optimize -- ForwardLets : 0.477ms, total 1.740s
2020-09-26 21:09:37 root: INFO: Timer: Time taken for Compile -- optimize: compileLowerer, after InlineApplyIR -- LoweringTransformation -- Optimize -- ForwardRelationalLets : 0.056ms, total 1.740s
2020-09-26 21:09:37 root: INFO: Timer: Time taken for Compile -- optimize: compileLowerer, after InlineApplyIR -- LoweringTransformation -- Optimize -- PruneDeadFields : 0.356ms, total 1.741s
2020-09-26 21:09:37 root: INFO: Timer: Time taken for Compile -- optimize: compileLowerer, after InlineApplyIR -- LoweringTransformation -- Optimize -- FoldConstants : 0.175ms, total 1.741s
2020-09-26 21:09:37 root: INFO: Timer: Time taken for Compile -- optimize: compileLowerer, after InlineApplyIR -- LoweringTransformation -- Optimize -- ExtractIntervalFilters : 0.033ms, total 1.741s
2020-09-26 21:09:37 root: INFO: Timer: Time taken for Compile -- optimize: compileLowerer, after InlineApplyIR -- LoweringTransformation -- Optimize -- Simplify : 0.161ms, total 1.741s
2020-09-26 21:09:37 root: INFO: Timer: Time taken for Compile -- optimize: compileLowerer, after InlineApplyIR -- LoweringTransformation -- Optimize -- ForwardLets : 0.719ms, total 1.742s
2020-09-26 21:09:37 root: INFO: Timer: Time taken for Compile -- optimize: compileLowerer, after InlineApplyIR -- LoweringTransformation -- Optimize -- ForwardRelationalLets : 0.049ms, total 1.742s
2020-09-26 21:09:37 root: INFO: Timer: Time taken for Compile -- optimize: compileLowerer, after InlineApplyIR -- LoweringTransformation -- Optimize -- PruneDeadFields : 1.541ms, total 1.744s
2020-09-26 21:09:37 root: INFO: Timer: Time taken for Compile -- optimize: compileLowerer, after InlineApplyIR -- LoweringTransformation -- Optimize -- FoldConstants : 0.310ms, total 1.744s
2020-09-26 21:09:37 root: INFO: Timer: Time taken for Compile -- optimize: compileLowerer, after InlineApplyIR -- LoweringTransformation -- Optimize -- ExtractIntervalFilters : 0.047ms, total 1.745s
2020-09-26 21:09:37 root: INFO: Timer: Time taken for Compile -- optimize: compileLowerer, after InlineApplyIR -- LoweringTransformation -- Optimize -- Simplify : 0.076ms, total 1.745s
2020-09-26 21:09:37 root: INFO: Timer: Time taken for Compile -- optimize: compileLowerer, after InlineApplyIR -- LoweringTransformation -- Optimize -- ForwardLets : 0.446ms, total 1.745s
2020-09-26 21:09:37 root: INFO: Timer: Time taken for Compile -- optimize: compileLowerer, after InlineApplyIR -- LoweringTransformation -- Optimize -- ForwardRelationalLets : 0.050ms, total 1.746s
2020-09-26 21:09:37 root: INFO: Timer: Time taken for Compile -- optimize: compileLowerer, after InlineApplyIR -- LoweringTransformation -- Optimize -- PruneDeadFields : 0.360ms, total 1.746s
2020-09-26 21:09:37 root: INFO: Timer: Time taken for Compile -- optimize: compileLowerer, after InlineApplyIR -- LoweringTransformation -- Optimize : 7.311ms, total 1.746s, tagged coverage 70.0
2020-09-26 21:09:37 root: INFO: Timer: Time taken for Compile -- optimize: compileLowerer, after InlineApplyIR -- LoweringTransformation : 7.992ms, total 1.747s, tagged coverage 64.0
2020-09-26 21:09:37 root: INFO: Timer: Time taken for Compile -- optimize: compileLowerer, after InlineApplyIR -- Verify : 0.028ms, total 1.747s
2020-09-26 21:09:37 root: INFO: Timer: Time taken for Compile -- optimize: compileLowerer, after InlineApplyIR : 8.406ms, total 1.747s, tagged coverage 61.3
2020-09-26 21:09:37 root: INFO: Timer: Time taken for Compile -- LowerArrayAggsToRunAggs -- Verify : 0.018ms, total 1.747s
2020-09-26 21:09:37 root: INFO: Timer: Time taken for Compile -- LowerArrayAggsToRunAggs -- LoweringTransformation : 22.376ms, total 1.770s
2020-09-26 21:09:37 root: INFO: Timer: Time taken for Compile -- LowerArrayAggsToRunAggs -- Verify : 0.182ms, total 1.770s
2020-09-26 21:09:37 root: INFO: Timer: Time taken for Compile -- LowerArrayAggsToRunAggs : 23.091ms, total 1.770s, tagged coverage 97.8
2020-09-26 21:09:37 root: INFO: Timer: Time taken for Compile -- optimize: compileLowerer, after LowerArrayAggsToRunAggs -- Verify : 0.010ms, total 1.771s
2020-09-26 21:09:37 root: INFO: Timer: Time taken for Compile -- optimize: compileLowerer, after LowerArrayAggsToRunAggs -- LoweringTransformation -- Optimize -- FoldConstants : 0.177ms, total 1.771s
2020-09-26 21:09:37 root: INFO: Timer: Time taken for Compile -- optimize: compileLowerer, after LowerArrayAggsToRunAggs -- LoweringTransformation -- Optimize -- ExtractIntervalFilters : 0.038ms, total 1.772s
2020-09-26 21:09:37 root: INFO: Timer: Time taken for Compile -- optimize: compileLowerer, after LowerArrayAggsToRunAggs -- LoweringTransformation -- Optimize -- Simplify : 0.087ms, total 1.772s
2020-09-26 21:09:37 root: INFO: Timer: Time taken for Compile -- optimize: compileLowerer, after LowerArrayAggsToRunAggs -- LoweringTransformation -- Optimize -- ForwardLets : 0.668ms, total 1.772s
2020-09-26 21:09:37 root: INFO: Timer: Time taken for Compile -- optimize: compileLowerer, after LowerArrayAggsToRunAggs -- LoweringTransformation -- Optimize -- ForwardRelationalLets : 0.052ms, total 1.773s
2020-09-26 21:09:37 root: INFO: Timer: Time taken for Compile -- optimize: compileLowerer, after LowerArrayAggsToRunAggs -- LoweringTransformation -- Optimize -- PruneDeadFields : 0.293ms, total 1.773s
2020-09-26 21:09:37 root: INFO: Timer: Time taken for Compile -- optimize: compileLowerer, after LowerArrayAggsToRunAggs -- LoweringTransformation -- Optimize -- FoldConstants : 0.120ms, total 1.773s
2020-09-26 21:09:37 root: INFO: Timer: Time taken for Compile -- optimize: compileLowerer, after LowerArrayAggsToRunAggs -- LoweringTransformation -- Optimize -- ExtractIntervalFilters : 0.026ms, total 1.773s
2020-09-26 21:09:37 root: INFO: Timer: Time taken for Compile -- optimize: compileLowerer, after LowerArrayAggsToRunAggs -- LoweringTransformation -- Optimize -- Simplify : 0.071ms, total 1.774s
2020-09-26 21:09:37 root: INFO: Timer: Time taken for Compile -- optimize: compileLowerer, after LowerArrayAggsToRunAggs -- LoweringTransformation -- Optimize -- ForwardLets : 5.125ms, total 1.779s
2020-09-26 21:09:37 root: INFO: Timer: Time taken for Compile -- optimize: compileLowerer, after LowerArrayAggsToRunAggs -- LoweringTransformation -- Optimize -- ForwardRelationalLets : 0.061ms, total 1.779s
2020-09-26 21:09:37 root: INFO: Timer: Time taken for Compile -- optimize: compileLowerer, after LowerArrayAggsToRunAggs -- LoweringTransformation -- Optimize -- PruneDeadFields : 0.312ms, total 1.780s
2020-09-26 21:09:37 root: INFO: Timer: Time taken for Compile -- optimize: compileLowerer, after LowerArrayAggsToRunAggs -- LoweringTransformation -- Optimize -- FoldConstants : 0.115ms, total 1.780s
2020-09-26 21:09:37 root: INFO: Timer: Time taken for Compile -- optimize: compileLowerer, after LowerArrayAggsToRunAggs -- LoweringTransformation -- Optimize -- ExtractIntervalFilters : 0.030ms, total 1.780s
2020-09-26 21:09:37 root: INFO: Timer: Time taken for Compile -- optimize: compileLowerer, after LowerArrayAggsToRunAggs -- LoweringTransformation -- Optimize -- Simplify : 0.069ms, total 1.780s
2020-09-26 21:09:37 root: INFO: Timer: Time taken for Compile -- optimize: compileLowerer, after LowerArrayAggsToRunAggs -- LoweringTransformation -- Optimize -- ForwardLets : 0.553ms, total 1.781s
2020-09-26 21:09:37 root: INFO: Timer: Time taken for Compile -- optimize: compileLowerer, after LowerArrayAggsToRunAggs -- LoweringTransformation -- Optimize -- ForwardRelationalLets : 0.073ms, total 1.781s
2020-09-26 21:09:37 root: INFO: Timer: Time taken for Compile -- optimize: compileLowerer, after LowerArrayAggsToRunAggs -- LoweringTransformation -- Optimize -- PruneDeadFields : 0.344ms, total 1.782s
2020-09-26 21:09:37 root: INFO: Timer: Time taken for Compile -- optimize: compileLowerer, after LowerArrayAggsToRunAggs -- LoweringTransformation -- Optimize : 10.581ms, total 1.782s, tagged coverage 77.6
2020-09-26 21:09:37 root: INFO: Timer: Time taken for Compile -- optimize: compileLowerer, after LowerArrayAggsToRunAggs -- LoweringTransformation : 11.455ms, total 1.782s, tagged coverage 71.7
2020-09-26 21:09:37 root: INFO: Timer: Time taken for Compile -- optimize: compileLowerer, after LowerArrayAggsToRunAggs -- Verify : 0.010ms, total 1.782s
2020-09-26 21:09:37 root: INFO: Timer: Time taken for Compile -- optimize: compileLowerer, after LowerArrayAggsToRunAggs : 11.842ms, total 1.782s, tagged coverage 69.5
2020-09-26 21:09:37 root: INFO: Timer: Time taken for Compile : 172.108ms, total 1.885s, tagged coverage 24.9
2020-09-26 21:09:37 root: INFO: Timer: Time taken for InitializeCompiledFunction : 5.655ms, total 1.892s
2020-09-26 21:09:37 root: INFO: Timer: Time taken for RunCompiledFunction : 1.154ms, total 1.893s
2020-09-26 21:09:37 root: INFO: Timer: Time taken for convertRegionValueToAnnotation : 7.671ms, total 1.902s
2020-09-26 21:09:37 root: INFO: Timer: aggregate:
2020-09-26 21:09:37 root: INFO: Timer: Time taken for tag 'RunCompiledFunction' (1): 1.154ms
2020-09-26 21:09:37 root: INFO: Timer: Time taken for tag 'Verify' (20): 1.415ms
2020-09-26 21:09:37 root: INFO: Timer: Time taken for tag 'ForwardRelationalLets' (18): 2.225ms
2020-09-26 21:09:37 root: INFO: Timer: Time taken for tag 'ExtractIntervalFilters' (18): 5.650ms
2020-09-26 21:09:37 root: INFO: Timer: Time taken for tag 'InitializeCompiledFunction' (1): 5.655ms
2020-09-26 21:09:37 root: INFO: Timer: Time taken for tag 'convertRegionValueToAnnotation' (1): 7.671ms
2020-09-26 21:09:37 root: INFO: Timer: Time taken for tag 'FoldConstants' (18): 9.635ms
2020-09-26 21:09:37 root: INFO: Timer: Time taken for tag 'Simplify' (18): 12.073ms
2020-09-26 21:09:37 root: INFO: Timer: Time taken for tag 'PruneDeadFields' (18): 21.742ms
2020-09-26 21:09:37 root: INFO: Timer: Time taken for tag 'ForwardLets' (18): 26.464ms
2020-09-26 21:09:37 root: INFO: Timer: Time taken for tag 'LoweringTransformation' (4): 1.604s
2020-09-26 21:09:37 root: INFO: Timer: Fraction covered by a tagged leaf: 210.767ms (89.0%)
2020-09-26 21:13:10 root: INFO: RegionPool: FREE: 128.0K allocated (128.0K blocks / 0 chunks), regions.size = 2, 0 current java objects, 0 max java objects, thread 60: Executor task launch worker for task 0
2020-09-26 21:13:10 ContextCleaner: INFO: Cleaned accumulator 18
2020-09-26 21:13:10 ContextCleaner: INFO: Cleaned accumulator 7
2020-09-26 21:13:10 ContextCleaner: INFO: Cleaned accumulator 2
2020-09-26 21:13:10 ContextCleaner: INFO: Cleaned accumulator 5
2020-09-26 21:13:10 ContextCleaner: INFO: Cleaned accumulator 17
2020-09-26 21:13:10 ContextCleaner: INFO: Cleaned accumulator 14
2020-09-26 21:13:10 ContextCleaner: INFO: Cleaned accumulator 19
2020-09-26 21:13:10 ContextCleaner: INFO: Cleaned accumulator 15
2020-09-26 21:13:10 ContextCleaner: INFO: Cleaned accumulator 9
2020-09-26 21:13:10 ContextCleaner: INFO: Cleaned accumulator 25
2020-09-26 21:13:10 ContextCleaner: INFO: Cleaned accumulator 13
2020-09-26 21:13:10 BlockManagerInfo: INFO: Removed broadcast_1_piece0 on 10.26.239.71:54764 in memory (size: 8.8 KB, free: 366.3 MB)
2020-09-26 21:13:10 ContextCleaner: INFO: Cleaned accumulator 21
2020-09-26 21:13:10 ContextCleaner: INFO: Cleaned accumulator 23
2020-09-26 21:13:10 ContextCleaner: INFO: Cleaned accumulator 4
2020-09-26 21:13:10 ContextCleaner: INFO: Cleaned accumulator 24
2020-09-26 21:13:10 ContextCleaner: INFO: Cleaned accumulator 3
2020-09-26 21:13:10 ContextCleaner: INFO: Cleaned accumulator 10
2020-09-26 21:13:10 ContextCleaner: INFO: Cleaned accumulator 12
2020-09-26 21:13:10 ContextCleaner: INFO: Cleaned accumulator 16
2020-09-26 21:13:10 ContextCleaner: INFO: Cleaned accumulator 11
2020-09-26 21:13:10 ContextCleaner: INFO: Cleaned accumulator 8
2020-09-26 21:13:10 ContextCleaner: INFO: Cleaned accumulator 22
2020-09-26 21:13:10 ContextCleaner: INFO: Cleaned accumulator 20
2020-09-26 21:13:10 ContextCleaner: INFO: Cleaned accumulator 1
2020-09-26 21:13:10 ContextCleaner: INFO: Cleaned accumulator 6
2020-09-26 21:19:32 SparkContext: INFO: Invoking stop() from shutdown hook
2020-09-26 21:19:32 AbstractConnector: INFO: Stopped Spark@7d8c74fc{HTTP/1.1,[http/1.1]}{0.0.0.0:4041}
2020-09-26 21:19:32 SparkUI: INFO: Stopped Spark web UI at http://10.26.239.71:4041
2020-09-26 21:19:32 MapOutputTrackerMasterEndpoint: INFO: MapOutputTrackerMasterEndpoint stopped!
2020-09-26 21:19:32 MemoryStore: INFO: MemoryStore cleared
2020-09-26 21:19:32 BlockManager: INFO: BlockManager stopped
2020-09-26 21:19:32 BlockManagerMaster: INFO: BlockManagerMaster stopped
2020-09-26 21:19:32 OutputCommitCoordinator$OutputCommitCoordinatorEndpoint: INFO: OutputCommitCoordinator stopped!
2020-09-26 21:19:32 SparkContext: INFO: Successfully stopped SparkContext
2020-09-26 21:19:32 ShutdownHookManager: INFO: Shutdown hook called
2020-09-26 21:19:32 ShutdownHookManager: INFO: Deleting directory /private/var/folders/v4/w7rkkv_x2_zcsszmps6x2dkm0000gn/T/spark-15db2e1b-6b55-4f60-8cbf-aa13d6400e28
2020-09-26 21:19:32 ShutdownHookManager: INFO: Deleting directory /private/var/folders/v4/w7rkkv_x2_zcsszmps6x2dkm0000gn/T/spark-4e31ff67-92ba-4fca-b12b-799aef3302c8
2020-09-26 21:19:32 ShutdownHookManager: INFO: Deleting directory /private/var/folders/v4/w7rkkv_x2_zcsszmps6x2dkm0000gn/T/spark-15db2e1b-6b55-4f60-8cbf-aa13d6400e28/pyspark-5eb8b0e8-7a80-425b-b1c2-42b66b5d3bb7
