2020-03-19 12:40:02 Hail: WARN: This Hail JAR was compiled for Spark 2.4.0, running with Spark 2.4.3.
  Compatibility is not guaranteed.
2020-03-19 12:40:02 SparkContext: INFO: Running Spark version 2.4.3
2020-03-19 12:40:02 SparkContext: INFO: Submitted application: Hail
2020-03-19 12:40:02 SparkContext: INFO: Spark configuration:
spark.app.name=Hail
spark.driver.extraClassPath=/anaconda3/envs/hail/lib/python3.6/site-packages/hail/hail-all-spark.jar
spark.driver.maxResultSize=0
spark.executor.extraClassPath=./hail-all-spark.jar
spark.hadoop.google.cloud.auth.service.account.enable=true
spark.hadoop.google.cloud.auth.service.account.json.keyfile=/Users/nbaya/.hail/gcs-keys/gcs-connector-key.json
spark.hadoop.io.compression.codecs=org.apache.hadoop.io.compress.DefaultCodec,is.hail.io.compress.BGzipCodec,is.hail.io.compress.BGzipCodecTbi,org.apache.hadoop.io.compress.GzipCodec
spark.hadoop.mapreduce.input.fileinputformat.split.minsize=0
spark.jars=file:///anaconda3/envs/hail/lib/python3.6/site-packages/hail/hail-all-spark.jar
spark.kryo.registrator=is.hail.kryo.HailKryoRegistrator
spark.kryoserializer.buffer.max=1g
spark.logConf=true
spark.master=local[*]
spark.repl.local.jars=file:///anaconda3/envs/hail/lib/python3.6/site-packages/hail/hail-all-spark.jar
spark.serializer=org.apache.spark.serializer.KryoSerializer
spark.submit.deployMode=client
spark.ui.showConsoleProgress=false
2020-03-19 12:40:02 SecurityManager: INFO: Changing view acls to: nbaya
2020-03-19 12:40:02 SecurityManager: INFO: Changing modify acls to: nbaya
2020-03-19 12:40:02 SecurityManager: INFO: Changing view acls groups to: 
2020-03-19 12:40:02 SecurityManager: INFO: Changing modify acls groups to: 
2020-03-19 12:40:02 SecurityManager: INFO: SecurityManager: authentication disabled; ui acls disabled; users  with view permissions: Set(nbaya); groups with view permissions: Set(); users  with modify permissions: Set(nbaya); groups with modify permissions: Set()
2020-03-19 12:40:03 Utils: INFO: Successfully started service 'sparkDriver' on port 50711.
2020-03-19 12:40:03 SparkEnv: INFO: Registering MapOutputTracker
2020-03-19 12:40:03 SparkEnv: INFO: Registering BlockManagerMaster
2020-03-19 12:40:03 BlockManagerMasterEndpoint: INFO: Using org.apache.spark.storage.DefaultTopologyMapper for getting topology information
2020-03-19 12:40:03 BlockManagerMasterEndpoint: INFO: BlockManagerMasterEndpoint up
2020-03-19 12:40:03 DiskBlockManager: INFO: Created local directory at /private/var/folders/56/q7rh2y5x7hj4n359_13dgwxcmtwz20/T/blockmgr-6acd9de4-02d5-442a-9a79-51e07fb957ea
2020-03-19 12:40:03 MemoryStore: INFO: MemoryStore started with capacity 366.3 MB
2020-03-19 12:40:03 SparkEnv: INFO: Registering OutputCommitCoordinator
2020-03-19 12:40:03 log: INFO: Logging initialized @2682ms
2020-03-19 12:40:03 Server: INFO: jetty-9.3.z-SNAPSHOT, build timestamp: unknown, git hash: unknown
2020-03-19 12:40:03 Server: INFO: Started @2786ms
2020-03-19 12:40:03 Utils: WARN: Service 'SparkUI' could not bind on port 4040. Attempting port 4041.
2020-03-19 12:40:03 AbstractConnector: INFO: Started ServerConnector@61d4f451{HTTP/1.1,[http/1.1]}{0.0.0.0:4041}
2020-03-19 12:40:03 Utils: INFO: Successfully started service 'SparkUI' on port 4041.
2020-03-19 12:40:03 ContextHandler: INFO: Started o.s.j.s.ServletContextHandler@6922d3c9{/jobs,null,AVAILABLE,@Spark}
2020-03-19 12:40:03 ContextHandler: INFO: Started o.s.j.s.ServletContextHandler@5b456330{/jobs/json,null,AVAILABLE,@Spark}
2020-03-19 12:40:03 ContextHandler: INFO: Started o.s.j.s.ServletContextHandler@7d7d468b{/jobs/job,null,AVAILABLE,@Spark}
2020-03-19 12:40:03 ContextHandler: INFO: Started o.s.j.s.ServletContextHandler@34984213{/jobs/job/json,null,AVAILABLE,@Spark}
2020-03-19 12:40:03 ContextHandler: INFO: Started o.s.j.s.ServletContextHandler@4434fb53{/stages,null,AVAILABLE,@Spark}
2020-03-19 12:40:03 ContextHandler: INFO: Started o.s.j.s.ServletContextHandler@536ab440{/stages/json,null,AVAILABLE,@Spark}
2020-03-19 12:40:03 ContextHandler: INFO: Started o.s.j.s.ServletContextHandler@2aa2a1bb{/stages/stage,null,AVAILABLE,@Spark}
2020-03-19 12:40:03 ContextHandler: INFO: Started o.s.j.s.ServletContextHandler@391f1b93{/stages/stage/json,null,AVAILABLE,@Spark}
2020-03-19 12:40:03 ContextHandler: INFO: Started o.s.j.s.ServletContextHandler@60fda72{/stages/pool,null,AVAILABLE,@Spark}
2020-03-19 12:40:03 ContextHandler: INFO: Started o.s.j.s.ServletContextHandler@3d59e143{/stages/pool/json,null,AVAILABLE,@Spark}
2020-03-19 12:40:03 ContextHandler: INFO: Started o.s.j.s.ServletContextHandler@9b8ab6d{/storage,null,AVAILABLE,@Spark}
2020-03-19 12:40:03 ContextHandler: INFO: Started o.s.j.s.ServletContextHandler@483aea4a{/storage/json,null,AVAILABLE,@Spark}
2020-03-19 12:40:03 ContextHandler: INFO: Started o.s.j.s.ServletContextHandler@309e7575{/storage/rdd,null,AVAILABLE,@Spark}
2020-03-19 12:40:03 ContextHandler: INFO: Started o.s.j.s.ServletContextHandler@42bfd9dc{/storage/rdd/json,null,AVAILABLE,@Spark}
2020-03-19 12:40:03 ContextHandler: INFO: Started o.s.j.s.ServletContextHandler@e90f125{/environment,null,AVAILABLE,@Spark}
2020-03-19 12:40:03 ContextHandler: INFO: Started o.s.j.s.ServletContextHandler@11673207{/environment/json,null,AVAILABLE,@Spark}
2020-03-19 12:40:03 ContextHandler: INFO: Started o.s.j.s.ServletContextHandler@5291d883{/executors,null,AVAILABLE,@Spark}
2020-03-19 12:40:03 ContextHandler: INFO: Started o.s.j.s.ServletContextHandler@6e5c8a34{/executors/json,null,AVAILABLE,@Spark}
2020-03-19 12:40:03 ContextHandler: INFO: Started o.s.j.s.ServletContextHandler@674c4703{/executors/threadDump,null,AVAILABLE,@Spark}
2020-03-19 12:40:03 ContextHandler: INFO: Started o.s.j.s.ServletContextHandler@4f93b6e7{/executors/threadDump/json,null,AVAILABLE,@Spark}
2020-03-19 12:40:03 ContextHandler: INFO: Started o.s.j.s.ServletContextHandler@139a2a56{/static,null,AVAILABLE,@Spark}
2020-03-19 12:40:03 ContextHandler: INFO: Started o.s.j.s.ServletContextHandler@7676adf8{/,null,AVAILABLE,@Spark}
2020-03-19 12:40:03 ContextHandler: INFO: Started o.s.j.s.ServletContextHandler@4dccfe72{/api,null,AVAILABLE,@Spark}
2020-03-19 12:40:03 ContextHandler: INFO: Started o.s.j.s.ServletContextHandler@198517e6{/jobs/job/kill,null,AVAILABLE,@Spark}
2020-03-19 12:40:03 ContextHandler: INFO: Started o.s.j.s.ServletContextHandler@68f0341a{/stages/stage/kill,null,AVAILABLE,@Spark}
2020-03-19 12:40:03 SparkUI: INFO: Bound SparkUI to 0.0.0.0, and started at http://192.168.0.110:4041
2020-03-19 12:40:03 SparkContext: INFO: Added JAR file:///anaconda3/envs/hail/lib/python3.6/site-packages/hail/hail-all-spark.jar at spark://192.168.0.110:50711/jars/hail-all-spark.jar with timestamp 1584636003600
2020-03-19 12:40:03 Executor: INFO: Starting executor ID driver on host localhost
2020-03-19 12:40:03 Utils: INFO: Successfully started service 'org.apache.spark.network.netty.NettyBlockTransferService' on port 50712.
2020-03-19 12:40:03 NettyBlockTransferService: INFO: Server created on 192.168.0.110:50712
2020-03-19 12:40:03 BlockManager: INFO: Using org.apache.spark.storage.RandomBlockReplicationPolicy for block replication policy
2020-03-19 12:40:03 BlockManagerMaster: INFO: Registering BlockManager BlockManagerId(driver, 192.168.0.110, 50712, None)
2020-03-19 12:40:03 BlockManagerMasterEndpoint: INFO: Registering block manager 192.168.0.110:50712 with 366.3 MB RAM, BlockManagerId(driver, 192.168.0.110, 50712, None)
2020-03-19 12:40:03 BlockManagerMaster: INFO: Registered BlockManager BlockManagerId(driver, 192.168.0.110, 50712, None)
2020-03-19 12:40:03 BlockManager: INFO: Initialized BlockManager: BlockManagerId(driver, 192.168.0.110, 50712, None)
2020-03-19 12:40:03 ContextHandler: INFO: Started o.s.j.s.ServletContextHandler@340a84e5{/metrics/json,null,AVAILABLE,@Spark}
2020-03-19 12:40:04 Hail: INFO: Hail temporary directory: file:/tmp/hail.vCKaAoA8b4Eo
2020-03-19 12:40:04 Hail: INFO: SparkUI: http://192.168.0.110:4041
2020-03-19 12:40:04 Hail: INFO: Running Hail version 0.2.34-914bd8a10ca2
2020-03-19 12:40:04 SparkContext: WARN: Using an existing SparkContext; some configuration may not take effect.
2020-03-19 12:48:58 SparkContext: INFO: Invoking stop() from shutdown hook
2020-03-19 12:48:58 AbstractConnector: INFO: Stopped Spark@61d4f451{HTTP/1.1,[http/1.1]}{0.0.0.0:4041}
2020-03-19 12:48:58 SparkUI: INFO: Stopped Spark web UI at http://192.168.0.110:4041
2020-03-19 12:48:58 MapOutputTrackerMasterEndpoint: INFO: MapOutputTrackerMasterEndpoint stopped!
2020-03-19 12:48:58 MemoryStore: INFO: MemoryStore cleared
2020-03-19 12:48:58 BlockManager: INFO: BlockManager stopped
2020-03-19 12:48:58 BlockManagerMaster: INFO: BlockManagerMaster stopped
2020-03-19 12:48:58 OutputCommitCoordinator$OutputCommitCoordinatorEndpoint: INFO: OutputCommitCoordinator stopped!
2020-03-19 12:48:58 SparkContext: INFO: Successfully stopped SparkContext
2020-03-19 12:48:58 ShutdownHookManager: INFO: Shutdown hook called
2020-03-19 12:48:58 ShutdownHookManager: INFO: Deleting directory /private/var/folders/56/q7rh2y5x7hj4n359_13dgwxcmtwz20/T/spark-4527dd91-88c9-4d74-912c-6f7f0a1f472a/pyspark-6df46c4a-884a-452c-ba06-931ef413ef5b
2020-03-19 12:48:58 ShutdownHookManager: INFO: Deleting directory /private/var/folders/56/q7rh2y5x7hj4n359_13dgwxcmtwz20/T/spark-4527dd91-88c9-4d74-912c-6f7f0a1f472a
2020-03-19 12:48:58 ShutdownHookManager: INFO: Deleting directory /private/var/folders/56/q7rh2y5x7hj4n359_13dgwxcmtwz20/T/spark-bbeb6416-66da-4097-8241-352c6cfab7e0
