2020-03-05 17:00:29 Hail: WARN: This Hail JAR was compiled for Spark 2.4.0, running with Spark 2.4.3.
  Compatibility is not guaranteed.
2020-03-05 17:00:29 SparkContext: INFO: Running Spark version 2.4.3
2020-03-05 17:00:29 SparkContext: INFO: Submitted application: Hail
2020-03-05 17:00:29 SparkContext: INFO: Spark configuration:
spark.app.name=Hail
spark.driver.extraClassPath=/anaconda3/envs/hail/lib/python3.6/site-packages/hail/hail-all-spark.jar
spark.driver.maxResultSize=0
spark.executor.extraClassPath=./hail-all-spark.jar
spark.hadoop.google.cloud.auth.service.account.enable=true
spark.hadoop.google.cloud.auth.service.account.json.keyfile=/Users/nbaya/.hail/gcs-keys/gcs-connector-key.json
spark.hadoop.io.compression.codecs=org.apache.hadoop.io.compress.DefaultCodec,is.hail.io.compress.BGzipCodec,is.hail.io.compress.BGzipCodecTbi,org.apache.hadoop.io.compress.GzipCodec
spark.hadoop.mapreduce.input.fileinputformat.split.minsize=0
spark.jars=file:///anaconda3/envs/hail/lib/python3.6/site-packages/hail/hail-all-spark.jar
spark.kryo.registrator=is.hail.kryo.HailKryoRegistrator
spark.kryoserializer.buffer.max=1g
spark.logConf=true
spark.master=local[*]
spark.repl.local.jars=file:///anaconda3/envs/hail/lib/python3.6/site-packages/hail/hail-all-spark.jar
spark.serializer=org.apache.spark.serializer.KryoSerializer
spark.submit.deployMode=client
spark.ui.showConsoleProgress=false
2020-03-05 17:00:29 SecurityManager: INFO: Changing view acls to: nbaya
2020-03-05 17:00:29 SecurityManager: INFO: Changing modify acls to: nbaya
2020-03-05 17:00:29 SecurityManager: INFO: Changing view acls groups to: 
2020-03-05 17:00:29 SecurityManager: INFO: Changing modify acls groups to: 
2020-03-05 17:00:29 SecurityManager: INFO: SecurityManager: authentication disabled; ui acls disabled; users  with view permissions: Set(nbaya); groups with view permissions: Set(); users  with modify permissions: Set(nbaya); groups with modify permissions: Set()
2020-03-05 17:00:29 Utils: INFO: Successfully started service 'sparkDriver' on port 65531.
2020-03-05 17:00:29 SparkEnv: INFO: Registering MapOutputTracker
2020-03-05 17:00:29 SparkEnv: INFO: Registering BlockManagerMaster
2020-03-05 17:00:29 BlockManagerMasterEndpoint: INFO: Using org.apache.spark.storage.DefaultTopologyMapper for getting topology information
2020-03-05 17:00:29 BlockManagerMasterEndpoint: INFO: BlockManagerMasterEndpoint up
2020-03-05 17:00:29 DiskBlockManager: INFO: Created local directory at /private/var/folders/56/q7rh2y5x7hj4n359_13dgwxcmtwz20/T/blockmgr-2fab8927-7b25-48a3-bb1f-ea54e3b5f192
2020-03-05 17:00:29 MemoryStore: INFO: MemoryStore started with capacity 366.3 MB
2020-03-05 17:00:29 SparkEnv: INFO: Registering OutputCommitCoordinator
2020-03-05 17:00:29 log: INFO: Logging initialized @2635ms
2020-03-05 17:00:29 Server: INFO: jetty-9.3.z-SNAPSHOT, build timestamp: unknown, git hash: unknown
2020-03-05 17:00:29 Server: INFO: Started @2728ms
2020-03-05 17:00:29 Utils: WARN: Service 'SparkUI' could not bind on port 4040. Attempting port 4041.
2020-03-05 17:00:29 AbstractConnector: INFO: Started ServerConnector@708c5586{HTTP/1.1,[http/1.1]}{0.0.0.0:4041}
2020-03-05 17:00:29 Utils: INFO: Successfully started service 'SparkUI' on port 4041.
2020-03-05 17:00:30 ContextHandler: INFO: Started o.s.j.s.ServletContextHandler@11f2289b{/jobs,null,AVAILABLE,@Spark}
2020-03-05 17:00:30 ContextHandler: INFO: Started o.s.j.s.ServletContextHandler@5de2b49e{/jobs/json,null,AVAILABLE,@Spark}
2020-03-05 17:00:30 ContextHandler: INFO: Started o.s.j.s.ServletContextHandler@6de7cab1{/jobs/job,null,AVAILABLE,@Spark}
2020-03-05 17:00:30 ContextHandler: INFO: Started o.s.j.s.ServletContextHandler@1429b7d8{/jobs/job/json,null,AVAILABLE,@Spark}
2020-03-05 17:00:30 ContextHandler: INFO: Started o.s.j.s.ServletContextHandler@5ca7b787{/stages,null,AVAILABLE,@Spark}
2020-03-05 17:00:30 ContextHandler: INFO: Started o.s.j.s.ServletContextHandler@f465ce0{/stages/json,null,AVAILABLE,@Spark}
2020-03-05 17:00:30 ContextHandler: INFO: Started o.s.j.s.ServletContextHandler@383b8c17{/stages/stage,null,AVAILABLE,@Spark}
2020-03-05 17:00:30 ContextHandler: INFO: Started o.s.j.s.ServletContextHandler@3d130e34{/stages/stage/json,null,AVAILABLE,@Spark}
2020-03-05 17:00:30 ContextHandler: INFO: Started o.s.j.s.ServletContextHandler@592c76b5{/stages/pool,null,AVAILABLE,@Spark}
2020-03-05 17:00:30 ContextHandler: INFO: Started o.s.j.s.ServletContextHandler@134ec6ac{/stages/pool/json,null,AVAILABLE,@Spark}
2020-03-05 17:00:30 ContextHandler: INFO: Started o.s.j.s.ServletContextHandler@6ca2fcf7{/storage,null,AVAILABLE,@Spark}
2020-03-05 17:00:30 ContextHandler: INFO: Started o.s.j.s.ServletContextHandler@49e52df9{/storage/json,null,AVAILABLE,@Spark}
2020-03-05 17:00:30 ContextHandler: INFO: Started o.s.j.s.ServletContextHandler@73c673ae{/storage/rdd,null,AVAILABLE,@Spark}
2020-03-05 17:00:30 ContextHandler: INFO: Started o.s.j.s.ServletContextHandler@1658a0dc{/storage/rdd/json,null,AVAILABLE,@Spark}
2020-03-05 17:00:30 ContextHandler: INFO: Started o.s.j.s.ServletContextHandler@6de6b3a4{/environment,null,AVAILABLE,@Spark}
2020-03-05 17:00:30 ContextHandler: INFO: Started o.s.j.s.ServletContextHandler@d8cd104{/environment/json,null,AVAILABLE,@Spark}
2020-03-05 17:00:30 ContextHandler: INFO: Started o.s.j.s.ServletContextHandler@4d979818{/executors,null,AVAILABLE,@Spark}
2020-03-05 17:00:30 ContextHandler: INFO: Started o.s.j.s.ServletContextHandler@1e9a9f36{/executors/json,null,AVAILABLE,@Spark}
2020-03-05 17:00:30 ContextHandler: INFO: Started o.s.j.s.ServletContextHandler@46b964d2{/executors/threadDump,null,AVAILABLE,@Spark}
2020-03-05 17:00:30 ContextHandler: INFO: Started o.s.j.s.ServletContextHandler@2d5689f0{/executors/threadDump/json,null,AVAILABLE,@Spark}
2020-03-05 17:00:30 ContextHandler: INFO: Started o.s.j.s.ServletContextHandler@5c70831a{/static,null,AVAILABLE,@Spark}
2020-03-05 17:00:30 ContextHandler: INFO: Started o.s.j.s.ServletContextHandler@7f945cb8{/,null,AVAILABLE,@Spark}
2020-03-05 17:00:30 ContextHandler: INFO: Started o.s.j.s.ServletContextHandler@187c656{/api,null,AVAILABLE,@Spark}
2020-03-05 17:00:30 ContextHandler: INFO: Started o.s.j.s.ServletContextHandler@3c58346{/jobs/job/kill,null,AVAILABLE,@Spark}
2020-03-05 17:00:30 ContextHandler: INFO: Started o.s.j.s.ServletContextHandler@7e77eb6f{/stages/stage/kill,null,AVAILABLE,@Spark}
2020-03-05 17:00:30 SparkUI: INFO: Bound SparkUI to 0.0.0.0, and started at http://wm65b-8a9.broadinstitute.org:4041
2020-03-05 17:00:30 SparkContext: INFO: Added JAR file:///anaconda3/envs/hail/lib/python3.6/site-packages/hail/hail-all-spark.jar at spark://wm65b-8a9.broadinstitute.org:65531/jars/hail-all-spark.jar with timestamp 1583445630095
2020-03-05 17:00:30 Executor: INFO: Starting executor ID driver on host localhost
2020-03-05 17:00:30 Utils: INFO: Successfully started service 'org.apache.spark.network.netty.NettyBlockTransferService' on port 65532.
2020-03-05 17:00:30 NettyBlockTransferService: INFO: Server created on wm65b-8a9.broadinstitute.org:65532
2020-03-05 17:00:30 BlockManager: INFO: Using org.apache.spark.storage.RandomBlockReplicationPolicy for block replication policy
2020-03-05 17:00:30 BlockManagerMaster: INFO: Registering BlockManager BlockManagerId(driver, wm65b-8a9.broadinstitute.org, 65532, None)
2020-03-05 17:00:30 BlockManagerMasterEndpoint: INFO: Registering block manager wm65b-8a9.broadinstitute.org:65532 with 366.3 MB RAM, BlockManagerId(driver, wm65b-8a9.broadinstitute.org, 65532, None)
2020-03-05 17:00:30 BlockManagerMaster: INFO: Registered BlockManager BlockManagerId(driver, wm65b-8a9.broadinstitute.org, 65532, None)
2020-03-05 17:00:30 BlockManager: INFO: Initialized BlockManager: BlockManagerId(driver, wm65b-8a9.broadinstitute.org, 65532, None)
2020-03-05 17:00:30 ContextHandler: INFO: Started o.s.j.s.ServletContextHandler@67239c8{/metrics/json,null,AVAILABLE,@Spark}
2020-03-05 17:00:30 Hail: INFO: Hail temporary directory: file:/tmp/hail.7yW4zGUSU9tX
2020-03-05 17:00:30 Hail: INFO: SparkUI: http://wm65b-8a9.broadinstitute.org:4041
2020-03-05 17:00:30 Hail: INFO: Running Hail version 0.2.33-5d8cae649505
2020-03-05 17:00:31 SparkContext: WARN: Using an existing SparkContext; some configuration may not take effect.
2020-03-05 22:02:37 HeartbeatReceiver: WARN: Removing executor driver with no recent heartbeats: 7206494 ms exceeds timeout 120000 ms
2020-03-05 22:02:38 TaskSchedulerImpl: ERROR: Lost an executor driver (already removed): Executor heartbeat timed out after 7206494 ms
2020-03-05 22:02:38 Executor: INFO: Told to re-register on heartbeat
2020-03-05 22:02:38 SparkContext: WARN: Killing executors is not supported by current scheduler.
2020-03-05 22:02:38 BlockManager: INFO: BlockManager BlockManagerId(driver, wm65b-8a9.broadinstitute.org, 65532, None) re-registering with master
2020-03-05 22:02:38 BlockManagerMaster: INFO: Registering BlockManager BlockManagerId(driver, wm65b-8a9.broadinstitute.org, 65532, None)
2020-03-05 22:02:38 BlockManagerMaster: INFO: Registered BlockManager BlockManagerId(driver, wm65b-8a9.broadinstitute.org, 65532, None)
2020-03-05 22:02:38 BlockManager: INFO: Reporting 0 blocks to the master.
2020-03-05 22:02:38 Executor: INFO: Told to re-register on heartbeat
2020-03-05 22:02:38 BlockManager: INFO: BlockManager BlockManagerId(driver, wm65b-8a9.broadinstitute.org, 65532, None) re-registering with master
2020-03-05 22:02:38 BlockManagerMaster: INFO: Registering BlockManager BlockManagerId(driver, wm65b-8a9.broadinstitute.org, 65532, None)
2020-03-05 22:02:38 BlockManagerMaster: INFO: Registered BlockManager BlockManagerId(driver, wm65b-8a9.broadinstitute.org, 65532, None)
2020-03-05 22:02:38 BlockManager: INFO: Reporting 0 blocks to the master.
2020-03-05 22:02:38 Executor: INFO: Told to re-register on heartbeat
2020-03-05 22:02:38 BlockManager: INFO: BlockManager BlockManagerId(driver, wm65b-8a9.broadinstitute.org, 65532, None) re-registering with master
2020-03-05 22:02:38 BlockManagerMaster: INFO: Registering BlockManager BlockManagerId(driver, wm65b-8a9.broadinstitute.org, 65532, None)
2020-03-05 22:02:38 BlockManagerMaster: INFO: Registered BlockManager BlockManagerId(driver, wm65b-8a9.broadinstitute.org, 65532, None)
2020-03-05 22:02:38 BlockManager: INFO: Reporting 0 blocks to the master.
2020-03-05 22:02:42 Executor: INFO: Told to re-register on heartbeat
2020-03-05 22:02:42 BlockManager: INFO: BlockManager BlockManagerId(driver, wm65b-8a9.broadinstitute.org, 65532, None) re-registering with master
2020-03-05 22:02:42 BlockManagerMaster: INFO: Registering BlockManager BlockManagerId(driver, wm65b-8a9.broadinstitute.org, 65532, None)
2020-03-05 22:02:42 BlockManagerMaster: INFO: Registered BlockManager BlockManagerId(driver, wm65b-8a9.broadinstitute.org, 65532, None)
2020-03-05 22:02:42 BlockManager: INFO: Reporting 0 blocks to the master.
2020-03-05 22:02:52 Executor: INFO: Told to re-register on heartbeat
2020-03-05 22:02:52 BlockManager: INFO: BlockManager BlockManagerId(driver, wm65b-8a9.broadinstitute.org, 65532, None) re-registering with master
2020-03-05 22:02:52 BlockManagerMaster: INFO: Registering BlockManager BlockManagerId(driver, wm65b-8a9.broadinstitute.org, 65532, None)
2020-03-05 22:02:52 BlockManagerMaster: INFO: Registered BlockManager BlockManagerId(driver, wm65b-8a9.broadinstitute.org, 65532, None)
2020-03-05 22:02:52 BlockManager: INFO: Reporting 0 blocks to the master.
2020-03-05 22:03:02 Executor: INFO: Told to re-register on heartbeat
2020-03-05 22:03:02 BlockManager: INFO: BlockManager BlockManagerId(driver, wm65b-8a9.broadinstitute.org, 65532, None) re-registering with master
2020-03-05 22:03:02 BlockManagerMaster: INFO: Registering BlockManager BlockManagerId(driver, wm65b-8a9.broadinstitute.org, 65532, None)
2020-03-05 22:03:02 BlockManagerMaster: INFO: Registered BlockManager BlockManagerId(driver, wm65b-8a9.broadinstitute.org, 65532, None)
2020-03-05 22:03:02 BlockManager: INFO: Reporting 0 blocks to the master.
2020-03-05 22:03:12 Executor: INFO: Told to re-register on heartbeat
2020-03-05 22:03:12 BlockManager: INFO: BlockManager BlockManagerId(driver, wm65b-8a9.broadinstitute.org, 65532, None) re-registering with master
2020-03-05 22:03:12 BlockManagerMaster: INFO: Registering BlockManager BlockManagerId(driver, wm65b-8a9.broadinstitute.org, 65532, None)
2020-03-05 22:03:12 BlockManagerMaster: INFO: Registered BlockManager BlockManagerId(driver, wm65b-8a9.broadinstitute.org, 65532, None)
2020-03-05 22:03:12 BlockManager: INFO: Reporting 0 blocks to the master.
2020-03-05 22:03:22 Executor: INFO: Told to re-register on heartbeat
2020-03-05 22:03:22 BlockManager: INFO: BlockManager BlockManagerId(driver, wm65b-8a9.broadinstitute.org, 65532, None) re-registering with master
2020-03-05 22:03:22 BlockManagerMaster: INFO: Registering BlockManager BlockManagerId(driver, wm65b-8a9.broadinstitute.org, 65532, None)
2020-03-05 22:03:22 BlockManagerMaster: INFO: Registered BlockManager BlockManagerId(driver, wm65b-8a9.broadinstitute.org, 65532, None)
2020-03-05 22:03:22 BlockManager: INFO: Reporting 0 blocks to the master.
2020-03-06 00:03:33 Executor: INFO: Told to re-register on heartbeat
2020-03-06 00:03:33 BlockManager: INFO: BlockManager BlockManagerId(driver, wm65b-8a9.broadinstitute.org, 65532, None) re-registering with master
2020-03-06 00:03:33 BlockManagerMaster: INFO: Registering BlockManager BlockManagerId(driver, wm65b-8a9.broadinstitute.org, 65532, None)
2020-03-06 00:03:33 BlockManagerMaster: INFO: Registered BlockManager BlockManagerId(driver, wm65b-8a9.broadinstitute.org, 65532, None)
2020-03-06 00:03:33 BlockManager: INFO: Reporting 0 blocks to the master.
2020-03-06 00:03:33 Executor: INFO: Told to re-register on heartbeat
2020-03-06 00:03:33 BlockManager: INFO: BlockManager BlockManagerId(driver, wm65b-8a9.broadinstitute.org, 65532, None) re-registering with master
2020-03-06 00:03:33 BlockManagerMaster: INFO: Registering BlockManager BlockManagerId(driver, wm65b-8a9.broadinstitute.org, 65532, None)
2020-03-06 00:03:33 BlockManagerMaster: INFO: Registered BlockManager BlockManagerId(driver, wm65b-8a9.broadinstitute.org, 65532, None)
2020-03-06 00:03:33 BlockManager: INFO: Reporting 0 blocks to the master.
2020-03-06 00:03:40 Executor: INFO: Told to re-register on heartbeat
2020-03-06 00:03:40 BlockManager: INFO: BlockManager BlockManagerId(driver, wm65b-8a9.broadinstitute.org, 65532, None) re-registering with master
2020-03-06 00:03:40 BlockManagerMaster: INFO: Registering BlockManager BlockManagerId(driver, wm65b-8a9.broadinstitute.org, 65532, None)
2020-03-06 00:03:40 BlockManagerMaster: INFO: Registered BlockManager BlockManagerId(driver, wm65b-8a9.broadinstitute.org, 65532, None)
2020-03-06 00:03:40 BlockManager: INFO: Reporting 0 blocks to the master.
2020-03-06 02:03:47 Executor: INFO: Told to re-register on heartbeat
2020-03-06 02:03:48 BlockManager: INFO: BlockManager BlockManagerId(driver, wm65b-8a9.broadinstitute.org, 65532, None) re-registering with master
2020-03-06 02:03:48 BlockManagerMaster: INFO: Registering BlockManager BlockManagerId(driver, wm65b-8a9.broadinstitute.org, 65532, None)
2020-03-06 02:03:48 BlockManagerMaster: INFO: Registered BlockManager BlockManagerId(driver, wm65b-8a9.broadinstitute.org, 65532, None)
2020-03-06 02:03:48 BlockManager: INFO: Reporting 0 blocks to the master.
2020-03-06 02:03:48 Executor: INFO: Told to re-register on heartbeat
2020-03-06 02:03:48 BlockManager: INFO: BlockManager BlockManagerId(driver, wm65b-8a9.broadinstitute.org, 65532, None) re-registering with master
2020-03-06 02:03:48 BlockManagerMaster: INFO: Registering BlockManager BlockManagerId(driver, wm65b-8a9.broadinstitute.org, 65532, None)
2020-03-06 02:03:48 BlockManagerMaster: INFO: Registered BlockManager BlockManagerId(driver, wm65b-8a9.broadinstitute.org, 65532, None)
2020-03-06 02:03:48 BlockManager: INFO: Reporting 0 blocks to the master.
2020-03-06 02:03:58 Executor: INFO: Told to re-register on heartbeat
2020-03-06 02:03:58 BlockManager: INFO: BlockManager BlockManagerId(driver, wm65b-8a9.broadinstitute.org, 65532, None) re-registering with master
2020-03-06 02:03:58 BlockManagerMaster: INFO: Registering BlockManager BlockManagerId(driver, wm65b-8a9.broadinstitute.org, 65532, None)
2020-03-06 02:03:58 BlockManagerMaster: INFO: Registered BlockManager BlockManagerId(driver, wm65b-8a9.broadinstitute.org, 65532, None)
2020-03-06 02:03:58 BlockManager: INFO: Reporting 0 blocks to the master.
2020-03-06 04:04:03 Executor: INFO: Told to re-register on heartbeat
2020-03-06 04:04:03 BlockManager: INFO: BlockManager BlockManagerId(driver, wm65b-8a9.broadinstitute.org, 65532, None) re-registering with master
2020-03-06 04:04:03 BlockManagerMaster: INFO: Registering BlockManager BlockManagerId(driver, wm65b-8a9.broadinstitute.org, 65532, None)
2020-03-06 04:04:03 BlockManagerMaster: INFO: Registered BlockManager BlockManagerId(driver, wm65b-8a9.broadinstitute.org, 65532, None)
2020-03-06 04:04:03 BlockManager: INFO: Reporting 0 blocks to the master.
2020-03-06 04:04:06 Executor: INFO: Told to re-register on heartbeat
2020-03-06 04:04:06 BlockManager: INFO: BlockManager BlockManagerId(driver, wm65b-8a9.broadinstitute.org, 65532, None) re-registering with master
2020-03-06 04:04:06 BlockManagerMaster: INFO: Registering BlockManager BlockManagerId(driver, wm65b-8a9.broadinstitute.org, 65532, None)
2020-03-06 04:04:06 BlockManagerMaster: INFO: Registered BlockManager BlockManagerId(driver, wm65b-8a9.broadinstitute.org, 65532, None)
2020-03-06 04:04:06 BlockManager: INFO: Reporting 0 blocks to the master.
2020-03-06 06:04:18 Executor: INFO: Told to re-register on heartbeat
2020-03-06 06:04:18 BlockManager: INFO: BlockManager BlockManagerId(driver, wm65b-8a9.broadinstitute.org, 65532, None) re-registering with master
2020-03-06 06:04:18 BlockManagerMaster: INFO: Registering BlockManager BlockManagerId(driver, wm65b-8a9.broadinstitute.org, 65532, None)
2020-03-06 06:04:18 BlockManagerMaster: INFO: Registered BlockManager BlockManagerId(driver, wm65b-8a9.broadinstitute.org, 65532, None)
2020-03-06 06:04:18 BlockManager: INFO: Reporting 0 blocks to the master.
2020-03-06 06:04:18 Executor: INFO: Told to re-register on heartbeat
2020-03-06 06:04:18 BlockManager: INFO: BlockManager BlockManagerId(driver, wm65b-8a9.broadinstitute.org, 65532, None) re-registering with master
2020-03-06 06:04:18 BlockManagerMaster: INFO: Registering BlockManager BlockManagerId(driver, wm65b-8a9.broadinstitute.org, 65532, None)
2020-03-06 06:04:18 BlockManagerMaster: INFO: Registered BlockManager BlockManagerId(driver, wm65b-8a9.broadinstitute.org, 65532, None)
2020-03-06 06:04:18 BlockManager: INFO: Reporting 0 blocks to the master.
2020-03-06 06:04:26 Executor: INFO: Told to re-register on heartbeat
2020-03-06 06:04:26 BlockManager: INFO: BlockManager BlockManagerId(driver, wm65b-8a9.broadinstitute.org, 65532, None) re-registering with master
2020-03-06 06:04:26 BlockManagerMaster: INFO: Registering BlockManager BlockManagerId(driver, wm65b-8a9.broadinstitute.org, 65532, None)
2020-03-06 06:04:26 BlockManagerMaster: INFO: Registered BlockManager BlockManagerId(driver, wm65b-8a9.broadinstitute.org, 65532, None)
2020-03-06 06:04:26 BlockManager: INFO: Reporting 0 blocks to the master.
2020-03-06 07:16:08 Executor: INFO: Told to re-register on heartbeat
2020-03-06 07:16:08 BlockManager: INFO: BlockManager BlockManagerId(driver, wm65b-8a9.broadinstitute.org, 65532, None) re-registering with master
2020-03-06 07:16:08 BlockManagerMaster: INFO: Registering BlockManager BlockManagerId(driver, wm65b-8a9.broadinstitute.org, 65532, None)
2020-03-06 07:16:08 BlockManagerMaster: INFO: Registered BlockManager BlockManagerId(driver, wm65b-8a9.broadinstitute.org, 65532, None)
2020-03-06 07:16:08 BlockManager: INFO: Reporting 0 blocks to the master.
2020-03-06 07:16:08 Executor: INFO: Told to re-register on heartbeat
2020-03-06 07:16:08 BlockManager: INFO: BlockManager BlockManagerId(driver, wm65b-8a9.broadinstitute.org, 65532, None) re-registering with master
2020-03-06 07:16:08 BlockManagerMaster: INFO: Registering BlockManager BlockManagerId(driver, wm65b-8a9.broadinstitute.org, 65532, None)
2020-03-06 07:16:08 BlockManagerMaster: INFO: Registered BlockManager BlockManagerId(driver, wm65b-8a9.broadinstitute.org, 65532, None)
2020-03-06 07:16:08 BlockManager: INFO: Reporting 0 blocks to the master.
2020-03-06 07:16:18 Executor: INFO: Told to re-register on heartbeat
2020-03-06 07:16:18 BlockManager: INFO: BlockManager BlockManagerId(driver, wm65b-8a9.broadinstitute.org, 65532, None) re-registering with master
2020-03-06 07:16:18 BlockManagerMaster: INFO: Registering BlockManager BlockManagerId(driver, wm65b-8a9.broadinstitute.org, 65532, None)
2020-03-06 07:16:18 BlockManagerMaster: INFO: Registered BlockManager BlockManagerId(driver, wm65b-8a9.broadinstitute.org, 65532, None)
2020-03-06 07:16:18 BlockManager: INFO: Reporting 0 blocks to the master.
2020-03-06 07:16:30 Executor: INFO: Told to re-register on heartbeat
2020-03-06 07:16:30 BlockManager: INFO: BlockManager BlockManagerId(driver, wm65b-8a9.broadinstitute.org, 65532, None) re-registering with master
2020-03-06 07:16:30 BlockManagerMaster: INFO: Registering BlockManager BlockManagerId(driver, wm65b-8a9.broadinstitute.org, 65532, None)
2020-03-06 07:16:30 BlockManagerMaster: INFO: Registered BlockManager BlockManagerId(driver, wm65b-8a9.broadinstitute.org, 65532, None)
2020-03-06 07:16:30 BlockManager: INFO: Reporting 0 blocks to the master.
2020-03-06 07:16:40 Executor: INFO: Told to re-register on heartbeat
2020-03-06 07:16:40 BlockManager: INFO: BlockManager BlockManagerId(driver, wm65b-8a9.broadinstitute.org, 65532, None) re-registering with master
2020-03-06 07:16:40 BlockManagerMaster: INFO: Registering BlockManager BlockManagerId(driver, wm65b-8a9.broadinstitute.org, 65532, None)
2020-03-06 07:16:40 BlockManagerMaster: INFO: Registered BlockManager BlockManagerId(driver, wm65b-8a9.broadinstitute.org, 65532, None)
2020-03-06 07:16:40 BlockManager: INFO: Reporting 0 blocks to the master.
2020-03-06 07:16:50 Executor: INFO: Told to re-register on heartbeat
2020-03-06 07:16:50 BlockManager: INFO: BlockManager BlockManagerId(driver, wm65b-8a9.broadinstitute.org, 65532, None) re-registering with master
2020-03-06 07:16:50 BlockManagerMaster: INFO: Registering BlockManager BlockManagerId(driver, wm65b-8a9.broadinstitute.org, 65532, None)
2020-03-06 07:16:50 BlockManagerMaster: INFO: Registered BlockManager BlockManagerId(driver, wm65b-8a9.broadinstitute.org, 65532, None)
2020-03-06 07:16:50 BlockManager: INFO: Reporting 0 blocks to the master.
2020-03-06 07:17:00 Executor: INFO: Told to re-register on heartbeat
2020-03-06 07:17:00 BlockManager: INFO: BlockManager BlockManagerId(driver, wm65b-8a9.broadinstitute.org, 65532, None) re-registering with master
2020-03-06 07:17:00 BlockManagerMaster: INFO: Registering BlockManager BlockManagerId(driver, wm65b-8a9.broadinstitute.org, 65532, None)
2020-03-06 07:17:00 BlockManagerMaster: INFO: Registered BlockManager BlockManagerId(driver, wm65b-8a9.broadinstitute.org, 65532, None)
2020-03-06 07:17:00 BlockManager: INFO: Reporting 0 blocks to the master.
2020-03-06 07:17:10 Executor: INFO: Told to re-register on heartbeat
2020-03-06 07:17:10 BlockManager: INFO: BlockManager BlockManagerId(driver, wm65b-8a9.broadinstitute.org, 65532, None) re-registering with master
2020-03-06 07:17:10 BlockManagerMaster: INFO: Registering BlockManager BlockManagerId(driver, wm65b-8a9.broadinstitute.org, 65532, None)
2020-03-06 07:17:10 BlockManagerMaster: INFO: Registered BlockManager BlockManagerId(driver, wm65b-8a9.broadinstitute.org, 65532, None)
2020-03-06 07:17:10 BlockManager: INFO: Reporting 0 blocks to the master.
2020-03-06 07:48:20 Executor: INFO: Told to re-register on heartbeat
2020-03-06 07:48:20 BlockManager: INFO: BlockManager BlockManagerId(driver, wm65b-8a9.broadinstitute.org, 65532, None) re-registering with master
2020-03-06 07:48:20 BlockManagerMaster: INFO: Registering BlockManager BlockManagerId(driver, wm65b-8a9.broadinstitute.org, 65532, None)
2020-03-06 07:48:20 BlockManagerMaster: INFO: Registered BlockManager BlockManagerId(driver, wm65b-8a9.broadinstitute.org, 65532, None)
2020-03-06 07:48:20 BlockManager: INFO: Reporting 0 blocks to the master.
2020-03-06 07:48:30 Executor: INFO: Told to re-register on heartbeat
2020-03-06 07:48:30 BlockManager: INFO: BlockManager BlockManagerId(driver, wm65b-8a9.broadinstitute.org, 65532, None) re-registering with master
2020-03-06 07:48:30 BlockManagerMaster: INFO: Registering BlockManager BlockManagerId(driver, wm65b-8a9.broadinstitute.org, 65532, None)
2020-03-06 07:48:30 BlockManagerMaster: INFO: Registered BlockManager BlockManagerId(driver, wm65b-8a9.broadinstitute.org, 65532, None)
2020-03-06 07:48:30 BlockManager: INFO: Reporting 0 blocks to the master.
2020-03-06 07:56:05 Executor: INFO: Told to re-register on heartbeat
2020-03-06 07:56:05 BlockManager: INFO: BlockManager BlockManagerId(driver, wm65b-8a9.broadinstitute.org, 65532, None) re-registering with master
2020-03-06 07:56:05 BlockManagerMaster: INFO: Registering BlockManager BlockManagerId(driver, wm65b-8a9.broadinstitute.org, 65532, None)
2020-03-06 07:56:05 BlockManagerMaster: INFO: Registered BlockManager BlockManagerId(driver, wm65b-8a9.broadinstitute.org, 65532, None)
2020-03-06 07:56:05 BlockManager: INFO: Reporting 0 blocks to the master.
2020-03-06 07:56:15 Executor: INFO: Told to re-register on heartbeat
2020-03-06 07:56:15 BlockManager: INFO: BlockManager BlockManagerId(driver, wm65b-8a9.broadinstitute.org, 65532, None) re-registering with master
2020-03-06 07:56:15 BlockManagerMaster: INFO: Registering BlockManager BlockManagerId(driver, wm65b-8a9.broadinstitute.org, 65532, None)
2020-03-06 07:56:15 BlockManagerMaster: INFO: Registered BlockManager BlockManagerId(driver, wm65b-8a9.broadinstitute.org, 65532, None)
2020-03-06 07:56:15 BlockManager: INFO: Reporting 0 blocks to the master.
2020-03-06 07:56:25 Executor: INFO: Told to re-register on heartbeat
2020-03-06 07:56:25 BlockManager: INFO: BlockManager BlockManagerId(driver, wm65b-8a9.broadinstitute.org, 65532, None) re-registering with master
2020-03-06 07:56:25 BlockManagerMaster: INFO: Registering BlockManager BlockManagerId(driver, wm65b-8a9.broadinstitute.org, 65532, None)
2020-03-06 07:56:25 BlockManagerMaster: INFO: Registered BlockManager BlockManagerId(driver, wm65b-8a9.broadinstitute.org, 65532, None)
2020-03-06 07:56:25 BlockManager: INFO: Reporting 0 blocks to the master.
2020-03-06 07:56:35 Executor: INFO: Told to re-register on heartbeat
2020-03-06 07:56:35 BlockManager: INFO: BlockManager BlockManagerId(driver, wm65b-8a9.broadinstitute.org, 65532, None) re-registering with master
2020-03-06 07:56:35 BlockManagerMaster: INFO: Registering BlockManager BlockManagerId(driver, wm65b-8a9.broadinstitute.org, 65532, None)
2020-03-06 07:56:35 BlockManagerMaster: INFO: Registered BlockManager BlockManagerId(driver, wm65b-8a9.broadinstitute.org, 65532, None)
2020-03-06 07:56:35 BlockManager: INFO: Reporting 0 blocks to the master.
2020-03-06 07:56:45 Executor: INFO: Told to re-register on heartbeat
2020-03-06 07:56:45 BlockManager: INFO: BlockManager BlockManagerId(driver, wm65b-8a9.broadinstitute.org, 65532, None) re-registering with master
2020-03-06 07:56:45 BlockManagerMaster: INFO: Registering BlockManager BlockManagerId(driver, wm65b-8a9.broadinstitute.org, 65532, None)
2020-03-06 07:56:45 BlockManagerMaster: INFO: Registered BlockManager BlockManagerId(driver, wm65b-8a9.broadinstitute.org, 65532, None)
2020-03-06 07:56:45 BlockManager: INFO: Reporting 0 blocks to the master.
2020-03-06 07:56:55 Executor: INFO: Told to re-register on heartbeat
2020-03-06 07:56:55 BlockManager: INFO: BlockManager BlockManagerId(driver, wm65b-8a9.broadinstitute.org, 65532, None) re-registering with master
2020-03-06 07:56:55 BlockManagerMaster: INFO: Registering BlockManager BlockManagerId(driver, wm65b-8a9.broadinstitute.org, 65532, None)
2020-03-06 07:56:55 BlockManagerMaster: INFO: Registered BlockManager BlockManagerId(driver, wm65b-8a9.broadinstitute.org, 65532, None)
2020-03-06 07:56:55 BlockManager: INFO: Reporting 0 blocks to the master.
2020-03-06 07:57:05 Executor: INFO: Told to re-register on heartbeat
2020-03-06 07:57:05 BlockManager: INFO: BlockManager BlockManagerId(driver, wm65b-8a9.broadinstitute.org, 65532, None) re-registering with master
2020-03-06 07:57:05 BlockManagerMaster: INFO: Registering BlockManager BlockManagerId(driver, wm65b-8a9.broadinstitute.org, 65532, None)
2020-03-06 07:57:05 BlockManagerMaster: INFO: Registered BlockManager BlockManagerId(driver, wm65b-8a9.broadinstitute.org, 65532, None)
2020-03-06 07:57:05 BlockManager: INFO: Reporting 0 blocks to the master.
2020-03-06 07:57:12 SparkContext: INFO: Invoking stop() from shutdown hook
2020-03-06 07:57:12 AbstractConnector: INFO: Stopped Spark@708c5586{HTTP/1.1,[http/1.1]}{0.0.0.0:4041}
2020-03-06 07:57:12 SparkUI: INFO: Stopped Spark web UI at http://wm65b-8a9.broadinstitute.org:4041
2020-03-06 07:57:12 MapOutputTrackerMasterEndpoint: INFO: MapOutputTrackerMasterEndpoint stopped!
2020-03-06 07:57:12 MemoryStore: INFO: MemoryStore cleared
2020-03-06 07:57:12 BlockManager: INFO: BlockManager stopped
2020-03-06 07:57:12 BlockManagerMaster: INFO: BlockManagerMaster stopped
2020-03-06 07:57:12 OutputCommitCoordinator$OutputCommitCoordinatorEndpoint: INFO: OutputCommitCoordinator stopped!
2020-03-06 07:57:12 SparkContext: INFO: Successfully stopped SparkContext
2020-03-06 07:57:12 ShutdownHookManager: INFO: Shutdown hook called
2020-03-06 07:57:12 ShutdownHookManager: INFO: Deleting directory /private/var/folders/56/q7rh2y5x7hj4n359_13dgwxcmtwz20/T/spark-c39b4753-5f64-4b37-875f-09c6f954d290/pyspark-f16813b1-1b05-4685-a2ae-29f9ceb3f66d
2020-03-06 07:57:12 ShutdownHookManager: INFO: Deleting directory /private/var/folders/56/q7rh2y5x7hj4n359_13dgwxcmtwz20/T/spark-45ef3acf-539b-4228-8bc3-19d4bf8ee795
2020-03-06 07:57:12 ShutdownHookManager: INFO: Deleting directory /private/var/folders/56/q7rh2y5x7hj4n359_13dgwxcmtwz20/T/spark-c39b4753-5f64-4b37-875f-09c6f954d290
