2020-03-16 11:47:14 Hail: WARN: This Hail JAR was compiled for Spark 2.4.0, running with Spark 2.4.3.
  Compatibility is not guaranteed.
2020-03-16 11:47:14 SparkContext: INFO: Running Spark version 2.4.3
2020-03-16 11:47:14 SparkContext: INFO: Submitted application: Hail
2020-03-16 11:47:14 SparkContext: INFO: Spark configuration:
spark.app.name=Hail
spark.driver.extraClassPath=/anaconda3/envs/hail/lib/python3.6/site-packages/hail/hail-all-spark.jar
spark.driver.maxResultSize=0
spark.executor.extraClassPath=./hail-all-spark.jar
spark.hadoop.google.cloud.auth.service.account.enable=true
spark.hadoop.google.cloud.auth.service.account.json.keyfile=/Users/nbaya/.hail/gcs-keys/gcs-connector-key.json
spark.hadoop.io.compression.codecs=org.apache.hadoop.io.compress.DefaultCodec,is.hail.io.compress.BGzipCodec,is.hail.io.compress.BGzipCodecTbi,org.apache.hadoop.io.compress.GzipCodec
spark.hadoop.mapreduce.input.fileinputformat.split.minsize=0
spark.jars=file:///anaconda3/envs/hail/lib/python3.6/site-packages/hail/hail-all-spark.jar
spark.kryo.registrator=is.hail.kryo.HailKryoRegistrator
spark.kryoserializer.buffer.max=1g
spark.logConf=true
spark.master=local[*]
spark.repl.local.jars=file:///anaconda3/envs/hail/lib/python3.6/site-packages/hail/hail-all-spark.jar
spark.serializer=org.apache.spark.serializer.KryoSerializer
spark.submit.deployMode=client
spark.ui.showConsoleProgress=false
2020-03-16 11:47:14 SecurityManager: INFO: Changing view acls to: nbaya
2020-03-16 11:47:14 SecurityManager: INFO: Changing modify acls to: nbaya
2020-03-16 11:47:14 SecurityManager: INFO: Changing view acls groups to: 
2020-03-16 11:47:14 SecurityManager: INFO: Changing modify acls groups to: 
2020-03-16 11:47:14 SecurityManager: INFO: SecurityManager: authentication disabled; ui acls disabled; users  with view permissions: Set(nbaya); groups with view permissions: Set(); users  with modify permissions: Set(nbaya); groups with modify permissions: Set()
2020-03-16 11:47:15 Utils: INFO: Successfully started service 'sparkDriver' on port 63129.
2020-03-16 11:47:15 SparkEnv: INFO: Registering MapOutputTracker
2020-03-16 11:47:15 SparkEnv: INFO: Registering BlockManagerMaster
2020-03-16 11:47:15 BlockManagerMasterEndpoint: INFO: Using org.apache.spark.storage.DefaultTopologyMapper for getting topology information
2020-03-16 11:47:15 BlockManagerMasterEndpoint: INFO: BlockManagerMasterEndpoint up
2020-03-16 11:47:15 DiskBlockManager: INFO: Created local directory at /private/var/folders/56/q7rh2y5x7hj4n359_13dgwxcmtwz20/T/blockmgr-8af33c94-276a-4136-a322-27417eb783a9
2020-03-16 11:47:15 MemoryStore: INFO: MemoryStore started with capacity 366.3 MB
2020-03-16 11:47:15 SparkEnv: INFO: Registering OutputCommitCoordinator
2020-03-16 11:47:15 log: INFO: Logging initialized @2582ms
2020-03-16 11:47:15 Server: INFO: jetty-9.3.z-SNAPSHOT, build timestamp: unknown, git hash: unknown
2020-03-16 11:47:15 Server: INFO: Started @2674ms
2020-03-16 11:47:15 Utils: WARN: Service 'SparkUI' could not bind on port 4040. Attempting port 4041.
2020-03-16 11:47:15 AbstractConnector: INFO: Started ServerConnector@294448e1{HTTP/1.1,[http/1.1]}{0.0.0.0:4041}
2020-03-16 11:47:15 Utils: INFO: Successfully started service 'SparkUI' on port 4041.
2020-03-16 11:47:15 ContextHandler: INFO: Started o.s.j.s.ServletContextHandler@52bebac9{/jobs,null,AVAILABLE,@Spark}
2020-03-16 11:47:15 ContextHandler: INFO: Started o.s.j.s.ServletContextHandler@410d3add{/jobs/json,null,AVAILABLE,@Spark}
2020-03-16 11:47:15 ContextHandler: INFO: Started o.s.j.s.ServletContextHandler@19d3cc8b{/jobs/job,null,AVAILABLE,@Spark}
2020-03-16 11:47:15 ContextHandler: INFO: Started o.s.j.s.ServletContextHandler@5769b3a3{/jobs/job/json,null,AVAILABLE,@Spark}
2020-03-16 11:47:15 ContextHandler: INFO: Started o.s.j.s.ServletContextHandler@7f9ab041{/stages,null,AVAILABLE,@Spark}
2020-03-16 11:47:15 ContextHandler: INFO: Started o.s.j.s.ServletContextHandler@78aa9cad{/stages/json,null,AVAILABLE,@Spark}
2020-03-16 11:47:15 ContextHandler: INFO: Started o.s.j.s.ServletContextHandler@f02c76{/stages/stage,null,AVAILABLE,@Spark}
2020-03-16 11:47:15 ContextHandler: INFO: Started o.s.j.s.ServletContextHandler@1c4f6d96{/stages/stage/json,null,AVAILABLE,@Spark}
2020-03-16 11:47:15 ContextHandler: INFO: Started o.s.j.s.ServletContextHandler@1ddd71f5{/stages/pool,null,AVAILABLE,@Spark}
2020-03-16 11:47:15 ContextHandler: INFO: Started o.s.j.s.ServletContextHandler@74b1044d{/stages/pool/json,null,AVAILABLE,@Spark}
2020-03-16 11:47:15 ContextHandler: INFO: Started o.s.j.s.ServletContextHandler@22cd3001{/storage,null,AVAILABLE,@Spark}
2020-03-16 11:47:15 ContextHandler: INFO: Started o.s.j.s.ServletContextHandler@4509da13{/storage/json,null,AVAILABLE,@Spark}
2020-03-16 11:47:15 ContextHandler: INFO: Started o.s.j.s.ServletContextHandler@332d599e{/storage/rdd,null,AVAILABLE,@Spark}
2020-03-16 11:47:15 ContextHandler: INFO: Started o.s.j.s.ServletContextHandler@4fc2a0da{/storage/rdd/json,null,AVAILABLE,@Spark}
2020-03-16 11:47:15 ContextHandler: INFO: Started o.s.j.s.ServletContextHandler@444dc1b{/environment,null,AVAILABLE,@Spark}
2020-03-16 11:47:15 ContextHandler: INFO: Started o.s.j.s.ServletContextHandler@f9657c2{/environment/json,null,AVAILABLE,@Spark}
2020-03-16 11:47:15 ContextHandler: INFO: Started o.s.j.s.ServletContextHandler@562e0e07{/executors,null,AVAILABLE,@Spark}
2020-03-16 11:47:15 ContextHandler: INFO: Started o.s.j.s.ServletContextHandler@cb0a068{/executors/json,null,AVAILABLE,@Spark}
2020-03-16 11:47:15 ContextHandler: INFO: Started o.s.j.s.ServletContextHandler@2eb611e1{/executors/threadDump,null,AVAILABLE,@Spark}
2020-03-16 11:47:15 ContextHandler: INFO: Started o.s.j.s.ServletContextHandler@13a37bb2{/executors/threadDump/json,null,AVAILABLE,@Spark}
2020-03-16 11:47:15 ContextHandler: INFO: Started o.s.j.s.ServletContextHandler@355b11f7{/static,null,AVAILABLE,@Spark}
2020-03-16 11:47:15 ContextHandler: INFO: Started o.s.j.s.ServletContextHandler@11e0ef13{/,null,AVAILABLE,@Spark}
2020-03-16 11:47:15 ContextHandler: INFO: Started o.s.j.s.ServletContextHandler@91cc25c{/api,null,AVAILABLE,@Spark}
2020-03-16 11:47:15 ContextHandler: INFO: Started o.s.j.s.ServletContextHandler@2edd2f3{/jobs/job/kill,null,AVAILABLE,@Spark}
2020-03-16 11:47:15 ContextHandler: INFO: Started o.s.j.s.ServletContextHandler@cb6c9c4{/stages/stage/kill,null,AVAILABLE,@Spark}
2020-03-16 11:47:15 SparkUI: INFO: Bound SparkUI to 0.0.0.0, and started at http://192.168.0.110:4041
2020-03-16 11:47:15 SparkContext: INFO: Added JAR file:///anaconda3/envs/hail/lib/python3.6/site-packages/hail/hail-all-spark.jar at spark://192.168.0.110:63129/jars/hail-all-spark.jar with timestamp 1584373635491
2020-03-16 11:47:15 Executor: INFO: Starting executor ID driver on host localhost
2020-03-16 11:47:15 Utils: INFO: Successfully started service 'org.apache.spark.network.netty.NettyBlockTransferService' on port 63130.
2020-03-16 11:47:15 NettyBlockTransferService: INFO: Server created on 192.168.0.110:63130
2020-03-16 11:47:15 BlockManager: INFO: Using org.apache.spark.storage.RandomBlockReplicationPolicy for block replication policy
2020-03-16 11:47:15 BlockManagerMaster: INFO: Registering BlockManager BlockManagerId(driver, 192.168.0.110, 63130, None)
2020-03-16 11:47:15 BlockManagerMasterEndpoint: INFO: Registering block manager 192.168.0.110:63130 with 366.3 MB RAM, BlockManagerId(driver, 192.168.0.110, 63130, None)
2020-03-16 11:47:15 BlockManagerMaster: INFO: Registered BlockManager BlockManagerId(driver, 192.168.0.110, 63130, None)
2020-03-16 11:47:15 BlockManager: INFO: Initialized BlockManager: BlockManagerId(driver, 192.168.0.110, 63130, None)
2020-03-16 11:47:15 ContextHandler: INFO: Started o.s.j.s.ServletContextHandler@591365d1{/metrics/json,null,AVAILABLE,@Spark}
2020-03-16 11:47:15 Hail: INFO: Hail temporary directory: file:/tmp/hail.ClCwJh9Gg15I
2020-03-16 11:47:15 Hail: INFO: SparkUI: http://192.168.0.110:4041
2020-03-16 11:47:15 Hail: INFO: Running Hail version 0.2.34-914bd8a10ca2
2020-03-16 11:47:16 SparkContext: WARN: Using an existing SparkContext; some configuration may not take effect.
2020-03-16 11:50:40 SparkContext: INFO: Invoking stop() from shutdown hook
2020-03-16 11:50:40 AbstractConnector: INFO: Stopped Spark@294448e1{HTTP/1.1,[http/1.1]}{0.0.0.0:4041}
2020-03-16 11:50:40 SparkUI: INFO: Stopped Spark web UI at http://192.168.0.110:4041
2020-03-16 11:50:40 MapOutputTrackerMasterEndpoint: INFO: MapOutputTrackerMasterEndpoint stopped!
2020-03-16 11:50:40 MemoryStore: INFO: MemoryStore cleared
2020-03-16 11:50:40 BlockManager: INFO: BlockManager stopped
2020-03-16 11:50:40 BlockManagerMaster: INFO: BlockManagerMaster stopped
2020-03-16 11:50:40 OutputCommitCoordinator$OutputCommitCoordinatorEndpoint: INFO: OutputCommitCoordinator stopped!
2020-03-16 11:50:40 SparkContext: INFO: Successfully stopped SparkContext
2020-03-16 11:50:40 ShutdownHookManager: INFO: Shutdown hook called
2020-03-16 11:50:40 ShutdownHookManager: INFO: Deleting directory /private/var/folders/56/q7rh2y5x7hj4n359_13dgwxcmtwz20/T/spark-5cedc73b-854a-4364-8fcf-52a5ee99b013
2020-03-16 11:50:40 ShutdownHookManager: INFO: Deleting directory /private/var/folders/56/q7rh2y5x7hj4n359_13dgwxcmtwz20/T/spark-be697aee-b2b9-4328-abd7-81c064226e44
2020-03-16 11:50:40 ShutdownHookManager: INFO: Deleting directory /private/var/folders/56/q7rh2y5x7hj4n359_13dgwxcmtwz20/T/spark-5cedc73b-854a-4364-8fcf-52a5ee99b013/pyspark-3b03c1c2-a4ca-4b4b-abcb-d0c0fc100863
