2020-06-20 11:04:57 Hail: INFO: Running Hail version 0.2.43-d7da1fd14f3c
2020-06-20 11:04:57 SparkContext: WARN: Using an existing SparkContext; some configuration may not take effect.
2020-06-20 11:04:58 root: INFO: RegionPool: initialized for thread 15: Thread-4
2020-06-20 11:04:59 root: INFO: globbing path gs://ukb-diverse-pops/ld_prune/phenotype_manifest.tsv.bgz returned 1 files: phenotype_manifest.tsv.bgz
2020-06-20 11:04:59 MemoryStore: INFO: Block broadcast_0 stored as values in memory (estimated size 238.1 KB, free 366.1 MB)
2020-06-20 11:04:59 MemoryStore: INFO: Block broadcast_0_piece0 stored as bytes in memory (estimated size 23.2 KB, free 366.0 MB)
2020-06-20 11:04:59 BlockManagerInfo: INFO: Added broadcast_0_piece0 in memory on 10.0.0.51:52323 (size: 23.2 KB, free: 366.3 MB)
2020-06-20 11:04:59 SparkContext: INFO: Created broadcast 0 from textFile at RichSparkContext.scala:16
2020-06-20 11:05:00 FileInputFormat: INFO: Total input paths to process : 1
2020-06-20 11:05:00 Hail: INFO: Reading table to impute column types
2020-06-20 11:05:00 SparkContext: INFO: Starting job: reduce at TextTableReader.scala:201
2020-06-20 11:05:00 DAGScheduler: INFO: Got job 0 (reduce at TextTableReader.scala:201) with 8 output partitions
2020-06-20 11:05:00 DAGScheduler: INFO: Final stage: ResultStage 0 (reduce at TextTableReader.scala:201)
2020-06-20 11:05:00 DAGScheduler: INFO: Parents of final stage: List()
2020-06-20 11:05:00 DAGScheduler: INFO: Missing parents: List()
2020-06-20 11:05:00 DAGScheduler: INFO: Submitting ResultStage 0 (MapPartitionsRDD[4] at mapPartitions at TextTableReader.scala:172), which has no missing parents
2020-06-20 11:05:00 MemoryStore: INFO: Block broadcast_1 stored as values in memory (estimated size 6.7 KB, free 366.0 MB)
2020-06-20 11:05:00 MemoryStore: INFO: Block broadcast_1_piece0 stored as bytes in memory (estimated size 3.5 KB, free 366.0 MB)
2020-06-20 11:05:00 BlockManagerInfo: INFO: Added broadcast_1_piece0 in memory on 10.0.0.51:52323 (size: 3.5 KB, free: 366.3 MB)
2020-06-20 11:05:00 SparkContext: INFO: Created broadcast 1 from broadcast at DAGScheduler.scala:1161
2020-06-20 11:05:00 DAGScheduler: INFO: Submitting 8 missing tasks from ResultStage 0 (MapPartitionsRDD[4] at mapPartitions at TextTableReader.scala:172) (first 15 tasks are for partitions Vector(0, 1, 2, 3, 4, 5, 6, 7))
2020-06-20 11:05:00 TaskSchedulerImpl: INFO: Adding task set 0.0 with 8 tasks
2020-06-20 11:05:00 TaskSetManager: INFO: Starting task 0.0 in stage 0.0 (TID 0, localhost, executor driver, partition 0, PROCESS_LOCAL, 7917 bytes)
2020-06-20 11:05:00 TaskSetManager: INFO: Starting task 1.0 in stage 0.0 (TID 1, localhost, executor driver, partition 1, PROCESS_LOCAL, 7917 bytes)
2020-06-20 11:05:00 TaskSetManager: INFO: Starting task 2.0 in stage 0.0 (TID 2, localhost, executor driver, partition 2, PROCESS_LOCAL, 7917 bytes)
2020-06-20 11:05:00 TaskSetManager: INFO: Starting task 3.0 in stage 0.0 (TID 3, localhost, executor driver, partition 3, PROCESS_LOCAL, 7917 bytes)
2020-06-20 11:05:00 TaskSetManager: INFO: Starting task 4.0 in stage 0.0 (TID 4, localhost, executor driver, partition 4, PROCESS_LOCAL, 7917 bytes)
2020-06-20 11:05:00 TaskSetManager: INFO: Starting task 5.0 in stage 0.0 (TID 5, localhost, executor driver, partition 5, PROCESS_LOCAL, 7917 bytes)
2020-06-20 11:05:00 TaskSetManager: INFO: Starting task 6.0 in stage 0.0 (TID 6, localhost, executor driver, partition 6, PROCESS_LOCAL, 7917 bytes)
2020-06-20 11:05:00 TaskSetManager: INFO: Starting task 7.0 in stage 0.0 (TID 7, localhost, executor driver, partition 7, PROCESS_LOCAL, 7917 bytes)
2020-06-20 11:05:00 Executor: INFO: Running task 6.0 in stage 0.0 (TID 6)
2020-06-20 11:05:00 Executor: INFO: Running task 5.0 in stage 0.0 (TID 5)
2020-06-20 11:05:00 Executor: INFO: Running task 7.0 in stage 0.0 (TID 7)
2020-06-20 11:05:00 Executor: INFO: Running task 0.0 in stage 0.0 (TID 0)
2020-06-20 11:05:00 Executor: INFO: Running task 1.0 in stage 0.0 (TID 1)
2020-06-20 11:05:00 Executor: INFO: Running task 2.0 in stage 0.0 (TID 2)
2020-06-20 11:05:00 Executor: INFO: Running task 3.0 in stage 0.0 (TID 3)
2020-06-20 11:05:00 Executor: INFO: Running task 4.0 in stage 0.0 (TID 4)
2020-06-20 11:05:00 HadoopRDD: INFO: Input split: gs://ukb-diverse-pops/ld_prune/phenotype_manifest.tsv.bgz:1065930+177655
2020-06-20 11:05:00 HadoopRDD: INFO: Input split: gs://ukb-diverse-pops/ld_prune/phenotype_manifest.tsv.bgz:0+177655
2020-06-20 11:05:00 HadoopRDD: INFO: Input split: gs://ukb-diverse-pops/ld_prune/phenotype_manifest.tsv.bgz:532965+177655
2020-06-20 11:05:00 HadoopRDD: INFO: Input split: gs://ukb-diverse-pops/ld_prune/phenotype_manifest.tsv.bgz:355310+177655
2020-06-20 11:05:00 HadoopRDD: INFO: Input split: gs://ukb-diverse-pops/ld_prune/phenotype_manifest.tsv.bgz:1243585+177658
2020-06-20 11:05:00 HadoopRDD: INFO: Input split: gs://ukb-diverse-pops/ld_prune/phenotype_manifest.tsv.bgz:710620+177655
2020-06-20 11:05:00 HadoopRDD: INFO: Input split: gs://ukb-diverse-pops/ld_prune/phenotype_manifest.tsv.bgz:888275+177655
2020-06-20 11:05:00 HadoopRDD: INFO: Input split: gs://ukb-diverse-pops/ld_prune/phenotype_manifest.tsv.bgz:177655+177655
2020-06-20 11:05:00 CodecPool: INFO: Got brand-new decompressor [.bgz]
2020-06-20 11:05:00 CodecPool: INFO: Got brand-new decompressor [.bgz]
2020-06-20 11:05:00 CodecPool: INFO: Got brand-new decompressor [.bgz]
2020-06-20 11:05:00 CodecPool: INFO: Got brand-new decompressor [.bgz]
2020-06-20 11:05:00 CodecPool: INFO: Got brand-new decompressor [.bgz]
2020-06-20 11:05:00 CodecPool: INFO: Got brand-new decompressor [.bgz]
2020-06-20 11:05:00 CodecPool: INFO: Got brand-new decompressor [.bgz]
2020-06-20 11:05:00 CodecPool: INFO: Got brand-new decompressor [.bgz]
2020-06-20 11:05:00 Executor: INFO: Finished task 0.0 in stage 0.0 (TID 0). 1125 bytes result sent to driver
2020-06-20 11:05:00 Executor: INFO: Finished task 2.0 in stage 0.0 (TID 2). 1125 bytes result sent to driver
2020-06-20 11:05:00 Executor: INFO: Finished task 5.0 in stage 0.0 (TID 5). 1125 bytes result sent to driver
2020-06-20 11:05:00 Executor: INFO: Finished task 1.0 in stage 0.0 (TID 1). 1168 bytes result sent to driver
2020-06-20 11:05:00 Executor: INFO: Finished task 4.0 in stage 0.0 (TID 4). 1125 bytes result sent to driver
2020-06-20 11:05:00 Executor: INFO: Finished task 3.0 in stage 0.0 (TID 3). 1125 bytes result sent to driver
2020-06-20 11:05:00 Executor: INFO: Finished task 7.0 in stage 0.0 (TID 7). 1125 bytes result sent to driver
2020-06-20 11:05:00 Executor: INFO: Finished task 6.0 in stage 0.0 (TID 6). 1125 bytes result sent to driver
2020-06-20 11:05:00 TaskSetManager: INFO: Finished task 1.0 in stage 0.0 (TID 1) in 651 ms on localhost (executor driver) (1/8)
2020-06-20 11:05:00 TaskSetManager: INFO: Finished task 0.0 in stage 0.0 (TID 0) in 670 ms on localhost (executor driver) (2/8)
2020-06-20 11:05:00 TaskSetManager: INFO: Finished task 5.0 in stage 0.0 (TID 5) in 655 ms on localhost (executor driver) (3/8)
2020-06-20 11:05:00 TaskSetManager: INFO: Finished task 2.0 in stage 0.0 (TID 2) in 657 ms on localhost (executor driver) (4/8)
2020-06-20 11:05:00 TaskSetManager: INFO: Finished task 4.0 in stage 0.0 (TID 4) in 656 ms on localhost (executor driver) (5/8)
2020-06-20 11:05:00 TaskSetManager: INFO: Finished task 7.0 in stage 0.0 (TID 7) in 654 ms on localhost (executor driver) (6/8)
2020-06-20 11:05:00 TaskSetManager: INFO: Finished task 3.0 in stage 0.0 (TID 3) in 656 ms on localhost (executor driver) (7/8)
2020-06-20 11:05:00 TaskSetManager: INFO: Finished task 6.0 in stage 0.0 (TID 6) in 656 ms on localhost (executor driver) (8/8)
2020-06-20 11:05:00 TaskSchedulerImpl: INFO: Removed TaskSet 0.0, whose tasks have all completed, from pool 
2020-06-20 11:05:00 DAGScheduler: INFO: ResultStage 0 (reduce at TextTableReader.scala:201) finished in 0.755 s
2020-06-20 11:05:00 DAGScheduler: INFO: Job 0 finished: reduce at TextTableReader.scala:201, took 0.812661 s
2020-06-20 11:05:01 Hail: INFO: Finished type imputation
  Loading column 'trait_type' as type 'str' (imputed)
  Loading column 'phenocode' as type 'str' (imputed)
  Loading column 'pheno_sex' as type 'str' (imputed)
  Loading column 'coding' as type 'str' (imputed)
  Loading column 'modifier' as type 'str' (imputed)
  Loading column 'description' as type 'str' (imputed)
  Loading column 'description_more' as type 'str' (imputed)
  Loading column 'coding_description' as type 'str' (imputed)
  Loading column 'category' as type 'str' (imputed)
  Loading column 'n_cases_full_cohort_both_sexes' as type 'int32' (imputed)
  Loading column 'n_cases_full_cohort_females' as type 'int32' (imputed)
  Loading column 'n_cases_full_cohort_males' as type 'int32' (imputed)
  Loading column 'pops' as type 'str' (imputed)
  Loading column 'num_pops' as type 'int32' (imputed)
  Loading column 'n_cases_AFR' as type 'int32' (imputed)
  Loading column 'n_cases_AMR' as type 'int32' (imputed)
  Loading column 'n_cases_CSA' as type 'int32' (imputed)
  Loading column 'n_cases_EAS' as type 'int32' (imputed)
  Loading column 'n_cases_EUR' as type 'int32' (imputed)
  Loading column 'n_cases_MID' as type 'int32' (imputed)
  Loading column 'n_controls_AFR' as type 'int32' (imputed)
  Loading column 'n_controls_AMR' as type 'int32' (imputed)
  Loading column 'n_controls_CSA' as type 'int32' (imputed)
  Loading column 'n_controls_EAS' as type 'int32' (imputed)
  Loading column 'n_controls_EUR' as type 'int32' (imputed)
  Loading column 'n_controls_MID' as type 'int32' (imputed)
  Loading column 'saige_heritability_AFR' as type 'float64' (imputed)
  Loading column 'saige_heritability_AMR' as type 'float64' (imputed)
  Loading column 'saige_heritability_CSA' as type 'float64' (imputed)
  Loading column 'saige_heritability_EAS' as type 'float64' (imputed)
  Loading column 'saige_heritability_EUR' as type 'float64' (imputed)
  Loading column 'saige_heritability_MID' as type 'float64' (imputed)
  Loading column 'lambda_gc_AFR' as type 'float64' (imputed)
  Loading column 'lambda_gc_AMR' as type 'float64' (imputed)
  Loading column 'lambda_gc_CSA' as type 'float64' (imputed)
  Loading column 'lambda_gc_EAS' as type 'float64' (imputed)
  Loading column 'lambda_gc_EUR' as type 'float64' (imputed)
  Loading column 'lambda_gc_MID' as type 'float64' (imputed)
  Loading column 'filename' as type 'str' (imputed)
  Loading column 'filename_tabix' as type 'str' (imputed)
  Loading column 'dropbox_link' as type 'str' (imputed)
  Loading column 'dropbox_link_tabix' as type 'str' (imputed)
  Loading column 'wget' as type 'str' (imputed)
  Loading column 'wget_tabix' as type 'str' (imputed)
  Loading column 'size_in_bytes' as type 'int64' (imputed)
  Loading column 'size_in_bytes_tabix' as type 'int32' (imputed)
  Loading column 'md5_hex' as type 'str' (imputed)
  Loading column 'md5_hex_tabix' as type 'str' (imputed)
2020-06-20 11:05:01 root: INFO: optimize Lowerer, initial IR: before: IR size 40: 
(ToArray
  (StreamMap __uid_4
    (ToStream
      (GetField rows
        (TableCollect
          (TableMapRows
            (TableMapGlobals
              (TableMapRows
                (TableFilter
                  (TableFilter
                    (TableRead None False "{\"files\":[\"gs://ukb-diverse-pops/ld_prune/phenotype_manifest.tsv.bgz\"],\"typeMapStr\":{},\"comment\":[],\"separator\":\"\\t\",\"missing\":[\"NA\"],\"hasHeader\":true,\"impute\":true,\"quoteStr\":null,\"skipBlankLines\":false,\"forceBGZ\":false,\"filterAndReplace\":{},\"forceGZ\":false,\"name\":\"TextTableReader\"}")
                    (Coalesce
                      (ApplyComparisonOp GTEQ
                        (GetField num_pops
                          (Ref row))
                        (I32 5))
                      (False)))
                  (Coalesce
                    (ApplyUnaryPrimOp Bang
                      (Apply contains () Boolean
                        (GetField pops
                          (Ref row))
                        (Str "EUR")))
                    (False)))
                (InsertFields
                  (SelectFields ()
                    (SelectFields (trait_type phenocode pheno_sex coding modifier description description_more coding_description category n_cases_full_cohort_both_sexes n_cases_full_cohort_females n_cases_full_cohort_males pops num_pops n_cases_AFR n_cases_AMR n_cases_CSA n_cases_EAS n_cases_EUR n_cases_MID n_controls_AFR n_controls_AMR n_controls_CSA n_controls_EAS n_controls_EUR n_controls_MID saige_heritability_AFR saige_heritability_AMR saige_heritability_CSA saige_heritability_EAS saige_heritability_EUR saige_heritability_MID lambda_gc_AFR lambda_gc_AMR lambda_gc_CSA lambda_gc_EAS lambda_gc_EUR lambda_gc_MID filename filename_tabix dropbox_link dropbox_link_tabix wget wget_tabix size_in_bytes size_in_bytes_tabix md5_hex md5_hex_tabix)
                      (Ref row)))
                  None
                  (trait_type
                    (GetField trait_type
                      (Ref row)))))
              (InsertFields
                (SelectFields ()
                  (SelectFields ()
                    (Ref global)))
                None))
            (InsertFields
              (SelectFields (trait_type)
                (SelectFields (trait_type)
                  (Ref row)))
              None)))))
    (GetField trait_type
      (Ref __uid_4))))
2020-06-20 11:05:01 root: INFO: Timer: Time taken for Optimize -- FoldConstants : 2.065ms, total 39.272ms
2020-06-20 11:05:01 root: INFO: Timer: Time taken for Optimize -- ExtractIntervalFilters : 6.258ms, total 46.507ms
2020-06-20 11:05:01 root: INFO: Timer: Time taken for Optimize -- Simplify : 14.243ms, total 61.138ms
2020-06-20 11:05:01 root: INFO: Timer: Time taken for Optimize -- ForwardLets : 11.501ms, total 73.244ms
2020-06-20 11:05:01 root: INFO: Timer: Time taken for Optimize -- ForwardRelationalLets : 1.471ms, total 75.306ms
2020-06-20 11:05:01 root: INFO: Timer: Time taken for Optimize -- PruneDeadFields : 17.277ms, total 92.936ms
2020-06-20 11:05:01 root: INFO: Timer: Time taken for Optimize -- FoldConstants : 0.384ms, total 93.601ms
2020-06-20 11:05:01 root: INFO: Timer: Time taken for Optimize -- ExtractIntervalFilters : 0.229ms, total 94.054ms
2020-06-20 11:05:01 root: INFO: Timer: Time taken for Optimize -- Simplify : 0.348ms, total 94.581ms
2020-06-20 11:05:01 root: INFO: Timer: Time taken for Optimize -- ForwardLets : 1.472ms, total 96.232ms
2020-06-20 11:05:01 root: INFO: Timer: Time taken for Optimize -- ForwardRelationalLets : 0.145ms, total 96.551ms
2020-06-20 11:05:01 root: INFO: Timer: Time taken for Optimize -- PruneDeadFields : 1.954ms, total 98.624ms
2020-06-20 11:05:01 root: INFO: Timer: Time taken for Optimize -- FoldConstants : 0.243ms, total 99.184ms
2020-06-20 11:05:01 root: INFO: Timer: Time taken for Optimize -- ExtractIntervalFilters : 0.114ms, total 99.430ms
2020-06-20 11:05:01 root: INFO: Timer: Time taken for Optimize -- Simplify : 1.209ms, total 100.750ms
2020-06-20 11:05:01 root: INFO: Timer: Time taken for Optimize -- ForwardLets : 1.314ms, total 102.202ms
2020-06-20 11:05:01 root: INFO: Timer: Time taken for Optimize -- ForwardRelationalLets : 0.198ms, total 102.548ms
2020-06-20 11:05:01 root: INFO: Timer: Time taken for Optimize -- PruneDeadFields : 1.721ms, total 104.438ms
2020-06-20 11:05:01 root: INFO: Timer: Time taken for Optimize : 67.861ms, total 104.623ms, tagged coverage 91.6
2020-06-20 11:05:01 root: INFO: optimize Lowerer, initial IR: after: IR size 26:
(ToArray
  (StreamMap __iruid_2
    (ToStream
      (GetField rows
        (TableCollect
          (TableMapRows
            (TableFilter
              (TableRead Table{global:Struct{},key:[],row:Struct{trait_type:String,pops:String,num_pops:Int32}} False "{\"files\":[\"gs://ukb-diverse-pops/ld_prune/phenotype_manifest.tsv.bgz\"],\"typeMapStr\":{},\"comment\":[],\"separator\":\"\\t\",\"missing\":[\"NA\"],\"hasHeader\":true,\"impute\":true,\"quoteStr\":null,\"skipBlankLines\":false,\"forceBGZ\":false,\"filterAndReplace\":{},\"forceGZ\":false,\"name\":\"TextTableReader\"}")
              (ApplySpecial land () Boolean
                (Coalesce
                  (ApplyComparisonOp GTEQ
                    (GetField num_pops
                      (Ref row))
                    (I32 5))
                  (False))
                (Coalesce
                  (ApplyUnaryPrimOp Bang
                    (Apply contains () Boolean
                      (GetField pops
                        (Ref row))
                      (Str "EUR")))
                  (False))))
            (SelectFields (trait_type)
              (Ref row))))))
    (GetField trait_type
      (Ref __iruid_2))))
2020-06-20 11:05:01 root: INFO: Timer: Time taken for LowerMatrixToTable -- Verify : 0.538ms, total 109.782ms
2020-06-20 11:05:01 root: INFO: Timer: Time taken for LowerMatrixToTable -- LoweringTransformation : 8.933ms, total 119.142ms
2020-06-20 11:05:01 root: INFO: Timer: Time taken for LowerMatrixToTable -- Verify : 0.077ms, total 119.796ms
2020-06-20 11:05:01 root: INFO: Timer: Time taken for LowerMatrixToTable : 11.081ms, total 119.994ms, tagged coverage 86.2
2020-06-20 11:05:01 root: INFO: optimize LowerMatrixToTable, post Lowering: before: IR size 26: 
(ToArray
  (StreamMap __iruid_2
    (ToStream
      (GetField rows
        (TableCollect
          (TableMapRows
            (TableFilter
              (TableRead Table{global:Struct{},key:[],row:Struct{trait_type:String,pops:String,num_pops:Int32}} False "{\"files\":[\"gs://ukb-diverse-pops/ld_prune/phenotype_manifest.tsv.bgz\"],\"typeMapStr\":{},\"comment\":[],\"separator\":\"\\t\",\"missing\":[\"NA\"],\"hasHeader\":true,\"impute\":true,\"quoteStr\":null,\"skipBlankLines\":false,\"forceBGZ\":false,\"filterAndReplace\":{},\"forceGZ\":false,\"name\":\"TextTableReader\"}")
              (ApplySpecial land () Boolean
                (Coalesce
                  (ApplyComparisonOp GTEQ
                    (GetField num_pops
                      (Ref row))
                    (I32 5))
                  (False))
                (Coalesce
                  (ApplyUnaryPrimOp Bang
                    (Apply contains () Boolean
                      (GetField pops
                        (Ref row))
                      (Str "EUR")))
                  (False))))
            (SelectFields (trait_type)
              (Ref row))))))
    (GetField trait_type
      (Ref __iruid_2))))
2020-06-20 11:05:01 root: INFO: Timer: Time taken for Optimize -- FoldConstants : 0.144ms, total 121.748ms
2020-06-20 11:05:01 root: INFO: Timer: Time taken for Optimize -- ExtractIntervalFilters : 0.246ms, total 122.171ms
2020-06-20 11:05:01 root: INFO: Timer: Time taken for Optimize -- Simplify : 0.492ms, total 122.924ms
2020-06-20 11:05:01 root: INFO: Timer: Time taken for Optimize -- ForwardLets : 2.445ms, total 125.649ms
2020-06-20 11:05:01 root: INFO: Timer: Time taken for Optimize -- ForwardRelationalLets : 0.233ms, total 126.322ms
2020-06-20 11:05:01 root: INFO: Timer: Time taken for Optimize -- PruneDeadFields : 2.446ms, total 129.112ms
2020-06-20 11:05:01 root: INFO: Timer: Time taken for Optimize -- FoldConstants : 0.455ms, total 129.942ms
2020-06-20 11:05:01 root: INFO: Timer: Time taken for Optimize -- ExtractIntervalFilters : 0.179ms, total 130.364ms
2020-06-20 11:05:01 root: INFO: Timer: Time taken for Optimize -- Simplify : 0.344ms, total 130.859ms
2020-06-20 11:05:01 root: INFO: Timer: Time taken for Optimize -- ForwardLets : 2.015ms, total 133.018ms
2020-06-20 11:05:01 root: INFO: Timer: Time taken for Optimize -- ForwardRelationalLets : 0.286ms, total 133.591ms
2020-06-20 11:05:01 root: INFO: Timer: Time taken for Optimize -- PruneDeadFields : 2.365ms, total 136.167ms
2020-06-20 11:05:01 root: INFO: Timer: Time taken for Optimize -- FoldConstants : 0.476ms, total 137.055ms
2020-06-20 11:05:01 root: INFO: Timer: Time taken for Optimize -- ExtractIntervalFilters : 4.870ms, total 142.232ms
2020-06-20 11:05:01 root: INFO: Timer: Time taken for Optimize -- Simplify : 0.667ms, total 143.160ms
2020-06-20 11:05:01 root: INFO: Timer: Time taken for Optimize -- ForwardLets : 2.124ms, total 145.493ms
2020-06-20 11:05:01 root: INFO: Timer: Time taken for Optimize -- ForwardRelationalLets : 0.240ms, total 146.000ms
2020-06-20 11:05:01 root: INFO: Timer: Time taken for Optimize -- PruneDeadFields : 2.422ms, total 148.690ms
2020-06-20 11:05:01 root: INFO: Timer: Time taken for Optimize : 27.306ms, total 148.905ms, tagged coverage 82.2
2020-06-20 11:05:01 root: INFO: optimize LowerMatrixToTable, post Lowering: after: IR size 26:
(ToArray
  (StreamMap __iruid_5
    (ToStream
      (GetField rows
        (TableCollect
          (TableMapRows
            (TableFilter
              (TableRead Table{global:Struct{},key:[],row:Struct{trait_type:String,pops:String,num_pops:Int32}} False "{\"files\":[\"gs://ukb-diverse-pops/ld_prune/phenotype_manifest.tsv.bgz\"],\"typeMapStr\":{},\"comment\":[],\"separator\":\"\\t\",\"missing\":[\"NA\"],\"hasHeader\":true,\"impute\":true,\"quoteStr\":null,\"skipBlankLines\":false,\"forceBGZ\":false,\"filterAndReplace\":{},\"forceGZ\":false,\"name\":\"TextTableReader\"}")
              (ApplySpecial land () Boolean
                (Coalesce
                  (ApplyComparisonOp GTEQ
                    (GetField num_pops
                      (Ref row))
                    (I32 5))
                  (False))
                (Coalesce
                  (ApplyUnaryPrimOp Bang
                    (Apply contains () Boolean
                      (GetField pops
                        (Ref row))
                      (Str "EUR")))
                  (False))))
            (SelectFields (trait_type)
              (Ref row))))))
    (GetField trait_type
      (Ref __iruid_5))))
2020-06-20 11:05:01 root: INFO: Timer: Time taken for InterpretNonCompilable -- Verify : 0.033ms, total 150.550ms
2020-06-20 11:05:01 root: INFO: interpreting non compilable node: TableCollect
2020-06-20 11:05:01 MemoryStore: INFO: Block broadcast_2 stored as values in memory (estimated size 238.1 KB, free 365.8 MB)
2020-06-20 11:05:01 MemoryStore: INFO: Block broadcast_2_piece0 stored as bytes in memory (estimated size 23.2 KB, free 365.8 MB)
2020-06-20 11:05:01 BlockManagerInfo: INFO: Added broadcast_2_piece0 in memory on 10.0.0.51:52323 (size: 23.2 KB, free: 366.3 MB)
2020-06-20 11:05:01 SparkContext: INFO: Created broadcast 2 from broadcast at SparkBackend.scala:232
2020-06-20 11:05:01 root: INFO: optimize Lowerer, initial IR: before: IR size 16: 
(Coalesce
  (ApplySpecial land () Boolean
    (Coalesce
      (ApplyComparisonOp GTEQ
        (GetField num_pops
          (In +PCStruct{trait_type:+PCString,pops:+PCString,num_pops:+PInt32} 0))
        (I32 5))
      (False))
    (Coalesce
      (ApplyUnaryPrimOp Bang
        (Apply contains () Boolean
          (GetField pops
            (In +PCStruct{trait_type:+PCString,pops:+PCString,num_pops:+PInt32} 0))
          (Str "EUR")))
      (False)))
  (False))
2020-06-20 11:05:01 root: INFO: Timer: Time taken for InterpretNonCompilable -- LoweringTransformation -- Optimize -- FoldConstants : 0.327ms, total 226.578ms
2020-06-20 11:05:01 root: INFO: Timer: Time taken for InterpretNonCompilable -- LoweringTransformation -- Optimize -- ExtractIntervalFilters : 0.107ms, total 226.905ms
2020-06-20 11:05:01 root: INFO: Timer: Time taken for InterpretNonCompilable -- LoweringTransformation -- Optimize -- Simplify : 0.186ms, total 227.216ms
2020-06-20 11:05:01 root: INFO: Timer: Time taken for InterpretNonCompilable -- LoweringTransformation -- Optimize -- ForwardLets : 0.950ms, total 228.277ms
2020-06-20 11:05:01 root: INFO: Timer: Time taken for InterpretNonCompilable -- LoweringTransformation -- Optimize -- ForwardRelationalLets : 0.139ms, total 228.586ms
2020-06-20 11:05:01 root: INFO: Timer: Time taken for InterpretNonCompilable -- LoweringTransformation -- Optimize -- PruneDeadFields : 0.768ms, total 229.491ms
2020-06-20 11:05:01 root: INFO: Timer: Time taken for InterpretNonCompilable -- LoweringTransformation -- Optimize : 3.438ms, total 229.686ms, tagged coverage 72.0
2020-06-20 11:05:01 root: INFO: optimize Lowerer, initial IR: after: IR size 16:
(Coalesce
  (ApplySpecial land () Boolean
    (Coalesce
      (ApplyComparisonOp GTEQ
        (GetField num_pops
          (In +PCStruct{trait_type:+PCString,pops:+PCString,num_pops:+PInt32} 0))
        (I32 5))
      (False))
    (Coalesce
      (ApplyUnaryPrimOp Bang
        (Apply contains () Boolean
          (GetField pops
            (In +PCStruct{trait_type:+PCString,pops:+PCString,num_pops:+PInt32} 0))
          (Str "EUR")))
      (False)))
  (False))
2020-06-20 11:05:01 root: INFO: Timer: Time taken for InterpretNonCompilable -- LoweringTransformation -- InlineApplyIR -- Verify : 0.340ms, total 230.649ms
2020-06-20 11:05:01 root: INFO: Timer: Time taken for InterpretNonCompilable -- LoweringTransformation -- InlineApplyIR -- LoweringTransformation : 0.391ms, total 231.215ms
2020-06-20 11:05:01 root: INFO: Timer: Time taken for InterpretNonCompilable -- LoweringTransformation -- InlineApplyIR -- Verify : 0.043ms, total 231.429ms
2020-06-20 11:05:01 root: INFO: Timer: Time taken for InterpretNonCompilable -- LoweringTransformation -- InlineApplyIR : 1.237ms, total 231.544ms, tagged coverage 62.5
2020-06-20 11:05:01 root: INFO: optimize InlineApplyIR, post Lowering: before: IR size 16: 
(Coalesce
  (ApplySpecial land () Boolean
    (Coalesce
      (ApplyComparisonOp GTEQ
        (GetField num_pops
          (In +PCStruct{trait_type:+PCString,pops:+PCString,num_pops:+PInt32} 0))
        (I32 5))
      (False))
    (Coalesce
      (ApplyUnaryPrimOp Bang
        (Apply contains () Boolean
          (GetField pops
            (In +PCStruct{trait_type:+PCString,pops:+PCString,num_pops:+PInt32} 0))
          (Str "EUR")))
      (False)))
  (False))
2020-06-20 11:05:01 root: INFO: Timer: Time taken for InterpretNonCompilable -- LoweringTransformation -- Optimize -- FoldConstants : 0.086ms, total 232.175ms
2020-06-20 11:05:01 root: INFO: Timer: Time taken for InterpretNonCompilable -- LoweringTransformation -- Optimize -- ExtractIntervalFilters : 0.063ms, total 232.362ms
2020-06-20 11:05:01 root: INFO: Timer: Time taken for InterpretNonCompilable -- LoweringTransformation -- Optimize -- Simplify : 0.178ms, total 232.647ms
2020-06-20 11:05:01 root: INFO: Timer: Time taken for InterpretNonCompilable -- LoweringTransformation -- Optimize -- ForwardLets : 0.863ms, total 233.626ms
2020-06-20 11:05:01 root: INFO: Timer: Time taken for InterpretNonCompilable -- LoweringTransformation -- Optimize -- ForwardRelationalLets : 0.099ms, total 233.852ms
2020-06-20 11:05:01 root: INFO: Timer: Time taken for InterpretNonCompilable -- LoweringTransformation -- Optimize -- PruneDeadFields : 0.792ms, total 234.754ms
2020-06-20 11:05:01 root: INFO: Timer: Time taken for InterpretNonCompilable -- LoweringTransformation -- Optimize : 2.827ms, total 234.912ms, tagged coverage 73.6
2020-06-20 11:05:01 root: INFO: optimize InlineApplyIR, post Lowering: after: IR size 16:
(Coalesce
  (ApplySpecial land () Boolean
    (Coalesce
      (ApplyComparisonOp GTEQ
        (GetField num_pops
          (In +PCStruct{trait_type:+PCString,pops:+PCString,num_pops:+PInt32} 0))
        (I32 5))
      (False))
    (Coalesce
      (ApplyUnaryPrimOp Bang
        (Apply contains () Boolean
          (GetField pops
            (In +PCStruct{trait_type:+PCString,pops:+PCString,num_pops:+PInt32} 0))
          (Str "EUR")))
      (False)))
  (False))
2020-06-20 11:05:01 root: INFO: Timer: Time taken for InterpretNonCompilable -- LoweringTransformation -- LowerArrayAggsToRunAggs -- Verify : 0.032ms, total 235.539ms
2020-06-20 11:05:01 root: INFO: Timer: Time taken for InterpretNonCompilable -- LoweringTransformation -- LowerArrayAggsToRunAggs -- LoweringTransformation : 0.531ms, total 236.187ms
2020-06-20 11:05:01 root: INFO: Timer: Time taken for InterpretNonCompilable -- LoweringTransformation -- LowerArrayAggsToRunAggs -- Verify : 0.390ms, total 236.731ms
2020-06-20 11:05:01 root: INFO: Timer: Time taken for InterpretNonCompilable -- LoweringTransformation -- LowerArrayAggsToRunAggs : 1.415ms, total 236.919ms, tagged coverage 67.4
2020-06-20 11:05:01 root: INFO: optimize LowerArrayAggsToRunAggs, post Lowering: before: IR size 16: 
(Coalesce
  (ApplySpecial land () Boolean
    (Coalesce
      (ApplyComparisonOp GTEQ
        (GetField num_pops
          (In +PCStruct{trait_type:+PCString,pops:+PCString,num_pops:+PInt32} 0))
        (I32 5))
      (False))
    (Coalesce
      (ApplyUnaryPrimOp Bang
        (Apply contains () Boolean
          (GetField pops
            (In +PCStruct{trait_type:+PCString,pops:+PCString,num_pops:+PInt32} 0))
          (Str "EUR")))
      (False)))
  (False))
2020-06-20 11:05:01 root: INFO: Timer: Time taken for InterpretNonCompilable -- LoweringTransformation -- Optimize -- FoldConstants : 0.097ms, total 237.593ms
2020-06-20 11:05:01 root: INFO: Timer: Time taken for InterpretNonCompilable -- LoweringTransformation -- Optimize -- ExtractIntervalFilters : 0.091ms, total 237.834ms
2020-06-20 11:05:01 root: INFO: Timer: Time taken for InterpretNonCompilable -- LoweringTransformation -- Optimize -- Simplify : 0.234ms, total 238.188ms
2020-06-20 11:05:01 root: INFO: Timer: Time taken for InterpretNonCompilable -- LoweringTransformation -- Optimize -- ForwardLets : 1.481ms, total 239.795ms
2020-06-20 11:05:01 root: INFO: Timer: Time taken for InterpretNonCompilable -- LoweringTransformation -- Optimize -- ForwardRelationalLets : 0.191ms, total 240.298ms
2020-06-20 11:05:01 root: INFO: Timer: Time taken for InterpretNonCompilable -- LoweringTransformation -- Optimize -- PruneDeadFields : 0.897ms, total 241.383ms
2020-06-20 11:05:01 root: INFO: Timer: Time taken for InterpretNonCompilable -- LoweringTransformation -- Optimize : 4.116ms, total 241.607ms, tagged coverage 72.7
2020-06-20 11:05:01 root: INFO: optimize LowerArrayAggsToRunAggs, post Lowering: after: IR size 16:
(Coalesce
  (ApplySpecial land () Boolean
    (Coalesce
      (ApplyComparisonOp GTEQ
        (GetField num_pops
          (In +PCStruct{trait_type:+PCString,pops:+PCString,num_pops:+PInt32} 0))
        (I32 5))
      (False))
    (Coalesce
      (ApplyUnaryPrimOp Bang
        (Apply contains () Boolean
          (GetField pops
            (In +PCStruct{trait_type:+PCString,pops:+PCString,num_pops:+PInt32} 0))
          (Str "EUR")))
      (False)))
  (False))
2020-06-20 11:05:01 root: INFO: encoder cache miss (0 hits, 1 misses, 0.000)
2020-06-20 11:05:01 root: INFO: instruction count: 6: __C11etypeEncode.<init>
2020-06-20 11:05:01 root: INFO: instruction count: 8: __C11etypeEncode.apply
2020-06-20 11:05:01 root: INFO: instruction count: 8: __C11etypeEncode.__m12ENCODE_r_tuple_of_r_stringEND_TO_r_struct_of_r_binaryEND
2020-06-20 11:05:01 root: INFO: instruction count: 16: __C11etypeEncode.__m13write_fields_group_0
2020-06-20 11:05:01 root: INFO: instruction count: 19: __C11etypeEncode.__m14ENCODE_r_binary_TO_r_binary
2020-06-20 11:05:01 MemoryStore: INFO: Block broadcast_3 stored as values in memory (estimated size 56.0 B, free 365.8 MB)
2020-06-20 11:05:01 MemoryStore: INFO: Block broadcast_3_piece0 stored as bytes in memory (estimated size 60.0 B, free 365.8 MB)
2020-06-20 11:05:01 BlockManagerInfo: INFO: Added broadcast_3_piece0 in memory on 10.0.0.51:52323 (size: 60.0 B, free: 366.3 MB)
2020-06-20 11:05:01 SparkContext: INFO: Created broadcast 3 from broadcast at SparkBackend.scala:232
2020-06-20 11:05:01 root: INFO: instruction count: 6: __C1Compiled.<init>
2020-06-20 11:05:01 root: INFO: instruction count: 172: __C1Compiled.apply
2020-06-20 11:05:01 root: INFO: instruction count: 26: __C1Compiled.__m2cord
2020-06-20 11:05:01 root: INFO: instruction count: 46: __C1Compiled.__m3contains
2020-06-20 11:05:01 root: INFO: instruction count: 14: __C1Compiled.setPartitionIndex
2020-06-20 11:05:01 root: INFO: instruction count: 7: __C1Compiled.addPartitionRegion
2020-06-20 11:05:01 root: INFO: instruction count: 25: __C1Compiled.__m7DECODE_r_struct_of_r_binaryEND_TO_r_tuple_of_r_stringEND
2020-06-20 11:05:01 root: INFO: instruction count: 11: __C1Compiled.__m8read_fields_group_0
2020-06-20 11:05:01 root: INFO: instruction count: 34: __C1Compiled.__m9INPLACE_DECODE_r_binary_TO_r_binary
2020-06-20 11:05:01 root: INFO: instruction count: 41: __C1Compiled.addLiterals
2020-06-20 11:05:01 root: INFO: encoder cache miss (0 hits, 2 misses, 0.000)
2020-06-20 11:05:01 root: INFO: instruction count: 6: __C15etypeEncode.<init>
2020-06-20 11:05:01 root: INFO: instruction count: 8: __C15etypeEncode.apply
2020-06-20 11:05:01 root: INFO: instruction count: 4: __C15etypeEncode.__m16ENCODE_r_tuple_of_END_TO_r_struct_of_END
2020-06-20 11:05:01 root: INFO: decoder cache miss (0 hits, 1 misses, 0.000
2020-06-20 11:05:01 root: INFO: instruction count: 6: __C17etypeDecode.<init>
2020-06-20 11:05:01 root: INFO: instruction count: 8: __C17etypeDecode.apply
2020-06-20 11:05:01 root: INFO: instruction count: 19: __C17etypeDecode.__m18DECODE_r_struct_of_END_TO_r_tuple_of_END
2020-06-20 11:05:01 MemoryStore: INFO: Block broadcast_4 stored as values in memory (estimated size 1816.0 B, free 365.8 MB)
2020-06-20 11:05:01 MemoryStore: INFO: Block broadcast_4_piece0 stored as bytes in memory (estimated size 928.0 B, free 365.8 MB)
2020-06-20 11:05:01 BlockManagerInfo: INFO: Added broadcast_4_piece0 in memory on 10.0.0.51:52323 (size: 928.0 B, free: 366.3 MB)
2020-06-20 11:05:01 SparkContext: INFO: Created broadcast 4 from broadcast at SparkBackend.scala:232
2020-06-20 11:05:01 root: INFO: optimize Lowerer, initial IR: before: IR size 5: 
(Coalesce
  (SelectFields (trait_type)
    (In +PCStruct{trait_type:+PCString,pops:+PCString,num_pops:+PInt32} 1))
  (Die Struct{trait_type:String}
    (Str "Internal e...")))
2020-06-20 11:05:01 root: INFO: Timer: Time taken for InterpretNonCompilable -- LoweringTransformation -- Optimize -- FoldConstants : 0.110ms, total 508.721ms
2020-06-20 11:05:01 root: INFO: Timer: Time taken for InterpretNonCompilable -- LoweringTransformation -- Optimize -- ExtractIntervalFilters : 0.029ms, total 508.933ms
2020-06-20 11:05:01 root: INFO: Timer: Time taken for InterpretNonCompilable -- LoweringTransformation -- Optimize -- Simplify : 0.080ms, total 509.127ms
2020-06-20 11:05:01 root: INFO: Timer: Time taken for InterpretNonCompilable -- LoweringTransformation -- Optimize -- ForwardLets : 0.325ms, total 509.557ms
2020-06-20 11:05:01 root: INFO: Timer: Time taken for InterpretNonCompilable -- LoweringTransformation -- Optimize -- ForwardRelationalLets : 0.044ms, total 509.777ms
2020-06-20 11:05:01 root: INFO: Timer: Time taken for InterpretNonCompilable -- LoweringTransformation -- Optimize -- PruneDeadFields : 0.297ms, total 510.182ms
2020-06-20 11:05:01 root: INFO: Timer: Time taken for InterpretNonCompilable -- LoweringTransformation -- Optimize : 1.797ms, total 510.404ms, tagged coverage 49.3
2020-06-20 11:05:01 root: INFO: optimize Lowerer, initial IR: after: IR size 5:
(Coalesce
  (SelectFields (trait_type)
    (In +PCStruct{trait_type:+PCString,pops:+PCString,num_pops:+PInt32} 1))
  (Die Struct{trait_type:String}
    (Str "Internal e...")))
2020-06-20 11:05:01 root: INFO: Timer: Time taken for InterpretNonCompilable -- LoweringTransformation -- InlineApplyIR -- Verify : 0.015ms, total 510.902ms
2020-06-20 11:05:01 root: INFO: Timer: Time taken for InterpretNonCompilable -- LoweringTransformation -- InlineApplyIR -- LoweringTransformation : 0.024ms, total 511.031ms
2020-06-20 11:05:01 root: INFO: Timer: Time taken for InterpretNonCompilable -- LoweringTransformation -- InlineApplyIR -- Verify : 0.016ms, total 511.148ms
2020-06-20 11:05:01 root: INFO: Timer: Time taken for InterpretNonCompilable -- LoweringTransformation -- InlineApplyIR : 0.462ms, total 511.347ms, tagged coverage 11.8
2020-06-20 11:05:01 root: INFO: optimize InlineApplyIR, post Lowering: before: IR size 5: 
(Coalesce
  (SelectFields (trait_type)
    (In +PCStruct{trait_type:+PCString,pops:+PCString,num_pops:+PInt32} 1))
  (Die Struct{trait_type:String}
    (Str "Internal e...")))
2020-06-20 11:05:01 root: INFO: Timer: Time taken for InterpretNonCompilable -- LoweringTransformation -- Optimize -- FoldConstants : 0.076ms, total 511.917ms
2020-06-20 11:05:01 root: INFO: Timer: Time taken for InterpretNonCompilable -- LoweringTransformation -- Optimize -- ExtractIntervalFilters : 0.033ms, total 512.167ms
2020-06-20 11:05:01 root: INFO: Timer: Time taken for InterpretNonCompilable -- LoweringTransformation -- Optimize -- Simplify : 0.097ms, total 512.379ms
2020-06-20 11:05:01 root: INFO: Timer: Time taken for InterpretNonCompilable -- LoweringTransformation -- Optimize -- ForwardLets : 0.358ms, total 512.844ms
2020-06-20 11:05:01 root: INFO: Timer: Time taken for InterpretNonCompilable -- LoweringTransformation -- Optimize -- ForwardRelationalLets : 0.042ms, total 513.030ms
2020-06-20 11:05:01 root: INFO: Timer: Time taken for InterpretNonCompilable -- LoweringTransformation -- Optimize -- PruneDeadFields : 0.246ms, total 513.386ms
2020-06-20 11:05:01 root: INFO: Timer: Time taken for InterpretNonCompilable -- LoweringTransformation -- Optimize : 1.667ms, total 513.503ms, tagged coverage 51.1
2020-06-20 11:05:01 root: INFO: optimize InlineApplyIR, post Lowering: after: IR size 5:
(Coalesce
  (SelectFields (trait_type)
    (In +PCStruct{trait_type:+PCString,pops:+PCString,num_pops:+PInt32} 1))
  (Die Struct{trait_type:String}
    (Str "Internal e...")))
2020-06-20 11:05:01 root: INFO: Timer: Time taken for InterpretNonCompilable -- LoweringTransformation -- LowerArrayAggsToRunAggs -- Verify : 0.015ms, total 513.832ms
2020-06-20 11:05:01 root: INFO: Timer: Time taken for InterpretNonCompilable -- LoweringTransformation -- LowerArrayAggsToRunAggs -- LoweringTransformation : 0.019ms, total 513.953ms
2020-06-20 11:05:01 root: INFO: Timer: Time taken for InterpretNonCompilable -- LoweringTransformation -- LowerArrayAggsToRunAggs -- Verify : 0.016ms, total 514.070ms
2020-06-20 11:05:01 root: INFO: Timer: Time taken for InterpretNonCompilable -- LoweringTransformation -- LowerArrayAggsToRunAggs : 0.379ms, total 514.193ms, tagged coverage 13.1
2020-06-20 11:05:01 root: INFO: optimize LowerArrayAggsToRunAggs, post Lowering: before: IR size 5: 
(Coalesce
  (SelectFields (trait_type)
    (In +PCStruct{trait_type:+PCString,pops:+PCString,num_pops:+PInt32} 1))
  (Die Struct{trait_type:String}
    (Str "Internal e...")))
2020-06-20 11:05:01 root: INFO: Timer: Time taken for InterpretNonCompilable -- LoweringTransformation -- Optimize -- FoldConstants : 0.106ms, total 514.750ms
2020-06-20 11:05:01 root: INFO: Timer: Time taken for InterpretNonCompilable -- LoweringTransformation -- Optimize -- ExtractIntervalFilters : 0.047ms, total 514.973ms
2020-06-20 11:05:01 root: INFO: Timer: Time taken for InterpretNonCompilable -- LoweringTransformation -- Optimize -- Simplify : 0.106ms, total 515.227ms
2020-06-20 11:05:01 root: INFO: Timer: Time taken for InterpretNonCompilable -- LoweringTransformation -- Optimize -- ForwardLets : 0.364ms, total 515.758ms
2020-06-20 11:05:01 root: INFO: Timer: Time taken for InterpretNonCompilable -- LoweringTransformation -- Optimize -- ForwardRelationalLets : 0.041ms, total 515.929ms
2020-06-20 11:05:01 root: INFO: Timer: Time taken for InterpretNonCompilable -- LoweringTransformation -- Optimize -- PruneDeadFields : 0.183ms, total 516.219ms
2020-06-20 11:05:01 root: INFO: Timer: Time taken for InterpretNonCompilable -- LoweringTransformation -- Optimize : 1.692ms, total 516.332ms, tagged coverage 50.0
2020-06-20 11:05:01 root: INFO: optimize LowerArrayAggsToRunAggs, post Lowering: after: IR size 5:
(Coalesce
  (SelectFields (trait_type)
    (In +PCStruct{trait_type:+PCString,pops:+PCString,num_pops:+PInt32} 1))
  (Die Struct{trait_type:String}
    (Str "Internal e...")))
2020-06-20 11:05:01 root: INFO: encoder cache hit
2020-06-20 11:05:01 MemoryStore: INFO: Block broadcast_5 stored as values in memory (estimated size 104.0 B, free 365.8 MB)
2020-06-20 11:05:01 MemoryStore: INFO: Block broadcast_5_piece0 stored as bytes in memory (estimated size 109.0 B, free 365.8 MB)
2020-06-20 11:05:01 BlockManagerInfo: INFO: Added broadcast_5_piece0 in memory on 10.0.0.51:52323 (size: 109.0 B, free: 366.3 MB)
2020-06-20 11:05:01 SparkContext: INFO: Created broadcast 5 from broadcast at SparkBackend.scala:232
2020-06-20 11:05:01 root: INFO: instruction count: 6: __C19Compiled.<init>
2020-06-20 11:05:01 root: INFO: instruction count: 56: __C19Compiled.apply
2020-06-20 11:05:01 root: INFO: instruction count: 8: __C19Compiled.__m23addIRIntermediate
2020-06-20 11:05:01 root: INFO: instruction count: 14: __C19Compiled.setPartitionIndex
2020-06-20 11:05:01 root: INFO: instruction count: 7: __C19Compiled.addPartitionRegion
2020-06-20 11:05:01 root: INFO: instruction count: 25: __C19Compiled.__m27DECODE_r_struct_of_r_binaryEND_TO_r_tuple_of_r_stringEND
2020-06-20 11:05:01 root: INFO: instruction count: 11: __C19Compiled.__m28read_fields_group_0
2020-06-20 11:05:01 root: INFO: instruction count: 34: __C19Compiled.__m29INPLACE_DECODE_r_binary_TO_r_binary
2020-06-20 11:05:01 root: INFO: instruction count: 41: __C19Compiled.addLiterals
2020-06-20 11:05:01 root: INFO: encoder cache miss (1 hits, 3 misses, 0.250)
2020-06-20 11:05:01 root: INFO: instruction count: 6: __C31etypeEncode.<init>
2020-06-20 11:05:01 root: INFO: instruction count: 8: __C31etypeEncode.apply
2020-06-20 11:05:01 root: INFO: instruction count: 8: __C31etypeEncode.__m32ENCODE_r_tuple_of_r_stringEND_TO_r_struct_of_r_binaryEND
2020-06-20 11:05:01 root: INFO: instruction count: 16: __C31etypeEncode.__m33write_fields_group_0
2020-06-20 11:05:01 root: INFO: instruction count: 19: __C31etypeEncode.__m34ENCODE_r_binary_TO_r_binary
2020-06-20 11:05:01 SparkContext: INFO: Starting job: collect at RVD.scala:727
2020-06-20 11:05:01 DAGScheduler: INFO: Got job 1 (collect at RVD.scala:727) with 1 output partitions
2020-06-20 11:05:01 DAGScheduler: INFO: Final stage: ResultStage 1 (collect at RVD.scala:727)
2020-06-20 11:05:01 DAGScheduler: INFO: Parents of final stage: List()
2020-06-20 11:05:01 DAGScheduler: INFO: Missing parents: List()
2020-06-20 11:05:01 DAGScheduler: INFO: Submitting ResultStage 1 (MapPartitionsRDD[10] at mapPartitions at ContextRDD.scala:160), which has no missing parents
2020-06-20 11:05:01 MemoryStore: INFO: Block broadcast_6 stored as values in memory (estimated size 26.1 KB, free 365.8 MB)
2020-06-20 11:05:01 MemoryStore: INFO: Block broadcast_6_piece0 stored as bytes in memory (estimated size 13.6 KB, free 365.7 MB)
2020-06-20 11:05:01 BlockManagerInfo: INFO: Added broadcast_6_piece0 in memory on 10.0.0.51:52323 (size: 13.6 KB, free: 366.2 MB)
2020-06-20 11:05:01 SparkContext: INFO: Created broadcast 6 from broadcast at DAGScheduler.scala:1161
2020-06-20 11:05:01 DAGScheduler: INFO: Submitting 1 missing tasks from ResultStage 1 (MapPartitionsRDD[10] at mapPartitions at ContextRDD.scala:160) (first 15 tasks are for partitions Vector(0))
2020-06-20 11:05:01 TaskSchedulerImpl: INFO: Adding task set 1.0 with 1 tasks
2020-06-20 11:05:01 TaskSetManager: INFO: Starting task 0.0 in stage 1.0 (TID 8, localhost, executor driver, partition 0, PROCESS_LOCAL, 7989 bytes)
2020-06-20 11:05:01 Executor: INFO: Running task 0.0 in stage 1.0 (TID 8)
2020-06-20 11:05:01 root: INFO: RegionPool: initialized for thread 66: Executor task launch worker for task 8
2020-06-20 11:05:01 TaskSchedulerImpl: INFO: Cancelling stage 1
2020-06-20 11:05:01 TaskSchedulerImpl: INFO: Killing all running tasks in stage 1: Stage cancelled
2020-06-20 11:05:01 Executor: INFO: Executor is trying to kill task 0.0 in stage 1.0 (TID 8), reason: Stage cancelled
2020-06-20 11:05:01 TaskSchedulerImpl: INFO: Stage 1 was cancelled
2020-06-20 11:05:01 DAGScheduler: INFO: ResultStage 1 (collect at RVD.scala:727) failed in 0.037 s due to Job 1 cancelled as part of cancellation of all jobs
2020-06-20 11:05:01 DAGScheduler: INFO: Job 1 failed: collect at RVD.scala:727, took 0.041324 s
2020-06-20 11:05:02 SparkContext: INFO: Invoking stop() from shutdown hook
2020-06-20 11:05:02 AbstractConnector: INFO: Stopped Spark@5c738e5{HTTP/1.1,[http/1.1]}{0.0.0.0:4041}
2020-06-20 11:05:02 SparkUI: INFO: Stopped Spark web UI at http://10.0.0.51:4041
2020-06-20 11:05:02 MapOutputTrackerMasterEndpoint: INFO: MapOutputTrackerMasterEndpoint stopped!
2020-06-20 11:05:02 MemoryStore: INFO: MemoryStore cleared
2020-06-20 11:05:02 BlockManager: INFO: BlockManager stopped
2020-06-20 11:05:02 BlockManagerMaster: INFO: BlockManagerMaster stopped
2020-06-20 11:05:02 OutputCommitCoordinator$OutputCommitCoordinatorEndpoint: INFO: OutputCommitCoordinator stopped!
2020-06-20 11:05:02 SparkContext: INFO: Successfully stopped SparkContext
2020-06-20 11:05:02 ShutdownHookManager: INFO: Shutdown hook called
2020-06-20 11:05:02 ShutdownHookManager: INFO: Deleting directory /private/var/folders/56/q7rh2y5x7hj4n359_13dgwxcmtwz20/T/spark-daf68bd5-0e7b-47b0-9c77-4e5d3bb96e5a/pyspark-85b1b32b-a8a3-4825-8e09-020808275bef
2020-06-20 11:05:02 ShutdownHookManager: INFO: Deleting directory /private/var/folders/56/q7rh2y5x7hj4n359_13dgwxcmtwz20/T/spark-4ef1a9f5-7916-405d-9ec3-9afb5f2a5871
2020-06-20 11:05:02 ShutdownHookManager: INFO: Deleting directory /private/var/folders/56/q7rh2y5x7hj4n359_13dgwxcmtwz20/T/spark-daf68bd5-0e7b-47b0-9c77-4e5d3bb96e5a
