2020-03-09 08:48:29 Hail: WARN: This Hail JAR was compiled for Spark 2.4.0, running with Spark 2.4.3.
  Compatibility is not guaranteed.
2020-03-09 08:48:29 SparkContext: INFO: Running Spark version 2.4.3
2020-03-09 08:48:29 SparkContext: INFO: Submitted application: Hail
2020-03-09 08:48:29 SparkContext: INFO: Spark configuration:
spark.app.name=Hail
spark.driver.extraClassPath=/anaconda3/envs/hail/lib/python3.6/site-packages/hail/hail-all-spark.jar
spark.driver.maxResultSize=0
spark.executor.extraClassPath=./hail-all-spark.jar
spark.hadoop.google.cloud.auth.service.account.enable=true
spark.hadoop.google.cloud.auth.service.account.json.keyfile=/Users/nbaya/.hail/gcs-keys/gcs-connector-key.json
spark.hadoop.io.compression.codecs=org.apache.hadoop.io.compress.DefaultCodec,is.hail.io.compress.BGzipCodec,is.hail.io.compress.BGzipCodecTbi,org.apache.hadoop.io.compress.GzipCodec
spark.hadoop.mapreduce.input.fileinputformat.split.minsize=0
spark.jars=file:///anaconda3/envs/hail/lib/python3.6/site-packages/hail/hail-all-spark.jar
spark.kryo.registrator=is.hail.kryo.HailKryoRegistrator
spark.kryoserializer.buffer.max=1g
spark.logConf=true
spark.master=local[*]
spark.repl.local.jars=file:///anaconda3/envs/hail/lib/python3.6/site-packages/hail/hail-all-spark.jar
spark.serializer=org.apache.spark.serializer.KryoSerializer
spark.submit.deployMode=client
spark.ui.showConsoleProgress=false
2020-03-09 08:48:29 SecurityManager: INFO: Changing view acls to: nbaya
2020-03-09 08:48:29 SecurityManager: INFO: Changing modify acls to: nbaya
2020-03-09 08:48:29 SecurityManager: INFO: Changing view acls groups to: 
2020-03-09 08:48:29 SecurityManager: INFO: Changing modify acls groups to: 
2020-03-09 08:48:29 SecurityManager: INFO: SecurityManager: authentication disabled; ui acls disabled; users  with view permissions: Set(nbaya); groups with view permissions: Set(); users  with modify permissions: Set(nbaya); groups with modify permissions: Set()
2020-03-09 08:48:29 Utils: INFO: Successfully started service 'sparkDriver' on port 60907.
2020-03-09 08:48:29 SparkEnv: INFO: Registering MapOutputTracker
2020-03-09 08:48:29 SparkEnv: INFO: Registering BlockManagerMaster
2020-03-09 08:48:29 BlockManagerMasterEndpoint: INFO: Using org.apache.spark.storage.DefaultTopologyMapper for getting topology information
2020-03-09 08:48:29 BlockManagerMasterEndpoint: INFO: BlockManagerMasterEndpoint up
2020-03-09 08:48:29 DiskBlockManager: INFO: Created local directory at /private/var/folders/56/q7rh2y5x7hj4n359_13dgwxcmtwz20/T/blockmgr-6a2905ca-c524-404a-b21c-d3ba7190c7dc
2020-03-09 08:48:29 MemoryStore: INFO: MemoryStore started with capacity 366.3 MB
2020-03-09 08:48:29 SparkEnv: INFO: Registering OutputCommitCoordinator
2020-03-09 08:48:29 log: INFO: Logging initialized @2678ms
2020-03-09 08:48:29 Server: INFO: jetty-9.3.z-SNAPSHOT, build timestamp: unknown, git hash: unknown
2020-03-09 08:48:29 Server: INFO: Started @2760ms
2020-03-09 08:48:29 Utils: WARN: Service 'SparkUI' could not bind on port 4040. Attempting port 4041.
2020-03-09 08:48:29 AbstractConnector: INFO: Started ServerConnector@5789f48{HTTP/1.1,[http/1.1]}{0.0.0.0:4041}
2020-03-09 08:48:29 Utils: INFO: Successfully started service 'SparkUI' on port 4041.
2020-03-09 08:48:29 ContextHandler: INFO: Started o.s.j.s.ServletContextHandler@62b97276{/jobs,null,AVAILABLE,@Spark}
2020-03-09 08:48:29 ContextHandler: INFO: Started o.s.j.s.ServletContextHandler@b39d143{/jobs/json,null,AVAILABLE,@Spark}
2020-03-09 08:48:29 ContextHandler: INFO: Started o.s.j.s.ServletContextHandler@f3a18d4{/jobs/job,null,AVAILABLE,@Spark}
2020-03-09 08:48:29 ContextHandler: INFO: Started o.s.j.s.ServletContextHandler@333ab53c{/jobs/job/json,null,AVAILABLE,@Spark}
2020-03-09 08:48:29 ContextHandler: INFO: Started o.s.j.s.ServletContextHandler@76ccd9d1{/stages,null,AVAILABLE,@Spark}
2020-03-09 08:48:29 ContextHandler: INFO: Started o.s.j.s.ServletContextHandler@296f8364{/stages/json,null,AVAILABLE,@Spark}
2020-03-09 08:48:29 ContextHandler: INFO: Started o.s.j.s.ServletContextHandler@6e5d7c10{/stages/stage,null,AVAILABLE,@Spark}
2020-03-09 08:48:29 ContextHandler: INFO: Started o.s.j.s.ServletContextHandler@4d9b31e7{/stages/stage/json,null,AVAILABLE,@Spark}
2020-03-09 08:48:29 ContextHandler: INFO: Started o.s.j.s.ServletContextHandler@482369b8{/stages/pool,null,AVAILABLE,@Spark}
2020-03-09 08:48:29 ContextHandler: INFO: Started o.s.j.s.ServletContextHandler@57bd239{/stages/pool/json,null,AVAILABLE,@Spark}
2020-03-09 08:48:29 ContextHandler: INFO: Started o.s.j.s.ServletContextHandler@4aa71c6c{/storage,null,AVAILABLE,@Spark}
2020-03-09 08:48:29 ContextHandler: INFO: Started o.s.j.s.ServletContextHandler@5ea718d6{/storage/json,null,AVAILABLE,@Spark}
2020-03-09 08:48:29 ContextHandler: INFO: Started o.s.j.s.ServletContextHandler@d1ac413{/storage/rdd,null,AVAILABLE,@Spark}
2020-03-09 08:48:29 ContextHandler: INFO: Started o.s.j.s.ServletContextHandler@562b3593{/storage/rdd/json,null,AVAILABLE,@Spark}
2020-03-09 08:48:29 ContextHandler: INFO: Started o.s.j.s.ServletContextHandler@249d1746{/environment,null,AVAILABLE,@Spark}
2020-03-09 08:48:29 ContextHandler: INFO: Started o.s.j.s.ServletContextHandler@421adaab{/environment/json,null,AVAILABLE,@Spark}
2020-03-09 08:48:29 ContextHandler: INFO: Started o.s.j.s.ServletContextHandler@19fba4a7{/executors,null,AVAILABLE,@Spark}
2020-03-09 08:48:29 ContextHandler: INFO: Started o.s.j.s.ServletContextHandler@16f38da6{/executors/json,null,AVAILABLE,@Spark}
2020-03-09 08:48:29 ContextHandler: INFO: Started o.s.j.s.ServletContextHandler@5a189f19{/executors/threadDump,null,AVAILABLE,@Spark}
2020-03-09 08:48:29 ContextHandler: INFO: Started o.s.j.s.ServletContextHandler@4ec3d973{/executors/threadDump/json,null,AVAILABLE,@Spark}
2020-03-09 08:48:29 ContextHandler: INFO: Started o.s.j.s.ServletContextHandler@ad99290{/static,null,AVAILABLE,@Spark}
2020-03-09 08:48:29 ContextHandler: INFO: Started o.s.j.s.ServletContextHandler@1f397a2e{/,null,AVAILABLE,@Spark}
2020-03-09 08:48:29 ContextHandler: INFO: Started o.s.j.s.ServletContextHandler@23bd072c{/api,null,AVAILABLE,@Spark}
2020-03-09 08:48:29 ContextHandler: INFO: Started o.s.j.s.ServletContextHandler@ffd92ae{/jobs/job/kill,null,AVAILABLE,@Spark}
2020-03-09 08:48:29 ContextHandler: INFO: Started o.s.j.s.ServletContextHandler@462c9400{/stages/stage/kill,null,AVAILABLE,@Spark}
2020-03-09 08:48:29 SparkUI: INFO: Bound SparkUI to 0.0.0.0, and started at http://wm65b-8a9.broadinstitute.org:4041
2020-03-09 08:48:29 SparkContext: INFO: Added JAR file:///anaconda3/envs/hail/lib/python3.6/site-packages/hail/hail-all-spark.jar at spark://wm65b-8a9.broadinstitute.org:60907/jars/hail-all-spark.jar with timestamp 1583758109878
2020-03-09 08:48:29 Executor: INFO: Starting executor ID driver on host localhost
2020-03-09 08:48:29 Utils: INFO: Successfully started service 'org.apache.spark.network.netty.NettyBlockTransferService' on port 60908.
2020-03-09 08:48:29 NettyBlockTransferService: INFO: Server created on wm65b-8a9.broadinstitute.org:60908
2020-03-09 08:48:29 BlockManager: INFO: Using org.apache.spark.storage.RandomBlockReplicationPolicy for block replication policy
2020-03-09 08:48:30 BlockManagerMaster: INFO: Registering BlockManager BlockManagerId(driver, wm65b-8a9.broadinstitute.org, 60908, None)
2020-03-09 08:48:30 BlockManagerMasterEndpoint: INFO: Registering block manager wm65b-8a9.broadinstitute.org:60908 with 366.3 MB RAM, BlockManagerId(driver, wm65b-8a9.broadinstitute.org, 60908, None)
2020-03-09 08:48:30 BlockManagerMaster: INFO: Registered BlockManager BlockManagerId(driver, wm65b-8a9.broadinstitute.org, 60908, None)
2020-03-09 08:48:30 BlockManager: INFO: Initialized BlockManager: BlockManagerId(driver, wm65b-8a9.broadinstitute.org, 60908, None)
2020-03-09 08:48:30 ContextHandler: INFO: Started o.s.j.s.ServletContextHandler@255fdb93{/metrics/json,null,AVAILABLE,@Spark}
2020-03-09 08:48:30 Hail: INFO: Hail temporary directory: file:/tmp/hail.wmXmMVEMzmIQ
2020-03-09 08:48:30 Hail: INFO: SparkUI: http://wm65b-8a9.broadinstitute.org:4041
2020-03-09 08:48:30 Hail: INFO: Running Hail version 0.2.33-5d8cae649505
2020-03-09 08:48:30 SparkContext: WARN: Using an existing SparkContext; some configuration may not take effect.
2020-03-09 08:48:39 SparkContext: INFO: Invoking stop() from shutdown hook
2020-03-09 08:48:39 AbstractConnector: INFO: Stopped Spark@5789f48{HTTP/1.1,[http/1.1]}{0.0.0.0:4041}
2020-03-09 08:48:39 SparkUI: INFO: Stopped Spark web UI at http://wm65b-8a9.broadinstitute.org:4041
2020-03-09 08:48:39 MapOutputTrackerMasterEndpoint: INFO: MapOutputTrackerMasterEndpoint stopped!
2020-03-09 08:48:39 MemoryStore: INFO: MemoryStore cleared
2020-03-09 08:48:39 BlockManager: INFO: BlockManager stopped
2020-03-09 08:48:39 BlockManagerMaster: INFO: BlockManagerMaster stopped
2020-03-09 08:48:39 OutputCommitCoordinator$OutputCommitCoordinatorEndpoint: INFO: OutputCommitCoordinator stopped!
2020-03-09 08:48:39 SparkContext: INFO: Successfully stopped SparkContext
2020-03-09 08:48:39 ShutdownHookManager: INFO: Shutdown hook called
2020-03-09 08:48:39 ShutdownHookManager: INFO: Deleting directory /private/var/folders/56/q7rh2y5x7hj4n359_13dgwxcmtwz20/T/spark-f8542390-0def-49ed-87fb-94a668477c36
2020-03-09 08:48:39 ShutdownHookManager: INFO: Deleting directory /private/var/folders/56/q7rh2y5x7hj4n359_13dgwxcmtwz20/T/spark-cb02809d-9aa8-4840-a7e1-6cc984415c03
2020-03-09 08:48:39 ShutdownHookManager: INFO: Deleting directory /private/var/folders/56/q7rh2y5x7hj4n359_13dgwxcmtwz20/T/spark-f8542390-0def-49ed-87fb-94a668477c36/pyspark-a7f2f8cd-62c3-4d6f-8d9f-44a9e47cbf04
