2020-03-19 12:27:08 Hail: WARN: This Hail JAR was compiled for Spark 2.4.0, running with Spark 2.4.3.
  Compatibility is not guaranteed.
2020-03-19 12:27:08 SparkContext: INFO: Running Spark version 2.4.3
2020-03-19 12:27:08 SparkContext: INFO: Submitted application: Hail
2020-03-19 12:27:08 SparkContext: INFO: Spark configuration:
spark.app.name=Hail
spark.driver.extraClassPath=/anaconda3/envs/hail/lib/python3.6/site-packages/hail/hail-all-spark.jar
spark.driver.maxResultSize=0
spark.executor.extraClassPath=./hail-all-spark.jar
spark.hadoop.google.cloud.auth.service.account.enable=true
spark.hadoop.google.cloud.auth.service.account.json.keyfile=/Users/nbaya/.hail/gcs-keys/gcs-connector-key.json
spark.hadoop.io.compression.codecs=org.apache.hadoop.io.compress.DefaultCodec,is.hail.io.compress.BGzipCodec,is.hail.io.compress.BGzipCodecTbi,org.apache.hadoop.io.compress.GzipCodec
spark.hadoop.mapreduce.input.fileinputformat.split.minsize=0
spark.jars=file:///anaconda3/envs/hail/lib/python3.6/site-packages/hail/hail-all-spark.jar
spark.kryo.registrator=is.hail.kryo.HailKryoRegistrator
spark.kryoserializer.buffer.max=1g
spark.logConf=true
spark.master=local[*]
spark.repl.local.jars=file:///anaconda3/envs/hail/lib/python3.6/site-packages/hail/hail-all-spark.jar
spark.serializer=org.apache.spark.serializer.KryoSerializer
spark.submit.deployMode=client
spark.ui.showConsoleProgress=false
2020-03-19 12:27:08 SecurityManager: INFO: Changing view acls to: nbaya
2020-03-19 12:27:08 SecurityManager: INFO: Changing modify acls to: nbaya
2020-03-19 12:27:08 SecurityManager: INFO: Changing view acls groups to: 
2020-03-19 12:27:08 SecurityManager: INFO: Changing modify acls groups to: 
2020-03-19 12:27:08 SecurityManager: INFO: SecurityManager: authentication disabled; ui acls disabled; users  with view permissions: Set(nbaya); groups with view permissions: Set(); users  with modify permissions: Set(nbaya); groups with modify permissions: Set()
2020-03-19 12:27:09 Utils: INFO: Successfully started service 'sparkDriver' on port 50596.
2020-03-19 12:27:09 SparkEnv: INFO: Registering MapOutputTracker
2020-03-19 12:27:09 SparkEnv: INFO: Registering BlockManagerMaster
2020-03-19 12:27:09 BlockManagerMasterEndpoint: INFO: Using org.apache.spark.storage.DefaultTopologyMapper for getting topology information
2020-03-19 12:27:09 BlockManagerMasterEndpoint: INFO: BlockManagerMasterEndpoint up
2020-03-19 12:27:09 DiskBlockManager: INFO: Created local directory at /private/var/folders/56/q7rh2y5x7hj4n359_13dgwxcmtwz20/T/blockmgr-54caaef9-808e-4168-867e-e315f3597e3d
2020-03-19 12:27:09 MemoryStore: INFO: MemoryStore started with capacity 366.3 MB
2020-03-19 12:27:09 SparkEnv: INFO: Registering OutputCommitCoordinator
2020-03-19 12:27:09 log: INFO: Logging initialized @2534ms
2020-03-19 12:27:09 Server: INFO: jetty-9.3.z-SNAPSHOT, build timestamp: unknown, git hash: unknown
2020-03-19 12:27:09 Server: INFO: Started @2629ms
2020-03-19 12:27:09 Utils: WARN: Service 'SparkUI' could not bind on port 4040. Attempting port 4041.
2020-03-19 12:27:09 AbstractConnector: INFO: Started ServerConnector@4eb852e9{HTTP/1.1,[http/1.1]}{0.0.0.0:4041}
2020-03-19 12:27:09 Utils: INFO: Successfully started service 'SparkUI' on port 4041.
2020-03-19 12:27:09 ContextHandler: INFO: Started o.s.j.s.ServletContextHandler@47bcf552{/jobs,null,AVAILABLE,@Spark}
2020-03-19 12:27:09 ContextHandler: INFO: Started o.s.j.s.ServletContextHandler@68ce724a{/jobs/json,null,AVAILABLE,@Spark}
2020-03-19 12:27:09 ContextHandler: INFO: Started o.s.j.s.ServletContextHandler@3e15ed4b{/jobs/job,null,AVAILABLE,@Spark}
2020-03-19 12:27:09 ContextHandler: INFO: Started o.s.j.s.ServletContextHandler@3ad02a0e{/jobs/job/json,null,AVAILABLE,@Spark}
2020-03-19 12:27:09 ContextHandler: INFO: Started o.s.j.s.ServletContextHandler@2197533c{/stages,null,AVAILABLE,@Spark}
2020-03-19 12:27:09 ContextHandler: INFO: Started o.s.j.s.ServletContextHandler@30f99df0{/stages/json,null,AVAILABLE,@Spark}
2020-03-19 12:27:09 ContextHandler: INFO: Started o.s.j.s.ServletContextHandler@104182{/stages/stage,null,AVAILABLE,@Spark}
2020-03-19 12:27:09 ContextHandler: INFO: Started o.s.j.s.ServletContextHandler@5c543ec4{/stages/stage/json,null,AVAILABLE,@Spark}
2020-03-19 12:27:09 ContextHandler: INFO: Started o.s.j.s.ServletContextHandler@5eca689d{/stages/pool,null,AVAILABLE,@Spark}
2020-03-19 12:27:09 ContextHandler: INFO: Started o.s.j.s.ServletContextHandler@39d8adab{/stages/pool/json,null,AVAILABLE,@Spark}
2020-03-19 12:27:09 ContextHandler: INFO: Started o.s.j.s.ServletContextHandler@683e4c6f{/storage,null,AVAILABLE,@Spark}
2020-03-19 12:27:09 ContextHandler: INFO: Started o.s.j.s.ServletContextHandler@15e1fdb2{/storage/json,null,AVAILABLE,@Spark}
2020-03-19 12:27:09 ContextHandler: INFO: Started o.s.j.s.ServletContextHandler@1862f113{/storage/rdd,null,AVAILABLE,@Spark}
2020-03-19 12:27:09 ContextHandler: INFO: Started o.s.j.s.ServletContextHandler@64abb241{/storage/rdd/json,null,AVAILABLE,@Spark}
2020-03-19 12:27:09 ContextHandler: INFO: Started o.s.j.s.ServletContextHandler@7e6cd78f{/environment,null,AVAILABLE,@Spark}
2020-03-19 12:27:09 ContextHandler: INFO: Started o.s.j.s.ServletContextHandler@647aa99d{/environment/json,null,AVAILABLE,@Spark}
2020-03-19 12:27:09 ContextHandler: INFO: Started o.s.j.s.ServletContextHandler@6b9f3668{/executors,null,AVAILABLE,@Spark}
2020-03-19 12:27:09 ContextHandler: INFO: Started o.s.j.s.ServletContextHandler@529fa8e0{/executors/json,null,AVAILABLE,@Spark}
2020-03-19 12:27:09 ContextHandler: INFO: Started o.s.j.s.ServletContextHandler@4ad7cd93{/executors/threadDump,null,AVAILABLE,@Spark}
2020-03-19 12:27:09 ContextHandler: INFO: Started o.s.j.s.ServletContextHandler@7bd0b315{/executors/threadDump/json,null,AVAILABLE,@Spark}
2020-03-19 12:27:09 ContextHandler: INFO: Started o.s.j.s.ServletContextHandler@69eee671{/static,null,AVAILABLE,@Spark}
2020-03-19 12:27:09 ContextHandler: INFO: Started o.s.j.s.ServletContextHandler@60221f78{/,null,AVAILABLE,@Spark}
2020-03-19 12:27:09 ContextHandler: INFO: Started o.s.j.s.ServletContextHandler@4ae875d2{/api,null,AVAILABLE,@Spark}
2020-03-19 12:27:09 ContextHandler: INFO: Started o.s.j.s.ServletContextHandler@2bf2a8a9{/jobs/job/kill,null,AVAILABLE,@Spark}
2020-03-19 12:27:09 ContextHandler: INFO: Started o.s.j.s.ServletContextHandler@de6186{/stages/stage/kill,null,AVAILABLE,@Spark}
2020-03-19 12:27:09 SparkUI: INFO: Bound SparkUI to 0.0.0.0, and started at http://192.168.0.110:4041
2020-03-19 12:27:09 SparkContext: INFO: Added JAR file:///anaconda3/envs/hail/lib/python3.6/site-packages/hail/hail-all-spark.jar at spark://192.168.0.110:50596/jars/hail-all-spark.jar with timestamp 1584635229712
2020-03-19 12:27:09 Executor: INFO: Starting executor ID driver on host localhost
2020-03-19 12:27:09 Utils: INFO: Successfully started service 'org.apache.spark.network.netty.NettyBlockTransferService' on port 50597.
2020-03-19 12:27:09 NettyBlockTransferService: INFO: Server created on 192.168.0.110:50597
2020-03-19 12:27:09 BlockManager: INFO: Using org.apache.spark.storage.RandomBlockReplicationPolicy for block replication policy
2020-03-19 12:27:09 BlockManagerMaster: INFO: Registering BlockManager BlockManagerId(driver, 192.168.0.110, 50597, None)
2020-03-19 12:27:09 BlockManagerMasterEndpoint: INFO: Registering block manager 192.168.0.110:50597 with 366.3 MB RAM, BlockManagerId(driver, 192.168.0.110, 50597, None)
2020-03-19 12:27:09 BlockManagerMaster: INFO: Registered BlockManager BlockManagerId(driver, 192.168.0.110, 50597, None)
2020-03-19 12:27:09 BlockManager: INFO: Initialized BlockManager: BlockManagerId(driver, 192.168.0.110, 50597, None)
2020-03-19 12:27:10 ContextHandler: INFO: Started o.s.j.s.ServletContextHandler@1b900357{/metrics/json,null,AVAILABLE,@Spark}
2020-03-19 12:27:10 Hail: INFO: Hail temporary directory: file:/tmp/hail.jDtoTY7Yyt1l
2020-03-19 12:27:10 Hail: INFO: SparkUI: http://192.168.0.110:4041
2020-03-19 12:27:10 Hail: INFO: Running Hail version 0.2.34-914bd8a10ca2
2020-03-19 12:27:10 SparkContext: WARN: Using an existing SparkContext; some configuration may not take effect.
2020-03-19 12:36:23 SparkContext: INFO: Invoking stop() from shutdown hook
2020-03-19 12:36:23 AbstractConnector: INFO: Stopped Spark@4eb852e9{HTTP/1.1,[http/1.1]}{0.0.0.0:4041}
2020-03-19 12:36:23 SparkUI: INFO: Stopped Spark web UI at http://192.168.0.110:4041
2020-03-19 12:36:23 MapOutputTrackerMasterEndpoint: INFO: MapOutputTrackerMasterEndpoint stopped!
2020-03-19 12:36:23 MemoryStore: INFO: MemoryStore cleared
2020-03-19 12:36:23 BlockManager: INFO: BlockManager stopped
2020-03-19 12:36:23 BlockManagerMaster: INFO: BlockManagerMaster stopped
2020-03-19 12:36:23 OutputCommitCoordinator$OutputCommitCoordinatorEndpoint: INFO: OutputCommitCoordinator stopped!
2020-03-19 12:36:23 SparkContext: INFO: Successfully stopped SparkContext
2020-03-19 12:36:23 ShutdownHookManager: INFO: Shutdown hook called
2020-03-19 12:36:23 ShutdownHookManager: INFO: Deleting directory /private/var/folders/56/q7rh2y5x7hj4n359_13dgwxcmtwz20/T/spark-7194b922-280c-4926-9dd3-9602c6e938e6
2020-03-19 12:36:23 ShutdownHookManager: INFO: Deleting directory /private/var/folders/56/q7rh2y5x7hj4n359_13dgwxcmtwz20/T/spark-635a3b8b-ef86-4cf0-b892-a0b6ddf83f48/pyspark-1c658e7c-2b4a-40bf-b1ec-76368587977e
2020-03-19 12:36:23 ShutdownHookManager: INFO: Deleting directory /private/var/folders/56/q7rh2y5x7hj4n359_13dgwxcmtwz20/T/spark-635a3b8b-ef86-4cf0-b892-a0b6ddf83f48
