2020-05-13 15:08:30 Hail: INFO: Running Hail version 0.2.39-ef87446bd1c7
2020-05-13 15:08:30 SparkContext: WARN: Using an existing SparkContext; some configuration may not take effect.
2020-05-13 15:08:52 root: ERROR: HailException: MatrixTable and Table files are directories; path 'gs://ukb-diverse-pops/combined_results/results_afr.mt' is not a directory
From is.hail.utils.HailException: MatrixTable and Table files are directories; path 'gs://ukb-diverse-pops/combined_results/results_afr.mt' is not a directory
	at is.hail.utils.ErrorHandling$class.fatal(ErrorHandling.scala:9)
	at is.hail.utils.package$.fatal(package.scala:76)
	at is.hail.expr.ir.RelationalSpec$.readMetadata(AbstractMatrixTableSpec.scala:32)
	at is.hail.expr.ir.RelationalSpec$.readReferences(AbstractMatrixTableSpec.scala:66)
	at is.hail.variant.ReferenceGenome$.fromHailDataset(ReferenceGenome.scala:587)
	at is.hail.variant.ReferenceGenome.fromHailDataset(ReferenceGenome.scala)
	at sun.reflect.NativeMethodAccessorImpl.invoke0(Native Method)
	at sun.reflect.NativeMethodAccessorImpl.invoke(NativeMethodAccessorImpl.java:62)
	at sun.reflect.DelegatingMethodAccessorImpl.invoke(DelegatingMethodAccessorImpl.java:43)
	at java.lang.reflect.Method.invoke(Method.java:498)
	at py4j.reflection.MethodInvoker.invoke(MethodInvoker.java:244)
	at py4j.reflection.ReflectionEngine.invoke(ReflectionEngine.java:357)
	at py4j.Gateway.invoke(Gateway.java:282)
	at py4j.commands.AbstractCommand.invokeMethod(AbstractCommand.java:132)
	at py4j.commands.CallCommand.execute(CallCommand.java:79)
	at py4j.GatewayConnection.run(GatewayConnection.java:238)
	at java.lang.Thread.run(Thread.java:748)



2020-05-13 15:08:57 CodecPool: INFO: Got brand-new decompressor [.gz]
2020-05-13 15:08:58 root: INFO: RegionPool: initialized for thread 15: Thread-4
2020-05-13 15:08:58 CodecPool: INFO: Got brand-new decompressor [.gz]
2020-05-13 15:08:59 MemoryStore: INFO: Block broadcast_0 stored as values in memory (estimated size 34.8 KB, free 366.3 MB)
2020-05-13 15:08:59 MemoryStore: INFO: Block broadcast_0_piece0 stored as bytes in memory (estimated size 3.2 KB, free 366.3 MB)
2020-05-13 15:08:59 BlockManagerInfo: INFO: Added broadcast_0_piece0 in memory on 192.168.0.110:53557 (size: 3.2 KB, free: 366.3 MB)
2020-05-13 15:08:59 SparkContext: INFO: Created broadcast 0 from broadcast at SparkBackend.scala:232
2020-05-13 15:09:00 CodecPool: INFO: Got brand-new decompressor [.gz]
2020-05-13 15:09:01 CodecPool: INFO: Got brand-new decompressor [.gz]
2020-05-13 15:09:01 CodecPool: INFO: Got brand-new decompressor [.gz]
2020-05-13 15:09:02 CodecPool: INFO: Got brand-new decompressor [.gz]
2020-05-13 15:09:03 CodecPool: INFO: Got brand-new decompressor [.gz]
2020-05-13 15:09:03 CodecPool: INFO: Got brand-new decompressor [.gz]
2020-05-13 15:09:04 CodecPool: INFO: Got brand-new decompressor [.gz]
2020-05-13 15:09:05 CodecPool: INFO: Got brand-new decompressor [.gz]
2020-05-13 15:09:05 CodecPool: INFO: Got brand-new decompressor [.gz]
2020-05-13 15:09:06 CodecPool: INFO: Got brand-new decompressor [.gz]
2020-05-13 15:09:07 CodecPool: INFO: Got brand-new decompressor [.gz]
2020-05-13 15:09:07 CodecPool: INFO: Got brand-new decompressor [.gz]
2020-05-13 15:09:08 CodecPool: INFO: Got brand-new decompressor [.gz]
2020-05-13 15:09:08 CodecPool: INFO: Got brand-new decompressor [.gz]
2020-05-13 15:34:02 SparkContext: INFO: Invoking stop() from shutdown hook
2020-05-13 15:34:02 AbstractConnector: INFO: Stopped Spark@5912e423{HTTP/1.1,[http/1.1]}{0.0.0.0:4041}
2020-05-13 15:34:02 SparkUI: INFO: Stopped Spark web UI at http://192.168.0.110:4041
2020-05-13 15:34:02 MapOutputTrackerMasterEndpoint: INFO: MapOutputTrackerMasterEndpoint stopped!
2020-05-13 15:34:02 MemoryStore: INFO: MemoryStore cleared
2020-05-13 15:34:02 BlockManager: INFO: BlockManager stopped
2020-05-13 15:34:02 BlockManagerMaster: INFO: BlockManagerMaster stopped
2020-05-13 15:34:02 OutputCommitCoordinator$OutputCommitCoordinatorEndpoint: INFO: OutputCommitCoordinator stopped!
2020-05-13 15:34:02 SparkContext: INFO: Successfully stopped SparkContext
2020-05-13 15:34:02 ShutdownHookManager: INFO: Shutdown hook called
2020-05-13 15:34:02 ShutdownHookManager: INFO: Deleting directory /private/var/folders/56/q7rh2y5x7hj4n359_13dgwxcmtwz20/T/spark-bc228ed8-4a1e-4db2-9225-d10ea4f1678c
2020-05-13 15:34:02 ShutdownHookManager: INFO: Deleting directory /private/var/folders/56/q7rh2y5x7hj4n359_13dgwxcmtwz20/T/spark-e679cb0d-279a-4f7e-856f-9555e67ceef5/pyspark-895249ea-f3ea-4cab-b85b-37fe41636500
2020-05-13 15:34:02 ShutdownHookManager: INFO: Deleting directory /private/var/folders/56/q7rh2y5x7hj4n359_13dgwxcmtwz20/T/spark-e679cb0d-279a-4f7e-856f-9555e67ceef5
