2020-03-26 06:40:16 Hail: WARN: This Hail JAR was compiled for Spark 2.4.0, running with Spark 2.4.3.
  Compatibility is not guaranteed.
2020-03-26 06:40:16 SparkContext: INFO: Running Spark version 2.4.3
2020-03-26 06:40:16 SparkContext: INFO: Submitted application: Hail
2020-03-26 06:40:16 SparkContext: INFO: Spark configuration:
spark.app.name=Hail
spark.driver.extraClassPath=/anaconda3/envs/hail/lib/python3.6/site-packages/hail/hail-all-spark.jar
spark.driver.maxResultSize=0
spark.executor.extraClassPath=./hail-all-spark.jar
spark.hadoop.google.cloud.auth.service.account.enable=true
spark.hadoop.google.cloud.auth.service.account.json.keyfile=/Users/nbaya/.hail/gcs-keys/gcs-connector-key.json
spark.hadoop.io.compression.codecs=org.apache.hadoop.io.compress.DefaultCodec,is.hail.io.compress.BGzipCodec,is.hail.io.compress.BGzipCodecTbi,org.apache.hadoop.io.compress.GzipCodec
spark.hadoop.mapreduce.input.fileinputformat.split.minsize=0
spark.jars=file:///anaconda3/envs/hail/lib/python3.6/site-packages/hail/hail-all-spark.jar
spark.kryo.registrator=is.hail.kryo.HailKryoRegistrator
spark.kryoserializer.buffer.max=1g
spark.logConf=true
spark.master=local[*]
spark.repl.local.jars=file:///anaconda3/envs/hail/lib/python3.6/site-packages/hail/hail-all-spark.jar
spark.serializer=org.apache.spark.serializer.KryoSerializer
spark.submit.deployMode=client
spark.ui.showConsoleProgress=false
2020-03-26 06:40:16 SecurityManager: INFO: Changing view acls to: nbaya
2020-03-26 06:40:16 SecurityManager: INFO: Changing modify acls to: nbaya
2020-03-26 06:40:16 SecurityManager: INFO: Changing view acls groups to: 
2020-03-26 06:40:16 SecurityManager: INFO: Changing modify acls groups to: 
2020-03-26 06:40:16 SecurityManager: INFO: SecurityManager: authentication disabled; ui acls disabled; users  with view permissions: Set(nbaya); groups with view permissions: Set(); users  with modify permissions: Set(nbaya); groups with modify permissions: Set()
2020-03-26 06:40:16 Utils: INFO: Successfully started service 'sparkDriver' on port 57097.
2020-03-26 06:40:16 SparkEnv: INFO: Registering MapOutputTracker
2020-03-26 06:40:16 SparkEnv: INFO: Registering BlockManagerMaster
2020-03-26 06:40:16 BlockManagerMasterEndpoint: INFO: Using org.apache.spark.storage.DefaultTopologyMapper for getting topology information
2020-03-26 06:40:16 BlockManagerMasterEndpoint: INFO: BlockManagerMasterEndpoint up
2020-03-26 06:40:16 DiskBlockManager: INFO: Created local directory at /private/var/folders/56/q7rh2y5x7hj4n359_13dgwxcmtwz20/T/blockmgr-0206585f-f4bb-469c-a907-8410ed6ad4a2
2020-03-26 06:40:16 MemoryStore: INFO: MemoryStore started with capacity 366.3 MB
2020-03-26 06:40:16 SparkEnv: INFO: Registering OutputCommitCoordinator
2020-03-26 06:40:16 log: INFO: Logging initialized @2717ms
2020-03-26 06:40:16 Server: INFO: jetty-9.3.z-SNAPSHOT, build timestamp: unknown, git hash: unknown
2020-03-26 06:40:16 Server: INFO: Started @2791ms
2020-03-26 06:40:16 Utils: WARN: Service 'SparkUI' could not bind on port 4040. Attempting port 4041.
2020-03-26 06:40:17 AbstractConnector: INFO: Started ServerConnector@291f5d10{HTTP/1.1,[http/1.1]}{0.0.0.0:4041}
2020-03-26 06:40:17 Utils: INFO: Successfully started service 'SparkUI' on port 4041.
2020-03-26 06:40:17 ContextHandler: INFO: Started o.s.j.s.ServletContextHandler@328c4f15{/jobs,null,AVAILABLE,@Spark}
2020-03-26 06:40:17 ContextHandler: INFO: Started o.s.j.s.ServletContextHandler@6c7ce2e8{/jobs/json,null,AVAILABLE,@Spark}
2020-03-26 06:40:17 ContextHandler: INFO: Started o.s.j.s.ServletContextHandler@4beaacee{/jobs/job,null,AVAILABLE,@Spark}
2020-03-26 06:40:17 ContextHandler: INFO: Started o.s.j.s.ServletContextHandler@26ae3964{/jobs/job/json,null,AVAILABLE,@Spark}
2020-03-26 06:40:17 ContextHandler: INFO: Started o.s.j.s.ServletContextHandler@2dcee4fb{/stages,null,AVAILABLE,@Spark}
2020-03-26 06:40:17 ContextHandler: INFO: Started o.s.j.s.ServletContextHandler@33dda070{/stages/json,null,AVAILABLE,@Spark}
2020-03-26 06:40:17 ContextHandler: INFO: Started o.s.j.s.ServletContextHandler@59729753{/stages/stage,null,AVAILABLE,@Spark}
2020-03-26 06:40:17 ContextHandler: INFO: Started o.s.j.s.ServletContextHandler@af3d0d1{/stages/stage/json,null,AVAILABLE,@Spark}
2020-03-26 06:40:17 ContextHandler: INFO: Started o.s.j.s.ServletContextHandler@47f606d3{/stages/pool,null,AVAILABLE,@Spark}
2020-03-26 06:40:17 ContextHandler: INFO: Started o.s.j.s.ServletContextHandler@4ebf2ecd{/stages/pool/json,null,AVAILABLE,@Spark}
2020-03-26 06:40:17 ContextHandler: INFO: Started o.s.j.s.ServletContextHandler@3a138d9{/storage,null,AVAILABLE,@Spark}
2020-03-26 06:40:17 ContextHandler: INFO: Started o.s.j.s.ServletContextHandler@17c01524{/storage/json,null,AVAILABLE,@Spark}
2020-03-26 06:40:17 ContextHandler: INFO: Started o.s.j.s.ServletContextHandler@60f74991{/storage/rdd,null,AVAILABLE,@Spark}
2020-03-26 06:40:17 ContextHandler: INFO: Started o.s.j.s.ServletContextHandler@5709da04{/storage/rdd/json,null,AVAILABLE,@Spark}
2020-03-26 06:40:17 ContextHandler: INFO: Started o.s.j.s.ServletContextHandler@5d6457cc{/environment,null,AVAILABLE,@Spark}
2020-03-26 06:40:17 ContextHandler: INFO: Started o.s.j.s.ServletContextHandler@4a1a1071{/environment/json,null,AVAILABLE,@Spark}
2020-03-26 06:40:17 ContextHandler: INFO: Started o.s.j.s.ServletContextHandler@10fb7362{/executors,null,AVAILABLE,@Spark}
2020-03-26 06:40:17 ContextHandler: INFO: Started o.s.j.s.ServletContextHandler@9bb4283{/executors/json,null,AVAILABLE,@Spark}
2020-03-26 06:40:17 ContextHandler: INFO: Started o.s.j.s.ServletContextHandler@769eae4f{/executors/threadDump,null,AVAILABLE,@Spark}
2020-03-26 06:40:17 ContextHandler: INFO: Started o.s.j.s.ServletContextHandler@6c1db175{/executors/threadDump/json,null,AVAILABLE,@Spark}
2020-03-26 06:40:17 ContextHandler: INFO: Started o.s.j.s.ServletContextHandler@2736aff7{/static,null,AVAILABLE,@Spark}
2020-03-26 06:40:17 ContextHandler: INFO: Started o.s.j.s.ServletContextHandler@6f6238bc{/,null,AVAILABLE,@Spark}
2020-03-26 06:40:17 ContextHandler: INFO: Started o.s.j.s.ServletContextHandler@6a990421{/api,null,AVAILABLE,@Spark}
2020-03-26 06:40:17 ContextHandler: INFO: Started o.s.j.s.ServletContextHandler@73f3c823{/jobs/job/kill,null,AVAILABLE,@Spark}
2020-03-26 06:40:17 ContextHandler: INFO: Started o.s.j.s.ServletContextHandler@64f815d6{/stages/stage/kill,null,AVAILABLE,@Spark}
2020-03-26 06:40:17 SparkUI: INFO: Bound SparkUI to 0.0.0.0, and started at http://192.168.0.110:4041
2020-03-26 06:40:17 SparkContext: INFO: Added JAR file:///anaconda3/envs/hail/lib/python3.6/site-packages/hail/hail-all-spark.jar at spark://192.168.0.110:57097/jars/hail-all-spark.jar with timestamp 1585219217077
2020-03-26 06:40:17 Executor: INFO: Starting executor ID driver on host localhost
2020-03-26 06:40:17 Utils: INFO: Successfully started service 'org.apache.spark.network.netty.NettyBlockTransferService' on port 57098.
2020-03-26 06:40:17 NettyBlockTransferService: INFO: Server created on 192.168.0.110:57098
2020-03-26 06:40:17 BlockManager: INFO: Using org.apache.spark.storage.RandomBlockReplicationPolicy for block replication policy
2020-03-26 06:40:17 BlockManagerMaster: INFO: Registering BlockManager BlockManagerId(driver, 192.168.0.110, 57098, None)
2020-03-26 06:40:17 BlockManagerMasterEndpoint: INFO: Registering block manager 192.168.0.110:57098 with 366.3 MB RAM, BlockManagerId(driver, 192.168.0.110, 57098, None)
2020-03-26 06:40:17 BlockManagerMaster: INFO: Registered BlockManager BlockManagerId(driver, 192.168.0.110, 57098, None)
2020-03-26 06:40:17 BlockManager: INFO: Initialized BlockManager: BlockManagerId(driver, 192.168.0.110, 57098, None)
2020-03-26 06:40:17 ContextHandler: INFO: Started o.s.j.s.ServletContextHandler@75b4be89{/metrics/json,null,AVAILABLE,@Spark}
2020-03-26 06:40:17 Hail: INFO: Hail temporary directory: file:/tmp/hail.DCN6QwmfSmCE
2020-03-26 06:40:17 Hail: INFO: SparkUI: http://192.168.0.110:4041
2020-03-26 06:40:17 Hail: INFO: Running Hail version 0.2.34-914bd8a10ca2
2020-03-26 06:40:18 SparkContext: WARN: Using an existing SparkContext; some configuration may not take effect.
2020-03-26 07:16:25 SparkContext: INFO: Invoking stop() from shutdown hook
2020-03-26 07:16:25 AbstractConnector: INFO: Stopped Spark@291f5d10{HTTP/1.1,[http/1.1]}{0.0.0.0:4041}
2020-03-26 07:16:25 SparkUI: INFO: Stopped Spark web UI at http://192.168.0.110:4041
2020-03-26 07:16:25 MapOutputTrackerMasterEndpoint: INFO: MapOutputTrackerMasterEndpoint stopped!
2020-03-26 07:16:25 MemoryStore: INFO: MemoryStore cleared
2020-03-26 07:16:25 BlockManager: INFO: BlockManager stopped
2020-03-26 07:16:25 BlockManagerMaster: INFO: BlockManagerMaster stopped
2020-03-26 07:16:26 OutputCommitCoordinator$OutputCommitCoordinatorEndpoint: INFO: OutputCommitCoordinator stopped!
2020-03-26 07:16:26 SparkContext: INFO: Successfully stopped SparkContext
2020-03-26 07:16:26 ShutdownHookManager: INFO: Shutdown hook called
2020-03-26 07:16:26 ShutdownHookManager: INFO: Deleting directory /private/var/folders/56/q7rh2y5x7hj4n359_13dgwxcmtwz20/T/spark-50ff0b8b-d8d3-4345-921a-2d98816cdf9a
2020-03-26 07:16:26 ShutdownHookManager: INFO: Deleting directory /private/var/folders/56/q7rh2y5x7hj4n359_13dgwxcmtwz20/T/spark-50ff0b8b-d8d3-4345-921a-2d98816cdf9a/pyspark-b72ef692-c5f9-4c35-9450-ce2f867c5dcd
2020-03-26 07:16:26 ShutdownHookManager: INFO: Deleting directory /private/var/folders/56/q7rh2y5x7hj4n359_13dgwxcmtwz20/T/spark-e7ee63b2-93cd-4339-a854-6839bff9d00e
