2020-03-26 12:43:00 Hail: WARN: This Hail JAR was compiled for Spark 2.4.0, running with Spark 2.4.3.
  Compatibility is not guaranteed.
2020-03-26 12:43:00 SparkContext: INFO: Running Spark version 2.4.3
2020-03-26 12:43:00 SparkContext: INFO: Submitted application: Hail
2020-03-26 12:43:00 SparkContext: INFO: Spark configuration:
spark.app.name=Hail
spark.driver.extraClassPath=/anaconda3/envs/hail/lib/python3.6/site-packages/hail/hail-all-spark.jar
spark.driver.maxResultSize=0
spark.executor.extraClassPath=./hail-all-spark.jar
spark.hadoop.google.cloud.auth.service.account.enable=true
spark.hadoop.google.cloud.auth.service.account.json.keyfile=/Users/nbaya/.hail/gcs-keys/gcs-connector-key.json
spark.hadoop.io.compression.codecs=org.apache.hadoop.io.compress.DefaultCodec,is.hail.io.compress.BGzipCodec,is.hail.io.compress.BGzipCodecTbi,org.apache.hadoop.io.compress.GzipCodec
spark.hadoop.mapreduce.input.fileinputformat.split.minsize=0
spark.jars=file:///anaconda3/envs/hail/lib/python3.6/site-packages/hail/hail-all-spark.jar
spark.kryo.registrator=is.hail.kryo.HailKryoRegistrator
spark.kryoserializer.buffer.max=1g
spark.logConf=true
spark.master=local[*]
spark.repl.local.jars=file:///anaconda3/envs/hail/lib/python3.6/site-packages/hail/hail-all-spark.jar
spark.serializer=org.apache.spark.serializer.KryoSerializer
spark.submit.deployMode=client
spark.ui.showConsoleProgress=false
2020-03-26 12:43:00 SecurityManager: INFO: Changing view acls to: nbaya
2020-03-26 12:43:00 SecurityManager: INFO: Changing modify acls to: nbaya
2020-03-26 12:43:00 SecurityManager: INFO: Changing view acls groups to: 
2020-03-26 12:43:00 SecurityManager: INFO: Changing modify acls groups to: 
2020-03-26 12:43:00 SecurityManager: INFO: SecurityManager: authentication disabled; ui acls disabled; users  with view permissions: Set(nbaya); groups with view permissions: Set(); users  with modify permissions: Set(nbaya); groups with modify permissions: Set()
2020-03-26 12:43:01 Utils: INFO: Successfully started service 'sparkDriver' on port 59878.
2020-03-26 12:43:01 SparkEnv: INFO: Registering MapOutputTracker
2020-03-26 12:43:01 SparkEnv: INFO: Registering BlockManagerMaster
2020-03-26 12:43:01 BlockManagerMasterEndpoint: INFO: Using org.apache.spark.storage.DefaultTopologyMapper for getting topology information
2020-03-26 12:43:01 BlockManagerMasterEndpoint: INFO: BlockManagerMasterEndpoint up
2020-03-26 12:43:01 DiskBlockManager: INFO: Created local directory at /private/var/folders/56/q7rh2y5x7hj4n359_13dgwxcmtwz20/T/blockmgr-20c64dcb-a684-4462-97d1-b7b344cf2e25
2020-03-26 12:43:01 MemoryStore: INFO: MemoryStore started with capacity 366.3 MB
2020-03-26 12:43:01 SparkEnv: INFO: Registering OutputCommitCoordinator
2020-03-26 12:43:01 log: INFO: Logging initialized @3024ms
2020-03-26 12:43:01 Server: INFO: jetty-9.3.z-SNAPSHOT, build timestamp: unknown, git hash: unknown
2020-03-26 12:43:01 Server: INFO: Started @3105ms
2020-03-26 12:43:01 Utils: WARN: Service 'SparkUI' could not bind on port 4040. Attempting port 4041.
2020-03-26 12:43:01 AbstractConnector: INFO: Started ServerConnector@382d35df{HTTP/1.1,[http/1.1]}{0.0.0.0:4041}
2020-03-26 12:43:01 Utils: INFO: Successfully started service 'SparkUI' on port 4041.
2020-03-26 12:43:01 ContextHandler: INFO: Started o.s.j.s.ServletContextHandler@5892179a{/jobs,null,AVAILABLE,@Spark}
2020-03-26 12:43:01 ContextHandler: INFO: Started o.s.j.s.ServletContextHandler@4b33dce5{/jobs/json,null,AVAILABLE,@Spark}
2020-03-26 12:43:01 ContextHandler: INFO: Started o.s.j.s.ServletContextHandler@32633f63{/jobs/job,null,AVAILABLE,@Spark}
2020-03-26 12:43:01 ContextHandler: INFO: Started o.s.j.s.ServletContextHandler@56044776{/jobs/job/json,null,AVAILABLE,@Spark}
2020-03-26 12:43:01 ContextHandler: INFO: Started o.s.j.s.ServletContextHandler@3056da7{/stages,null,AVAILABLE,@Spark}
2020-03-26 12:43:01 ContextHandler: INFO: Started o.s.j.s.ServletContextHandler@28b6c283{/stages/json,null,AVAILABLE,@Spark}
2020-03-26 12:43:01 ContextHandler: INFO: Started o.s.j.s.ServletContextHandler@1d3488c5{/stages/stage,null,AVAILABLE,@Spark}
2020-03-26 12:43:01 ContextHandler: INFO: Started o.s.j.s.ServletContextHandler@5f031351{/stages/stage/json,null,AVAILABLE,@Spark}
2020-03-26 12:43:01 ContextHandler: INFO: Started o.s.j.s.ServletContextHandler@66c8dad4{/stages/pool,null,AVAILABLE,@Spark}
2020-03-26 12:43:01 ContextHandler: INFO: Started o.s.j.s.ServletContextHandler@753be5bc{/stages/pool/json,null,AVAILABLE,@Spark}
2020-03-26 12:43:01 ContextHandler: INFO: Started o.s.j.s.ServletContextHandler@4f2756af{/storage,null,AVAILABLE,@Spark}
2020-03-26 12:43:01 ContextHandler: INFO: Started o.s.j.s.ServletContextHandler@8794d81{/storage/json,null,AVAILABLE,@Spark}
2020-03-26 12:43:01 ContextHandler: INFO: Started o.s.j.s.ServletContextHandler@28472820{/storage/rdd,null,AVAILABLE,@Spark}
2020-03-26 12:43:01 ContextHandler: INFO: Started o.s.j.s.ServletContextHandler@27b3e91{/storage/rdd/json,null,AVAILABLE,@Spark}
2020-03-26 12:43:01 ContextHandler: INFO: Started o.s.j.s.ServletContextHandler@771c825f{/environment,null,AVAILABLE,@Spark}
2020-03-26 12:43:01 ContextHandler: INFO: Started o.s.j.s.ServletContextHandler@35cbcc78{/environment/json,null,AVAILABLE,@Spark}
2020-03-26 12:43:01 ContextHandler: INFO: Started o.s.j.s.ServletContextHandler@24dce4c9{/executors,null,AVAILABLE,@Spark}
2020-03-26 12:43:01 ContextHandler: INFO: Started o.s.j.s.ServletContextHandler@7f88d975{/executors/json,null,AVAILABLE,@Spark}
2020-03-26 12:43:01 ContextHandler: INFO: Started o.s.j.s.ServletContextHandler@6c95b2a1{/executors/threadDump,null,AVAILABLE,@Spark}
2020-03-26 12:43:01 ContextHandler: INFO: Started o.s.j.s.ServletContextHandler@7560b47{/executors/threadDump/json,null,AVAILABLE,@Spark}
2020-03-26 12:43:01 ContextHandler: INFO: Started o.s.j.s.ServletContextHandler@446f4dc8{/static,null,AVAILABLE,@Spark}
2020-03-26 12:43:01 ContextHandler: INFO: Started o.s.j.s.ServletContextHandler@2bd2b61c{/,null,AVAILABLE,@Spark}
2020-03-26 12:43:01 ContextHandler: INFO: Started o.s.j.s.ServletContextHandler@2f51c9a{/api,null,AVAILABLE,@Spark}
2020-03-26 12:43:01 ContextHandler: INFO: Started o.s.j.s.ServletContextHandler@1f448717{/jobs/job/kill,null,AVAILABLE,@Spark}
2020-03-26 12:43:01 ContextHandler: INFO: Started o.s.j.s.ServletContextHandler@62c80543{/stages/stage/kill,null,AVAILABLE,@Spark}
2020-03-26 12:43:01 SparkUI: INFO: Bound SparkUI to 0.0.0.0, and started at http://192.168.0.110:4041
2020-03-26 12:43:01 SparkContext: INFO: Added JAR file:///anaconda3/envs/hail/lib/python3.6/site-packages/hail/hail-all-spark.jar at spark://192.168.0.110:59878/jars/hail-all-spark.jar with timestamp 1585240981440
2020-03-26 12:43:01 Executor: INFO: Starting executor ID driver on host localhost
2020-03-26 12:43:01 Utils: INFO: Successfully started service 'org.apache.spark.network.netty.NettyBlockTransferService' on port 59879.
2020-03-26 12:43:01 NettyBlockTransferService: INFO: Server created on 192.168.0.110:59879
2020-03-26 12:43:01 BlockManager: INFO: Using org.apache.spark.storage.RandomBlockReplicationPolicy for block replication policy
2020-03-26 12:43:01 BlockManagerMaster: INFO: Registering BlockManager BlockManagerId(driver, 192.168.0.110, 59879, None)
2020-03-26 12:43:01 BlockManagerMasterEndpoint: INFO: Registering block manager 192.168.0.110:59879 with 366.3 MB RAM, BlockManagerId(driver, 192.168.0.110, 59879, None)
2020-03-26 12:43:01 BlockManagerMaster: INFO: Registered BlockManager BlockManagerId(driver, 192.168.0.110, 59879, None)
2020-03-26 12:43:01 BlockManager: INFO: Initialized BlockManager: BlockManagerId(driver, 192.168.0.110, 59879, None)
2020-03-26 12:43:01 ContextHandler: INFO: Started o.s.j.s.ServletContextHandler@4a896c66{/metrics/json,null,AVAILABLE,@Spark}
2020-03-26 12:43:01 Hail: INFO: Hail temporary directory: file:/tmp/hail.YdXDX8SSduWc
2020-03-26 12:43:01 Hail: INFO: SparkUI: http://192.168.0.110:4041
2020-03-26 12:43:01 Hail: INFO: Running Hail version 0.2.34-914bd8a10ca2
2020-03-26 12:43:02 SparkContext: WARN: Using an existing SparkContext; some configuration may not take effect.
2020-03-26 12:45:36 SparkContext: INFO: Invoking stop() from shutdown hook
2020-03-26 12:45:36 AbstractConnector: INFO: Stopped Spark@382d35df{HTTP/1.1,[http/1.1]}{0.0.0.0:4041}
2020-03-26 12:45:36 SparkUI: INFO: Stopped Spark web UI at http://192.168.0.110:4041
2020-03-26 12:45:36 MapOutputTrackerMasterEndpoint: INFO: MapOutputTrackerMasterEndpoint stopped!
2020-03-26 12:45:36 MemoryStore: INFO: MemoryStore cleared
2020-03-26 12:45:36 BlockManager: INFO: BlockManager stopped
2020-03-26 12:45:36 BlockManagerMaster: INFO: BlockManagerMaster stopped
2020-03-26 12:45:36 OutputCommitCoordinator$OutputCommitCoordinatorEndpoint: INFO: OutputCommitCoordinator stopped!
2020-03-26 12:45:36 SparkContext: INFO: Successfully stopped SparkContext
2020-03-26 12:45:36 ShutdownHookManager: INFO: Shutdown hook called
2020-03-26 12:45:36 ShutdownHookManager: INFO: Deleting directory /private/var/folders/56/q7rh2y5x7hj4n359_13dgwxcmtwz20/T/spark-5b5d7009-47ba-4a21-be16-1f730fcf9ff3/pyspark-4a7ae00e-0d62-4e64-948c-214279dc781c
2020-03-26 12:45:36 ShutdownHookManager: INFO: Deleting directory /private/var/folders/56/q7rh2y5x7hj4n359_13dgwxcmtwz20/T/spark-786f25ad-610d-42b8-96e6-0c5b699d7c6c
2020-03-26 12:45:36 ShutdownHookManager: INFO: Deleting directory /private/var/folders/56/q7rh2y5x7hj4n359_13dgwxcmtwz20/T/spark-5b5d7009-47ba-4a21-be16-1f730fcf9ff3
