2020-09-26 20:32:34 Hail: INFO: Running Hail version 0.2.57-582b2e31b8bd
2020-09-26 20:32:35 SparkContext: WARN: Using an existing SparkContext; some configuration may not take effect.
2020-09-26 20:32:35 root: INFO: RegionPool: initialized for thread 15: Thread-4
2020-09-26 20:32:36 root: INFO: globbing path gs://ukb-diverse-pops-public/sumstats_release/phenotype_manifest.tsv.bgz returned 1 files: phenotype_manifest.tsv.bgz
2020-09-26 20:32:36 Hail: INFO: Loading 48 fields. Counts by type:
  str: 48
2020-09-26 20:32:37 root: INFO: Timer: Time taken for optimize: relationalLowerer, initial IR -- Verify : 0.313ms, total 22.924ms
2020-09-26 20:32:37 root: INFO: optimize optimize: relationalLowerer, initial IR: before: IR size 25: 
(ToArray
  (StreamMap __uid_4
    (ToStream False
      (GetField rows
        (TableCollect
          (TableMapRows
            (TableMapGlobals
              (TableMapRows
                (TableRead None False "{\"files\":[\"gs://ukb-diverse-pops-public/sumstats_release/phenotype_manifest.tsv.bgz\"],\"typeMapStr\":{},\"comment\":[],\"separator\":\"\\t\",\"missing\":[\"NA\"],\"hasHeader\":true,\"quoteStr\":null,\"skipBlankLines\":false,\"forceBGZ\":false,\"filterAndReplace\":{},\"forceGZ\":false,\"name\":\"TextTableReader\"}")
                (InsertFields
                  (SelectFields ()
                    (SelectFields (trait_type phenocode pheno_sex coding modifier description description_more coding_description category n_cases_full_cohort_both_sexes n_cases_full_cohort_females n_cases_full_cohort_males pops num_pops n_cases_AFR n_cases_AMR n_cases_CSA n_cases_EAS n_cases_EUR n_cases_MID n_controls_AFR n_controls_AMR n_controls_CSA n_controls_EAS n_controls_EUR n_controls_MID saige_heritability_AFR saige_heritability_AMR saige_heritability_CSA saige_heritability_EAS saige_heritability_EUR saige_heritability_MID lambda_gc_AFR lambda_gc_AMR lambda_gc_CSA lambda_gc_EAS lambda_gc_EUR lambda_gc_MID filename filename_tabix aws_link aws_link_tabix wget wget_tabix size_in_bytes size_in_bytes_tabix md5_hex md5_hex_tabix)
                      (Ref row)))
                  None
                  (pops
                    (GetField pops
                      (Ref row)))))
              (InsertFields
                (SelectFields ()
                  (SelectFields ()
                    (Ref global)))
                None))
            (InsertFields
              (SelectFields (pops)
                (SelectFields (pops)
                  (Ref row)))
              None)))))
    (GetField pops
      (Ref __uid_4))))
2020-09-26 20:32:37 root: INFO: Timer: Time taken for optimize: relationalLowerer, initial IR -- LoweringTransformation -- Optimize -- FoldConstants : 3.979ms, total 36.753ms
2020-09-26 20:32:37 root: INFO: Timer: Time taken for optimize: relationalLowerer, initial IR -- LoweringTransformation -- Optimize -- ExtractIntervalFilters : 4.586ms, total 41.673ms
2020-09-26 20:32:37 root: INFO: Timer: Time taken for optimize: relationalLowerer, initial IR -- LoweringTransformation -- Optimize -- Simplify : 9.136ms, total 51.217ms
2020-09-26 20:32:37 root: INFO: Timer: Time taken for optimize: relationalLowerer, initial IR -- LoweringTransformation -- Optimize -- ForwardLets : 8.846ms, total 60.442ms
2020-09-26 20:32:37 root: INFO: Timer: Time taken for optimize: relationalLowerer, initial IR -- LoweringTransformation -- Optimize -- ForwardRelationalLets : 1.086ms, total 61.872ms
2020-09-26 20:32:37 root: INFO: Timer: Time taken for optimize: relationalLowerer, initial IR -- LoweringTransformation -- Optimize -- PruneDeadFields : 8.528ms, total 70.688ms
2020-09-26 20:32:37 root: INFO: Timer: Time taken for optimize: relationalLowerer, initial IR -- LoweringTransformation -- Optimize -- FoldConstants : 0.185ms, total 71.123ms
2020-09-26 20:32:37 root: INFO: Timer: Time taken for optimize: relationalLowerer, initial IR -- LoweringTransformation -- Optimize -- ExtractIntervalFilters : 0.075ms, total 71.343ms
2020-09-26 20:32:37 root: INFO: Timer: Time taken for optimize: relationalLowerer, initial IR -- LoweringTransformation -- Optimize -- Simplify : 0.162ms, total 71.626ms
2020-09-26 20:32:37 root: INFO: Timer: Time taken for optimize: relationalLowerer, initial IR -- LoweringTransformation -- Optimize -- ForwardLets : 0.708ms, total 72.458ms
2020-09-26 20:32:37 root: INFO: Timer: Time taken for optimize: relationalLowerer, initial IR -- LoweringTransformation -- Optimize -- ForwardRelationalLets : 0.043ms, total 72.647ms
2020-09-26 20:32:37 root: INFO: Timer: Time taken for optimize: relationalLowerer, initial IR -- LoweringTransformation -- Optimize -- PruneDeadFields : 0.613ms, total 73.413ms
2020-09-26 20:32:37 root: INFO: Timer: Time taken for optimize: relationalLowerer, initial IR -- LoweringTransformation -- Optimize -- FoldConstants : 0.139ms, total 73.732ms
2020-09-26 20:32:37 root: INFO: Timer: Time taken for optimize: relationalLowerer, initial IR -- LoweringTransformation -- Optimize -- ExtractIntervalFilters : 0.037ms, total 73.881ms
2020-09-26 20:32:37 root: INFO: Timer: Time taken for optimize: relationalLowerer, initial IR -- LoweringTransformation -- Optimize -- Simplify : 0.117ms, total 74.100ms
2020-09-26 20:32:37 root: INFO: Timer: Time taken for optimize: relationalLowerer, initial IR -- LoweringTransformation -- Optimize -- ForwardLets : 0.763ms, total 74.971ms
2020-09-26 20:32:37 root: INFO: Timer: Time taken for optimize: relationalLowerer, initial IR -- LoweringTransformation -- Optimize -- ForwardRelationalLets : 0.045ms, total 75.185ms
2020-09-26 20:32:37 root: INFO: Timer: Time taken for optimize: relationalLowerer, initial IR -- LoweringTransformation -- Optimize -- PruneDeadFields : 0.444ms, total 75.737ms
2020-09-26 20:32:37 root: INFO: Timer: Time taken for optimize: relationalLowerer, initial IR -- LoweringTransformation -- Optimize : 43.308ms, total 75.850ms, tagged coverage 91.2
2020-09-26 20:32:37 root: INFO: optimize optimize: relationalLowerer, initial IR: after: IR size 8:
(ToArray
  (StreamMap __iruid_2
    (ToStream False
      (GetField rows
        (TableCollect
          (TableRead Table{global:Struct{},key:[],row:Struct{pops:String}} False "{\"files\":[\"gs://ukb-diverse-pops-public/sumstats_release/phenotype_manifest.tsv.bgz\"],\"typeMapStr\":{},\"comment\":[],\"separator\":\"\\t\",\"missing\":[\"NA\"],\"hasHeader\":true,\"quoteStr\":null,\"skipBlankLines\":false,\"forceBGZ\":false,\"filterAndReplace\":{},\"forceGZ\":false,\"name\":\"TextTableReader\"}"))))
    (GetField pops
      (Ref __iruid_2))))
2020-09-26 20:32:37 root: INFO: Timer: Time taken for optimize: relationalLowerer, initial IR -- LoweringTransformation : 53.671ms, total 77.678ms, tagged coverage 73.6
2020-09-26 20:32:37 root: INFO: Timer: Time taken for optimize: relationalLowerer, initial IR -- Verify : 0.032ms, total 78.080ms
2020-09-26 20:32:37 root: INFO: Timer: Time taken for optimize: relationalLowerer, initial IR : 55.742ms, total 78.211ms, tagged coverage 71.5
2020-09-26 20:32:37 root: INFO: Timer: Time taken for LowerMatrixToTable -- Verify : 0.010ms, total 78.474ms
2020-09-26 20:32:37 root: INFO: Timer: Time taken for LowerMatrixToTable -- LoweringTransformation : 6.518ms, total 85.114ms
2020-09-26 20:32:37 root: INFO: Timer: Time taken for LowerMatrixToTable -- Verify : 0.028ms, total 85.387ms
2020-09-26 20:32:37 root: INFO: Timer: Time taken for LowerMatrixToTable : 7.062ms, total 85.523ms, tagged coverage 92.8
2020-09-26 20:32:37 root: INFO: Timer: Time taken for optimize: relationalLowerer, after LowerMatrixToTable -- Verify : 0.009ms, total 85.777ms
2020-09-26 20:32:37 root: INFO: optimize optimize: relationalLowerer, after LowerMatrixToTable: before: IR size 8: 
(ToArray
  (StreamMap __iruid_2
    (ToStream False
      (GetField rows
        (TableCollect
          (TableRead Table{global:Struct{},key:[],row:Struct{pops:String}} False "{\"files\":[\"gs://ukb-diverse-pops-public/sumstats_release/phenotype_manifest.tsv.bgz\"],\"typeMapStr\":{},\"comment\":[],\"separator\":\"\\t\",\"missing\":[\"NA\"],\"hasHeader\":true,\"quoteStr\":null,\"skipBlankLines\":false,\"forceBGZ\":false,\"filterAndReplace\":{},\"forceGZ\":false,\"name\":\"TextTableReader\"}"))))
    (GetField pops
      (Ref __iruid_2))))
2020-09-26 20:32:37 root: INFO: Timer: Time taken for optimize: relationalLowerer, after LowerMatrixToTable -- LoweringTransformation -- Optimize -- FoldConstants : 0.127ms, total 86.577ms
2020-09-26 20:32:37 root: INFO: Timer: Time taken for optimize: relationalLowerer, after LowerMatrixToTable -- LoweringTransformation -- Optimize -- ExtractIntervalFilters : 0.100ms, total 86.797ms
2020-09-26 20:32:37 root: INFO: Timer: Time taken for optimize: relationalLowerer, after LowerMatrixToTable -- LoweringTransformation -- Optimize -- Simplify : 0.084ms, total 86.998ms
2020-09-26 20:32:37 root: INFO: Timer: Time taken for optimize: relationalLowerer, after LowerMatrixToTable -- LoweringTransformation -- Optimize -- ForwardLets : 0.642ms, total 87.775ms
2020-09-26 20:32:37 root: INFO: Timer: Time taken for optimize: relationalLowerer, after LowerMatrixToTable -- LoweringTransformation -- Optimize -- ForwardRelationalLets : 0.049ms, total 87.964ms
2020-09-26 20:32:37 root: INFO: Timer: Time taken for optimize: relationalLowerer, after LowerMatrixToTable -- LoweringTransformation -- Optimize -- PruneDeadFields : 0.420ms, total 88.494ms
2020-09-26 20:32:37 root: INFO: Timer: Time taken for optimize: relationalLowerer, after LowerMatrixToTable -- LoweringTransformation -- Optimize -- FoldConstants : 0.124ms, total 88.762ms
2020-09-26 20:32:37 root: INFO: Timer: Time taken for optimize: relationalLowerer, after LowerMatrixToTable -- LoweringTransformation -- Optimize -- ExtractIntervalFilters : 0.038ms, total 88.902ms
2020-09-26 20:32:37 root: INFO: Timer: Time taken for optimize: relationalLowerer, after LowerMatrixToTable -- LoweringTransformation -- Optimize -- Simplify : 0.079ms, total 89.086ms
2020-09-26 20:32:37 root: INFO: Timer: Time taken for optimize: relationalLowerer, after LowerMatrixToTable -- LoweringTransformation -- Optimize -- ForwardLets : 0.629ms, total 89.812ms
2020-09-26 20:32:37 root: INFO: Timer: Time taken for optimize: relationalLowerer, after LowerMatrixToTable -- LoweringTransformation -- Optimize -- ForwardRelationalLets : 0.052ms, total 90.048ms
2020-09-26 20:32:37 root: INFO: Timer: Time taken for optimize: relationalLowerer, after LowerMatrixToTable -- LoweringTransformation -- Optimize -- PruneDeadFields : 0.508ms, total 90.769ms
2020-09-26 20:32:37 root: INFO: Timer: Time taken for optimize: relationalLowerer, after LowerMatrixToTable -- LoweringTransformation -- Optimize -- FoldConstants : 0.183ms, total 91.096ms
2020-09-26 20:32:37 root: INFO: Timer: Time taken for optimize: relationalLowerer, after LowerMatrixToTable -- LoweringTransformation -- Optimize -- ExtractIntervalFilters : 0.035ms, total 91.268ms
2020-09-26 20:32:37 root: INFO: Timer: Time taken for optimize: relationalLowerer, after LowerMatrixToTable -- LoweringTransformation -- Optimize -- Simplify : 0.126ms, total 91.621ms
2020-09-26 20:32:37 root: INFO: Timer: Time taken for optimize: relationalLowerer, after LowerMatrixToTable -- LoweringTransformation -- Optimize -- ForwardLets : 0.657ms, total 92.400ms
2020-09-26 20:32:37 root: INFO: Timer: Time taken for optimize: relationalLowerer, after LowerMatrixToTable -- LoweringTransformation -- Optimize -- ForwardRelationalLets : 0.042ms, total 92.608ms
2020-09-26 20:32:37 root: INFO: Timer: Time taken for optimize: relationalLowerer, after LowerMatrixToTable -- LoweringTransformation -- Optimize -- PruneDeadFields : 0.409ms, total 93.116ms
2020-09-26 20:32:37 root: INFO: Timer: Time taken for optimize: relationalLowerer, after LowerMatrixToTable -- LoweringTransformation -- Optimize : 6.776ms, total 93.222ms, tagged coverage 63.5
2020-09-26 20:32:37 root: INFO: optimize optimize: relationalLowerer, after LowerMatrixToTable: after: IR size 8:
(ToArray
  (StreamMap __iruid_5
    (ToStream False
      (GetField rows
        (TableCollect
          (TableRead Table{global:Struct{},key:[],row:Struct{pops:String}} False "{\"files\":[\"gs://ukb-diverse-pops-public/sumstats_release/phenotype_manifest.tsv.bgz\"],\"typeMapStr\":{},\"comment\":[],\"separator\":\"\\t\",\"missing\":[\"NA\"],\"hasHeader\":true,\"quoteStr\":null,\"skipBlankLines\":false,\"forceBGZ\":false,\"filterAndReplace\":{},\"forceGZ\":false,\"name\":\"TextTableReader\"}"))))
    (GetField pops
      (Ref __iruid_5))))
2020-09-26 20:32:37 root: INFO: Timer: Time taken for optimize: relationalLowerer, after LowerMatrixToTable -- LoweringTransformation : 8.026ms, total 93.908ms, tagged coverage 53.6
2020-09-26 20:32:37 root: INFO: Timer: Time taken for optimize: relationalLowerer, after LowerMatrixToTable -- Verify : 0.012ms, total 94.073ms
2020-09-26 20:32:37 root: INFO: Timer: Time taken for optimize: relationalLowerer, after LowerMatrixToTable : 8.400ms, total 94.164ms, tagged coverage 51.5
2020-09-26 20:32:37 root: INFO: Timer: Time taken for InterpretNonCompilable -- Verify : 0.015ms, total 95.622ms
2020-09-26 20:32:37 root: INFO: interpreting non compilable node: TableCollect
2020-09-26 20:32:37 MemoryStore: INFO: Block broadcast_0 stored as values in memory (estimated size 238.6 KB, free 366.1 MB)
2020-09-26 20:32:37 MemoryStore: INFO: Block broadcast_0_piece0 stored as bytes in memory (estimated size 23.4 KB, free 366.0 MB)
2020-09-26 20:32:37 BlockManagerInfo: INFO: Added broadcast_0_piece0 in memory on 10.26.239.71:54168 (size: 23.4 KB, free: 366.3 MB)
2020-09-26 20:32:37 SparkContext: INFO: Created broadcast 0 from broadcast at SparkBackend.scala:233
2020-09-26 20:32:37 root: INFO: encoder cache miss (0 hits, 1 misses, 0.000)
2020-09-26 20:32:37 root: INFO: instruction count: 6: __C1etypeEncode.<init>
2020-09-26 20:32:37 root: INFO: instruction count: 8: __C1etypeEncode.apply
2020-09-26 20:32:37 root: INFO: instruction count: 39: __C1etypeEncode.__m2ENCODE_r_tuple_of_o_stringEND_TO_r_struct_of_o_binaryEND
2020-09-26 20:32:37 root: INFO: instruction count: 19: __C1etypeEncode.__m3ENCODE_o_binary_TO_o_binary
2020-09-26 20:32:37 SparkContext: INFO: Starting job: collect at RVD.scala:762
2020-09-26 20:32:37 DAGScheduler: INFO: Got job 0 (collect at RVD.scala:762) with 1 output partitions
2020-09-26 20:32:37 DAGScheduler: INFO: Final stage: ResultStage 0 (collect at RVD.scala:762)
2020-09-26 20:32:37 DAGScheduler: INFO: Parents of final stage: List()
2020-09-26 20:32:37 DAGScheduler: INFO: Missing parents: List()
2020-09-26 20:32:37 DAGScheduler: INFO: Submitting ResultStage 0 (MapPartitionsRDD[3] at mapPartitions at ContextRDD.scala:160), which has no missing parents
2020-09-26 20:32:37 MemoryStore: INFO: Block broadcast_1 stored as values in memory (estimated size 16.2 KB, free 366.0 MB)
2020-09-26 20:32:37 MemoryStore: INFO: Block broadcast_1_piece0 stored as bytes in memory (estimated size 8.8 KB, free 366.0 MB)
2020-09-26 20:32:37 BlockManagerInfo: INFO: Added broadcast_1_piece0 in memory on 10.26.239.71:54168 (size: 8.8 KB, free: 366.3 MB)
2020-09-26 20:32:37 SparkContext: INFO: Created broadcast 1 from broadcast at DAGScheduler.scala:1161
2020-09-26 20:32:37 DAGScheduler: INFO: Submitting 1 missing tasks from ResultStage 0 (MapPartitionsRDD[3] at mapPartitions at ContextRDD.scala:160) (first 15 tasks are for partitions Vector(0))
2020-09-26 20:32:37 TaskSchedulerImpl: INFO: Adding task set 0.0 with 1 tasks
2020-09-26 20:32:37 TaskSetManager: INFO: Starting task 0.0 in stage 0.0 (TID 0, localhost, executor driver, partition 0, PROCESS_LOCAL, 7999 bytes)
2020-09-26 20:32:38 Executor: INFO: Running task 0.0 in stage 0.0 (TID 0)
2020-09-26 20:32:38 root: INFO: RegionPool: initialized for thread 60: Executor task launch worker for task 0
2020-09-26 20:32:38 Executor: INFO: Finished task 0.0 in stage 0.0 (TID 0). 145368 bytes result sent to driver
2020-09-26 20:32:38 TaskSetManager: INFO: Finished task 0.0 in stage 0.0 (TID 0) in 646 ms on localhost (executor driver) (1/1)
2020-09-26 20:32:38 TaskSchedulerImpl: INFO: Removed TaskSet 0.0, whose tasks have all completed, from pool 
2020-09-26 20:32:38 DAGScheduler: INFO: ResultStage 0 (collect at RVD.scala:762) finished in 0.716 s
2020-09-26 20:32:38 DAGScheduler: INFO: Job 0 finished: collect at RVD.scala:762, took 0.767621 s
2020-09-26 20:32:38 root: INFO: decoder cache miss (0 hits, 1 misses, 0.000
2020-09-26 20:32:38 root: INFO: instruction count: 6: __C4etypeDecode.<init>
2020-09-26 20:32:38 root: INFO: instruction count: 8: __C4etypeDecode.apply
2020-09-26 20:32:38 root: INFO: instruction count: 38: __C4etypeDecode.__m5DECODE_r_struct_of_o_binaryEND_TO_r_tuple_of_o_stringEND
2020-09-26 20:32:38 root: INFO: instruction count: 32: __C4etypeDecode.__m6read_fields_group_0
2020-09-26 20:32:38 root: INFO: instruction count: 34: __C4etypeDecode.__m7INPLACE_DECODE_o_binary_TO_o_binary
2020-09-26 20:32:38 root: INFO: took 1.523s
2020-09-26 20:32:38 root: INFO: Timer: Time taken for InterpretNonCompilable -- LoweringTransformation : 1.525s, total 1.621s
2020-09-26 20:32:38 root: INFO: Timer: Time taken for InterpretNonCompilable -- Verify : 0.210ms, total 1.621s
2020-09-26 20:32:38 root: INFO: Timer: Time taken for InterpretNonCompilable : 1.526s, total 1.621s, tagged coverage 100.0
2020-09-26 20:32:38 root: INFO: Timer: Time taken for optimize: relationalLowerer, after InterpretNonCompilable -- Verify : 0.009ms, total 1.622s
2020-09-26 20:32:38 root: INFO: optimize optimize: relationalLowerer, after InterpretNonCompilable: before: IR size 7: 
(ToArray
  (StreamMap __iruid_5
    (ToStream False
      (GetField rows
        (Literal Struct{rows:Array[Struct{pops:String}],global:Struct{}} <literal value>)))
    (GetField pops
      (Ref __iruid_5))))
2020-09-26 20:32:38 root: INFO: Timer: Time taken for optimize: relationalLowerer, after InterpretNonCompilable -- LoweringTransformation -- Optimize -- FoldConstants : 0.449ms, total 1.622s
2020-09-26 20:32:38 root: INFO: Timer: Time taken for optimize: relationalLowerer, after InterpretNonCompilable -- LoweringTransformation -- Optimize -- ExtractIntervalFilters : 0.034ms, total 1.623s
2020-09-26 20:32:38 root: INFO: Timer: Time taken for optimize: relationalLowerer, after InterpretNonCompilable -- LoweringTransformation -- Optimize -- Simplify : 0.066ms, total 1.623s
2020-09-26 20:32:38 root: INFO: Timer: Time taken for optimize: relationalLowerer, after InterpretNonCompilable -- LoweringTransformation -- Optimize -- ForwardLets : 0.737ms, total 1.624s
2020-09-26 20:32:38 root: INFO: Timer: Time taken for optimize: relationalLowerer, after InterpretNonCompilable -- LoweringTransformation -- Optimize -- ForwardRelationalLets : 0.062ms, total 1.624s
2020-09-26 20:32:38 root: INFO: Timer: Time taken for optimize: relationalLowerer, after InterpretNonCompilable -- LoweringTransformation -- Optimize -- PruneDeadFields : 1.602ms, total 1.626s
2020-09-26 20:32:38 root: INFO: Timer: Time taken for optimize: relationalLowerer, after InterpretNonCompilable -- LoweringTransformation -- Optimize -- FoldConstants : 0.169ms, total 1.626s
2020-09-26 20:32:38 root: INFO: Timer: Time taken for optimize: relationalLowerer, after InterpretNonCompilable -- LoweringTransformation -- Optimize -- ExtractIntervalFilters : 0.025ms, total 1.626s
2020-09-26 20:32:38 root: INFO: Timer: Time taken for optimize: relationalLowerer, after InterpretNonCompilable -- LoweringTransformation -- Optimize -- Simplify : 0.065ms, total 1.626s
2020-09-26 20:32:38 root: INFO: Timer: Time taken for optimize: relationalLowerer, after InterpretNonCompilable -- LoweringTransformation -- Optimize -- ForwardLets : 0.406ms, total 1.627s
2020-09-26 20:32:38 root: INFO: Timer: Time taken for optimize: relationalLowerer, after InterpretNonCompilable -- LoweringTransformation -- Optimize -- ForwardRelationalLets : 0.046ms, total 1.627s
2020-09-26 20:32:38 root: INFO: Timer: Time taken for optimize: relationalLowerer, after InterpretNonCompilable -- LoweringTransformation -- Optimize -- PruneDeadFields : 0.232ms, total 1.627s
2020-09-26 20:32:38 root: INFO: Timer: Time taken for optimize: relationalLowerer, after InterpretNonCompilable -- LoweringTransformation -- Optimize -- FoldConstants : 0.097ms, total 1.628s
2020-09-26 20:32:38 root: INFO: Timer: Time taken for optimize: relationalLowerer, after InterpretNonCompilable -- LoweringTransformation -- Optimize -- ExtractIntervalFilters : 0.020ms, total 1.628s
2020-09-26 20:32:38 root: INFO: Timer: Time taken for optimize: relationalLowerer, after InterpretNonCompilable -- LoweringTransformation -- Optimize -- Simplify : 0.088ms, total 1.628s
2020-09-26 20:32:38 root: INFO: Timer: Time taken for optimize: relationalLowerer, after InterpretNonCompilable -- LoweringTransformation -- Optimize -- ForwardLets : 0.550ms, total 1.629s
2020-09-26 20:32:38 root: INFO: Timer: Time taken for optimize: relationalLowerer, after InterpretNonCompilable -- LoweringTransformation -- Optimize -- ForwardRelationalLets : 0.050ms, total 1.629s
2020-09-26 20:32:38 root: INFO: Timer: Time taken for optimize: relationalLowerer, after InterpretNonCompilable -- LoweringTransformation -- Optimize -- PruneDeadFields : 0.239ms, total 1.629s
2020-09-26 20:32:38 root: INFO: Timer: Time taken for optimize: relationalLowerer, after InterpretNonCompilable -- LoweringTransformation -- Optimize : 7.287ms, total 1.629s, tagged coverage 67.8
2020-09-26 20:32:38 root: INFO: optimize optimize: relationalLowerer, after InterpretNonCompilable: after: IR size 6:
(ToArray
  (StreamMap __iruid_8
    (ToStream False
      (Literal Array[Struct{pops:String}] <literal value>))
    (GetField pops
      (Ref __iruid_8))))
2020-09-26 20:32:38 root: INFO: Timer: Time taken for optimize: relationalLowerer, after InterpretNonCompilable -- LoweringTransformation : 7.815ms, total 1.629s, tagged coverage 63.2
2020-09-26 20:32:38 root: INFO: Timer: Time taken for optimize: relationalLowerer, after InterpretNonCompilable -- Verify : 0.010ms, total 1.630s
2020-09-26 20:32:38 root: INFO: Timer: Time taken for optimize: relationalLowerer, after InterpretNonCompilable : 8.142ms, total 1.630s, tagged coverage 60.9
2020-09-26 20:32:38 root: INFO: Timer: Time taken for Compile -- optimize: compileLowerer, initial IR -- Verify : 0.016ms, total 1.640s
2020-09-26 20:32:38 root: INFO: optimize optimize: compileLowerer, initial IR: before: IR size 7: 
(MakeTuple (0)
  (ToArray
    (StreamMap __iruid_8
      (ToStream False
        (Literal Array[Struct{pops:String}] <literal value>))
      (GetField pops
        (Ref __iruid_8)))))
2020-09-26 20:32:38 root: INFO: Timer: Time taken for Compile -- optimize: compileLowerer, initial IR -- LoweringTransformation -- Optimize -- FoldConstants : 1.122ms, total 1.641s
2020-09-26 20:32:38 root: INFO: Timer: Time taken for Compile -- optimize: compileLowerer, initial IR -- LoweringTransformation -- Optimize -- ExtractIntervalFilters : 0.043ms, total 1.642s
2020-09-26 20:32:38 root: INFO: Timer: Time taken for Compile -- optimize: compileLowerer, initial IR -- LoweringTransformation -- Optimize -- Simplify : 0.096ms, total 1.642s
2020-09-26 20:32:38 root: INFO: Timer: Time taken for Compile -- optimize: compileLowerer, initial IR -- LoweringTransformation -- Optimize -- ForwardLets : 0.518ms, total 1.643s
2020-09-26 20:32:38 root: INFO: Timer: Time taken for Compile -- optimize: compileLowerer, initial IR -- LoweringTransformation -- Optimize -- ForwardRelationalLets : 0.051ms, total 1.643s
2020-09-26 20:32:38 root: INFO: Timer: Time taken for Compile -- optimize: compileLowerer, initial IR -- LoweringTransformation -- Optimize -- PruneDeadFields : 1.385ms, total 1.644s
2020-09-26 20:32:38 root: INFO: Timer: Time taken for Compile -- optimize: compileLowerer, initial IR -- LoweringTransformation -- Optimize -- FoldConstants : 0.146ms, total 1.645s
2020-09-26 20:32:38 root: INFO: Timer: Time taken for Compile -- optimize: compileLowerer, initial IR -- LoweringTransformation -- Optimize -- ExtractIntervalFilters : 0.033ms, total 1.645s
2020-09-26 20:32:38 root: INFO: Timer: Time taken for Compile -- optimize: compileLowerer, initial IR -- LoweringTransformation -- Optimize -- Simplify : 0.077ms, total 1.645s
2020-09-26 20:32:38 root: INFO: Timer: Time taken for Compile -- optimize: compileLowerer, initial IR -- LoweringTransformation -- Optimize -- ForwardLets : 0.466ms, total 1.645s
2020-09-26 20:32:38 root: INFO: Timer: Time taken for Compile -- optimize: compileLowerer, initial IR -- LoweringTransformation -- Optimize -- ForwardRelationalLets : 0.068ms, total 1.646s
2020-09-26 20:32:38 root: INFO: Timer: Time taken for Compile -- optimize: compileLowerer, initial IR -- LoweringTransformation -- Optimize -- PruneDeadFields : 0.320ms, total 1.646s
2020-09-26 20:32:38 root: INFO: Timer: Time taken for Compile -- optimize: compileLowerer, initial IR -- LoweringTransformation -- Optimize -- FoldConstants : 0.123ms, total 1.646s
2020-09-26 20:32:38 root: INFO: Timer: Time taken for Compile -- optimize: compileLowerer, initial IR -- LoweringTransformation -- Optimize -- ExtractIntervalFilters : 0.027ms, total 1.646s
2020-09-26 20:32:38 root: INFO: Timer: Time taken for Compile -- optimize: compileLowerer, initial IR -- LoweringTransformation -- Optimize -- Simplify : 0.077ms, total 1.647s
2020-09-26 20:32:38 root: INFO: Timer: Time taken for Compile -- optimize: compileLowerer, initial IR -- LoweringTransformation -- Optimize -- ForwardLets : 0.466ms, total 1.647s
2020-09-26 20:32:38 root: INFO: Timer: Time taken for Compile -- optimize: compileLowerer, initial IR -- LoweringTransformation -- Optimize -- ForwardRelationalLets : 0.050ms, total 1.647s
2020-09-26 20:32:38 root: INFO: Timer: Time taken for Compile -- optimize: compileLowerer, initial IR -- LoweringTransformation -- Optimize -- PruneDeadFields : 0.273ms, total 1.648s
2020-09-26 20:32:38 root: INFO: Timer: Time taken for Compile -- optimize: compileLowerer, initial IR -- LoweringTransformation -- Optimize : 7.397ms, total 1.648s, tagged coverage 72.2
2020-09-26 20:32:38 root: INFO: optimize optimize: compileLowerer, initial IR: after: IR size 7:
(MakeTuple (0)
  (ToArray
    (StreamMap __iruid_11
      (ToStream False
        (Literal Array[Struct{pops:String}] <literal value>))
      (GetField pops
        (Ref __iruid_11)))))
2020-09-26 20:32:38 root: INFO: Timer: Time taken for Compile -- optimize: compileLowerer, initial IR -- LoweringTransformation : 8.257ms, total 1.648s, tagged coverage 64.7
2020-09-26 20:32:38 root: INFO: Timer: Time taken for Compile -- optimize: compileLowerer, initial IR -- Verify : 0.010ms, total 1.648s
2020-09-26 20:32:38 root: INFO: Timer: Time taken for Compile -- optimize: compileLowerer, initial IR : 8.724ms, total 1.648s, tagged coverage 61.5
2020-09-26 20:32:38 root: INFO: Timer: Time taken for Compile -- InlineApplyIR -- Verify : 0.027ms, total 1.650s
2020-09-26 20:32:38 root: INFO: Timer: Time taken for Compile -- InlineApplyIR -- LoweringTransformation : 0.364ms, total 1.650s
2020-09-26 20:32:38 root: INFO: Timer: Time taken for Compile -- InlineApplyIR -- Verify : 0.031ms, total 1.650s
2020-09-26 20:32:38 root: INFO: Timer: Time taken for Compile -- InlineApplyIR : 1.000ms, total 1.651s, tagged coverage 42.2
2020-09-26 20:32:38 root: INFO: Timer: Time taken for Compile -- optimize: compileLowerer, after InlineApplyIR -- Verify : 0.011ms, total 1.651s
2020-09-26 20:32:38 root: INFO: optimize optimize: compileLowerer, after InlineApplyIR: before: IR size 7: 
(MakeTuple (0)
  (ToArray
    (StreamMap __iruid_11
      (ToStream False
        (Literal Array[Struct{pops:String}] <literal value>))
      (GetField pops
        (Ref __iruid_11)))))
2020-09-26 20:32:38 root: INFO: Timer: Time taken for Compile -- optimize: compileLowerer, after InlineApplyIR -- LoweringTransformation -- Optimize -- FoldConstants : 0.115ms, total 1.651s
2020-09-26 20:32:38 root: INFO: Timer: Time taken for Compile -- optimize: compileLowerer, after InlineApplyIR -- LoweringTransformation -- Optimize -- ExtractIntervalFilters : 0.038ms, total 1.651s
2020-09-26 20:32:38 root: INFO: Timer: Time taken for Compile -- optimize: compileLowerer, after InlineApplyIR -- LoweringTransformation -- Optimize -- Simplify : 0.079ms, total 1.652s
2020-09-26 20:32:38 root: INFO: Timer: Time taken for Compile -- optimize: compileLowerer, after InlineApplyIR -- LoweringTransformation -- Optimize -- ForwardLets : 0.521ms, total 1.652s
2020-09-26 20:32:38 root: INFO: Timer: Time taken for Compile -- optimize: compileLowerer, after InlineApplyIR -- LoweringTransformation -- Optimize -- ForwardRelationalLets : 0.056ms, total 1.652s
2020-09-26 20:32:38 root: INFO: Timer: Time taken for Compile -- optimize: compileLowerer, after InlineApplyIR -- LoweringTransformation -- Optimize -- PruneDeadFields : 0.308ms, total 1.653s
2020-09-26 20:32:38 root: INFO: Timer: Time taken for Compile -- optimize: compileLowerer, after InlineApplyIR -- LoweringTransformation -- Optimize -- FoldConstants : 0.144ms, total 1.653s
2020-09-26 20:32:38 root: INFO: Timer: Time taken for Compile -- optimize: compileLowerer, after InlineApplyIR -- LoweringTransformation -- Optimize -- ExtractIntervalFilters : 0.032ms, total 1.653s
2020-09-26 20:32:38 root: INFO: Timer: Time taken for Compile -- optimize: compileLowerer, after InlineApplyIR -- LoweringTransformation -- Optimize -- Simplify : 0.151ms, total 1.654s
2020-09-26 20:32:38 root: INFO: Timer: Time taken for Compile -- optimize: compileLowerer, after InlineApplyIR -- LoweringTransformation -- Optimize -- ForwardLets : 0.668ms, total 1.654s
2020-09-26 20:32:38 root: INFO: Timer: Time taken for Compile -- optimize: compileLowerer, after InlineApplyIR -- LoweringTransformation -- Optimize -- ForwardRelationalLets : 0.049ms, total 1.654s
2020-09-26 20:32:38 root: INFO: Timer: Time taken for Compile -- optimize: compileLowerer, after InlineApplyIR -- LoweringTransformation -- Optimize -- PruneDeadFields : 0.281ms, total 1.655s
2020-09-26 20:32:38 root: INFO: Timer: Time taken for Compile -- optimize: compileLowerer, after InlineApplyIR -- LoweringTransformation -- Optimize -- FoldConstants : 0.117ms, total 1.655s
2020-09-26 20:32:38 root: INFO: Timer: Time taken for Compile -- optimize: compileLowerer, after InlineApplyIR -- LoweringTransformation -- Optimize -- ExtractIntervalFilters : 0.035ms, total 1.655s
2020-09-26 20:32:38 root: INFO: Timer: Time taken for Compile -- optimize: compileLowerer, after InlineApplyIR -- LoweringTransformation -- Optimize -- Simplify : 0.072ms, total 1.655s
2020-09-26 20:32:38 root: INFO: Timer: Time taken for Compile -- optimize: compileLowerer, after InlineApplyIR -- LoweringTransformation -- Optimize -- ForwardLets : 0.402ms, total 1.656s
2020-09-26 20:32:38 root: INFO: Timer: Time taken for Compile -- optimize: compileLowerer, after InlineApplyIR -- LoweringTransformation -- Optimize -- ForwardRelationalLets : 0.048ms, total 1.656s
2020-09-26 20:32:38 root: INFO: Timer: Time taken for Compile -- optimize: compileLowerer, after InlineApplyIR -- LoweringTransformation -- Optimize -- PruneDeadFields : 1.153ms, total 1.657s
2020-09-26 20:32:38 root: INFO: Timer: Time taken for Compile -- optimize: compileLowerer, after InlineApplyIR -- LoweringTransformation -- Optimize : 6.093ms, total 1.657s, tagged coverage 70.1
2020-09-26 20:32:38 root: INFO: optimize optimize: compileLowerer, after InlineApplyIR: after: IR size 7:
(MakeTuple (0)
  (ToArray
    (StreamMap __iruid_14
      (ToStream False
        (Literal Array[Struct{pops:String}] <literal value>))
      (GetField pops
        (Ref __iruid_14)))))
2020-09-26 20:32:38 root: INFO: Timer: Time taken for Compile -- optimize: compileLowerer, after InlineApplyIR -- LoweringTransformation : 6.766ms, total 1.658s, tagged coverage 63.1
2020-09-26 20:32:38 root: INFO: Timer: Time taken for Compile -- optimize: compileLowerer, after InlineApplyIR -- Verify : 0.012ms, total 1.658s
2020-09-26 20:32:38 root: INFO: Timer: Time taken for Compile -- optimize: compileLowerer, after InlineApplyIR : 7.195ms, total 1.658s, tagged coverage 59.7
2020-09-26 20:32:38 root: INFO: Timer: Time taken for Compile -- LowerArrayAggsToRunAggs -- Verify : 0.017ms, total 1.658s
2020-09-26 20:32:38 root: INFO: Timer: Time taken for Compile -- LowerArrayAggsToRunAggs -- LoweringTransformation : 18.109ms, total 1.677s
2020-09-26 20:32:38 root: INFO: Timer: Time taken for Compile -- LowerArrayAggsToRunAggs -- Verify : 0.212ms, total 1.677s
2020-09-26 20:32:38 root: INFO: Timer: Time taken for Compile -- LowerArrayAggsToRunAggs : 18.868ms, total 1.677s, tagged coverage 97.2
2020-09-26 20:32:38 root: INFO: Timer: Time taken for Compile -- optimize: compileLowerer, after LowerArrayAggsToRunAggs -- Verify : 0.008ms, total 1.678s
2020-09-26 20:32:38 root: INFO: optimize optimize: compileLowerer, after LowerArrayAggsToRunAggs: before: IR size 7: 
(MakeTuple (0)
  (ToArray
    (StreamMap __iruid_14
      (ToStream False
        (Literal Array[Struct{pops:String}] <literal value>))
      (GetField pops
        (Ref __iruid_14)))))
2020-09-26 20:32:38 root: INFO: Timer: Time taken for Compile -- optimize: compileLowerer, after LowerArrayAggsToRunAggs -- LoweringTransformation -- Optimize -- FoldConstants : 0.117ms, total 1.678s
2020-09-26 20:32:38 root: INFO: Timer: Time taken for Compile -- optimize: compileLowerer, after LowerArrayAggsToRunAggs -- LoweringTransformation -- Optimize -- ExtractIntervalFilters : 0.035ms, total 1.678s
2020-09-26 20:32:38 root: INFO: Timer: Time taken for Compile -- optimize: compileLowerer, after LowerArrayAggsToRunAggs -- LoweringTransformation -- Optimize -- Simplify : 0.097ms, total 1.678s
2020-09-26 20:32:38 root: INFO: Timer: Time taken for Compile -- optimize: compileLowerer, after LowerArrayAggsToRunAggs -- LoweringTransformation -- Optimize -- ForwardLets : 0.715ms, total 1.679s
2020-09-26 20:32:38 root: INFO: Timer: Time taken for Compile -- optimize: compileLowerer, after LowerArrayAggsToRunAggs -- LoweringTransformation -- Optimize -- ForwardRelationalLets : 0.058ms, total 1.679s
2020-09-26 20:32:38 root: INFO: Timer: Time taken for Compile -- optimize: compileLowerer, after LowerArrayAggsToRunAggs -- LoweringTransformation -- Optimize -- PruneDeadFields : 0.305ms, total 1.680s
2020-09-26 20:32:38 root: INFO: Timer: Time taken for Compile -- optimize: compileLowerer, after LowerArrayAggsToRunAggs -- LoweringTransformation -- Optimize -- FoldConstants : 0.134ms, total 1.680s
2020-09-26 20:32:38 root: INFO: Timer: Time taken for Compile -- optimize: compileLowerer, after LowerArrayAggsToRunAggs -- LoweringTransformation -- Optimize -- ExtractIntervalFilters : 0.028ms, total 1.680s
2020-09-26 20:32:38 root: INFO: Timer: Time taken for Compile -- optimize: compileLowerer, after LowerArrayAggsToRunAggs -- LoweringTransformation -- Optimize -- Simplify : 0.072ms, total 1.680s
2020-09-26 20:32:38 root: INFO: Timer: Time taken for Compile -- optimize: compileLowerer, after LowerArrayAggsToRunAggs -- LoweringTransformation -- Optimize -- ForwardLets : 5.692ms, total 1.686s
2020-09-26 20:32:38 root: INFO: Timer: Time taken for Compile -- optimize: compileLowerer, after LowerArrayAggsToRunAggs -- LoweringTransformation -- Optimize -- ForwardRelationalLets : 0.053ms, total 1.686s
2020-09-26 20:32:38 root: INFO: Timer: Time taken for Compile -- optimize: compileLowerer, after LowerArrayAggsToRunAggs -- LoweringTransformation -- Optimize -- PruneDeadFields : 0.304ms, total 1.687s
2020-09-26 20:32:38 root: INFO: Timer: Time taken for Compile -- optimize: compileLowerer, after LowerArrayAggsToRunAggs -- LoweringTransformation -- Optimize -- FoldConstants : 0.116ms, total 1.687s
2020-09-26 20:32:38 root: INFO: Timer: Time taken for Compile -- optimize: compileLowerer, after LowerArrayAggsToRunAggs -- LoweringTransformation -- Optimize -- ExtractIntervalFilters : 0.031ms, total 1.687s
2020-09-26 20:32:38 root: INFO: Timer: Time taken for Compile -- optimize: compileLowerer, after LowerArrayAggsToRunAggs -- LoweringTransformation -- Optimize -- Simplify : 0.069ms, total 1.687s
2020-09-26 20:32:38 root: INFO: Timer: Time taken for Compile -- optimize: compileLowerer, after LowerArrayAggsToRunAggs -- LoweringTransformation -- Optimize -- ForwardLets : 0.681ms, total 1.688s
2020-09-26 20:32:38 root: INFO: Timer: Time taken for Compile -- optimize: compileLowerer, after LowerArrayAggsToRunAggs -- LoweringTransformation -- Optimize -- ForwardRelationalLets : 0.060ms, total 1.688s
2020-09-26 20:32:38 root: INFO: Timer: Time taken for Compile -- optimize: compileLowerer, after LowerArrayAggsToRunAggs -- LoweringTransformation -- Optimize -- PruneDeadFields : 0.294ms, total 1.689s
2020-09-26 20:32:38 root: INFO: Timer: Time taken for Compile -- optimize: compileLowerer, after LowerArrayAggsToRunAggs -- LoweringTransformation -- Optimize : 11.046ms, total 1.689s, tagged coverage 80.2
2020-09-26 20:32:38 root: INFO: optimize optimize: compileLowerer, after LowerArrayAggsToRunAggs: after: IR size 7:
(MakeTuple (0)
  (ToArray
    (StreamMap __iruid_17
      (ToStream False
        (Literal Array[Struct{pops:String}] <literal value>))
      (GetField pops
        (Ref __iruid_17)))))
2020-09-26 20:32:38 root: INFO: Timer: Time taken for Compile -- optimize: compileLowerer, after LowerArrayAggsToRunAggs -- LoweringTransformation : 11.649ms, total 1.689s, tagged coverage 76.1
2020-09-26 20:32:38 root: INFO: Timer: Time taken for Compile -- optimize: compileLowerer, after LowerArrayAggsToRunAggs -- Verify : 0.010ms, total 1.689s
2020-09-26 20:32:38 root: INFO: Timer: Time taken for Compile -- optimize: compileLowerer, after LowerArrayAggsToRunAggs : 11.967ms, total 1.689s, tagged coverage 74.2
2020-09-26 20:32:38 root: INFO: encoder cache miss (0 hits, 2 misses, 0.000)
2020-09-26 20:32:38 root: INFO: instruction count: 6: __C32etypeEncode.<init>
2020-09-26 20:32:38 root: INFO: instruction count: 8: __C32etypeEncode.apply
2020-09-26 20:32:38 root: INFO: instruction count: 16: __C32etypeEncode.__m33ENCODE_r_tuple_of_r_array_of_r_tuple_of_r_stringENDEND_TO_r_struct_of_r_array_of_r_struct_of_r_binaryENDEND
2020-09-26 20:32:38 root: INFO: instruction count: 53: __C32etypeEncode.__m34ENCODE_r_array_of_r_tuple_of_r_binaryEND_TO_r_array_of_r_struct_of_r_binaryEND
2020-09-26 20:32:38 root: INFO: instruction count: 16: __C32etypeEncode.__m35ENCODE_r_tuple_of_r_binaryEND_TO_r_struct_of_r_binaryEND
2020-09-26 20:32:38 root: INFO: instruction count: 19: __C32etypeEncode.__m36ENCODE_r_binary_TO_r_binary
2020-09-26 20:32:38 root: INFO: RegionPool: REPORT_THRESHOLD: 256.0K allocated (256.0K blocks / 0 chunks), regions.size = 2, 0 current java objects, 0 max java objects, thread 15: Thread-4
2020-09-26 20:32:38 MemoryStore: INFO: Block broadcast_2 stored as values in memory (estimated size 84.2 KB, free 365.9 MB)
2020-09-26 20:32:38 MemoryStore: INFO: Block broadcast_2_piece0 stored as bytes in memory (estimated size 13.0 KB, free 365.9 MB)
2020-09-26 20:32:38 BlockManagerInfo: INFO: Added broadcast_2_piece0 in memory on 10.26.239.71:54168 (size: 13.0 KB, free: 366.3 MB)
2020-09-26 20:32:38 SparkContext: INFO: Created broadcast 2 from broadcast at SparkBackend.scala:233
2020-09-26 20:32:38 root: INFO: instruction count: 6: __C8Compiled.<init>
2020-09-26 20:32:38 root: INFO: instruction count: 135: __C8Compiled.apply
2020-09-26 20:32:38 root: INFO: instruction count: 8: __C8Compiled.__m21addIRIntermediate
2020-09-26 20:32:38 root: INFO: instruction count: 8: __C8Compiled.__m22addIRIntermediate
2020-09-26 20:32:38 root: INFO: instruction count: 14: __C8Compiled.setPartitionIndex
2020-09-26 20:32:38 root: INFO: instruction count: 7: __C8Compiled.addPartitionRegion
2020-09-26 20:32:38 root: INFO: instruction count: 25: __C8Compiled.__m25DECODE_r_struct_of_r_array_of_r_struct_of_r_binaryENDEND_TO_r_tuple_of_r_array_of_r_tuple_of_r_stringENDEND
2020-09-26 20:32:38 root: INFO: instruction count: 11: __C8Compiled.__m26read_fields_group_0
2020-09-26 20:32:38 root: INFO: instruction count: 58: __C8Compiled.__m27INPLACE_DECODE_r_array_of_r_struct_of_r_binaryEND_TO_r_array_of_r_tuple_of_r_binaryEND
2020-09-26 20:32:38 root: INFO: instruction count: 17: __C8Compiled.__m28INPLACE_DECODE_r_struct_of_r_binaryEND_TO_r_tuple_of_r_binaryEND
2020-09-26 20:32:38 root: INFO: instruction count: 11: __C8Compiled.__m29read_fields_group_0
2020-09-26 20:32:38 root: INFO: instruction count: 34: __C8Compiled.__m30INPLACE_DECODE_r_binary_TO_r_binary
2020-09-26 20:32:38 root: INFO: instruction count: 55: __C8Compiled.addLiterals
2020-09-26 20:32:38 root: INFO: Timer: Time taken for Compile : 154.912ms, total 1.785s, tagged coverage 24.1
2020-09-26 20:32:38 root: INFO: Timer: Time taken for InitializeCompiledFunction : 5.454ms, total 1.791s
2020-09-26 20:32:38 root: INFO: Timer: Time taken for RunCompiledFunction : 1.088ms, total 1.793s
2020-09-26 20:32:38 root: INFO: Timer: Time taken for convertRegionValueToAnnotation : 7.362ms, total 1.801s
2020-09-26 20:32:38 root: INFO: Timer: all timings:
2020-09-26 20:32:38 root: INFO: Timer: Time taken for optimize: relationalLowerer, initial IR -- Verify : 0.313ms, total 22.924ms
2020-09-26 20:32:38 root: INFO: Timer: Time taken for optimize: relationalLowerer, initial IR -- LoweringTransformation -- Optimize -- FoldConstants : 3.979ms, total 36.753ms
2020-09-26 20:32:38 root: INFO: Timer: Time taken for optimize: relationalLowerer, initial IR -- LoweringTransformation -- Optimize -- ExtractIntervalFilters : 4.586ms, total 41.673ms
2020-09-26 20:32:38 root: INFO: Timer: Time taken for optimize: relationalLowerer, initial IR -- LoweringTransformation -- Optimize -- Simplify : 9.136ms, total 51.217ms
2020-09-26 20:32:38 root: INFO: Timer: Time taken for optimize: relationalLowerer, initial IR -- LoweringTransformation -- Optimize -- ForwardLets : 8.846ms, total 60.442ms
2020-09-26 20:32:38 root: INFO: Timer: Time taken for optimize: relationalLowerer, initial IR -- LoweringTransformation -- Optimize -- ForwardRelationalLets : 1.086ms, total 61.872ms
2020-09-26 20:32:38 root: INFO: Timer: Time taken for optimize: relationalLowerer, initial IR -- LoweringTransformation -- Optimize -- PruneDeadFields : 8.528ms, total 70.688ms
2020-09-26 20:32:38 root: INFO: Timer: Time taken for optimize: relationalLowerer, initial IR -- LoweringTransformation -- Optimize -- FoldConstants : 0.185ms, total 71.123ms
2020-09-26 20:32:38 root: INFO: Timer: Time taken for optimize: relationalLowerer, initial IR -- LoweringTransformation -- Optimize -- ExtractIntervalFilters : 0.075ms, total 71.343ms
2020-09-26 20:32:38 root: INFO: Timer: Time taken for optimize: relationalLowerer, initial IR -- LoweringTransformation -- Optimize -- Simplify : 0.162ms, total 71.626ms
2020-09-26 20:32:38 root: INFO: Timer: Time taken for optimize: relationalLowerer, initial IR -- LoweringTransformation -- Optimize -- ForwardLets : 0.708ms, total 72.458ms
2020-09-26 20:32:38 root: INFO: Timer: Time taken for optimize: relationalLowerer, initial IR -- LoweringTransformation -- Optimize -- ForwardRelationalLets : 0.043ms, total 72.647ms
2020-09-26 20:32:38 root: INFO: Timer: Time taken for optimize: relationalLowerer, initial IR -- LoweringTransformation -- Optimize -- PruneDeadFields : 0.613ms, total 73.413ms
2020-09-26 20:32:38 root: INFO: Timer: Time taken for optimize: relationalLowerer, initial IR -- LoweringTransformation -- Optimize -- FoldConstants : 0.139ms, total 73.732ms
2020-09-26 20:32:38 root: INFO: Timer: Time taken for optimize: relationalLowerer, initial IR -- LoweringTransformation -- Optimize -- ExtractIntervalFilters : 0.037ms, total 73.881ms
2020-09-26 20:32:38 root: INFO: Timer: Time taken for optimize: relationalLowerer, initial IR -- LoweringTransformation -- Optimize -- Simplify : 0.117ms, total 74.100ms
2020-09-26 20:32:38 root: INFO: Timer: Time taken for optimize: relationalLowerer, initial IR -- LoweringTransformation -- Optimize -- ForwardLets : 0.763ms, total 74.971ms
2020-09-26 20:32:38 root: INFO: Timer: Time taken for optimize: relationalLowerer, initial IR -- LoweringTransformation -- Optimize -- ForwardRelationalLets : 0.045ms, total 75.185ms
2020-09-26 20:32:38 root: INFO: Timer: Time taken for optimize: relationalLowerer, initial IR -- LoweringTransformation -- Optimize -- PruneDeadFields : 0.444ms, total 75.737ms
2020-09-26 20:32:38 root: INFO: Timer: Time taken for optimize: relationalLowerer, initial IR -- LoweringTransformation -- Optimize : 43.308ms, total 75.850ms, tagged coverage 91.2
2020-09-26 20:32:38 root: INFO: Timer: Time taken for optimize: relationalLowerer, initial IR -- LoweringTransformation : 53.671ms, total 77.678ms, tagged coverage 73.6
2020-09-26 20:32:38 root: INFO: Timer: Time taken for optimize: relationalLowerer, initial IR -- Verify : 0.032ms, total 78.080ms
2020-09-26 20:32:38 root: INFO: Timer: Time taken for optimize: relationalLowerer, initial IR : 55.742ms, total 78.211ms, tagged coverage 71.5
2020-09-26 20:32:38 root: INFO: Timer: Time taken for LowerMatrixToTable -- Verify : 0.010ms, total 78.474ms
2020-09-26 20:32:38 root: INFO: Timer: Time taken for LowerMatrixToTable -- LoweringTransformation : 6.518ms, total 85.114ms
2020-09-26 20:32:38 root: INFO: Timer: Time taken for LowerMatrixToTable -- Verify : 0.028ms, total 85.387ms
2020-09-26 20:32:38 root: INFO: Timer: Time taken for LowerMatrixToTable : 7.062ms, total 85.523ms, tagged coverage 92.8
2020-09-26 20:32:38 root: INFO: Timer: Time taken for optimize: relationalLowerer, after LowerMatrixToTable -- Verify : 0.009ms, total 85.777ms
2020-09-26 20:32:38 root: INFO: Timer: Time taken for optimize: relationalLowerer, after LowerMatrixToTable -- LoweringTransformation -- Optimize -- FoldConstants : 0.127ms, total 86.577ms
2020-09-26 20:32:38 root: INFO: Timer: Time taken for optimize: relationalLowerer, after LowerMatrixToTable -- LoweringTransformation -- Optimize -- ExtractIntervalFilters : 0.100ms, total 86.797ms
2020-09-26 20:32:38 root: INFO: Timer: Time taken for optimize: relationalLowerer, after LowerMatrixToTable -- LoweringTransformation -- Optimize -- Simplify : 0.084ms, total 86.998ms
2020-09-26 20:32:38 root: INFO: Timer: Time taken for optimize: relationalLowerer, after LowerMatrixToTable -- LoweringTransformation -- Optimize -- ForwardLets : 0.642ms, total 87.775ms
2020-09-26 20:32:38 root: INFO: Timer: Time taken for optimize: relationalLowerer, after LowerMatrixToTable -- LoweringTransformation -- Optimize -- ForwardRelationalLets : 0.049ms, total 87.964ms
2020-09-26 20:32:38 root: INFO: Timer: Time taken for optimize: relationalLowerer, after LowerMatrixToTable -- LoweringTransformation -- Optimize -- PruneDeadFields : 0.420ms, total 88.494ms
2020-09-26 20:32:38 root: INFO: Timer: Time taken for optimize: relationalLowerer, after LowerMatrixToTable -- LoweringTransformation -- Optimize -- FoldConstants : 0.124ms, total 88.762ms
2020-09-26 20:32:38 root: INFO: Timer: Time taken for optimize: relationalLowerer, after LowerMatrixToTable -- LoweringTransformation -- Optimize -- ExtractIntervalFilters : 0.038ms, total 88.902ms
2020-09-26 20:32:38 root: INFO: Timer: Time taken for optimize: relationalLowerer, after LowerMatrixToTable -- LoweringTransformation -- Optimize -- Simplify : 0.079ms, total 89.086ms
2020-09-26 20:32:38 root: INFO: Timer: Time taken for optimize: relationalLowerer, after LowerMatrixToTable -- LoweringTransformation -- Optimize -- ForwardLets : 0.629ms, total 89.812ms
2020-09-26 20:32:38 root: INFO: Timer: Time taken for optimize: relationalLowerer, after LowerMatrixToTable -- LoweringTransformation -- Optimize -- ForwardRelationalLets : 0.052ms, total 90.048ms
2020-09-26 20:32:38 root: INFO: Timer: Time taken for optimize: relationalLowerer, after LowerMatrixToTable -- LoweringTransformation -- Optimize -- PruneDeadFields : 0.508ms, total 90.769ms
2020-09-26 20:32:38 root: INFO: Timer: Time taken for optimize: relationalLowerer, after LowerMatrixToTable -- LoweringTransformation -- Optimize -- FoldConstants : 0.183ms, total 91.096ms
2020-09-26 20:32:38 root: INFO: Timer: Time taken for optimize: relationalLowerer, after LowerMatrixToTable -- LoweringTransformation -- Optimize -- ExtractIntervalFilters : 0.035ms, total 91.268ms
2020-09-26 20:32:38 root: INFO: Timer: Time taken for optimize: relationalLowerer, after LowerMatrixToTable -- LoweringTransformation -- Optimize -- Simplify : 0.126ms, total 91.621ms
2020-09-26 20:32:38 root: INFO: Timer: Time taken for optimize: relationalLowerer, after LowerMatrixToTable -- LoweringTransformation -- Optimize -- ForwardLets : 0.657ms, total 92.400ms
2020-09-26 20:32:38 root: INFO: Timer: Time taken for optimize: relationalLowerer, after LowerMatrixToTable -- LoweringTransformation -- Optimize -- ForwardRelationalLets : 0.042ms, total 92.608ms
2020-09-26 20:32:38 root: INFO: Timer: Time taken for optimize: relationalLowerer, after LowerMatrixToTable -- LoweringTransformation -- Optimize -- PruneDeadFields : 0.409ms, total 93.116ms
2020-09-26 20:32:38 root: INFO: Timer: Time taken for optimize: relationalLowerer, after LowerMatrixToTable -- LoweringTransformation -- Optimize : 6.776ms, total 93.222ms, tagged coverage 63.5
2020-09-26 20:32:38 root: INFO: Timer: Time taken for optimize: relationalLowerer, after LowerMatrixToTable -- LoweringTransformation : 8.026ms, total 93.908ms, tagged coverage 53.6
2020-09-26 20:32:38 root: INFO: Timer: Time taken for optimize: relationalLowerer, after LowerMatrixToTable -- Verify : 0.012ms, total 94.073ms
2020-09-26 20:32:38 root: INFO: Timer: Time taken for optimize: relationalLowerer, after LowerMatrixToTable : 8.400ms, total 94.164ms, tagged coverage 51.5
2020-09-26 20:32:38 root: INFO: Timer: Time taken for InterpretNonCompilable -- Verify : 0.015ms, total 95.622ms
2020-09-26 20:32:38 root: INFO: Timer: Time taken for InterpretNonCompilable -- LoweringTransformation : 1.525s, total 1.621s
2020-09-26 20:32:38 root: INFO: Timer: Time taken for InterpretNonCompilable -- Verify : 0.210ms, total 1.621s
2020-09-26 20:32:38 root: INFO: Timer: Time taken for InterpretNonCompilable : 1.526s, total 1.621s, tagged coverage 100.0
2020-09-26 20:32:38 root: INFO: Timer: Time taken for optimize: relationalLowerer, after InterpretNonCompilable -- Verify : 0.009ms, total 1.622s
2020-09-26 20:32:38 root: INFO: Timer: Time taken for optimize: relationalLowerer, after InterpretNonCompilable -- LoweringTransformation -- Optimize -- FoldConstants : 0.449ms, total 1.622s
2020-09-26 20:32:38 root: INFO: Timer: Time taken for optimize: relationalLowerer, after InterpretNonCompilable -- LoweringTransformation -- Optimize -- ExtractIntervalFilters : 0.034ms, total 1.623s
2020-09-26 20:32:38 root: INFO: Timer: Time taken for optimize: relationalLowerer, after InterpretNonCompilable -- LoweringTransformation -- Optimize -- Simplify : 0.066ms, total 1.623s
2020-09-26 20:32:38 root: INFO: Timer: Time taken for optimize: relationalLowerer, after InterpretNonCompilable -- LoweringTransformation -- Optimize -- ForwardLets : 0.737ms, total 1.624s
2020-09-26 20:32:38 root: INFO: Timer: Time taken for optimize: relationalLowerer, after InterpretNonCompilable -- LoweringTransformation -- Optimize -- ForwardRelationalLets : 0.062ms, total 1.624s
2020-09-26 20:32:38 root: INFO: Timer: Time taken for optimize: relationalLowerer, after InterpretNonCompilable -- LoweringTransformation -- Optimize -- PruneDeadFields : 1.602ms, total 1.626s
2020-09-26 20:32:38 root: INFO: Timer: Time taken for optimize: relationalLowerer, after InterpretNonCompilable -- LoweringTransformation -- Optimize -- FoldConstants : 0.169ms, total 1.626s
2020-09-26 20:32:38 root: INFO: Timer: Time taken for optimize: relationalLowerer, after InterpretNonCompilable -- LoweringTransformation -- Optimize -- ExtractIntervalFilters : 0.025ms, total 1.626s
2020-09-26 20:32:38 root: INFO: Timer: Time taken for optimize: relationalLowerer, after InterpretNonCompilable -- LoweringTransformation -- Optimize -- Simplify : 0.065ms, total 1.626s
2020-09-26 20:32:38 root: INFO: Timer: Time taken for optimize: relationalLowerer, after InterpretNonCompilable -- LoweringTransformation -- Optimize -- ForwardLets : 0.406ms, total 1.627s
2020-09-26 20:32:38 root: INFO: Timer: Time taken for optimize: relationalLowerer, after InterpretNonCompilable -- LoweringTransformation -- Optimize -- ForwardRelationalLets : 0.046ms, total 1.627s
2020-09-26 20:32:38 root: INFO: Timer: Time taken for optimize: relationalLowerer, after InterpretNonCompilable -- LoweringTransformation -- Optimize -- PruneDeadFields : 0.232ms, total 1.627s
2020-09-26 20:32:38 root: INFO: Timer: Time taken for optimize: relationalLowerer, after InterpretNonCompilable -- LoweringTransformation -- Optimize -- FoldConstants : 0.097ms, total 1.628s
2020-09-26 20:32:38 root: INFO: Timer: Time taken for optimize: relationalLowerer, after InterpretNonCompilable -- LoweringTransformation -- Optimize -- ExtractIntervalFilters : 0.020ms, total 1.628s
2020-09-26 20:32:38 root: INFO: Timer: Time taken for optimize: relationalLowerer, after InterpretNonCompilable -- LoweringTransformation -- Optimize -- Simplify : 0.088ms, total 1.628s
2020-09-26 20:32:38 root: INFO: Timer: Time taken for optimize: relationalLowerer, after InterpretNonCompilable -- LoweringTransformation -- Optimize -- ForwardLets : 0.550ms, total 1.629s
2020-09-26 20:32:38 root: INFO: Timer: Time taken for optimize: relationalLowerer, after InterpretNonCompilable -- LoweringTransformation -- Optimize -- ForwardRelationalLets : 0.050ms, total 1.629s
2020-09-26 20:32:38 root: INFO: Timer: Time taken for optimize: relationalLowerer, after InterpretNonCompilable -- LoweringTransformation -- Optimize -- PruneDeadFields : 0.239ms, total 1.629s
2020-09-26 20:32:38 root: INFO: Timer: Time taken for optimize: relationalLowerer, after InterpretNonCompilable -- LoweringTransformation -- Optimize : 7.287ms, total 1.629s, tagged coverage 67.8
2020-09-26 20:32:38 root: INFO: Timer: Time taken for optimize: relationalLowerer, after InterpretNonCompilable -- LoweringTransformation : 7.815ms, total 1.629s, tagged coverage 63.2
2020-09-26 20:32:38 root: INFO: Timer: Time taken for optimize: relationalLowerer, after InterpretNonCompilable -- Verify : 0.010ms, total 1.630s
2020-09-26 20:32:38 root: INFO: Timer: Time taken for optimize: relationalLowerer, after InterpretNonCompilable : 8.142ms, total 1.630s, tagged coverage 60.9
2020-09-26 20:32:38 root: INFO: Timer: Time taken for Compile -- optimize: compileLowerer, initial IR -- Verify : 0.016ms, total 1.640s
2020-09-26 20:32:38 root: INFO: Timer: Time taken for Compile -- optimize: compileLowerer, initial IR -- LoweringTransformation -- Optimize -- FoldConstants : 1.122ms, total 1.641s
2020-09-26 20:32:38 root: INFO: Timer: Time taken for Compile -- optimize: compileLowerer, initial IR -- LoweringTransformation -- Optimize -- ExtractIntervalFilters : 0.043ms, total 1.642s
2020-09-26 20:32:38 root: INFO: Timer: Time taken for Compile -- optimize: compileLowerer, initial IR -- LoweringTransformation -- Optimize -- Simplify : 0.096ms, total 1.642s
2020-09-26 20:32:38 root: INFO: Timer: Time taken for Compile -- optimize: compileLowerer, initial IR -- LoweringTransformation -- Optimize -- ForwardLets : 0.518ms, total 1.643s
2020-09-26 20:32:38 root: INFO: Timer: Time taken for Compile -- optimize: compileLowerer, initial IR -- LoweringTransformation -- Optimize -- ForwardRelationalLets : 0.051ms, total 1.643s
2020-09-26 20:32:38 root: INFO: Timer: Time taken for Compile -- optimize: compileLowerer, initial IR -- LoweringTransformation -- Optimize -- PruneDeadFields : 1.385ms, total 1.644s
2020-09-26 20:32:38 root: INFO: Timer: Time taken for Compile -- optimize: compileLowerer, initial IR -- LoweringTransformation -- Optimize -- FoldConstants : 0.146ms, total 1.645s
2020-09-26 20:32:38 root: INFO: Timer: Time taken for Compile -- optimize: compileLowerer, initial IR -- LoweringTransformation -- Optimize -- ExtractIntervalFilters : 0.033ms, total 1.645s
2020-09-26 20:32:38 root: INFO: Timer: Time taken for Compile -- optimize: compileLowerer, initial IR -- LoweringTransformation -- Optimize -- Simplify : 0.077ms, total 1.645s
2020-09-26 20:32:38 root: INFO: Timer: Time taken for Compile -- optimize: compileLowerer, initial IR -- LoweringTransformation -- Optimize -- ForwardLets : 0.466ms, total 1.645s
2020-09-26 20:32:38 root: INFO: Timer: Time taken for Compile -- optimize: compileLowerer, initial IR -- LoweringTransformation -- Optimize -- ForwardRelationalLets : 0.068ms, total 1.646s
2020-09-26 20:32:38 root: INFO: Timer: Time taken for Compile -- optimize: compileLowerer, initial IR -- LoweringTransformation -- Optimize -- PruneDeadFields : 0.320ms, total 1.646s
2020-09-26 20:32:38 root: INFO: Timer: Time taken for Compile -- optimize: compileLowerer, initial IR -- LoweringTransformation -- Optimize -- FoldConstants : 0.123ms, total 1.646s
2020-09-26 20:32:38 root: INFO: Timer: Time taken for Compile -- optimize: compileLowerer, initial IR -- LoweringTransformation -- Optimize -- ExtractIntervalFilters : 0.027ms, total 1.646s
2020-09-26 20:32:38 root: INFO: Timer: Time taken for Compile -- optimize: compileLowerer, initial IR -- LoweringTransformation -- Optimize -- Simplify : 0.077ms, total 1.647s
2020-09-26 20:32:38 root: INFO: Timer: Time taken for Compile -- optimize: compileLowerer, initial IR -- LoweringTransformation -- Optimize -- ForwardLets : 0.466ms, total 1.647s
2020-09-26 20:32:38 root: INFO: Timer: Time taken for Compile -- optimize: compileLowerer, initial IR -- LoweringTransformation -- Optimize -- ForwardRelationalLets : 0.050ms, total 1.647s
2020-09-26 20:32:38 root: INFO: Timer: Time taken for Compile -- optimize: compileLowerer, initial IR -- LoweringTransformation -- Optimize -- PruneDeadFields : 0.273ms, total 1.648s
2020-09-26 20:32:38 root: INFO: Timer: Time taken for Compile -- optimize: compileLowerer, initial IR -- LoweringTransformation -- Optimize : 7.397ms, total 1.648s, tagged coverage 72.2
2020-09-26 20:32:38 root: INFO: Timer: Time taken for Compile -- optimize: compileLowerer, initial IR -- LoweringTransformation : 8.257ms, total 1.648s, tagged coverage 64.7
2020-09-26 20:32:38 root: INFO: Timer: Time taken for Compile -- optimize: compileLowerer, initial IR -- Verify : 0.010ms, total 1.648s
2020-09-26 20:32:38 root: INFO: Timer: Time taken for Compile -- optimize: compileLowerer, initial IR : 8.724ms, total 1.648s, tagged coverage 61.5
2020-09-26 20:32:38 root: INFO: Timer: Time taken for Compile -- InlineApplyIR -- Verify : 0.027ms, total 1.650s
2020-09-26 20:32:38 root: INFO: Timer: Time taken for Compile -- InlineApplyIR -- LoweringTransformation : 0.364ms, total 1.650s
2020-09-26 20:32:38 root: INFO: Timer: Time taken for Compile -- InlineApplyIR -- Verify : 0.031ms, total 1.650s
2020-09-26 20:32:38 root: INFO: Timer: Time taken for Compile -- InlineApplyIR : 1.000ms, total 1.651s, tagged coverage 42.2
2020-09-26 20:32:38 root: INFO: Timer: Time taken for Compile -- optimize: compileLowerer, after InlineApplyIR -- Verify : 0.011ms, total 1.651s
2020-09-26 20:32:38 root: INFO: Timer: Time taken for Compile -- optimize: compileLowerer, after InlineApplyIR -- LoweringTransformation -- Optimize -- FoldConstants : 0.115ms, total 1.651s
2020-09-26 20:32:38 root: INFO: Timer: Time taken for Compile -- optimize: compileLowerer, after InlineApplyIR -- LoweringTransformation -- Optimize -- ExtractIntervalFilters : 0.038ms, total 1.651s
2020-09-26 20:32:38 root: INFO: Timer: Time taken for Compile -- optimize: compileLowerer, after InlineApplyIR -- LoweringTransformation -- Optimize -- Simplify : 0.079ms, total 1.652s
2020-09-26 20:32:38 root: INFO: Timer: Time taken for Compile -- optimize: compileLowerer, after InlineApplyIR -- LoweringTransformation -- Optimize -- ForwardLets : 0.521ms, total 1.652s
2020-09-26 20:32:38 root: INFO: Timer: Time taken for Compile -- optimize: compileLowerer, after InlineApplyIR -- LoweringTransformation -- Optimize -- ForwardRelationalLets : 0.056ms, total 1.652s
2020-09-26 20:32:38 root: INFO: Timer: Time taken for Compile -- optimize: compileLowerer, after InlineApplyIR -- LoweringTransformation -- Optimize -- PruneDeadFields : 0.308ms, total 1.653s
2020-09-26 20:32:38 root: INFO: Timer: Time taken for Compile -- optimize: compileLowerer, after InlineApplyIR -- LoweringTransformation -- Optimize -- FoldConstants : 0.144ms, total 1.653s
2020-09-26 20:32:38 root: INFO: Timer: Time taken for Compile -- optimize: compileLowerer, after InlineApplyIR -- LoweringTransformation -- Optimize -- ExtractIntervalFilters : 0.032ms, total 1.653s
2020-09-26 20:32:38 root: INFO: Timer: Time taken for Compile -- optimize: compileLowerer, after InlineApplyIR -- LoweringTransformation -- Optimize -- Simplify : 0.151ms, total 1.654s
2020-09-26 20:32:38 root: INFO: Timer: Time taken for Compile -- optimize: compileLowerer, after InlineApplyIR -- LoweringTransformation -- Optimize -- ForwardLets : 0.668ms, total 1.654s
2020-09-26 20:32:38 root: INFO: Timer: Time taken for Compile -- optimize: compileLowerer, after InlineApplyIR -- LoweringTransformation -- Optimize -- ForwardRelationalLets : 0.049ms, total 1.654s
2020-09-26 20:32:38 root: INFO: Timer: Time taken for Compile -- optimize: compileLowerer, after InlineApplyIR -- LoweringTransformation -- Optimize -- PruneDeadFields : 0.281ms, total 1.655s
2020-09-26 20:32:38 root: INFO: Timer: Time taken for Compile -- optimize: compileLowerer, after InlineApplyIR -- LoweringTransformation -- Optimize -- FoldConstants : 0.117ms, total 1.655s
2020-09-26 20:32:38 root: INFO: Timer: Time taken for Compile -- optimize: compileLowerer, after InlineApplyIR -- LoweringTransformation -- Optimize -- ExtractIntervalFilters : 0.035ms, total 1.655s
2020-09-26 20:32:38 root: INFO: Timer: Time taken for Compile -- optimize: compileLowerer, after InlineApplyIR -- LoweringTransformation -- Optimize -- Simplify : 0.072ms, total 1.655s
2020-09-26 20:32:38 root: INFO: Timer: Time taken for Compile -- optimize: compileLowerer, after InlineApplyIR -- LoweringTransformation -- Optimize -- ForwardLets : 0.402ms, total 1.656s
2020-09-26 20:32:38 root: INFO: Timer: Time taken for Compile -- optimize: compileLowerer, after InlineApplyIR -- LoweringTransformation -- Optimize -- ForwardRelationalLets : 0.048ms, total 1.656s
2020-09-26 20:32:38 root: INFO: Timer: Time taken for Compile -- optimize: compileLowerer, after InlineApplyIR -- LoweringTransformation -- Optimize -- PruneDeadFields : 1.153ms, total 1.657s
2020-09-26 20:32:38 root: INFO: Timer: Time taken for Compile -- optimize: compileLowerer, after InlineApplyIR -- LoweringTransformation -- Optimize : 6.093ms, total 1.657s, tagged coverage 70.1
2020-09-26 20:32:38 root: INFO: Timer: Time taken for Compile -- optimize: compileLowerer, after InlineApplyIR -- LoweringTransformation : 6.766ms, total 1.658s, tagged coverage 63.1
2020-09-26 20:32:38 root: INFO: Timer: Time taken for Compile -- optimize: compileLowerer, after InlineApplyIR -- Verify : 0.012ms, total 1.658s
2020-09-26 20:32:38 root: INFO: Timer: Time taken for Compile -- optimize: compileLowerer, after InlineApplyIR : 7.195ms, total 1.658s, tagged coverage 59.7
2020-09-26 20:32:38 root: INFO: Timer: Time taken for Compile -- LowerArrayAggsToRunAggs -- Verify : 0.017ms, total 1.658s
2020-09-26 20:32:38 root: INFO: Timer: Time taken for Compile -- LowerArrayAggsToRunAggs -- LoweringTransformation : 18.109ms, total 1.677s
2020-09-26 20:32:38 root: INFO: Timer: Time taken for Compile -- LowerArrayAggsToRunAggs -- Verify : 0.212ms, total 1.677s
2020-09-26 20:32:38 root: INFO: Timer: Time taken for Compile -- LowerArrayAggsToRunAggs : 18.868ms, total 1.677s, tagged coverage 97.2
2020-09-26 20:32:38 root: INFO: Timer: Time taken for Compile -- optimize: compileLowerer, after LowerArrayAggsToRunAggs -- Verify : 0.008ms, total 1.678s
2020-09-26 20:32:38 root: INFO: Timer: Time taken for Compile -- optimize: compileLowerer, after LowerArrayAggsToRunAggs -- LoweringTransformation -- Optimize -- FoldConstants : 0.117ms, total 1.678s
2020-09-26 20:32:38 root: INFO: Timer: Time taken for Compile -- optimize: compileLowerer, after LowerArrayAggsToRunAggs -- LoweringTransformation -- Optimize -- ExtractIntervalFilters : 0.035ms, total 1.678s
2020-09-26 20:32:38 root: INFO: Timer: Time taken for Compile -- optimize: compileLowerer, after LowerArrayAggsToRunAggs -- LoweringTransformation -- Optimize -- Simplify : 0.097ms, total 1.678s
2020-09-26 20:32:38 root: INFO: Timer: Time taken for Compile -- optimize: compileLowerer, after LowerArrayAggsToRunAggs -- LoweringTransformation -- Optimize -- ForwardLets : 0.715ms, total 1.679s
2020-09-26 20:32:38 root: INFO: Timer: Time taken for Compile -- optimize: compileLowerer, after LowerArrayAggsToRunAggs -- LoweringTransformation -- Optimize -- ForwardRelationalLets : 0.058ms, total 1.679s
2020-09-26 20:32:38 root: INFO: Timer: Time taken for Compile -- optimize: compileLowerer, after LowerArrayAggsToRunAggs -- LoweringTransformation -- Optimize -- PruneDeadFields : 0.305ms, total 1.680s
2020-09-26 20:32:38 root: INFO: Timer: Time taken for Compile -- optimize: compileLowerer, after LowerArrayAggsToRunAggs -- LoweringTransformation -- Optimize -- FoldConstants : 0.134ms, total 1.680s
2020-09-26 20:32:38 root: INFO: Timer: Time taken for Compile -- optimize: compileLowerer, after LowerArrayAggsToRunAggs -- LoweringTransformation -- Optimize -- ExtractIntervalFilters : 0.028ms, total 1.680s
2020-09-26 20:32:38 root: INFO: Timer: Time taken for Compile -- optimize: compileLowerer, after LowerArrayAggsToRunAggs -- LoweringTransformation -- Optimize -- Simplify : 0.072ms, total 1.680s
2020-09-26 20:32:38 root: INFO: Timer: Time taken for Compile -- optimize: compileLowerer, after LowerArrayAggsToRunAggs -- LoweringTransformation -- Optimize -- ForwardLets : 5.692ms, total 1.686s
2020-09-26 20:32:38 root: INFO: Timer: Time taken for Compile -- optimize: compileLowerer, after LowerArrayAggsToRunAggs -- LoweringTransformation -- Optimize -- ForwardRelationalLets : 0.053ms, total 1.686s
2020-09-26 20:32:38 root: INFO: Timer: Time taken for Compile -- optimize: compileLowerer, after LowerArrayAggsToRunAggs -- LoweringTransformation -- Optimize -- PruneDeadFields : 0.304ms, total 1.687s
2020-09-26 20:32:38 root: INFO: Timer: Time taken for Compile -- optimize: compileLowerer, after LowerArrayAggsToRunAggs -- LoweringTransformation -- Optimize -- FoldConstants : 0.116ms, total 1.687s
2020-09-26 20:32:38 root: INFO: Timer: Time taken for Compile -- optimize: compileLowerer, after LowerArrayAggsToRunAggs -- LoweringTransformation -- Optimize -- ExtractIntervalFilters : 0.031ms, total 1.687s
2020-09-26 20:32:38 root: INFO: Timer: Time taken for Compile -- optimize: compileLowerer, after LowerArrayAggsToRunAggs -- LoweringTransformation -- Optimize -- Simplify : 0.069ms, total 1.687s
2020-09-26 20:32:38 root: INFO: Timer: Time taken for Compile -- optimize: compileLowerer, after LowerArrayAggsToRunAggs -- LoweringTransformation -- Optimize -- ForwardLets : 0.681ms, total 1.688s
2020-09-26 20:32:38 root: INFO: Timer: Time taken for Compile -- optimize: compileLowerer, after LowerArrayAggsToRunAggs -- LoweringTransformation -- Optimize -- ForwardRelationalLets : 0.060ms, total 1.688s
2020-09-26 20:32:38 root: INFO: Timer: Time taken for Compile -- optimize: compileLowerer, after LowerArrayAggsToRunAggs -- LoweringTransformation -- Optimize -- PruneDeadFields : 0.294ms, total 1.689s
2020-09-26 20:32:38 root: INFO: Timer: Time taken for Compile -- optimize: compileLowerer, after LowerArrayAggsToRunAggs -- LoweringTransformation -- Optimize : 11.046ms, total 1.689s, tagged coverage 80.2
2020-09-26 20:32:38 root: INFO: Timer: Time taken for Compile -- optimize: compileLowerer, after LowerArrayAggsToRunAggs -- LoweringTransformation : 11.649ms, total 1.689s, tagged coverage 76.1
2020-09-26 20:32:38 root: INFO: Timer: Time taken for Compile -- optimize: compileLowerer, after LowerArrayAggsToRunAggs -- Verify : 0.010ms, total 1.689s
2020-09-26 20:32:38 root: INFO: Timer: Time taken for Compile -- optimize: compileLowerer, after LowerArrayAggsToRunAggs : 11.967ms, total 1.689s, tagged coverage 74.2
2020-09-26 20:32:38 root: INFO: Timer: Time taken for Compile : 154.912ms, total 1.785s, tagged coverage 24.1
2020-09-26 20:32:38 root: INFO: Timer: Time taken for InitializeCompiledFunction : 5.454ms, total 1.791s
2020-09-26 20:32:38 root: INFO: Timer: Time taken for RunCompiledFunction : 1.088ms, total 1.793s
2020-09-26 20:32:38 root: INFO: Timer: Time taken for convertRegionValueToAnnotation : 7.362ms, total 1.801s
2020-09-26 20:32:38 root: INFO: Timer: aggregate:
2020-09-26 20:32:38 root: INFO: Timer: Time taken for tag 'Verify' (20): 1.002ms
2020-09-26 20:32:38 root: INFO: Timer: Time taken for tag 'RunCompiledFunction' (1): 1.088ms
2020-09-26 20:32:38 root: INFO: Timer: Time taken for tag 'ForwardRelationalLets' (18): 1.969ms
2020-09-26 20:32:38 root: INFO: Timer: Time taken for tag 'ExtractIntervalFilters' (18): 5.253ms
2020-09-26 20:32:38 root: INFO: Timer: Time taken for tag 'InitializeCompiledFunction' (1): 5.454ms
2020-09-26 20:32:38 root: INFO: Timer: Time taken for tag 'convertRegionValueToAnnotation' (1): 7.362ms
2020-09-26 20:32:38 root: INFO: Timer: Time taken for tag 'FoldConstants' (18): 7.583ms
2020-09-26 20:32:38 root: INFO: Timer: Time taken for tag 'Simplify' (18): 10.714ms
2020-09-26 20:32:38 root: INFO: Timer: Time taken for tag 'PruneDeadFields' (18): 17.618ms
2020-09-26 20:32:38 root: INFO: Timer: Time taken for tag 'ForwardLets' (18): 24.067ms
2020-09-26 20:32:38 root: INFO: Timer: Time taken for tag 'LoweringTransformation' (4): 1.550s
2020-09-26 20:32:38 root: INFO: Timer: Fraction covered by a tagged leaf: 175.957ms (90.3%)
2020-09-26 20:43:20 SparkContext: INFO: Invoking stop() from shutdown hook
2020-09-26 20:43:20 AbstractConnector: INFO: Stopped Spark@67eaeec3{HTTP/1.1,[http/1.1]}{0.0.0.0:4041}
2020-09-26 20:43:20 SparkUI: INFO: Stopped Spark web UI at http://10.26.239.71:4041
2020-09-26 20:43:20 MapOutputTrackerMasterEndpoint: INFO: MapOutputTrackerMasterEndpoint stopped!
2020-09-26 20:43:20 MemoryStore: INFO: MemoryStore cleared
2020-09-26 20:43:20 BlockManager: INFO: BlockManager stopped
2020-09-26 20:43:20 BlockManagerMaster: INFO: BlockManagerMaster stopped
2020-09-26 20:43:20 OutputCommitCoordinator$OutputCommitCoordinatorEndpoint: INFO: OutputCommitCoordinator stopped!
2020-09-26 20:43:20 SparkContext: INFO: Successfully stopped SparkContext
2020-09-26 20:43:20 ShutdownHookManager: INFO: Shutdown hook called
2020-09-26 20:43:20 ShutdownHookManager: INFO: Deleting directory /private/var/folders/v4/w7rkkv_x2_zcsszmps6x2dkm0000gn/T/spark-5ecf0e73-1c47-49f7-b527-d36ef32ed074
2020-09-26 20:43:20 ShutdownHookManager: INFO: Deleting directory /private/var/folders/v4/w7rkkv_x2_zcsszmps6x2dkm0000gn/T/spark-59f87e3c-8dd8-4d8a-84a8-0ef2a19dc7b5/pyspark-d11d477b-514c-4a58-9f3d-ec56a2baaa85
2020-09-26 20:43:20 ShutdownHookManager: INFO: Deleting directory /private/var/folders/v4/w7rkkv_x2_zcsszmps6x2dkm0000gn/T/spark-59f87e3c-8dd8-4d8a-84a8-0ef2a19dc7b5
