2020-03-19 14:15:36 Hail: WARN: This Hail JAR was compiled for Spark 2.4.0, running with Spark 2.4.3.
  Compatibility is not guaranteed.
2020-03-19 14:15:36 SparkContext: INFO: Running Spark version 2.4.3
2020-03-19 14:15:36 SparkContext: INFO: Submitted application: Hail
2020-03-19 14:15:36 SparkContext: INFO: Spark configuration:
spark.app.name=Hail
spark.driver.extraClassPath=/anaconda3/envs/hail/lib/python3.6/site-packages/hail/hail-all-spark.jar
spark.driver.maxResultSize=0
spark.executor.extraClassPath=./hail-all-spark.jar
spark.hadoop.google.cloud.auth.service.account.enable=true
spark.hadoop.google.cloud.auth.service.account.json.keyfile=/Users/nbaya/.hail/gcs-keys/gcs-connector-key.json
spark.hadoop.io.compression.codecs=org.apache.hadoop.io.compress.DefaultCodec,is.hail.io.compress.BGzipCodec,is.hail.io.compress.BGzipCodecTbi,org.apache.hadoop.io.compress.GzipCodec
spark.hadoop.mapreduce.input.fileinputformat.split.minsize=0
spark.jars=file:///anaconda3/envs/hail/lib/python3.6/site-packages/hail/hail-all-spark.jar
spark.kryo.registrator=is.hail.kryo.HailKryoRegistrator
spark.kryoserializer.buffer.max=1g
spark.logConf=true
spark.master=local[*]
spark.repl.local.jars=file:///anaconda3/envs/hail/lib/python3.6/site-packages/hail/hail-all-spark.jar
spark.serializer=org.apache.spark.serializer.KryoSerializer
spark.submit.deployMode=client
spark.ui.showConsoleProgress=false
2020-03-19 14:15:36 SecurityManager: INFO: Changing view acls to: nbaya
2020-03-19 14:15:36 SecurityManager: INFO: Changing modify acls to: nbaya
2020-03-19 14:15:36 SecurityManager: INFO: Changing view acls groups to: 
2020-03-19 14:15:36 SecurityManager: INFO: Changing modify acls groups to: 
2020-03-19 14:15:36 SecurityManager: INFO: SecurityManager: authentication disabled; ui acls disabled; users  with view permissions: Set(nbaya); groups with view permissions: Set(); users  with modify permissions: Set(nbaya); groups with modify permissions: Set()
2020-03-19 14:15:36 Utils: INFO: Successfully started service 'sparkDriver' on port 51680.
2020-03-19 14:15:36 SparkEnv: INFO: Registering MapOutputTracker
2020-03-19 14:15:36 SparkEnv: INFO: Registering BlockManagerMaster
2020-03-19 14:15:36 BlockManagerMasterEndpoint: INFO: Using org.apache.spark.storage.DefaultTopologyMapper for getting topology information
2020-03-19 14:15:36 BlockManagerMasterEndpoint: INFO: BlockManagerMasterEndpoint up
2020-03-19 14:15:36 DiskBlockManager: INFO: Created local directory at /private/var/folders/56/q7rh2y5x7hj4n359_13dgwxcmtwz20/T/blockmgr-15012710-26f1-4057-8c95-0db85ef5aac7
2020-03-19 14:15:36 MemoryStore: INFO: MemoryStore started with capacity 366.3 MB
2020-03-19 14:15:37 SparkEnv: INFO: Registering OutputCommitCoordinator
2020-03-19 14:15:37 log: INFO: Logging initialized @2745ms
2020-03-19 14:15:37 Server: INFO: jetty-9.3.z-SNAPSHOT, build timestamp: unknown, git hash: unknown
2020-03-19 14:15:37 Server: INFO: Started @2867ms
2020-03-19 14:15:37 Utils: WARN: Service 'SparkUI' could not bind on port 4040. Attempting port 4041.
2020-03-19 14:15:37 AbstractConnector: INFO: Started ServerConnector@3c399495{HTTP/1.1,[http/1.1]}{0.0.0.0:4041}
2020-03-19 14:15:37 Utils: INFO: Successfully started service 'SparkUI' on port 4041.
2020-03-19 14:15:37 ContextHandler: INFO: Started o.s.j.s.ServletContextHandler@7d6f22d1{/jobs,null,AVAILABLE,@Spark}
2020-03-19 14:15:37 ContextHandler: INFO: Started o.s.j.s.ServletContextHandler@76a838{/jobs/json,null,AVAILABLE,@Spark}
2020-03-19 14:15:37 ContextHandler: INFO: Started o.s.j.s.ServletContextHandler@56044776{/jobs/job,null,AVAILABLE,@Spark}
2020-03-19 14:15:37 ContextHandler: INFO: Started o.s.j.s.ServletContextHandler@28b6c283{/jobs/job/json,null,AVAILABLE,@Spark}
2020-03-19 14:15:37 ContextHandler: INFO: Started o.s.j.s.ServletContextHandler@1d3488c5{/stages,null,AVAILABLE,@Spark}
2020-03-19 14:15:37 ContextHandler: INFO: Started o.s.j.s.ServletContextHandler@697f43e2{/stages/json,null,AVAILABLE,@Spark}
2020-03-19 14:15:37 ContextHandler: INFO: Started o.s.j.s.ServletContextHandler@41bf733f{/stages/stage,null,AVAILABLE,@Spark}
2020-03-19 14:15:37 ContextHandler: INFO: Started o.s.j.s.ServletContextHandler@753be5bc{/stages/stage/json,null,AVAILABLE,@Spark}
2020-03-19 14:15:37 ContextHandler: INFO: Started o.s.j.s.ServletContextHandler@4f2756af{/stages/pool,null,AVAILABLE,@Spark}
2020-03-19 14:15:37 ContextHandler: INFO: Started o.s.j.s.ServletContextHandler@8794d81{/stages/pool/json,null,AVAILABLE,@Spark}
2020-03-19 14:15:37 ContextHandler: INFO: Started o.s.j.s.ServletContextHandler@28472820{/storage,null,AVAILABLE,@Spark}
2020-03-19 14:15:37 ContextHandler: INFO: Started o.s.j.s.ServletContextHandler@27b3e91{/storage/json,null,AVAILABLE,@Spark}
2020-03-19 14:15:37 ContextHandler: INFO: Started o.s.j.s.ServletContextHandler@771c825f{/storage/rdd,null,AVAILABLE,@Spark}
2020-03-19 14:15:37 ContextHandler: INFO: Started o.s.j.s.ServletContextHandler@35cbcc78{/storage/rdd/json,null,AVAILABLE,@Spark}
2020-03-19 14:15:37 ContextHandler: INFO: Started o.s.j.s.ServletContextHandler@24dce4c9{/environment,null,AVAILABLE,@Spark}
2020-03-19 14:15:37 ContextHandler: INFO: Started o.s.j.s.ServletContextHandler@7f88d975{/environment/json,null,AVAILABLE,@Spark}
2020-03-19 14:15:37 ContextHandler: INFO: Started o.s.j.s.ServletContextHandler@6c95b2a1{/executors,null,AVAILABLE,@Spark}
2020-03-19 14:15:37 ContextHandler: INFO: Started o.s.j.s.ServletContextHandler@7560b47{/executors/json,null,AVAILABLE,@Spark}
2020-03-19 14:15:37 ContextHandler: INFO: Started o.s.j.s.ServletContextHandler@446f4dc8{/executors/threadDump,null,AVAILABLE,@Spark}
2020-03-19 14:15:37 ContextHandler: INFO: Started o.s.j.s.ServletContextHandler@7d957741{/executors/threadDump/json,null,AVAILABLE,@Spark}
2020-03-19 14:15:37 ContextHandler: INFO: Started o.s.j.s.ServletContextHandler@3cd4d2e8{/static,null,AVAILABLE,@Spark}
2020-03-19 14:15:37 ContextHandler: INFO: Started o.s.j.s.ServletContextHandler@457710cc{/,null,AVAILABLE,@Spark}
2020-03-19 14:15:37 ContextHandler: INFO: Started o.s.j.s.ServletContextHandler@ba369c0{/api,null,AVAILABLE,@Spark}
2020-03-19 14:15:37 ContextHandler: INFO: Started o.s.j.s.ServletContextHandler@72b58db3{/jobs/job/kill,null,AVAILABLE,@Spark}
2020-03-19 14:15:37 ContextHandler: INFO: Started o.s.j.s.ServletContextHandler@3d62b7a7{/stages/stage/kill,null,AVAILABLE,@Spark}
2020-03-19 14:15:37 SparkUI: INFO: Bound SparkUI to 0.0.0.0, and started at http://192.168.0.110:4041
2020-03-19 14:15:37 SparkContext: INFO: Added JAR file:///anaconda3/envs/hail/lib/python3.6/site-packages/hail/hail-all-spark.jar at spark://192.168.0.110:51680/jars/hail-all-spark.jar with timestamp 1584641737492
2020-03-19 14:15:37 Executor: INFO: Starting executor ID driver on host localhost
2020-03-19 14:15:37 Utils: INFO: Successfully started service 'org.apache.spark.network.netty.NettyBlockTransferService' on port 51682.
2020-03-19 14:15:37 NettyBlockTransferService: INFO: Server created on 192.168.0.110:51682
2020-03-19 14:15:37 BlockManager: INFO: Using org.apache.spark.storage.RandomBlockReplicationPolicy for block replication policy
2020-03-19 14:15:37 BlockManagerMaster: INFO: Registering BlockManager BlockManagerId(driver, 192.168.0.110, 51682, None)
2020-03-19 14:15:37 BlockManagerMasterEndpoint: INFO: Registering block manager 192.168.0.110:51682 with 366.3 MB RAM, BlockManagerId(driver, 192.168.0.110, 51682, None)
2020-03-19 14:15:37 BlockManagerMaster: INFO: Registered BlockManager BlockManagerId(driver, 192.168.0.110, 51682, None)
2020-03-19 14:15:37 BlockManager: INFO: Initialized BlockManager: BlockManagerId(driver, 192.168.0.110, 51682, None)
2020-03-19 14:15:37 ContextHandler: INFO: Started o.s.j.s.ServletContextHandler@33c0e51a{/metrics/json,null,AVAILABLE,@Spark}
2020-03-19 14:15:37 Hail: INFO: Hail temporary directory: file:/tmp/hail.7goEjRjP9If1
2020-03-19 14:15:37 Hail: INFO: SparkUI: http://192.168.0.110:4041
2020-03-19 14:15:37 Hail: INFO: Running Hail version 0.2.34-914bd8a10ca2
2020-03-19 14:15:38 SparkContext: WARN: Using an existing SparkContext; some configuration may not take effect.
2020-03-19 14:15:40 SparkContext: INFO: Invoking stop() from shutdown hook
2020-03-19 14:15:40 AbstractConnector: INFO: Stopped Spark@3c399495{HTTP/1.1,[http/1.1]}{0.0.0.0:4041}
2020-03-19 14:15:40 SparkUI: INFO: Stopped Spark web UI at http://192.168.0.110:4041
2020-03-19 14:15:40 MapOutputTrackerMasterEndpoint: INFO: MapOutputTrackerMasterEndpoint stopped!
2020-03-19 14:15:40 MemoryStore: INFO: MemoryStore cleared
2020-03-19 14:15:40 BlockManager: INFO: BlockManager stopped
2020-03-19 14:15:40 BlockManagerMaster: INFO: BlockManagerMaster stopped
2020-03-19 14:15:40 OutputCommitCoordinator$OutputCommitCoordinatorEndpoint: INFO: OutputCommitCoordinator stopped!
2020-03-19 14:15:40 SparkContext: INFO: Successfully stopped SparkContext
2020-03-19 14:15:40 ShutdownHookManager: INFO: Shutdown hook called
2020-03-19 14:15:40 ShutdownHookManager: INFO: Deleting directory /private/var/folders/56/q7rh2y5x7hj4n359_13dgwxcmtwz20/T/spark-067eb877-57b4-448d-9574-2edeb95dcce8
2020-03-19 14:15:40 ShutdownHookManager: INFO: Deleting directory /private/var/folders/56/q7rh2y5x7hj4n359_13dgwxcmtwz20/T/spark-97a61af0-de7f-4765-bc8a-e43369e4fe62
2020-03-19 14:15:40 ShutdownHookManager: INFO: Deleting directory /private/var/folders/56/q7rh2y5x7hj4n359_13dgwxcmtwz20/T/spark-067eb877-57b4-448d-9574-2edeb95dcce8/pyspark-a185294b-82f4-452e-85fa-9ece2b563fa6
