2020-03-19 12:54:17 Hail: WARN: This Hail JAR was compiled for Spark 2.4.0, running with Spark 2.4.3.
  Compatibility is not guaranteed.
2020-03-19 12:54:17 SparkContext: INFO: Running Spark version 2.4.3
2020-03-19 12:54:17 SparkContext: INFO: Submitted application: Hail
2020-03-19 12:54:17 SparkContext: INFO: Spark configuration:
spark.app.name=Hail
spark.driver.extraClassPath=/anaconda3/envs/hail/lib/python3.6/site-packages/hail/hail-all-spark.jar
spark.driver.maxResultSize=0
spark.executor.extraClassPath=./hail-all-spark.jar
spark.hadoop.google.cloud.auth.service.account.enable=true
spark.hadoop.google.cloud.auth.service.account.json.keyfile=/Users/nbaya/.hail/gcs-keys/gcs-connector-key.json
spark.hadoop.io.compression.codecs=org.apache.hadoop.io.compress.DefaultCodec,is.hail.io.compress.BGzipCodec,is.hail.io.compress.BGzipCodecTbi,org.apache.hadoop.io.compress.GzipCodec
spark.hadoop.mapreduce.input.fileinputformat.split.minsize=0
spark.jars=file:///anaconda3/envs/hail/lib/python3.6/site-packages/hail/hail-all-spark.jar
spark.kryo.registrator=is.hail.kryo.HailKryoRegistrator
spark.kryoserializer.buffer.max=1g
spark.logConf=true
spark.master=local[*]
spark.repl.local.jars=file:///anaconda3/envs/hail/lib/python3.6/site-packages/hail/hail-all-spark.jar
spark.serializer=org.apache.spark.serializer.KryoSerializer
spark.submit.deployMode=client
spark.ui.showConsoleProgress=false
2020-03-19 12:54:17 SecurityManager: INFO: Changing view acls to: nbaya
2020-03-19 12:54:17 SecurityManager: INFO: Changing modify acls to: nbaya
2020-03-19 12:54:17 SecurityManager: INFO: Changing view acls groups to: 
2020-03-19 12:54:17 SecurityManager: INFO: Changing modify acls groups to: 
2020-03-19 12:54:17 SecurityManager: INFO: SecurityManager: authentication disabled; ui acls disabled; users  with view permissions: Set(nbaya); groups with view permissions: Set(); users  with modify permissions: Set(nbaya); groups with modify permissions: Set()
2020-03-19 12:54:18 Utils: INFO: Successfully started service 'sparkDriver' on port 50835.
2020-03-19 12:54:18 SparkEnv: INFO: Registering MapOutputTracker
2020-03-19 12:54:18 SparkEnv: INFO: Registering BlockManagerMaster
2020-03-19 12:54:18 BlockManagerMasterEndpoint: INFO: Using org.apache.spark.storage.DefaultTopologyMapper for getting topology information
2020-03-19 12:54:18 BlockManagerMasterEndpoint: INFO: BlockManagerMasterEndpoint up
2020-03-19 12:54:18 DiskBlockManager: INFO: Created local directory at /private/var/folders/56/q7rh2y5x7hj4n359_13dgwxcmtwz20/T/blockmgr-2a1be551-80e6-4a5c-a614-7557a524b510
2020-03-19 12:54:18 MemoryStore: INFO: MemoryStore started with capacity 366.3 MB
2020-03-19 12:54:18 SparkEnv: INFO: Registering OutputCommitCoordinator
2020-03-19 12:54:18 log: INFO: Logging initialized @2735ms
2020-03-19 12:54:18 Server: INFO: jetty-9.3.z-SNAPSHOT, build timestamp: unknown, git hash: unknown
2020-03-19 12:54:18 Server: INFO: Started @2848ms
2020-03-19 12:54:18 Utils: WARN: Service 'SparkUI' could not bind on port 4040. Attempting port 4041.
2020-03-19 12:54:18 AbstractConnector: INFO: Started ServerConnector@3c399495{HTTP/1.1,[http/1.1]}{0.0.0.0:4041}
2020-03-19 12:54:18 Utils: INFO: Successfully started service 'SparkUI' on port 4041.
2020-03-19 12:54:18 ContextHandler: INFO: Started o.s.j.s.ServletContextHandler@7d6f22d1{/jobs,null,AVAILABLE,@Spark}
2020-03-19 12:54:18 ContextHandler: INFO: Started o.s.j.s.ServletContextHandler@76a838{/jobs/json,null,AVAILABLE,@Spark}
2020-03-19 12:54:18 ContextHandler: INFO: Started o.s.j.s.ServletContextHandler@56044776{/jobs/job,null,AVAILABLE,@Spark}
2020-03-19 12:54:18 ContextHandler: INFO: Started o.s.j.s.ServletContextHandler@28b6c283{/jobs/job/json,null,AVAILABLE,@Spark}
2020-03-19 12:54:18 ContextHandler: INFO: Started o.s.j.s.ServletContextHandler@1d3488c5{/stages,null,AVAILABLE,@Spark}
2020-03-19 12:54:18 ContextHandler: INFO: Started o.s.j.s.ServletContextHandler@697f43e2{/stages/json,null,AVAILABLE,@Spark}
2020-03-19 12:54:18 ContextHandler: INFO: Started o.s.j.s.ServletContextHandler@41bf733f{/stages/stage,null,AVAILABLE,@Spark}
2020-03-19 12:54:18 ContextHandler: INFO: Started o.s.j.s.ServletContextHandler@753be5bc{/stages/stage/json,null,AVAILABLE,@Spark}
2020-03-19 12:54:18 ContextHandler: INFO: Started o.s.j.s.ServletContextHandler@4f2756af{/stages/pool,null,AVAILABLE,@Spark}
2020-03-19 12:54:18 ContextHandler: INFO: Started o.s.j.s.ServletContextHandler@8794d81{/stages/pool/json,null,AVAILABLE,@Spark}
2020-03-19 12:54:18 ContextHandler: INFO: Started o.s.j.s.ServletContextHandler@28472820{/storage,null,AVAILABLE,@Spark}
2020-03-19 12:54:18 ContextHandler: INFO: Started o.s.j.s.ServletContextHandler@27b3e91{/storage/json,null,AVAILABLE,@Spark}
2020-03-19 12:54:18 ContextHandler: INFO: Started o.s.j.s.ServletContextHandler@771c825f{/storage/rdd,null,AVAILABLE,@Spark}
2020-03-19 12:54:18 ContextHandler: INFO: Started o.s.j.s.ServletContextHandler@35cbcc78{/storage/rdd/json,null,AVAILABLE,@Spark}
2020-03-19 12:54:18 ContextHandler: INFO: Started o.s.j.s.ServletContextHandler@24dce4c9{/environment,null,AVAILABLE,@Spark}
2020-03-19 12:54:18 ContextHandler: INFO: Started o.s.j.s.ServletContextHandler@7f88d975{/environment/json,null,AVAILABLE,@Spark}
2020-03-19 12:54:18 ContextHandler: INFO: Started o.s.j.s.ServletContextHandler@6c95b2a1{/executors,null,AVAILABLE,@Spark}
2020-03-19 12:54:18 ContextHandler: INFO: Started o.s.j.s.ServletContextHandler@7560b47{/executors/json,null,AVAILABLE,@Spark}
2020-03-19 12:54:18 ContextHandler: INFO: Started o.s.j.s.ServletContextHandler@446f4dc8{/executors/threadDump,null,AVAILABLE,@Spark}
2020-03-19 12:54:18 ContextHandler: INFO: Started o.s.j.s.ServletContextHandler@7d957741{/executors/threadDump/json,null,AVAILABLE,@Spark}
2020-03-19 12:54:18 ContextHandler: INFO: Started o.s.j.s.ServletContextHandler@3cd4d2e8{/static,null,AVAILABLE,@Spark}
2020-03-19 12:54:18 ContextHandler: INFO: Started o.s.j.s.ServletContextHandler@457710cc{/,null,AVAILABLE,@Spark}
2020-03-19 12:54:18 ContextHandler: INFO: Started o.s.j.s.ServletContextHandler@ba369c0{/api,null,AVAILABLE,@Spark}
2020-03-19 12:54:18 ContextHandler: INFO: Started o.s.j.s.ServletContextHandler@72b58db3{/jobs/job/kill,null,AVAILABLE,@Spark}
2020-03-19 12:54:18 ContextHandler: INFO: Started o.s.j.s.ServletContextHandler@3d62b7a7{/stages/stage/kill,null,AVAILABLE,@Spark}
2020-03-19 12:54:18 SparkUI: INFO: Bound SparkUI to 0.0.0.0, and started at http://192.168.0.110:4041
2020-03-19 12:54:18 SparkContext: INFO: Added JAR file:///anaconda3/envs/hail/lib/python3.6/site-packages/hail/hail-all-spark.jar at spark://192.168.0.110:50835/jars/hail-all-spark.jar with timestamp 1584636858838
2020-03-19 12:54:18 Executor: INFO: Starting executor ID driver on host localhost
2020-03-19 12:54:19 Utils: INFO: Successfully started service 'org.apache.spark.network.netty.NettyBlockTransferService' on port 50836.
2020-03-19 12:54:19 NettyBlockTransferService: INFO: Server created on 192.168.0.110:50836
2020-03-19 12:54:19 BlockManager: INFO: Using org.apache.spark.storage.RandomBlockReplicationPolicy for block replication policy
2020-03-19 12:54:19 BlockManagerMaster: INFO: Registering BlockManager BlockManagerId(driver, 192.168.0.110, 50836, None)
2020-03-19 12:54:19 BlockManagerMasterEndpoint: INFO: Registering block manager 192.168.0.110:50836 with 366.3 MB RAM, BlockManagerId(driver, 192.168.0.110, 50836, None)
2020-03-19 12:54:19 BlockManagerMaster: INFO: Registered BlockManager BlockManagerId(driver, 192.168.0.110, 50836, None)
2020-03-19 12:54:19 BlockManager: INFO: Initialized BlockManager: BlockManagerId(driver, 192.168.0.110, 50836, None)
2020-03-19 12:54:19 ContextHandler: INFO: Started o.s.j.s.ServletContextHandler@33c0e51a{/metrics/json,null,AVAILABLE,@Spark}
2020-03-19 12:54:19 Hail: INFO: Hail temporary directory: file:/tmp/hail.dDVZg2KKgKo9
2020-03-19 12:54:19 Hail: INFO: SparkUI: http://192.168.0.110:4041
2020-03-19 12:54:19 Hail: INFO: Running Hail version 0.2.34-914bd8a10ca2
2020-03-19 12:54:20 SparkContext: WARN: Using an existing SparkContext; some configuration may not take effect.
2020-03-19 13:02:45 SparkContext: INFO: Invoking stop() from shutdown hook
2020-03-19 13:02:45 AbstractConnector: INFO: Stopped Spark@3c399495{HTTP/1.1,[http/1.1]}{0.0.0.0:4041}
2020-03-19 13:02:45 SparkUI: INFO: Stopped Spark web UI at http://192.168.0.110:4041
2020-03-19 13:02:45 MapOutputTrackerMasterEndpoint: INFO: MapOutputTrackerMasterEndpoint stopped!
2020-03-19 13:02:45 MemoryStore: INFO: MemoryStore cleared
2020-03-19 13:02:45 BlockManager: INFO: BlockManager stopped
2020-03-19 13:02:45 BlockManagerMaster: INFO: BlockManagerMaster stopped
2020-03-19 13:02:45 OutputCommitCoordinator$OutputCommitCoordinatorEndpoint: INFO: OutputCommitCoordinator stopped!
2020-03-19 13:02:45 SparkContext: INFO: Successfully stopped SparkContext
2020-03-19 13:02:45 ShutdownHookManager: INFO: Shutdown hook called
2020-03-19 13:02:45 ShutdownHookManager: INFO: Deleting directory /private/var/folders/56/q7rh2y5x7hj4n359_13dgwxcmtwz20/T/spark-9223d492-6a51-45af-914a-8f550693ee61/pyspark-6a5e9a65-ab56-41d8-9321-1fb3d4483211
2020-03-19 13:02:45 ShutdownHookManager: INFO: Deleting directory /private/var/folders/56/q7rh2y5x7hj4n359_13dgwxcmtwz20/T/spark-9223d492-6a51-45af-914a-8f550693ee61
2020-03-19 13:02:45 ShutdownHookManager: INFO: Deleting directory /private/var/folders/56/q7rh2y5x7hj4n359_13dgwxcmtwz20/T/spark-ad2a2b73-b1fd-4b31-8b8c-a3b456c17ad5
