2020-03-09 08:19:04 Hail: WARN: This Hail JAR was compiled for Spark 2.4.0, running with Spark 2.4.3.
  Compatibility is not guaranteed.
2020-03-09 08:19:04 SparkContext: INFO: Running Spark version 2.4.3
2020-03-09 08:19:04 SparkContext: INFO: Submitted application: Hail
2020-03-09 08:19:04 SparkContext: INFO: Spark configuration:
spark.app.name=Hail
spark.driver.extraClassPath=/anaconda3/envs/hail/lib/python3.6/site-packages/hail/hail-all-spark.jar
spark.driver.maxResultSize=0
spark.executor.extraClassPath=./hail-all-spark.jar
spark.hadoop.google.cloud.auth.service.account.enable=true
spark.hadoop.google.cloud.auth.service.account.json.keyfile=/Users/nbaya/.hail/gcs-keys/gcs-connector-key.json
spark.hadoop.io.compression.codecs=org.apache.hadoop.io.compress.DefaultCodec,is.hail.io.compress.BGzipCodec,is.hail.io.compress.BGzipCodecTbi,org.apache.hadoop.io.compress.GzipCodec
spark.hadoop.mapreduce.input.fileinputformat.split.minsize=0
spark.jars=file:///anaconda3/envs/hail/lib/python3.6/site-packages/hail/hail-all-spark.jar
spark.kryo.registrator=is.hail.kryo.HailKryoRegistrator
spark.kryoserializer.buffer.max=1g
spark.logConf=true
spark.master=local[*]
spark.repl.local.jars=file:///anaconda3/envs/hail/lib/python3.6/site-packages/hail/hail-all-spark.jar
spark.serializer=org.apache.spark.serializer.KryoSerializer
spark.submit.deployMode=client
spark.ui.showConsoleProgress=false
2020-03-09 08:19:04 SecurityManager: INFO: Changing view acls to: nbaya
2020-03-09 08:19:04 SecurityManager: INFO: Changing modify acls to: nbaya
2020-03-09 08:19:04 SecurityManager: INFO: Changing view acls groups to: 
2020-03-09 08:19:04 SecurityManager: INFO: Changing modify acls groups to: 
2020-03-09 08:19:04 SecurityManager: INFO: SecurityManager: authentication disabled; ui acls disabled; users  with view permissions: Set(nbaya); groups with view permissions: Set(); users  with modify permissions: Set(nbaya); groups with modify permissions: Set()
2020-03-09 08:19:04 Utils: INFO: Successfully started service 'sparkDriver' on port 60622.
2020-03-09 08:19:04 SparkEnv: INFO: Registering MapOutputTracker
2020-03-09 08:19:04 SparkEnv: INFO: Registering BlockManagerMaster
2020-03-09 08:19:04 BlockManagerMasterEndpoint: INFO: Using org.apache.spark.storage.DefaultTopologyMapper for getting topology information
2020-03-09 08:19:04 BlockManagerMasterEndpoint: INFO: BlockManagerMasterEndpoint up
2020-03-09 08:19:04 DiskBlockManager: INFO: Created local directory at /private/var/folders/56/q7rh2y5x7hj4n359_13dgwxcmtwz20/T/blockmgr-b1d1067d-d2c1-419d-b42c-924bfa1e1019
2020-03-09 08:19:04 MemoryStore: INFO: MemoryStore started with capacity 366.3 MB
2020-03-09 08:19:05 SparkEnv: INFO: Registering OutputCommitCoordinator
2020-03-09 08:19:05 log: INFO: Logging initialized @2389ms
2020-03-09 08:19:05 Server: INFO: jetty-9.3.z-SNAPSHOT, build timestamp: unknown, git hash: unknown
2020-03-09 08:19:05 Server: INFO: Started @2465ms
2020-03-09 08:19:05 Utils: WARN: Service 'SparkUI' could not bind on port 4040. Attempting port 4041.
2020-03-09 08:19:05 AbstractConnector: INFO: Started ServerConnector@3a375154{HTTP/1.1,[http/1.1]}{0.0.0.0:4041}
2020-03-09 08:19:05 Utils: INFO: Successfully started service 'SparkUI' on port 4041.
2020-03-09 08:19:05 ContextHandler: INFO: Started o.s.j.s.ServletContextHandler@39cdfbe9{/jobs,null,AVAILABLE,@Spark}
2020-03-09 08:19:05 ContextHandler: INFO: Started o.s.j.s.ServletContextHandler@53a0fcd9{/jobs/json,null,AVAILABLE,@Spark}
2020-03-09 08:19:05 ContextHandler: INFO: Started o.s.j.s.ServletContextHandler@453f339a{/jobs/job,null,AVAILABLE,@Spark}
2020-03-09 08:19:05 ContextHandler: INFO: Started o.s.j.s.ServletContextHandler@5b609d5a{/jobs/job/json,null,AVAILABLE,@Spark}
2020-03-09 08:19:05 ContextHandler: INFO: Started o.s.j.s.ServletContextHandler@f72e4db{/stages,null,AVAILABLE,@Spark}
2020-03-09 08:19:05 ContextHandler: INFO: Started o.s.j.s.ServletContextHandler@336da54c{/stages/json,null,AVAILABLE,@Spark}
2020-03-09 08:19:05 ContextHandler: INFO: Started o.s.j.s.ServletContextHandler@4300cd0c{/stages/stage,null,AVAILABLE,@Spark}
2020-03-09 08:19:05 ContextHandler: INFO: Started o.s.j.s.ServletContextHandler@5a80eb0c{/stages/stage/json,null,AVAILABLE,@Spark}
2020-03-09 08:19:05 ContextHandler: INFO: Started o.s.j.s.ServletContextHandler@1f2d35fd{/stages/pool,null,AVAILABLE,@Spark}
2020-03-09 08:19:05 ContextHandler: INFO: Started o.s.j.s.ServletContextHandler@2b5fbaa9{/stages/pool/json,null,AVAILABLE,@Spark}
2020-03-09 08:19:05 ContextHandler: INFO: Started o.s.j.s.ServletContextHandler@64c1b79d{/storage,null,AVAILABLE,@Spark}
2020-03-09 08:19:05 ContextHandler: INFO: Started o.s.j.s.ServletContextHandler@39c4f882{/storage/json,null,AVAILABLE,@Spark}
2020-03-09 08:19:05 ContextHandler: INFO: Started o.s.j.s.ServletContextHandler@4f30a09a{/storage/rdd,null,AVAILABLE,@Spark}
2020-03-09 08:19:05 ContextHandler: INFO: Started o.s.j.s.ServletContextHandler@196cd127{/storage/rdd/json,null,AVAILABLE,@Spark}
2020-03-09 08:19:05 ContextHandler: INFO: Started o.s.j.s.ServletContextHandler@70f8e0c8{/environment,null,AVAILABLE,@Spark}
2020-03-09 08:19:05 ContextHandler: INFO: Started o.s.j.s.ServletContextHandler@6ee606bd{/environment/json,null,AVAILABLE,@Spark}
2020-03-09 08:19:05 ContextHandler: INFO: Started o.s.j.s.ServletContextHandler@24184f8b{/executors,null,AVAILABLE,@Spark}
2020-03-09 08:19:05 ContextHandler: INFO: Started o.s.j.s.ServletContextHandler@5b0257c6{/executors/json,null,AVAILABLE,@Spark}
2020-03-09 08:19:05 ContextHandler: INFO: Started o.s.j.s.ServletContextHandler@6c4b02ce{/executors/threadDump,null,AVAILABLE,@Spark}
2020-03-09 08:19:05 ContextHandler: INFO: Started o.s.j.s.ServletContextHandler@32c62214{/executors/threadDump/json,null,AVAILABLE,@Spark}
2020-03-09 08:19:05 ContextHandler: INFO: Started o.s.j.s.ServletContextHandler@54c447d0{/static,null,AVAILABLE,@Spark}
2020-03-09 08:19:05 ContextHandler: INFO: Started o.s.j.s.ServletContextHandler@602ed895{/,null,AVAILABLE,@Spark}
2020-03-09 08:19:05 ContextHandler: INFO: Started o.s.j.s.ServletContextHandler@13cab063{/api,null,AVAILABLE,@Spark}
2020-03-09 08:19:05 ContextHandler: INFO: Started o.s.j.s.ServletContextHandler@a247320{/jobs/job/kill,null,AVAILABLE,@Spark}
2020-03-09 08:19:05 ContextHandler: INFO: Started o.s.j.s.ServletContextHandler@6f3bd14c{/stages/stage/kill,null,AVAILABLE,@Spark}
2020-03-09 08:19:05 SparkUI: INFO: Bound SparkUI to 0.0.0.0, and started at http://wm65b-8a9.broadinstitute.org:4041
2020-03-09 08:19:05 SparkContext: INFO: Added JAR file:///anaconda3/envs/hail/lib/python3.6/site-packages/hail/hail-all-spark.jar at spark://wm65b-8a9.broadinstitute.org:60622/jars/hail-all-spark.jar with timestamp 1583756345277
2020-03-09 08:19:05 Executor: INFO: Starting executor ID driver on host localhost
2020-03-09 08:19:05 Utils: INFO: Successfully started service 'org.apache.spark.network.netty.NettyBlockTransferService' on port 60623.
2020-03-09 08:19:05 NettyBlockTransferService: INFO: Server created on wm65b-8a9.broadinstitute.org:60623
2020-03-09 08:19:05 BlockManager: INFO: Using org.apache.spark.storage.RandomBlockReplicationPolicy for block replication policy
2020-03-09 08:19:05 BlockManagerMaster: INFO: Registering BlockManager BlockManagerId(driver, wm65b-8a9.broadinstitute.org, 60623, None)
2020-03-09 08:19:05 BlockManagerMasterEndpoint: INFO: Registering block manager wm65b-8a9.broadinstitute.org:60623 with 366.3 MB RAM, BlockManagerId(driver, wm65b-8a9.broadinstitute.org, 60623, None)
2020-03-09 08:19:05 BlockManagerMaster: INFO: Registered BlockManager BlockManagerId(driver, wm65b-8a9.broadinstitute.org, 60623, None)
2020-03-09 08:19:05 BlockManager: INFO: Initialized BlockManager: BlockManagerId(driver, wm65b-8a9.broadinstitute.org, 60623, None)
2020-03-09 08:19:05 ContextHandler: INFO: Started o.s.j.s.ServletContextHandler@49290d97{/metrics/json,null,AVAILABLE,@Spark}
2020-03-09 08:19:05 Hail: INFO: Hail temporary directory: file:/tmp/hail.BGI0ZnTYWULx
2020-03-09 08:19:05 Hail: INFO: SparkUI: http://wm65b-8a9.broadinstitute.org:4041
2020-03-09 08:19:05 Hail: INFO: Running Hail version 0.2.33-5d8cae649505
2020-03-09 08:19:06 SparkContext: WARN: Using an existing SparkContext; some configuration may not take effect.
2020-03-09 08:19:55 SparkContext: INFO: Invoking stop() from shutdown hook
2020-03-09 08:19:55 AbstractConnector: INFO: Stopped Spark@3a375154{HTTP/1.1,[http/1.1]}{0.0.0.0:4041}
2020-03-09 08:19:55 SparkUI: INFO: Stopped Spark web UI at http://wm65b-8a9.broadinstitute.org:4041
2020-03-09 08:19:55 MapOutputTrackerMasterEndpoint: INFO: MapOutputTrackerMasterEndpoint stopped!
2020-03-09 08:19:55 MemoryStore: INFO: MemoryStore cleared
2020-03-09 08:19:55 BlockManager: INFO: BlockManager stopped
2020-03-09 08:19:55 BlockManagerMaster: INFO: BlockManagerMaster stopped
2020-03-09 08:19:55 OutputCommitCoordinator$OutputCommitCoordinatorEndpoint: INFO: OutputCommitCoordinator stopped!
2020-03-09 08:19:55 SparkContext: INFO: Successfully stopped SparkContext
2020-03-09 08:19:55 ShutdownHookManager: INFO: Shutdown hook called
2020-03-09 08:19:55 ShutdownHookManager: INFO: Deleting directory /private/var/folders/56/q7rh2y5x7hj4n359_13dgwxcmtwz20/T/spark-d2be816d-2863-4295-9889-07780430ad3b
2020-03-09 08:19:55 ShutdownHookManager: INFO: Deleting directory /private/var/folders/56/q7rh2y5x7hj4n359_13dgwxcmtwz20/T/spark-5ae0d014-e688-4917-a385-451dfd0f32d5
2020-03-09 08:19:55 ShutdownHookManager: INFO: Deleting directory /private/var/folders/56/q7rh2y5x7hj4n359_13dgwxcmtwz20/T/spark-d2be816d-2863-4295-9889-07780430ad3b/pyspark-cc551804-3cae-400f-9a31-ee70e2cc8ee8
