2020-03-19 06:00:54 Hail: WARN: This Hail JAR was compiled for Spark 2.4.0, running with Spark 2.4.3.
  Compatibility is not guaranteed.
2020-03-19 06:00:54 SparkContext: INFO: Running Spark version 2.4.3
2020-03-19 06:00:54 SparkContext: INFO: Submitted application: Hail
2020-03-19 06:00:54 SparkContext: INFO: Spark configuration:
spark.app.name=Hail
spark.driver.extraClassPath=/anaconda3/envs/hail/lib/python3.6/site-packages/hail/hail-all-spark.jar
spark.driver.maxResultSize=0
spark.executor.extraClassPath=./hail-all-spark.jar
spark.hadoop.google.cloud.auth.service.account.enable=true
spark.hadoop.google.cloud.auth.service.account.json.keyfile=/Users/nbaya/.hail/gcs-keys/gcs-connector-key.json
spark.hadoop.io.compression.codecs=org.apache.hadoop.io.compress.DefaultCodec,is.hail.io.compress.BGzipCodec,is.hail.io.compress.BGzipCodecTbi,org.apache.hadoop.io.compress.GzipCodec
spark.hadoop.mapreduce.input.fileinputformat.split.minsize=0
spark.jars=file:///anaconda3/envs/hail/lib/python3.6/site-packages/hail/hail-all-spark.jar
spark.kryo.registrator=is.hail.kryo.HailKryoRegistrator
spark.kryoserializer.buffer.max=1g
spark.logConf=true
spark.master=local[*]
spark.repl.local.jars=file:///anaconda3/envs/hail/lib/python3.6/site-packages/hail/hail-all-spark.jar
spark.serializer=org.apache.spark.serializer.KryoSerializer
spark.submit.deployMode=client
spark.ui.showConsoleProgress=false
2020-03-19 06:00:54 SecurityManager: INFO: Changing view acls to: nbaya
2020-03-19 06:00:54 SecurityManager: INFO: Changing modify acls to: nbaya
2020-03-19 06:00:54 SecurityManager: INFO: Changing view acls groups to: 
2020-03-19 06:00:54 SecurityManager: INFO: Changing modify acls groups to: 
2020-03-19 06:00:54 SecurityManager: INFO: SecurityManager: authentication disabled; ui acls disabled; users  with view permissions: Set(nbaya); groups with view permissions: Set(); users  with modify permissions: Set(nbaya); groups with modify permissions: Set()
2020-03-19 06:00:54 Utils: INFO: Successfully started service 'sparkDriver' on port 64547.
2020-03-19 06:00:54 SparkEnv: INFO: Registering MapOutputTracker
2020-03-19 06:00:55 SparkEnv: INFO: Registering BlockManagerMaster
2020-03-19 06:00:55 BlockManagerMasterEndpoint: INFO: Using org.apache.spark.storage.DefaultTopologyMapper for getting topology information
2020-03-19 06:00:55 BlockManagerMasterEndpoint: INFO: BlockManagerMasterEndpoint up
2020-03-19 06:00:55 DiskBlockManager: INFO: Created local directory at /private/var/folders/56/q7rh2y5x7hj4n359_13dgwxcmtwz20/T/blockmgr-0abb7f24-f578-4069-bf5b-36829e797da2
2020-03-19 06:00:55 MemoryStore: INFO: MemoryStore started with capacity 366.3 MB
2020-03-19 06:00:55 SparkEnv: INFO: Registering OutputCommitCoordinator
2020-03-19 06:00:55 log: INFO: Logging initialized @3426ms
2020-03-19 06:00:55 Server: INFO: jetty-9.3.z-SNAPSHOT, build timestamp: unknown, git hash: unknown
2020-03-19 06:00:55 Server: INFO: Started @3535ms
2020-03-19 06:00:55 Utils: WARN: Service 'SparkUI' could not bind on port 4040. Attempting port 4041.
2020-03-19 06:00:55 Utils: WARN: Service 'SparkUI' could not bind on port 4041. Attempting port 4042.
2020-03-19 06:00:55 AbstractConnector: INFO: Started ServerConnector@2eaeaf3{HTTP/1.1,[http/1.1]}{0.0.0.0:4042}
2020-03-19 06:00:55 Utils: INFO: Successfully started service 'SparkUI' on port 4042.
2020-03-19 06:00:55 ContextHandler: INFO: Started o.s.j.s.ServletContextHandler@7b243cbf{/jobs,null,AVAILABLE,@Spark}
2020-03-19 06:00:55 ContextHandler: INFO: Started o.s.j.s.ServletContextHandler@20b1a89f{/jobs/json,null,AVAILABLE,@Spark}
2020-03-19 06:00:55 ContextHandler: INFO: Started o.s.j.s.ServletContextHandler@52c9feaf{/jobs/job,null,AVAILABLE,@Spark}
2020-03-19 06:00:55 ContextHandler: INFO: Started o.s.j.s.ServletContextHandler@6e6b99ff{/jobs/job/json,null,AVAILABLE,@Spark}
2020-03-19 06:00:55 ContextHandler: INFO: Started o.s.j.s.ServletContextHandler@433321fd{/stages,null,AVAILABLE,@Spark}
2020-03-19 06:00:55 ContextHandler: INFO: Started o.s.j.s.ServletContextHandler@5e1293b2{/stages/json,null,AVAILABLE,@Spark}
2020-03-19 06:00:55 ContextHandler: INFO: Started o.s.j.s.ServletContextHandler@d56cf68{/stages/stage,null,AVAILABLE,@Spark}
2020-03-19 06:00:55 ContextHandler: INFO: Started o.s.j.s.ServletContextHandler@2fe36985{/stages/stage/json,null,AVAILABLE,@Spark}
2020-03-19 06:00:55 ContextHandler: INFO: Started o.s.j.s.ServletContextHandler@1475de9e{/stages/pool,null,AVAILABLE,@Spark}
2020-03-19 06:00:55 ContextHandler: INFO: Started o.s.j.s.ServletContextHandler@2bd02da7{/stages/pool/json,null,AVAILABLE,@Spark}
2020-03-19 06:00:55 ContextHandler: INFO: Started o.s.j.s.ServletContextHandler@79683bb4{/storage,null,AVAILABLE,@Spark}
2020-03-19 06:00:55 ContextHandler: INFO: Started o.s.j.s.ServletContextHandler@4d73ca5d{/storage/json,null,AVAILABLE,@Spark}
2020-03-19 06:00:55 ContextHandler: INFO: Started o.s.j.s.ServletContextHandler@77486c43{/storage/rdd,null,AVAILABLE,@Spark}
2020-03-19 06:00:55 ContextHandler: INFO: Started o.s.j.s.ServletContextHandler@5ddfda18{/storage/rdd/json,null,AVAILABLE,@Spark}
2020-03-19 06:00:55 ContextHandler: INFO: Started o.s.j.s.ServletContextHandler@65d2ef8c{/environment,null,AVAILABLE,@Spark}
2020-03-19 06:00:55 ContextHandler: INFO: Started o.s.j.s.ServletContextHandler@3620e049{/environment/json,null,AVAILABLE,@Spark}
2020-03-19 06:00:55 ContextHandler: INFO: Started o.s.j.s.ServletContextHandler@2bea8ba{/executors,null,AVAILABLE,@Spark}
2020-03-19 06:00:55 ContextHandler: INFO: Started o.s.j.s.ServletContextHandler@2192bdef{/executors/json,null,AVAILABLE,@Spark}
2020-03-19 06:00:55 ContextHandler: INFO: Started o.s.j.s.ServletContextHandler@53ce98de{/executors/threadDump,null,AVAILABLE,@Spark}
2020-03-19 06:00:55 ContextHandler: INFO: Started o.s.j.s.ServletContextHandler@625d0846{/executors/threadDump/json,null,AVAILABLE,@Spark}
2020-03-19 06:00:55 ContextHandler: INFO: Started o.s.j.s.ServletContextHandler@155187cf{/static,null,AVAILABLE,@Spark}
2020-03-19 06:00:55 ContextHandler: INFO: Started o.s.j.s.ServletContextHandler@3bc37e61{/,null,AVAILABLE,@Spark}
2020-03-19 06:00:55 ContextHandler: INFO: Started o.s.j.s.ServletContextHandler@2fb660bf{/api,null,AVAILABLE,@Spark}
2020-03-19 06:00:55 ContextHandler: INFO: Started o.s.j.s.ServletContextHandler@78bbd1c6{/jobs/job/kill,null,AVAILABLE,@Spark}
2020-03-19 06:00:55 ContextHandler: INFO: Started o.s.j.s.ServletContextHandler@7b6cf898{/stages/stage/kill,null,AVAILABLE,@Spark}
2020-03-19 06:00:55 SparkUI: INFO: Bound SparkUI to 0.0.0.0, and started at http://192.168.0.110:4042
2020-03-19 06:00:55 SparkContext: INFO: Added JAR file:///anaconda3/envs/hail/lib/python3.6/site-packages/hail/hail-all-spark.jar at spark://192.168.0.110:64547/jars/hail-all-spark.jar with timestamp 1584612055493
2020-03-19 06:00:55 Executor: INFO: Starting executor ID driver on host localhost
2020-03-19 06:00:55 Utils: INFO: Successfully started service 'org.apache.spark.network.netty.NettyBlockTransferService' on port 64548.
2020-03-19 06:00:55 NettyBlockTransferService: INFO: Server created on 192.168.0.110:64548
2020-03-19 06:00:55 BlockManager: INFO: Using org.apache.spark.storage.RandomBlockReplicationPolicy for block replication policy
2020-03-19 06:00:55 BlockManagerMaster: INFO: Registering BlockManager BlockManagerId(driver, 192.168.0.110, 64548, None)
2020-03-19 06:00:55 BlockManagerMasterEndpoint: INFO: Registering block manager 192.168.0.110:64548 with 366.3 MB RAM, BlockManagerId(driver, 192.168.0.110, 64548, None)
2020-03-19 06:00:55 BlockManagerMaster: INFO: Registered BlockManager BlockManagerId(driver, 192.168.0.110, 64548, None)
2020-03-19 06:00:55 BlockManager: INFO: Initialized BlockManager: BlockManagerId(driver, 192.168.0.110, 64548, None)
2020-03-19 06:00:55 ContextHandler: INFO: Started o.s.j.s.ServletContextHandler@10fb49f7{/metrics/json,null,AVAILABLE,@Spark}
2020-03-19 06:00:55 Hail: INFO: Hail temporary directory: file:/tmp/hail.v2NvGdp8IAu2
2020-03-19 06:00:55 Hail: INFO: SparkUI: http://192.168.0.110:4042
2020-03-19 06:00:55 Hail: INFO: Running Hail version 0.2.34-914bd8a10ca2
2020-03-19 06:00:56 SparkContext: WARN: Using an existing SparkContext; some configuration may not take effect.
2020-03-19 07:02:16 SparkContext: INFO: Invoking stop() from shutdown hook
2020-03-19 07:02:16 AbstractConnector: INFO: Stopped Spark@2eaeaf3{HTTP/1.1,[http/1.1]}{0.0.0.0:4042}
2020-03-19 07:02:16 SparkUI: INFO: Stopped Spark web UI at http://192.168.0.110:4042
2020-03-19 07:02:16 MapOutputTrackerMasterEndpoint: INFO: MapOutputTrackerMasterEndpoint stopped!
2020-03-19 07:02:16 MemoryStore: INFO: MemoryStore cleared
2020-03-19 07:02:16 BlockManager: INFO: BlockManager stopped
2020-03-19 07:02:16 BlockManagerMaster: INFO: BlockManagerMaster stopped
2020-03-19 07:02:16 OutputCommitCoordinator$OutputCommitCoordinatorEndpoint: INFO: OutputCommitCoordinator stopped!
2020-03-19 07:02:16 SparkContext: INFO: Successfully stopped SparkContext
2020-03-19 07:02:16 ShutdownHookManager: INFO: Shutdown hook called
2020-03-19 07:02:16 ShutdownHookManager: INFO: Deleting directory /private/var/folders/56/q7rh2y5x7hj4n359_13dgwxcmtwz20/T/spark-7ad98641-9a29-4657-ab0b-b0db6892761f/pyspark-74540fb2-bf7e-40c0-b305-2a172dc398a5
2020-03-19 07:02:16 ShutdownHookManager: INFO: Deleting directory /private/var/folders/56/q7rh2y5x7hj4n359_13dgwxcmtwz20/T/spark-2b7a53e0-f672-44e4-a7ae-e589e3e5f67c
2020-03-19 07:02:16 ShutdownHookManager: INFO: Deleting directory /private/var/folders/56/q7rh2y5x7hj4n359_13dgwxcmtwz20/T/spark-7ad98641-9a29-4657-ab0b-b0db6892761f
