2020-03-09 08:49:09 Hail: WARN: This Hail JAR was compiled for Spark 2.4.0, running with Spark 2.4.3.
  Compatibility is not guaranteed.
2020-03-09 08:49:09 SparkContext: INFO: Running Spark version 2.4.3
2020-03-09 08:49:09 SparkContext: INFO: Submitted application: Hail
2020-03-09 08:49:09 SparkContext: INFO: Spark configuration:
spark.app.name=Hail
spark.driver.extraClassPath=/anaconda3/envs/hail/lib/python3.6/site-packages/hail/hail-all-spark.jar
spark.driver.maxResultSize=0
spark.executor.extraClassPath=./hail-all-spark.jar
spark.hadoop.google.cloud.auth.service.account.enable=true
spark.hadoop.google.cloud.auth.service.account.json.keyfile=/Users/nbaya/.hail/gcs-keys/gcs-connector-key.json
spark.hadoop.io.compression.codecs=org.apache.hadoop.io.compress.DefaultCodec,is.hail.io.compress.BGzipCodec,is.hail.io.compress.BGzipCodecTbi,org.apache.hadoop.io.compress.GzipCodec
spark.hadoop.mapreduce.input.fileinputformat.split.minsize=0
spark.jars=file:///anaconda3/envs/hail/lib/python3.6/site-packages/hail/hail-all-spark.jar
spark.kryo.registrator=is.hail.kryo.HailKryoRegistrator
spark.kryoserializer.buffer.max=1g
spark.logConf=true
spark.master=local[*]
spark.repl.local.jars=file:///anaconda3/envs/hail/lib/python3.6/site-packages/hail/hail-all-spark.jar
spark.serializer=org.apache.spark.serializer.KryoSerializer
spark.submit.deployMode=client
spark.ui.showConsoleProgress=false
2020-03-09 08:49:09 SecurityManager: INFO: Changing view acls to: nbaya
2020-03-09 08:49:09 SecurityManager: INFO: Changing modify acls to: nbaya
2020-03-09 08:49:09 SecurityManager: INFO: Changing view acls groups to: 
2020-03-09 08:49:09 SecurityManager: INFO: Changing modify acls groups to: 
2020-03-09 08:49:09 SecurityManager: INFO: SecurityManager: authentication disabled; ui acls disabled; users  with view permissions: Set(nbaya); groups with view permissions: Set(); users  with modify permissions: Set(nbaya); groups with modify permissions: Set()
2020-03-09 08:49:10 Utils: INFO: Successfully started service 'sparkDriver' on port 60928.
2020-03-09 08:49:10 SparkEnv: INFO: Registering MapOutputTracker
2020-03-09 08:49:10 SparkEnv: INFO: Registering BlockManagerMaster
2020-03-09 08:49:10 BlockManagerMasterEndpoint: INFO: Using org.apache.spark.storage.DefaultTopologyMapper for getting topology information
2020-03-09 08:49:10 BlockManagerMasterEndpoint: INFO: BlockManagerMasterEndpoint up
2020-03-09 08:49:10 DiskBlockManager: INFO: Created local directory at /private/var/folders/56/q7rh2y5x7hj4n359_13dgwxcmtwz20/T/blockmgr-31634d6f-e43f-45b2-a9f5-3f64355e99bb
2020-03-09 08:49:10 MemoryStore: INFO: MemoryStore started with capacity 366.3 MB
2020-03-09 08:49:10 SparkEnv: INFO: Registering OutputCommitCoordinator
2020-03-09 08:49:10 log: INFO: Logging initialized @2416ms
2020-03-09 08:49:10 Server: INFO: jetty-9.3.z-SNAPSHOT, build timestamp: unknown, git hash: unknown
2020-03-09 08:49:10 Server: INFO: Started @2506ms
2020-03-09 08:49:10 Utils: WARN: Service 'SparkUI' could not bind on port 4040. Attempting port 4041.
2020-03-09 08:49:10 AbstractConnector: INFO: Started ServerConnector@5476f9ea{HTTP/1.1,[http/1.1]}{0.0.0.0:4041}
2020-03-09 08:49:10 Utils: INFO: Successfully started service 'SparkUI' on port 4041.
2020-03-09 08:49:10 ContextHandler: INFO: Started o.s.j.s.ServletContextHandler@71c4f06{/jobs,null,AVAILABLE,@Spark}
2020-03-09 08:49:10 ContextHandler: INFO: Started o.s.j.s.ServletContextHandler@2b262170{/jobs/json,null,AVAILABLE,@Spark}
2020-03-09 08:49:10 ContextHandler: INFO: Started o.s.j.s.ServletContextHandler@1b823b51{/jobs/job,null,AVAILABLE,@Spark}
2020-03-09 08:49:10 ContextHandler: INFO: Started o.s.j.s.ServletContextHandler@19824e6e{/jobs/job/json,null,AVAILABLE,@Spark}
2020-03-09 08:49:10 ContextHandler: INFO: Started o.s.j.s.ServletContextHandler@3b5d18f{/stages,null,AVAILABLE,@Spark}
2020-03-09 08:49:10 ContextHandler: INFO: Started o.s.j.s.ServletContextHandler@9672a1b{/stages/json,null,AVAILABLE,@Spark}
2020-03-09 08:49:10 ContextHandler: INFO: Started o.s.j.s.ServletContextHandler@7443f4eb{/stages/stage,null,AVAILABLE,@Spark}
2020-03-09 08:49:10 ContextHandler: INFO: Started o.s.j.s.ServletContextHandler@622a755e{/stages/stage/json,null,AVAILABLE,@Spark}
2020-03-09 08:49:10 ContextHandler: INFO: Started o.s.j.s.ServletContextHandler@925315c{/stages/pool,null,AVAILABLE,@Spark}
2020-03-09 08:49:10 ContextHandler: INFO: Started o.s.j.s.ServletContextHandler@3f838df6{/stages/pool/json,null,AVAILABLE,@Spark}
2020-03-09 08:49:10 ContextHandler: INFO: Started o.s.j.s.ServletContextHandler@465ade{/storage,null,AVAILABLE,@Spark}
2020-03-09 08:49:10 ContextHandler: INFO: Started o.s.j.s.ServletContextHandler@31f75f0d{/storage/json,null,AVAILABLE,@Spark}
2020-03-09 08:49:10 ContextHandler: INFO: Started o.s.j.s.ServletContextHandler@11f827be{/storage/rdd,null,AVAILABLE,@Spark}
2020-03-09 08:49:10 ContextHandler: INFO: Started o.s.j.s.ServletContextHandler@3237e44a{/storage/rdd/json,null,AVAILABLE,@Spark}
2020-03-09 08:49:10 ContextHandler: INFO: Started o.s.j.s.ServletContextHandler@95c878{/environment,null,AVAILABLE,@Spark}
2020-03-09 08:49:10 ContextHandler: INFO: Started o.s.j.s.ServletContextHandler@b11e050{/environment/json,null,AVAILABLE,@Spark}
2020-03-09 08:49:10 ContextHandler: INFO: Started o.s.j.s.ServletContextHandler@5b84f35b{/executors,null,AVAILABLE,@Spark}
2020-03-09 08:49:10 ContextHandler: INFO: Started o.s.j.s.ServletContextHandler@569c59d5{/executors/json,null,AVAILABLE,@Spark}
2020-03-09 08:49:10 ContextHandler: INFO: Started o.s.j.s.ServletContextHandler@78648d76{/executors/threadDump,null,AVAILABLE,@Spark}
2020-03-09 08:49:10 ContextHandler: INFO: Started o.s.j.s.ServletContextHandler@7cf3f14a{/executors/threadDump/json,null,AVAILABLE,@Spark}
2020-03-09 08:49:10 ContextHandler: INFO: Started o.s.j.s.ServletContextHandler@91dba4{/static,null,AVAILABLE,@Spark}
2020-03-09 08:49:10 ContextHandler: INFO: Started o.s.j.s.ServletContextHandler@50bf42a0{/,null,AVAILABLE,@Spark}
2020-03-09 08:49:10 ContextHandler: INFO: Started o.s.j.s.ServletContextHandler@9fdfe79{/api,null,AVAILABLE,@Spark}
2020-03-09 08:49:10 ContextHandler: INFO: Started o.s.j.s.ServletContextHandler@4bc7293c{/jobs/job/kill,null,AVAILABLE,@Spark}
2020-03-09 08:49:10 ContextHandler: INFO: Started o.s.j.s.ServletContextHandler@7456c0ae{/stages/stage/kill,null,AVAILABLE,@Spark}
2020-03-09 08:49:10 SparkUI: INFO: Bound SparkUI to 0.0.0.0, and started at http://wm65b-8a9.broadinstitute.org:4041
2020-03-09 08:49:10 SparkContext: INFO: Added JAR file:///anaconda3/envs/hail/lib/python3.6/site-packages/hail/hail-all-spark.jar at spark://wm65b-8a9.broadinstitute.org:60928/jars/hail-all-spark.jar with timestamp 1583758150568
2020-03-09 08:49:10 Executor: INFO: Starting executor ID driver on host localhost
2020-03-09 08:49:10 Utils: INFO: Successfully started service 'org.apache.spark.network.netty.NettyBlockTransferService' on port 60929.
2020-03-09 08:49:10 NettyBlockTransferService: INFO: Server created on wm65b-8a9.broadinstitute.org:60929
2020-03-09 08:49:10 BlockManager: INFO: Using org.apache.spark.storage.RandomBlockReplicationPolicy for block replication policy
2020-03-09 08:49:10 BlockManagerMaster: INFO: Registering BlockManager BlockManagerId(driver, wm65b-8a9.broadinstitute.org, 60929, None)
2020-03-09 08:49:10 BlockManagerMasterEndpoint: INFO: Registering block manager wm65b-8a9.broadinstitute.org:60929 with 366.3 MB RAM, BlockManagerId(driver, wm65b-8a9.broadinstitute.org, 60929, None)
2020-03-09 08:49:10 BlockManagerMaster: INFO: Registered BlockManager BlockManagerId(driver, wm65b-8a9.broadinstitute.org, 60929, None)
2020-03-09 08:49:10 BlockManager: INFO: Initialized BlockManager: BlockManagerId(driver, wm65b-8a9.broadinstitute.org, 60929, None)
2020-03-09 08:49:10 ContextHandler: INFO: Started o.s.j.s.ServletContextHandler@392fed6f{/metrics/json,null,AVAILABLE,@Spark}
2020-03-09 08:49:10 Hail: INFO: Hail temporary directory: file:/tmp/hail.BmFdIduC5Sec
2020-03-09 08:49:10 Hail: INFO: SparkUI: http://wm65b-8a9.broadinstitute.org:4041
2020-03-09 08:49:10 Hail: INFO: Running Hail version 0.2.33-5d8cae649505
2020-03-09 08:49:11 SparkContext: WARN: Using an existing SparkContext; some configuration may not take effect.
2020-03-09 10:29:53 SparkContext: INFO: Invoking stop() from shutdown hook
2020-03-09 10:29:53 AbstractConnector: INFO: Stopped Spark@5476f9ea{HTTP/1.1,[http/1.1]}{0.0.0.0:4041}
2020-03-09 10:29:53 SparkUI: INFO: Stopped Spark web UI at http://wm65b-8a9.broadinstitute.org:4041
2020-03-09 10:29:53 MapOutputTrackerMasterEndpoint: INFO: MapOutputTrackerMasterEndpoint stopped!
2020-03-09 10:29:53 MemoryStore: INFO: MemoryStore cleared
2020-03-09 10:29:53 BlockManager: INFO: BlockManager stopped
2020-03-09 10:29:53 BlockManagerMaster: INFO: BlockManagerMaster stopped
2020-03-09 10:29:53 OutputCommitCoordinator$OutputCommitCoordinatorEndpoint: INFO: OutputCommitCoordinator stopped!
2020-03-09 10:29:53 SparkContext: INFO: Successfully stopped SparkContext
2020-03-09 10:29:53 ShutdownHookManager: INFO: Shutdown hook called
2020-03-09 10:29:53 ShutdownHookManager: INFO: Deleting directory /private/var/folders/56/q7rh2y5x7hj4n359_13dgwxcmtwz20/T/spark-ed389d3e-2b72-4dcb-9a57-74858b990431
2020-03-09 10:29:53 ShutdownHookManager: INFO: Deleting directory /private/var/folders/56/q7rh2y5x7hj4n359_13dgwxcmtwz20/T/spark-195aced2-4f1f-4000-b267-45f820cd1754
2020-03-09 10:29:53 ShutdownHookManager: INFO: Deleting directory /private/var/folders/56/q7rh2y5x7hj4n359_13dgwxcmtwz20/T/spark-ed389d3e-2b72-4dcb-9a57-74858b990431/pyspark-e7efd972-ccdc-4c06-9334-67aaff3573db
