2020-03-19 08:41:46 Hail: WARN: This Hail JAR was compiled for Spark 2.4.0, running with Spark 2.4.3.
  Compatibility is not guaranteed.
2020-03-19 08:41:46 SparkContext: INFO: Running Spark version 2.4.3
2020-03-19 08:41:46 SparkContext: INFO: Submitted application: Hail
2020-03-19 08:41:46 SparkContext: INFO: Spark configuration:
spark.app.name=Hail
spark.driver.extraClassPath=/anaconda3/envs/hail/lib/python3.6/site-packages/hail/hail-all-spark.jar
spark.driver.maxResultSize=0
spark.executor.extraClassPath=./hail-all-spark.jar
spark.hadoop.google.cloud.auth.service.account.enable=true
spark.hadoop.google.cloud.auth.service.account.json.keyfile=/Users/nbaya/.hail/gcs-keys/gcs-connector-key.json
spark.hadoop.io.compression.codecs=org.apache.hadoop.io.compress.DefaultCodec,is.hail.io.compress.BGzipCodec,is.hail.io.compress.BGzipCodecTbi,org.apache.hadoop.io.compress.GzipCodec
spark.hadoop.mapreduce.input.fileinputformat.split.minsize=0
spark.jars=file:///anaconda3/envs/hail/lib/python3.6/site-packages/hail/hail-all-spark.jar
spark.kryo.registrator=is.hail.kryo.HailKryoRegistrator
spark.kryoserializer.buffer.max=1g
spark.logConf=true
spark.master=local[*]
spark.repl.local.jars=file:///anaconda3/envs/hail/lib/python3.6/site-packages/hail/hail-all-spark.jar
spark.serializer=org.apache.spark.serializer.KryoSerializer
spark.submit.deployMode=client
spark.ui.showConsoleProgress=false
2020-03-19 08:41:46 SecurityManager: INFO: Changing view acls to: nbaya
2020-03-19 08:41:46 SecurityManager: INFO: Changing modify acls to: nbaya
2020-03-19 08:41:46 SecurityManager: INFO: Changing view acls groups to: 
2020-03-19 08:41:46 SecurityManager: INFO: Changing modify acls groups to: 
2020-03-19 08:41:46 SecurityManager: INFO: SecurityManager: authentication disabled; ui acls disabled; users  with view permissions: Set(nbaya); groups with view permissions: Set(); users  with modify permissions: Set(nbaya); groups with modify permissions: Set()
2020-03-19 08:41:46 Utils: INFO: Successfully started service 'sparkDriver' on port 49370.
2020-03-19 08:41:46 SparkEnv: INFO: Registering MapOutputTracker
2020-03-19 08:41:46 SparkEnv: INFO: Registering BlockManagerMaster
2020-03-19 08:41:46 BlockManagerMasterEndpoint: INFO: Using org.apache.spark.storage.DefaultTopologyMapper for getting topology information
2020-03-19 08:41:46 BlockManagerMasterEndpoint: INFO: BlockManagerMasterEndpoint up
2020-03-19 08:41:46 DiskBlockManager: INFO: Created local directory at /private/var/folders/56/q7rh2y5x7hj4n359_13dgwxcmtwz20/T/blockmgr-73b35f38-ea7c-4e10-a11b-ae75b39f876a
2020-03-19 08:41:46 MemoryStore: INFO: MemoryStore started with capacity 366.3 MB
2020-03-19 08:41:46 SparkEnv: INFO: Registering OutputCommitCoordinator
2020-03-19 08:41:47 log: INFO: Logging initialized @3246ms
2020-03-19 08:41:47 Server: INFO: jetty-9.3.z-SNAPSHOT, build timestamp: unknown, git hash: unknown
2020-03-19 08:41:47 Server: INFO: Started @3346ms
2020-03-19 08:41:47 Utils: WARN: Service 'SparkUI' could not bind on port 4040. Attempting port 4041.
2020-03-19 08:41:47 AbstractConnector: INFO: Started ServerConnector@283add02{HTTP/1.1,[http/1.1]}{0.0.0.0:4041}
2020-03-19 08:41:47 Utils: INFO: Successfully started service 'SparkUI' on port 4041.
2020-03-19 08:41:47 ContextHandler: INFO: Started o.s.j.s.ServletContextHandler@310889aa{/jobs,null,AVAILABLE,@Spark}
2020-03-19 08:41:47 ContextHandler: INFO: Started o.s.j.s.ServletContextHandler@511e8631{/jobs/json,null,AVAILABLE,@Spark}
2020-03-19 08:41:47 ContextHandler: INFO: Started o.s.j.s.ServletContextHandler@55b3b6a2{/jobs/job,null,AVAILABLE,@Spark}
2020-03-19 08:41:47 ContextHandler: INFO: Started o.s.j.s.ServletContextHandler@4beaacee{/jobs/job/json,null,AVAILABLE,@Spark}
2020-03-19 08:41:47 ContextHandler: INFO: Started o.s.j.s.ServletContextHandler@6e6094ac{/stages,null,AVAILABLE,@Spark}
2020-03-19 08:41:47 ContextHandler: INFO: Started o.s.j.s.ServletContextHandler@26ae3964{/stages/json,null,AVAILABLE,@Spark}
2020-03-19 08:41:47 ContextHandler: INFO: Started o.s.j.s.ServletContextHandler@2dcee4fb{/stages/stage,null,AVAILABLE,@Spark}
2020-03-19 08:41:47 ContextHandler: INFO: Started o.s.j.s.ServletContextHandler@ec0e000{/stages/stage/json,null,AVAILABLE,@Spark}
2020-03-19 08:41:47 ContextHandler: INFO: Started o.s.j.s.ServletContextHandler@54f3241f{/stages/pool,null,AVAILABLE,@Spark}
2020-03-19 08:41:47 ContextHandler: INFO: Started o.s.j.s.ServletContextHandler@af3d0d1{/stages/pool/json,null,AVAILABLE,@Spark}
2020-03-19 08:41:47 ContextHandler: INFO: Started o.s.j.s.ServletContextHandler@47f606d3{/storage,null,AVAILABLE,@Spark}
2020-03-19 08:41:47 ContextHandler: INFO: Started o.s.j.s.ServletContextHandler@4ebf2ecd{/storage/json,null,AVAILABLE,@Spark}
2020-03-19 08:41:47 ContextHandler: INFO: Started o.s.j.s.ServletContextHandler@3a138d9{/storage/rdd,null,AVAILABLE,@Spark}
2020-03-19 08:41:47 ContextHandler: INFO: Started o.s.j.s.ServletContextHandler@17c01524{/storage/rdd/json,null,AVAILABLE,@Spark}
2020-03-19 08:41:47 ContextHandler: INFO: Started o.s.j.s.ServletContextHandler@60f74991{/environment,null,AVAILABLE,@Spark}
2020-03-19 08:41:47 ContextHandler: INFO: Started o.s.j.s.ServletContextHandler@5709da04{/environment/json,null,AVAILABLE,@Spark}
2020-03-19 08:41:47 ContextHandler: INFO: Started o.s.j.s.ServletContextHandler@5d6457cc{/executors,null,AVAILABLE,@Spark}
2020-03-19 08:41:47 ContextHandler: INFO: Started o.s.j.s.ServletContextHandler@4a1a1071{/executors/json,null,AVAILABLE,@Spark}
2020-03-19 08:41:47 ContextHandler: INFO: Started o.s.j.s.ServletContextHandler@10fb7362{/executors/threadDump,null,AVAILABLE,@Spark}
2020-03-19 08:41:47 ContextHandler: INFO: Started o.s.j.s.ServletContextHandler@9bb4283{/executors/threadDump/json,null,AVAILABLE,@Spark}
2020-03-19 08:41:47 ContextHandler: INFO: Started o.s.j.s.ServletContextHandler@769eae4f{/static,null,AVAILABLE,@Spark}
2020-03-19 08:41:47 ContextHandler: INFO: Started o.s.j.s.ServletContextHandler@304bcbd5{/,null,AVAILABLE,@Spark}
2020-03-19 08:41:47 ContextHandler: INFO: Started o.s.j.s.ServletContextHandler@7f6a9263{/api,null,AVAILABLE,@Spark}
2020-03-19 08:41:47 ContextHandler: INFO: Started o.s.j.s.ServletContextHandler@2fb00cb1{/jobs/job/kill,null,AVAILABLE,@Spark}
2020-03-19 08:41:47 ContextHandler: INFO: Started o.s.j.s.ServletContextHandler@51697623{/stages/stage/kill,null,AVAILABLE,@Spark}
2020-03-19 08:41:47 SparkUI: INFO: Bound SparkUI to 0.0.0.0, and started at http://192.168.0.110:4041
2020-03-19 08:41:47 SparkContext: INFO: Added JAR file:///anaconda3/envs/hail/lib/python3.6/site-packages/hail/hail-all-spark.jar at spark://192.168.0.110:49370/jars/hail-all-spark.jar with timestamp 1584621707272
2020-03-19 08:41:47 Executor: INFO: Starting executor ID driver on host localhost
2020-03-19 08:41:47 Utils: INFO: Successfully started service 'org.apache.spark.network.netty.NettyBlockTransferService' on port 49371.
2020-03-19 08:41:47 NettyBlockTransferService: INFO: Server created on 192.168.0.110:49371
2020-03-19 08:41:47 BlockManager: INFO: Using org.apache.spark.storage.RandomBlockReplicationPolicy for block replication policy
2020-03-19 08:41:47 BlockManagerMaster: INFO: Registering BlockManager BlockManagerId(driver, 192.168.0.110, 49371, None)
2020-03-19 08:41:47 BlockManagerMasterEndpoint: INFO: Registering block manager 192.168.0.110:49371 with 366.3 MB RAM, BlockManagerId(driver, 192.168.0.110, 49371, None)
2020-03-19 08:41:47 BlockManagerMaster: INFO: Registered BlockManager BlockManagerId(driver, 192.168.0.110, 49371, None)
2020-03-19 08:41:47 BlockManager: INFO: Initialized BlockManager: BlockManagerId(driver, 192.168.0.110, 49371, None)
2020-03-19 08:41:47 ContextHandler: INFO: Started o.s.j.s.ServletContextHandler@2381de07{/metrics/json,null,AVAILABLE,@Spark}
2020-03-19 08:41:47 Hail: INFO: Hail temporary directory: file:/tmp/hail.Xq8kERzylCmi
2020-03-19 08:41:47 Hail: INFO: SparkUI: http://192.168.0.110:4041
2020-03-19 08:41:47 Hail: INFO: Running Hail version 0.2.34-914bd8a10ca2
2020-03-19 08:41:48 SparkContext: WARN: Using an existing SparkContext; some configuration may not take effect.
2020-03-19 08:49:59 SparkContext: INFO: Invoking stop() from shutdown hook
2020-03-19 08:49:59 AbstractConnector: INFO: Stopped Spark@283add02{HTTP/1.1,[http/1.1]}{0.0.0.0:4041}
2020-03-19 08:49:59 SparkUI: INFO: Stopped Spark web UI at http://192.168.0.110:4041
2020-03-19 08:49:59 MapOutputTrackerMasterEndpoint: INFO: MapOutputTrackerMasterEndpoint stopped!
2020-03-19 08:49:59 MemoryStore: INFO: MemoryStore cleared
2020-03-19 08:49:59 BlockManager: INFO: BlockManager stopped
2020-03-19 08:49:59 BlockManagerMaster: INFO: BlockManagerMaster stopped
2020-03-19 08:49:59 OutputCommitCoordinator$OutputCommitCoordinatorEndpoint: INFO: OutputCommitCoordinator stopped!
2020-03-19 08:49:59 SparkContext: INFO: Successfully stopped SparkContext
2020-03-19 08:49:59 ShutdownHookManager: INFO: Shutdown hook called
2020-03-19 08:49:59 ShutdownHookManager: INFO: Deleting directory /private/var/folders/56/q7rh2y5x7hj4n359_13dgwxcmtwz20/T/spark-f328519f-aecc-4dea-9f3e-4070d1bcebda
2020-03-19 08:49:59 ShutdownHookManager: INFO: Deleting directory /private/var/folders/56/q7rh2y5x7hj4n359_13dgwxcmtwz20/T/spark-17a805da-b966-4d82-83de-c022ec5d633f
2020-03-19 08:49:59 ShutdownHookManager: INFO: Deleting directory /private/var/folders/56/q7rh2y5x7hj4n359_13dgwxcmtwz20/T/spark-17a805da-b966-4d82-83de-c022ec5d633f/pyspark-116892ff-19cc-43e4-bdbc-1929c7114945
