2020-03-19 13:50:31 Hail: WARN: This Hail JAR was compiled for Spark 2.4.0, running with Spark 2.4.3.
  Compatibility is not guaranteed.
2020-03-19 13:50:31 SparkContext: INFO: Running Spark version 2.4.3
2020-03-19 13:50:31 SparkContext: INFO: Submitted application: Hail
2020-03-19 13:50:31 SparkContext: INFO: Spark configuration:
spark.app.name=Hail
spark.driver.extraClassPath=/anaconda3/envs/hail/lib/python3.6/site-packages/hail/hail-all-spark.jar
spark.driver.maxResultSize=0
spark.executor.extraClassPath=./hail-all-spark.jar
spark.hadoop.google.cloud.auth.service.account.enable=true
spark.hadoop.google.cloud.auth.service.account.json.keyfile=/Users/nbaya/.hail/gcs-keys/gcs-connector-key.json
spark.hadoop.io.compression.codecs=org.apache.hadoop.io.compress.DefaultCodec,is.hail.io.compress.BGzipCodec,is.hail.io.compress.BGzipCodecTbi,org.apache.hadoop.io.compress.GzipCodec
spark.hadoop.mapreduce.input.fileinputformat.split.minsize=0
spark.jars=file:///anaconda3/envs/hail/lib/python3.6/site-packages/hail/hail-all-spark.jar
spark.kryo.registrator=is.hail.kryo.HailKryoRegistrator
spark.kryoserializer.buffer.max=1g
spark.logConf=true
spark.master=local[*]
spark.repl.local.jars=file:///anaconda3/envs/hail/lib/python3.6/site-packages/hail/hail-all-spark.jar
spark.serializer=org.apache.spark.serializer.KryoSerializer
spark.submit.deployMode=client
spark.ui.showConsoleProgress=false
2020-03-19 13:50:31 SecurityManager: INFO: Changing view acls to: nbaya
2020-03-19 13:50:31 SecurityManager: INFO: Changing modify acls to: nbaya
2020-03-19 13:50:31 SecurityManager: INFO: Changing view acls groups to: 
2020-03-19 13:50:31 SecurityManager: INFO: Changing modify acls groups to: 
2020-03-19 13:50:31 SecurityManager: INFO: SecurityManager: authentication disabled; ui acls disabled; users  with view permissions: Set(nbaya); groups with view permissions: Set(); users  with modify permissions: Set(nbaya); groups with modify permissions: Set()
2020-03-19 13:50:32 Utils: INFO: Successfully started service 'sparkDriver' on port 51440.
2020-03-19 13:50:32 SparkEnv: INFO: Registering MapOutputTracker
2020-03-19 13:50:32 SparkEnv: INFO: Registering BlockManagerMaster
2020-03-19 13:50:32 BlockManagerMasterEndpoint: INFO: Using org.apache.spark.storage.DefaultTopologyMapper for getting topology information
2020-03-19 13:50:32 BlockManagerMasterEndpoint: INFO: BlockManagerMasterEndpoint up
2020-03-19 13:50:32 DiskBlockManager: INFO: Created local directory at /private/var/folders/56/q7rh2y5x7hj4n359_13dgwxcmtwz20/T/blockmgr-6b850b6f-3e7a-4e67-93d9-a88d25d991ac
2020-03-19 13:50:32 MemoryStore: INFO: MemoryStore started with capacity 366.3 MB
2020-03-19 13:50:32 SparkEnv: INFO: Registering OutputCommitCoordinator
2020-03-19 13:50:32 log: INFO: Logging initialized @3064ms
2020-03-19 13:50:32 Server: INFO: jetty-9.3.z-SNAPSHOT, build timestamp: unknown, git hash: unknown
2020-03-19 13:50:32 Server: INFO: Started @3170ms
2020-03-19 13:50:32 Utils: WARN: Service 'SparkUI' could not bind on port 4040. Attempting port 4041.
2020-03-19 13:50:32 Utils: WARN: Service 'SparkUI' could not bind on port 4041. Attempting port 4042.
2020-03-19 13:50:32 AbstractConnector: INFO: Started ServerConnector@34470688{HTTP/1.1,[http/1.1]}{0.0.0.0:4042}
2020-03-19 13:50:32 Utils: INFO: Successfully started service 'SparkUI' on port 4042.
2020-03-19 13:50:32 ContextHandler: INFO: Started o.s.j.s.ServletContextHandler@f0912ae{/jobs,null,AVAILABLE,@Spark}
2020-03-19 13:50:32 ContextHandler: INFO: Started o.s.j.s.ServletContextHandler@66a784cd{/jobs/json,null,AVAILABLE,@Spark}
2020-03-19 13:50:32 ContextHandler: INFO: Started o.s.j.s.ServletContextHandler@2034c2be{/jobs/job,null,AVAILABLE,@Spark}
2020-03-19 13:50:32 ContextHandler: INFO: Started o.s.j.s.ServletContextHandler@5f33cb78{/jobs/job/json,null,AVAILABLE,@Spark}
2020-03-19 13:50:32 ContextHandler: INFO: Started o.s.j.s.ServletContextHandler@5e8bdbf{/stages,null,AVAILABLE,@Spark}
2020-03-19 13:50:32 ContextHandler: INFO: Started o.s.j.s.ServletContextHandler@34fbe8e{/stages/json,null,AVAILABLE,@Spark}
2020-03-19 13:50:32 ContextHandler: INFO: Started o.s.j.s.ServletContextHandler@fb3dbec{/stages/stage,null,AVAILABLE,@Spark}
2020-03-19 13:50:32 ContextHandler: INFO: Started o.s.j.s.ServletContextHandler@709a84cb{/stages/stage/json,null,AVAILABLE,@Spark}
2020-03-19 13:50:32 ContextHandler: INFO: Started o.s.j.s.ServletContextHandler@61e75d8f{/stages/pool,null,AVAILABLE,@Spark}
2020-03-19 13:50:32 ContextHandler: INFO: Started o.s.j.s.ServletContextHandler@7a2d613b{/stages/pool/json,null,AVAILABLE,@Spark}
2020-03-19 13:50:32 ContextHandler: INFO: Started o.s.j.s.ServletContextHandler@b0143ce{/storage,null,AVAILABLE,@Spark}
2020-03-19 13:50:32 ContextHandler: INFO: Started o.s.j.s.ServletContextHandler@2f1932b9{/storage/json,null,AVAILABLE,@Spark}
2020-03-19 13:50:32 ContextHandler: INFO: Started o.s.j.s.ServletContextHandler@744919f0{/storage/rdd,null,AVAILABLE,@Spark}
2020-03-19 13:50:32 ContextHandler: INFO: Started o.s.j.s.ServletContextHandler@657c8afb{/storage/rdd/json,null,AVAILABLE,@Spark}
2020-03-19 13:50:32 ContextHandler: INFO: Started o.s.j.s.ServletContextHandler@64e2aaa9{/environment,null,AVAILABLE,@Spark}
2020-03-19 13:50:32 ContextHandler: INFO: Started o.s.j.s.ServletContextHandler@288c076{/environment/json,null,AVAILABLE,@Spark}
2020-03-19 13:50:32 ContextHandler: INFO: Started o.s.j.s.ServletContextHandler@3e32df4e{/executors,null,AVAILABLE,@Spark}
2020-03-19 13:50:32 ContextHandler: INFO: Started o.s.j.s.ServletContextHandler@3f98a121{/executors/json,null,AVAILABLE,@Spark}
2020-03-19 13:50:32 ContextHandler: INFO: Started o.s.j.s.ServletContextHandler@4edee399{/executors/threadDump,null,AVAILABLE,@Spark}
2020-03-19 13:50:32 ContextHandler: INFO: Started o.s.j.s.ServletContextHandler@a111144{/executors/threadDump/json,null,AVAILABLE,@Spark}
2020-03-19 13:50:32 ContextHandler: INFO: Started o.s.j.s.ServletContextHandler@227177e7{/static,null,AVAILABLE,@Spark}
2020-03-19 13:50:32 ContextHandler: INFO: Started o.s.j.s.ServletContextHandler@6fb793c8{/,null,AVAILABLE,@Spark}
2020-03-19 13:50:32 ContextHandler: INFO: Started o.s.j.s.ServletContextHandler@1a8b4d8b{/api,null,AVAILABLE,@Spark}
2020-03-19 13:50:32 ContextHandler: INFO: Started o.s.j.s.ServletContextHandler@13cdb3e{/jobs/job/kill,null,AVAILABLE,@Spark}
2020-03-19 13:50:32 ContextHandler: INFO: Started o.s.j.s.ServletContextHandler@57404faf{/stages/stage/kill,null,AVAILABLE,@Spark}
2020-03-19 13:50:32 SparkUI: INFO: Bound SparkUI to 0.0.0.0, and started at http://192.168.0.110:4042
2020-03-19 13:50:32 SparkContext: INFO: Added JAR file:///anaconda3/envs/hail/lib/python3.6/site-packages/hail/hail-all-spark.jar at spark://192.168.0.110:51440/jars/hail-all-spark.jar with timestamp 1584640232829
2020-03-19 13:50:32 Executor: INFO: Starting executor ID driver on host localhost
2020-03-19 13:50:32 Utils: INFO: Successfully started service 'org.apache.spark.network.netty.NettyBlockTransferService' on port 51441.
2020-03-19 13:50:32 NettyBlockTransferService: INFO: Server created on 192.168.0.110:51441
2020-03-19 13:50:32 BlockManager: INFO: Using org.apache.spark.storage.RandomBlockReplicationPolicy for block replication policy
2020-03-19 13:50:33 BlockManagerMaster: INFO: Registering BlockManager BlockManagerId(driver, 192.168.0.110, 51441, None)
2020-03-19 13:50:33 BlockManagerMasterEndpoint: INFO: Registering block manager 192.168.0.110:51441 with 366.3 MB RAM, BlockManagerId(driver, 192.168.0.110, 51441, None)
2020-03-19 13:50:33 BlockManagerMaster: INFO: Registered BlockManager BlockManagerId(driver, 192.168.0.110, 51441, None)
2020-03-19 13:50:33 BlockManager: INFO: Initialized BlockManager: BlockManagerId(driver, 192.168.0.110, 51441, None)
2020-03-19 13:50:33 ContextHandler: INFO: Started o.s.j.s.ServletContextHandler@945c06c{/metrics/json,null,AVAILABLE,@Spark}
2020-03-19 13:50:33 Hail: INFO: Hail temporary directory: file:/tmp/hail.Aq1EpzVHTNZV
2020-03-19 13:50:33 Hail: INFO: SparkUI: http://192.168.0.110:4042
2020-03-19 13:50:33 Hail: INFO: Running Hail version 0.2.34-914bd8a10ca2
2020-03-19 13:50:34 SparkContext: WARN: Using an existing SparkContext; some configuration may not take effect.
2020-03-19 13:51:04 SparkContext: INFO: Invoking stop() from shutdown hook
2020-03-19 13:51:04 AbstractConnector: INFO: Stopped Spark@34470688{HTTP/1.1,[http/1.1]}{0.0.0.0:4042}
2020-03-19 13:51:04 SparkUI: INFO: Stopped Spark web UI at http://192.168.0.110:4042
2020-03-19 13:51:04 MapOutputTrackerMasterEndpoint: INFO: MapOutputTrackerMasterEndpoint stopped!
2020-03-19 13:51:04 MemoryStore: INFO: MemoryStore cleared
2020-03-19 13:51:04 BlockManager: INFO: BlockManager stopped
2020-03-19 13:51:04 BlockManagerMaster: INFO: BlockManagerMaster stopped
2020-03-19 13:51:04 OutputCommitCoordinator$OutputCommitCoordinatorEndpoint: INFO: OutputCommitCoordinator stopped!
2020-03-19 13:51:04 SparkContext: INFO: Successfully stopped SparkContext
2020-03-19 13:51:04 ShutdownHookManager: INFO: Shutdown hook called
2020-03-19 13:51:04 ShutdownHookManager: INFO: Deleting directory /private/var/folders/56/q7rh2y5x7hj4n359_13dgwxcmtwz20/T/spark-f22a60d7-f525-423c-8ee5-22a58164271e
2020-03-19 13:51:04 ShutdownHookManager: INFO: Deleting directory /private/var/folders/56/q7rh2y5x7hj4n359_13dgwxcmtwz20/T/spark-f22a60d7-f525-423c-8ee5-22a58164271e/pyspark-5ca8085c-ebac-41c0-b611-b68ade262d92
2020-03-19 13:51:04 ShutdownHookManager: INFO: Deleting directory /private/var/folders/56/q7rh2y5x7hj4n359_13dgwxcmtwz20/T/spark-fc44e25d-9b68-477d-9472-c1157d8407c1
