2020-03-19 13:29:17 Hail: WARN: This Hail JAR was compiled for Spark 2.4.0, running with Spark 2.4.3.
  Compatibility is not guaranteed.
2020-03-19 13:29:17 SparkContext: INFO: Running Spark version 2.4.3
2020-03-19 13:29:17 SparkContext: INFO: Submitted application: Hail
2020-03-19 13:29:17 SparkContext: INFO: Spark configuration:
spark.app.name=Hail
spark.driver.extraClassPath=/anaconda3/envs/hail/lib/python3.6/site-packages/hail/hail-all-spark.jar
spark.driver.maxResultSize=0
spark.executor.extraClassPath=./hail-all-spark.jar
spark.hadoop.google.cloud.auth.service.account.enable=true
spark.hadoop.google.cloud.auth.service.account.json.keyfile=/Users/nbaya/.hail/gcs-keys/gcs-connector-key.json
spark.hadoop.io.compression.codecs=org.apache.hadoop.io.compress.DefaultCodec,is.hail.io.compress.BGzipCodec,is.hail.io.compress.BGzipCodecTbi,org.apache.hadoop.io.compress.GzipCodec
spark.hadoop.mapreduce.input.fileinputformat.split.minsize=0
spark.jars=file:///anaconda3/envs/hail/lib/python3.6/site-packages/hail/hail-all-spark.jar
spark.kryo.registrator=is.hail.kryo.HailKryoRegistrator
spark.kryoserializer.buffer.max=1g
spark.logConf=true
spark.master=local[*]
spark.repl.local.jars=file:///anaconda3/envs/hail/lib/python3.6/site-packages/hail/hail-all-spark.jar
spark.serializer=org.apache.spark.serializer.KryoSerializer
spark.submit.deployMode=client
spark.ui.showConsoleProgress=false
2020-03-19 13:29:17 SecurityManager: INFO: Changing view acls to: nbaya
2020-03-19 13:29:17 SecurityManager: INFO: Changing modify acls to: nbaya
2020-03-19 13:29:17 SecurityManager: INFO: Changing view acls groups to: 
2020-03-19 13:29:17 SecurityManager: INFO: Changing modify acls groups to: 
2020-03-19 13:29:17 SecurityManager: INFO: SecurityManager: authentication disabled; ui acls disabled; users  with view permissions: Set(nbaya); groups with view permissions: Set(); users  with modify permissions: Set(nbaya); groups with modify permissions: Set()
2020-03-19 13:29:17 Utils: INFO: Successfully started service 'sparkDriver' on port 51276.
2020-03-19 13:29:17 SparkEnv: INFO: Registering MapOutputTracker
2020-03-19 13:29:17 SparkEnv: INFO: Registering BlockManagerMaster
2020-03-19 13:29:17 BlockManagerMasterEndpoint: INFO: Using org.apache.spark.storage.DefaultTopologyMapper for getting topology information
2020-03-19 13:29:17 BlockManagerMasterEndpoint: INFO: BlockManagerMasterEndpoint up
2020-03-19 13:29:17 DiskBlockManager: INFO: Created local directory at /private/var/folders/56/q7rh2y5x7hj4n359_13dgwxcmtwz20/T/blockmgr-025958e9-b840-4277-88ac-e5611d5d6db3
2020-03-19 13:29:17 MemoryStore: INFO: MemoryStore started with capacity 366.3 MB
2020-03-19 13:29:17 SparkEnv: INFO: Registering OutputCommitCoordinator
2020-03-19 13:29:17 log: INFO: Logging initialized @3137ms
2020-03-19 13:29:17 Server: INFO: jetty-9.3.z-SNAPSHOT, build timestamp: unknown, git hash: unknown
2020-03-19 13:29:17 Server: INFO: Started @3256ms
2020-03-19 13:29:17 Utils: WARN: Service 'SparkUI' could not bind on port 4040. Attempting port 4041.
2020-03-19 13:29:18 AbstractConnector: INFO: Started ServerConnector@5a5c2de8{HTTP/1.1,[http/1.1]}{0.0.0.0:4041}
2020-03-19 13:29:18 Utils: INFO: Successfully started service 'SparkUI' on port 4041.
2020-03-19 13:29:18 ContextHandler: INFO: Started o.s.j.s.ServletContextHandler@2a3d74cb{/jobs,null,AVAILABLE,@Spark}
2020-03-19 13:29:18 ContextHandler: INFO: Started o.s.j.s.ServletContextHandler@5e2d52cd{/jobs/json,null,AVAILABLE,@Spark}
2020-03-19 13:29:18 ContextHandler: INFO: Started o.s.j.s.ServletContextHandler@6982f944{/jobs/job,null,AVAILABLE,@Spark}
2020-03-19 13:29:18 ContextHandler: INFO: Started o.s.j.s.ServletContextHandler@1614098b{/jobs/job/json,null,AVAILABLE,@Spark}
2020-03-19 13:29:18 ContextHandler: INFO: Started o.s.j.s.ServletContextHandler@229b9abe{/stages,null,AVAILABLE,@Spark}
2020-03-19 13:29:18 ContextHandler: INFO: Started o.s.j.s.ServletContextHandler@5cad1f70{/stages/json,null,AVAILABLE,@Spark}
2020-03-19 13:29:18 ContextHandler: INFO: Started o.s.j.s.ServletContextHandler@2b72ae08{/stages/stage,null,AVAILABLE,@Spark}
2020-03-19 13:29:18 ContextHandler: INFO: Started o.s.j.s.ServletContextHandler@57ce4041{/stages/stage/json,null,AVAILABLE,@Spark}
2020-03-19 13:29:18 ContextHandler: INFO: Started o.s.j.s.ServletContextHandler@6972b65e{/stages/pool,null,AVAILABLE,@Spark}
2020-03-19 13:29:18 ContextHandler: INFO: Started o.s.j.s.ServletContextHandler@1183f08e{/stages/pool/json,null,AVAILABLE,@Spark}
2020-03-19 13:29:18 ContextHandler: INFO: Started o.s.j.s.ServletContextHandler@16863da8{/storage,null,AVAILABLE,@Spark}
2020-03-19 13:29:18 ContextHandler: INFO: Started o.s.j.s.ServletContextHandler@33efab71{/storage/json,null,AVAILABLE,@Spark}
2020-03-19 13:29:18 ContextHandler: INFO: Started o.s.j.s.ServletContextHandler@4fd32b14{/storage/rdd,null,AVAILABLE,@Spark}
2020-03-19 13:29:18 ContextHandler: INFO: Started o.s.j.s.ServletContextHandler@415ab5e0{/storage/rdd/json,null,AVAILABLE,@Spark}
2020-03-19 13:29:18 ContextHandler: INFO: Started o.s.j.s.ServletContextHandler@6696ab1e{/environment,null,AVAILABLE,@Spark}
2020-03-19 13:29:18 ContextHandler: INFO: Started o.s.j.s.ServletContextHandler@286c209e{/environment/json,null,AVAILABLE,@Spark}
2020-03-19 13:29:18 ContextHandler: INFO: Started o.s.j.s.ServletContextHandler@7eb1350c{/executors,null,AVAILABLE,@Spark}
2020-03-19 13:29:18 ContextHandler: INFO: Started o.s.j.s.ServletContextHandler@6ad06a8f{/executors/json,null,AVAILABLE,@Spark}
2020-03-19 13:29:18 ContextHandler: INFO: Started o.s.j.s.ServletContextHandler@394df290{/executors/threadDump,null,AVAILABLE,@Spark}
2020-03-19 13:29:18 ContextHandler: INFO: Started o.s.j.s.ServletContextHandler@70ec4df7{/executors/threadDump/json,null,AVAILABLE,@Spark}
2020-03-19 13:29:18 ContextHandler: INFO: Started o.s.j.s.ServletContextHandler@7821fb3{/static,null,AVAILABLE,@Spark}
2020-03-19 13:29:18 ContextHandler: INFO: Started o.s.j.s.ServletContextHandler@44cb1cbc{/,null,AVAILABLE,@Spark}
2020-03-19 13:29:18 ContextHandler: INFO: Started o.s.j.s.ServletContextHandler@33fac151{/api,null,AVAILABLE,@Spark}
2020-03-19 13:29:18 ContextHandler: INFO: Started o.s.j.s.ServletContextHandler@34814f62{/jobs/job/kill,null,AVAILABLE,@Spark}
2020-03-19 13:29:18 ContextHandler: INFO: Started o.s.j.s.ServletContextHandler@211628d4{/stages/stage/kill,null,AVAILABLE,@Spark}
2020-03-19 13:29:18 SparkUI: INFO: Bound SparkUI to 0.0.0.0, and started at http://192.168.0.110:4041
2020-03-19 13:29:18 SparkContext: INFO: Added JAR file:///anaconda3/envs/hail/lib/python3.6/site-packages/hail/hail-all-spark.jar at spark://192.168.0.110:51276/jars/hail-all-spark.jar with timestamp 1584638958092
2020-03-19 13:29:18 Executor: INFO: Starting executor ID driver on host localhost
2020-03-19 13:29:18 Utils: INFO: Successfully started service 'org.apache.spark.network.netty.NettyBlockTransferService' on port 51277.
2020-03-19 13:29:18 NettyBlockTransferService: INFO: Server created on 192.168.0.110:51277
2020-03-19 13:29:18 BlockManager: INFO: Using org.apache.spark.storage.RandomBlockReplicationPolicy for block replication policy
2020-03-19 13:29:18 BlockManagerMaster: INFO: Registering BlockManager BlockManagerId(driver, 192.168.0.110, 51277, None)
2020-03-19 13:29:18 BlockManagerMasterEndpoint: INFO: Registering block manager 192.168.0.110:51277 with 366.3 MB RAM, BlockManagerId(driver, 192.168.0.110, 51277, None)
2020-03-19 13:29:18 BlockManagerMaster: INFO: Registered BlockManager BlockManagerId(driver, 192.168.0.110, 51277, None)
2020-03-19 13:29:18 BlockManager: INFO: Initialized BlockManager: BlockManagerId(driver, 192.168.0.110, 51277, None)
2020-03-19 13:29:18 ContextHandler: INFO: Started o.s.j.s.ServletContextHandler@74243d71{/metrics/json,null,AVAILABLE,@Spark}
2020-03-19 13:29:18 Hail: INFO: Hail temporary directory: file:/tmp/hail.VO7vbZeXNE70
2020-03-19 13:29:18 Hail: INFO: SparkUI: http://192.168.0.110:4041
2020-03-19 13:29:18 Hail: INFO: Running Hail version 0.2.34-914bd8a10ca2
2020-03-19 13:29:19 SparkContext: WARN: Using an existing SparkContext; some configuration may not take effect.
2020-03-19 13:40:39 SparkContext: INFO: Invoking stop() from shutdown hook
2020-03-19 13:40:39 AbstractConnector: INFO: Stopped Spark@5a5c2de8{HTTP/1.1,[http/1.1]}{0.0.0.0:4041}
2020-03-19 13:40:39 SparkUI: INFO: Stopped Spark web UI at http://192.168.0.110:4041
2020-03-19 13:40:40 MapOutputTrackerMasterEndpoint: INFO: MapOutputTrackerMasterEndpoint stopped!
2020-03-19 13:40:40 MemoryStore: INFO: MemoryStore cleared
2020-03-19 13:40:40 BlockManager: INFO: BlockManager stopped
2020-03-19 13:40:40 BlockManagerMaster: INFO: BlockManagerMaster stopped
2020-03-19 13:40:40 OutputCommitCoordinator$OutputCommitCoordinatorEndpoint: INFO: OutputCommitCoordinator stopped!
2020-03-19 13:40:40 SparkContext: INFO: Successfully stopped SparkContext
2020-03-19 13:40:40 ShutdownHookManager: INFO: Shutdown hook called
2020-03-19 13:40:40 ShutdownHookManager: INFO: Deleting directory /private/var/folders/56/q7rh2y5x7hj4n359_13dgwxcmtwz20/T/spark-494b9752-d322-48c8-8b33-8b797d0f0425
2020-03-19 13:40:40 ShutdownHookManager: INFO: Deleting directory /private/var/folders/56/q7rh2y5x7hj4n359_13dgwxcmtwz20/T/spark-494b9752-d322-48c8-8b33-8b797d0f0425/pyspark-c597e568-b049-4d9b-bae7-0dd078ac3664
2020-03-19 13:40:40 ShutdownHookManager: INFO: Deleting directory /private/var/folders/56/q7rh2y5x7hj4n359_13dgwxcmtwz20/T/spark-37775a74-1283-4a7f-ab40-57e6894de723
