2020-03-19 15:25:39 Hail: WARN: This Hail JAR was compiled for Spark 2.4.0, running with Spark 2.4.3.
  Compatibility is not guaranteed.
2020-03-19 15:25:39 SparkContext: INFO: Running Spark version 2.4.3
2020-03-19 15:25:39 SparkContext: INFO: Submitted application: Hail
2020-03-19 15:25:39 SparkContext: INFO: Spark configuration:
spark.app.name=Hail
spark.driver.extraClassPath=/anaconda3/envs/hail/lib/python3.6/site-packages/hail/hail-all-spark.jar
spark.driver.maxResultSize=0
spark.executor.extraClassPath=./hail-all-spark.jar
spark.hadoop.google.cloud.auth.service.account.enable=true
spark.hadoop.google.cloud.auth.service.account.json.keyfile=/Users/nbaya/.hail/gcs-keys/gcs-connector-key.json
spark.hadoop.io.compression.codecs=org.apache.hadoop.io.compress.DefaultCodec,is.hail.io.compress.BGzipCodec,is.hail.io.compress.BGzipCodecTbi,org.apache.hadoop.io.compress.GzipCodec
spark.hadoop.mapreduce.input.fileinputformat.split.minsize=0
spark.jars=file:///anaconda3/envs/hail/lib/python3.6/site-packages/hail/hail-all-spark.jar
spark.kryo.registrator=is.hail.kryo.HailKryoRegistrator
spark.kryoserializer.buffer.max=1g
spark.logConf=true
spark.master=local[*]
spark.repl.local.jars=file:///anaconda3/envs/hail/lib/python3.6/site-packages/hail/hail-all-spark.jar
spark.serializer=org.apache.spark.serializer.KryoSerializer
spark.submit.deployMode=client
spark.ui.showConsoleProgress=false
2020-03-19 15:25:39 SecurityManager: INFO: Changing view acls to: nbaya
2020-03-19 15:25:39 SecurityManager: INFO: Changing modify acls to: nbaya
2020-03-19 15:25:39 SecurityManager: INFO: Changing view acls groups to: 
2020-03-19 15:25:39 SecurityManager: INFO: Changing modify acls groups to: 
2020-03-19 15:25:39 SecurityManager: INFO: SecurityManager: authentication disabled; ui acls disabled; users  with view permissions: Set(nbaya); groups with view permissions: Set(); users  with modify permissions: Set(nbaya); groups with modify permissions: Set()
2020-03-19 15:25:39 Utils: INFO: Successfully started service 'sparkDriver' on port 52016.
2020-03-19 15:25:39 SparkEnv: INFO: Registering MapOutputTracker
2020-03-19 15:25:39 SparkEnv: INFO: Registering BlockManagerMaster
2020-03-19 15:25:39 BlockManagerMasterEndpoint: INFO: Using org.apache.spark.storage.DefaultTopologyMapper for getting topology information
2020-03-19 15:25:39 BlockManagerMasterEndpoint: INFO: BlockManagerMasterEndpoint up
2020-03-19 15:25:39 DiskBlockManager: INFO: Created local directory at /private/var/folders/56/q7rh2y5x7hj4n359_13dgwxcmtwz20/T/blockmgr-299c8536-c6b7-471d-972b-7eaa8a9ce88f
2020-03-19 15:25:39 MemoryStore: INFO: MemoryStore started with capacity 366.3 MB
2020-03-19 15:25:39 SparkEnv: INFO: Registering OutputCommitCoordinator
2020-03-19 15:25:39 log: INFO: Logging initialized @2484ms
2020-03-19 15:25:39 Server: INFO: jetty-9.3.z-SNAPSHOT, build timestamp: unknown, git hash: unknown
2020-03-19 15:25:39 Server: INFO: Started @2566ms
2020-03-19 15:25:39 Utils: WARN: Service 'SparkUI' could not bind on port 4040. Attempting port 4041.
2020-03-19 15:25:39 AbstractConnector: INFO: Started ServerConnector@7552d75d{HTTP/1.1,[http/1.1]}{0.0.0.0:4041}
2020-03-19 15:25:39 Utils: INFO: Successfully started service 'SparkUI' on port 4041.
2020-03-19 15:25:39 ContextHandler: INFO: Started o.s.j.s.ServletContextHandler@1abf83f2{/jobs,null,AVAILABLE,@Spark}
2020-03-19 15:25:39 ContextHandler: INFO: Started o.s.j.s.ServletContextHandler@768d3b94{/jobs/json,null,AVAILABLE,@Spark}
2020-03-19 15:25:39 ContextHandler: INFO: Started o.s.j.s.ServletContextHandler@6c8941c4{/jobs/job,null,AVAILABLE,@Spark}
2020-03-19 15:25:39 ContextHandler: INFO: Started o.s.j.s.ServletContextHandler@4a805c95{/jobs/job/json,null,AVAILABLE,@Spark}
2020-03-19 15:25:39 ContextHandler: INFO: Started o.s.j.s.ServletContextHandler@55ce8fca{/stages,null,AVAILABLE,@Spark}
2020-03-19 15:25:39 ContextHandler: INFO: Started o.s.j.s.ServletContextHandler@736f73d6{/stages/json,null,AVAILABLE,@Spark}
2020-03-19 15:25:39 ContextHandler: INFO: Started o.s.j.s.ServletContextHandler@5b7a5fb8{/stages/stage,null,AVAILABLE,@Spark}
2020-03-19 15:25:39 ContextHandler: INFO: Started o.s.j.s.ServletContextHandler@3abe9d94{/stages/stage/json,null,AVAILABLE,@Spark}
2020-03-19 15:25:39 ContextHandler: INFO: Started o.s.j.s.ServletContextHandler@333082e4{/stages/pool,null,AVAILABLE,@Spark}
2020-03-19 15:25:39 ContextHandler: INFO: Started o.s.j.s.ServletContextHandler@16e69350{/stages/pool/json,null,AVAILABLE,@Spark}
2020-03-19 15:25:39 ContextHandler: INFO: Started o.s.j.s.ServletContextHandler@1960f924{/storage,null,AVAILABLE,@Spark}
2020-03-19 15:25:39 ContextHandler: INFO: Started o.s.j.s.ServletContextHandler@57fc95a1{/storage/json,null,AVAILABLE,@Spark}
2020-03-19 15:25:39 ContextHandler: INFO: Started o.s.j.s.ServletContextHandler@606c0a18{/storage/rdd,null,AVAILABLE,@Spark}
2020-03-19 15:25:39 ContextHandler: INFO: Started o.s.j.s.ServletContextHandler@42b26956{/storage/rdd/json,null,AVAILABLE,@Spark}
2020-03-19 15:25:39 ContextHandler: INFO: Started o.s.j.s.ServletContextHandler@5c0501fd{/environment,null,AVAILABLE,@Spark}
2020-03-19 15:25:39 ContextHandler: INFO: Started o.s.j.s.ServletContextHandler@6f67d641{/environment/json,null,AVAILABLE,@Spark}
2020-03-19 15:25:39 ContextHandler: INFO: Started o.s.j.s.ServletContextHandler@6f5b3d7f{/executors,null,AVAILABLE,@Spark}
2020-03-19 15:25:39 ContextHandler: INFO: Started o.s.j.s.ServletContextHandler@3ef2011b{/executors/json,null,AVAILABLE,@Spark}
2020-03-19 15:25:39 ContextHandler: INFO: Started o.s.j.s.ServletContextHandler@4a0cf5d1{/executors/threadDump,null,AVAILABLE,@Spark}
2020-03-19 15:25:39 ContextHandler: INFO: Started o.s.j.s.ServletContextHandler@1b08f70f{/executors/threadDump/json,null,AVAILABLE,@Spark}
2020-03-19 15:25:39 ContextHandler: INFO: Started o.s.j.s.ServletContextHandler@2d8e91d4{/static,null,AVAILABLE,@Spark}
2020-03-19 15:25:39 ContextHandler: INFO: Started o.s.j.s.ServletContextHandler@c80aaf5{/,null,AVAILABLE,@Spark}
2020-03-19 15:25:39 ContextHandler: INFO: Started o.s.j.s.ServletContextHandler@2a9e7bb3{/api,null,AVAILABLE,@Spark}
2020-03-19 15:25:39 ContextHandler: INFO: Started o.s.j.s.ServletContextHandler@3d07c7ff{/jobs/job/kill,null,AVAILABLE,@Spark}
2020-03-19 15:25:39 ContextHandler: INFO: Started o.s.j.s.ServletContextHandler@50b93c4f{/stages/stage/kill,null,AVAILABLE,@Spark}
2020-03-19 15:25:39 SparkUI: INFO: Bound SparkUI to 0.0.0.0, and started at http://192.168.0.110:4041
2020-03-19 15:25:39 SparkContext: INFO: Added JAR file:///anaconda3/envs/hail/lib/python3.6/site-packages/hail/hail-all-spark.jar at spark://192.168.0.110:52016/jars/hail-all-spark.jar with timestamp 1584645939953
2020-03-19 15:25:40 Executor: INFO: Starting executor ID driver on host localhost
2020-03-19 15:25:40 Utils: INFO: Successfully started service 'org.apache.spark.network.netty.NettyBlockTransferService' on port 52017.
2020-03-19 15:25:40 NettyBlockTransferService: INFO: Server created on 192.168.0.110:52017
2020-03-19 15:25:40 BlockManager: INFO: Using org.apache.spark.storage.RandomBlockReplicationPolicy for block replication policy
2020-03-19 15:25:40 BlockManagerMaster: INFO: Registering BlockManager BlockManagerId(driver, 192.168.0.110, 52017, None)
2020-03-19 15:25:40 BlockManagerMasterEndpoint: INFO: Registering block manager 192.168.0.110:52017 with 366.3 MB RAM, BlockManagerId(driver, 192.168.0.110, 52017, None)
2020-03-19 15:25:40 BlockManagerMaster: INFO: Registered BlockManager BlockManagerId(driver, 192.168.0.110, 52017, None)
2020-03-19 15:25:40 BlockManager: INFO: Initialized BlockManager: BlockManagerId(driver, 192.168.0.110, 52017, None)
2020-03-19 15:25:40 ContextHandler: INFO: Started o.s.j.s.ServletContextHandler@31bc1df8{/metrics/json,null,AVAILABLE,@Spark}
2020-03-19 15:25:40 Hail: INFO: Hail temporary directory: file:/tmp/hail.22VBixqynEDB
2020-03-19 15:25:40 Hail: INFO: SparkUI: http://192.168.0.110:4041
2020-03-19 15:25:40 Hail: INFO: Running Hail version 0.2.34-914bd8a10ca2
2020-03-19 15:25:40 SparkContext: WARN: Using an existing SparkContext; some configuration may not take effect.
2020-03-19 15:39:40 SparkContext: INFO: Invoking stop() from shutdown hook
2020-03-19 15:39:40 AbstractConnector: INFO: Stopped Spark@7552d75d{HTTP/1.1,[http/1.1]}{0.0.0.0:4041}
2020-03-19 15:39:40 SparkUI: INFO: Stopped Spark web UI at http://192.168.0.110:4041
2020-03-19 15:39:40 MapOutputTrackerMasterEndpoint: INFO: MapOutputTrackerMasterEndpoint stopped!
2020-03-19 15:39:40 MemoryStore: INFO: MemoryStore cleared
2020-03-19 15:39:40 BlockManager: INFO: BlockManager stopped
2020-03-19 15:39:40 BlockManagerMaster: INFO: BlockManagerMaster stopped
2020-03-19 15:39:40 OutputCommitCoordinator$OutputCommitCoordinatorEndpoint: INFO: OutputCommitCoordinator stopped!
2020-03-19 15:39:40 SparkContext: INFO: Successfully stopped SparkContext
2020-03-19 15:39:40 ShutdownHookManager: INFO: Shutdown hook called
2020-03-19 15:39:40 ShutdownHookManager: INFO: Deleting directory /private/var/folders/56/q7rh2y5x7hj4n359_13dgwxcmtwz20/T/spark-55f74349-eb04-4821-9a8e-bafaeac73bcd
2020-03-19 15:39:40 ShutdownHookManager: INFO: Deleting directory /private/var/folders/56/q7rh2y5x7hj4n359_13dgwxcmtwz20/T/spark-c92ba0e6-ba96-442d-97b3-2cfa8b2fa83c/pyspark-f7b9405f-0528-46b6-8d36-a853735f2b45
2020-03-19 15:39:40 ShutdownHookManager: INFO: Deleting directory /private/var/folders/56/q7rh2y5x7hj4n359_13dgwxcmtwz20/T/spark-c92ba0e6-ba96-442d-97b3-2cfa8b2fa83c
