2020-03-09 10:53:33 Hail: WARN: This Hail JAR was compiled for Spark 2.4.0, running with Spark 2.4.3.
  Compatibility is not guaranteed.
2020-03-09 10:53:33 SparkContext: INFO: Running Spark version 2.4.3
2020-03-09 10:53:33 SparkContext: INFO: Submitted application: Hail
2020-03-09 10:53:33 SparkContext: INFO: Spark configuration:
spark.app.name=Hail
spark.driver.extraClassPath=/anaconda3/envs/hail/lib/python3.6/site-packages/hail/hail-all-spark.jar
spark.driver.maxResultSize=0
spark.executor.extraClassPath=./hail-all-spark.jar
spark.hadoop.google.cloud.auth.service.account.enable=true
spark.hadoop.google.cloud.auth.service.account.json.keyfile=/Users/nbaya/.hail/gcs-keys/gcs-connector-key.json
spark.hadoop.io.compression.codecs=org.apache.hadoop.io.compress.DefaultCodec,is.hail.io.compress.BGzipCodec,is.hail.io.compress.BGzipCodecTbi,org.apache.hadoop.io.compress.GzipCodec
spark.hadoop.mapreduce.input.fileinputformat.split.minsize=0
spark.jars=file:///anaconda3/envs/hail/lib/python3.6/site-packages/hail/hail-all-spark.jar
spark.kryo.registrator=is.hail.kryo.HailKryoRegistrator
spark.kryoserializer.buffer.max=1g
spark.logConf=true
spark.master=local[*]
spark.repl.local.jars=file:///anaconda3/envs/hail/lib/python3.6/site-packages/hail/hail-all-spark.jar
spark.serializer=org.apache.spark.serializer.KryoSerializer
spark.submit.deployMode=client
spark.ui.showConsoleProgress=false
2020-03-09 10:53:33 SecurityManager: INFO: Changing view acls to: nbaya
2020-03-09 10:53:33 SecurityManager: INFO: Changing modify acls to: nbaya
2020-03-09 10:53:33 SecurityManager: INFO: Changing view acls groups to: 
2020-03-09 10:53:33 SecurityManager: INFO: Changing modify acls groups to: 
2020-03-09 10:53:33 SecurityManager: INFO: SecurityManager: authentication disabled; ui acls disabled; users  with view permissions: Set(nbaya); groups with view permissions: Set(); users  with modify permissions: Set(nbaya); groups with modify permissions: Set()
2020-03-09 10:53:33 Utils: INFO: Successfully started service 'sparkDriver' on port 62359.
2020-03-09 10:53:33 SparkEnv: INFO: Registering MapOutputTracker
2020-03-09 10:53:33 SparkEnv: INFO: Registering BlockManagerMaster
2020-03-09 10:53:33 BlockManagerMasterEndpoint: INFO: Using org.apache.spark.storage.DefaultTopologyMapper for getting topology information
2020-03-09 10:53:33 BlockManagerMasterEndpoint: INFO: BlockManagerMasterEndpoint up
2020-03-09 10:53:33 DiskBlockManager: INFO: Created local directory at /private/var/folders/56/q7rh2y5x7hj4n359_13dgwxcmtwz20/T/blockmgr-a8fb7561-0834-45a0-ab31-afd3b7c82c38
2020-03-09 10:53:33 MemoryStore: INFO: MemoryStore started with capacity 366.3 MB
2020-03-09 10:53:33 SparkEnv: INFO: Registering OutputCommitCoordinator
2020-03-09 10:53:33 log: INFO: Logging initialized @2673ms
2020-03-09 10:53:33 Server: INFO: jetty-9.3.z-SNAPSHOT, build timestamp: unknown, git hash: unknown
2020-03-09 10:53:33 Server: INFO: Started @2777ms
2020-03-09 10:53:33 Utils: WARN: Service 'SparkUI' could not bind on port 4040. Attempting port 4041.
2020-03-09 10:53:33 AbstractConnector: INFO: Started ServerConnector@472232c6{HTTP/1.1,[http/1.1]}{0.0.0.0:4041}
2020-03-09 10:53:33 Utils: INFO: Successfully started service 'SparkUI' on port 4041.
2020-03-09 10:53:33 ContextHandler: INFO: Started o.s.j.s.ServletContextHandler@71a14c8c{/jobs,null,AVAILABLE,@Spark}
2020-03-09 10:53:33 ContextHandler: INFO: Started o.s.j.s.ServletContextHandler@77e2a7a2{/jobs/json,null,AVAILABLE,@Spark}
2020-03-09 10:53:33 ContextHandler: INFO: Started o.s.j.s.ServletContextHandler@2f590ca2{/jobs/job,null,AVAILABLE,@Spark}
2020-03-09 10:53:33 ContextHandler: INFO: Started o.s.j.s.ServletContextHandler@568de2fd{/jobs/job/json,null,AVAILABLE,@Spark}
2020-03-09 10:53:33 ContextHandler: INFO: Started o.s.j.s.ServletContextHandler@34b08039{/stages,null,AVAILABLE,@Spark}
2020-03-09 10:53:33 ContextHandler: INFO: Started o.s.j.s.ServletContextHandler@53ebb611{/stages/json,null,AVAILABLE,@Spark}
2020-03-09 10:53:33 ContextHandler: INFO: Started o.s.j.s.ServletContextHandler@66b56183{/stages/stage,null,AVAILABLE,@Spark}
2020-03-09 10:53:33 ContextHandler: INFO: Started o.s.j.s.ServletContextHandler@614277ec{/stages/stage/json,null,AVAILABLE,@Spark}
2020-03-09 10:53:33 ContextHandler: INFO: Started o.s.j.s.ServletContextHandler@2cb6bb3e{/stages/pool,null,AVAILABLE,@Spark}
2020-03-09 10:53:33 ContextHandler: INFO: Started o.s.j.s.ServletContextHandler@44a538f7{/stages/pool/json,null,AVAILABLE,@Spark}
2020-03-09 10:53:33 ContextHandler: INFO: Started o.s.j.s.ServletContextHandler@131c59d5{/storage,null,AVAILABLE,@Spark}
2020-03-09 10:53:33 ContextHandler: INFO: Started o.s.j.s.ServletContextHandler@6193b14d{/storage/json,null,AVAILABLE,@Spark}
2020-03-09 10:53:33 ContextHandler: INFO: Started o.s.j.s.ServletContextHandler@7865990a{/storage/rdd,null,AVAILABLE,@Spark}
2020-03-09 10:53:33 ContextHandler: INFO: Started o.s.j.s.ServletContextHandler@156a6471{/storage/rdd/json,null,AVAILABLE,@Spark}
2020-03-09 10:53:33 ContextHandler: INFO: Started o.s.j.s.ServletContextHandler@644955f8{/environment,null,AVAILABLE,@Spark}
2020-03-09 10:53:33 ContextHandler: INFO: Started o.s.j.s.ServletContextHandler@18ac99e5{/environment/json,null,AVAILABLE,@Spark}
2020-03-09 10:53:33 ContextHandler: INFO: Started o.s.j.s.ServletContextHandler@4cd5ee33{/executors,null,AVAILABLE,@Spark}
2020-03-09 10:53:33 ContextHandler: INFO: Started o.s.j.s.ServletContextHandler@a5a4234{/executors/json,null,AVAILABLE,@Spark}
2020-03-09 10:53:33 ContextHandler: INFO: Started o.s.j.s.ServletContextHandler@24922012{/executors/threadDump,null,AVAILABLE,@Spark}
2020-03-09 10:53:33 ContextHandler: INFO: Started o.s.j.s.ServletContextHandler@580de6d4{/executors/threadDump/json,null,AVAILABLE,@Spark}
2020-03-09 10:53:33 ContextHandler: INFO: Started o.s.j.s.ServletContextHandler@3b4a3f90{/static,null,AVAILABLE,@Spark}
2020-03-09 10:53:33 ContextHandler: INFO: Started o.s.j.s.ServletContextHandler@9337365{/,null,AVAILABLE,@Spark}
2020-03-09 10:53:33 ContextHandler: INFO: Started o.s.j.s.ServletContextHandler@4be3b5f6{/api,null,AVAILABLE,@Spark}
2020-03-09 10:53:33 ContextHandler: INFO: Started o.s.j.s.ServletContextHandler@47f2cc83{/jobs/job/kill,null,AVAILABLE,@Spark}
2020-03-09 10:53:33 ContextHandler: INFO: Started o.s.j.s.ServletContextHandler@104944ca{/stages/stage/kill,null,AVAILABLE,@Spark}
2020-03-09 10:53:33 SparkUI: INFO: Bound SparkUI to 0.0.0.0, and started at http://wm65b-8a9.broadinstitute.org:4041
2020-03-09 10:53:34 SparkContext: INFO: Added JAR file:///anaconda3/envs/hail/lib/python3.6/site-packages/hail/hail-all-spark.jar at spark://wm65b-8a9.broadinstitute.org:62359/jars/hail-all-spark.jar with timestamp 1583765614019
2020-03-09 10:53:34 Executor: INFO: Starting executor ID driver on host localhost
2020-03-09 10:53:34 Utils: INFO: Successfully started service 'org.apache.spark.network.netty.NettyBlockTransferService' on port 62360.
2020-03-09 10:53:34 NettyBlockTransferService: INFO: Server created on wm65b-8a9.broadinstitute.org:62360
2020-03-09 10:53:34 BlockManager: INFO: Using org.apache.spark.storage.RandomBlockReplicationPolicy for block replication policy
2020-03-09 10:53:34 BlockManagerMaster: INFO: Registering BlockManager BlockManagerId(driver, wm65b-8a9.broadinstitute.org, 62360, None)
2020-03-09 10:53:34 BlockManagerMasterEndpoint: INFO: Registering block manager wm65b-8a9.broadinstitute.org:62360 with 366.3 MB RAM, BlockManagerId(driver, wm65b-8a9.broadinstitute.org, 62360, None)
2020-03-09 10:53:34 BlockManagerMaster: INFO: Registered BlockManager BlockManagerId(driver, wm65b-8a9.broadinstitute.org, 62360, None)
2020-03-09 10:53:34 BlockManager: INFO: Initialized BlockManager: BlockManagerId(driver, wm65b-8a9.broadinstitute.org, 62360, None)
2020-03-09 10:53:34 ContextHandler: INFO: Started o.s.j.s.ServletContextHandler@567d9fa1{/metrics/json,null,AVAILABLE,@Spark}
2020-03-09 10:53:34 Hail: INFO: Hail temporary directory: file:/tmp/hail.R5lCUs0NR3Ao
2020-03-09 10:53:34 Hail: INFO: SparkUI: http://wm65b-8a9.broadinstitute.org:4041
2020-03-09 10:53:34 Hail: INFO: Running Hail version 0.2.33-5d8cae649505
2020-03-09 10:53:35 SparkContext: WARN: Using an existing SparkContext; some configuration may not take effect.
2020-03-09 11:17:45 SparkContext: INFO: Invoking stop() from shutdown hook
2020-03-09 11:17:45 AbstractConnector: INFO: Stopped Spark@472232c6{HTTP/1.1,[http/1.1]}{0.0.0.0:4041}
2020-03-09 11:17:45 SparkUI: INFO: Stopped Spark web UI at http://wm65b-8a9.broadinstitute.org:4041
2020-03-09 11:17:45 MapOutputTrackerMasterEndpoint: INFO: MapOutputTrackerMasterEndpoint stopped!
2020-03-09 11:17:45 MemoryStore: INFO: MemoryStore cleared
2020-03-09 11:17:45 BlockManager: INFO: BlockManager stopped
2020-03-09 11:17:45 BlockManagerMaster: INFO: BlockManagerMaster stopped
2020-03-09 11:17:45 OutputCommitCoordinator$OutputCommitCoordinatorEndpoint: INFO: OutputCommitCoordinator stopped!
2020-03-09 11:17:45 SparkContext: INFO: Successfully stopped SparkContext
2020-03-09 11:17:45 ShutdownHookManager: INFO: Shutdown hook called
2020-03-09 11:17:45 ShutdownHookManager: INFO: Deleting directory /private/var/folders/56/q7rh2y5x7hj4n359_13dgwxcmtwz20/T/spark-b90005b6-1b23-46b4-b1c4-55f630201ac7
2020-03-09 11:17:45 ShutdownHookManager: INFO: Deleting directory /private/var/folders/56/q7rh2y5x7hj4n359_13dgwxcmtwz20/T/spark-b90005b6-1b23-46b4-b1c4-55f630201ac7/pyspark-88b9af78-b099-49ca-952a-29a44db720ef
2020-03-09 11:17:45 ShutdownHookManager: INFO: Deleting directory /private/var/folders/56/q7rh2y5x7hj4n359_13dgwxcmtwz20/T/spark-7ae38dea-b820-4310-9812-0e5269fb73e1
