2020-09-26 18:26:00 Hail: INFO: Running Hail version 0.2.57-582b2e31b8bd
2020-09-26 18:26:00 SparkContext: WARN: Using an existing SparkContext; some configuration may not take effect.
2020-09-26 18:26:00 root: INFO: RegionPool: initialized for thread 15: Thread-4
2020-09-26 18:26:01 root: INFO: globbing path gs://ukb-diverse-pops-public/sumstats_release/phenotype_manifest.tsv.bgz returned 1 files: phenotype_manifest.tsv.bgz
2020-09-26 18:26:02 Hail: INFO: Loading 48 fields. Counts by type:
  str: 48
2020-09-26 18:26:02 root: INFO: Timer: Time taken for optimize: relationalLowerer, initial IR -- Verify : 0.304ms, total 22.468ms
2020-09-26 18:26:02 root: INFO: optimize optimize: relationalLowerer, initial IR: before: IR size 25: 
(ToArray
  (StreamMap __uid_4
    (ToStream False
      (GetField rows
        (TableCollect
          (TableMapRows
            (TableMapGlobals
              (TableMapRows
                (TableRead None False "{\"files\":[\"gs://ukb-diverse-pops-public/sumstats_release/phenotype_manifest.tsv.bgz\"],\"typeMapStr\":{},\"comment\":[],\"separator\":\"\\t\",\"missing\":[\"NA\"],\"hasHeader\":true,\"quoteStr\":null,\"skipBlankLines\":false,\"forceBGZ\":false,\"filterAndReplace\":{},\"forceGZ\":false,\"name\":\"TextTableReader\"}")
                (InsertFields
                  (SelectFields ()
                    (SelectFields (trait_type phenocode pheno_sex coding modifier description description_more coding_description category n_cases_full_cohort_both_sexes n_cases_full_cohort_females n_cases_full_cohort_males pops num_pops n_cases_AFR n_cases_AMR n_cases_CSA n_cases_EAS n_cases_EUR n_cases_MID n_controls_AFR n_controls_AMR n_controls_CSA n_controls_EAS n_controls_EUR n_controls_MID saige_heritability_AFR saige_heritability_AMR saige_heritability_CSA saige_heritability_EAS saige_heritability_EUR saige_heritability_MID lambda_gc_AFR lambda_gc_AMR lambda_gc_CSA lambda_gc_EAS lambda_gc_EUR lambda_gc_MID filename filename_tabix aws_link aws_link_tabix wget wget_tabix size_in_bytes size_in_bytes_tabix md5_hex md5_hex_tabix)
                      (Ref row)))
                  None
                  (pops
                    (GetField pops
                      (Ref row)))))
              (InsertFields
                (SelectFields ()
                  (SelectFields ()
                    (Ref global)))
                None))
            (InsertFields
              (SelectFields (pops)
                (SelectFields (pops)
                  (Ref row)))
              None)))))
    (GetField pops
      (Ref __uid_4))))
2020-09-26 18:26:02 root: INFO: Timer: Time taken for optimize: relationalLowerer, initial IR -- LoweringTransformation -- Optimize -- FoldConstants : 3.851ms, total 37.164ms
2020-09-26 18:26:02 root: INFO: Timer: Time taken for optimize: relationalLowerer, initial IR -- LoweringTransformation -- Optimize -- ExtractIntervalFilters : 4.025ms, total 41.531ms
2020-09-26 18:26:02 root: INFO: Timer: Time taken for optimize: relationalLowerer, initial IR -- LoweringTransformation -- Optimize -- Simplify : 10.184ms, total 52.207ms
2020-09-26 18:26:02 root: INFO: Timer: Time taken for optimize: relationalLowerer, initial IR -- LoweringTransformation -- Optimize -- ForwardLets : 8.728ms, total 61.297ms
2020-09-26 18:26:02 root: INFO: Timer: Time taken for optimize: relationalLowerer, initial IR -- LoweringTransformation -- Optimize -- ForwardRelationalLets : 1.502ms, total 63.169ms
2020-09-26 18:26:02 root: INFO: Timer: Time taken for optimize: relationalLowerer, initial IR -- LoweringTransformation -- Optimize -- PruneDeadFields : 8.689ms, total 72.245ms
2020-09-26 18:26:02 root: INFO: Timer: Time taken for optimize: relationalLowerer, initial IR -- LoweringTransformation -- Optimize -- FoldConstants : 0.264ms, total 72.841ms
2020-09-26 18:26:02 root: INFO: Timer: Time taken for optimize: relationalLowerer, initial IR -- LoweringTransformation -- Optimize -- ExtractIntervalFilters : 0.124ms, total 73.221ms
2020-09-26 18:26:02 root: INFO: Timer: Time taken for optimize: relationalLowerer, initial IR -- LoweringTransformation -- Optimize -- Simplify : 0.155ms, total 73.525ms
2020-09-26 18:26:02 root: INFO: Timer: Time taken for optimize: relationalLowerer, initial IR -- LoweringTransformation -- Optimize -- ForwardLets : 0.792ms, total 74.452ms
2020-09-26 18:26:02 root: INFO: Timer: Time taken for optimize: relationalLowerer, initial IR -- LoweringTransformation -- Optimize -- ForwardRelationalLets : 0.042ms, total 74.659ms
2020-09-26 18:26:02 root: INFO: Timer: Time taken for optimize: relationalLowerer, initial IR -- LoweringTransformation -- Optimize -- PruneDeadFields : 0.511ms, total 75.291ms
2020-09-26 18:26:02 root: INFO: Timer: Time taken for optimize: relationalLowerer, initial IR -- LoweringTransformation -- Optimize -- FoldConstants : 0.131ms, total 75.556ms
2020-09-26 18:26:02 root: INFO: Timer: Time taken for optimize: relationalLowerer, initial IR -- LoweringTransformation -- Optimize -- ExtractIntervalFilters : 0.066ms, total 75.726ms
2020-09-26 18:26:02 root: INFO: Timer: Time taken for optimize: relationalLowerer, initial IR -- LoweringTransformation -- Optimize -- Simplify : 0.115ms, total 75.952ms
2020-09-26 18:26:02 root: INFO: Timer: Time taken for optimize: relationalLowerer, initial IR -- LoweringTransformation -- Optimize -- ForwardLets : 0.885ms, total 77.063ms
2020-09-26 18:26:02 root: INFO: Timer: Time taken for optimize: relationalLowerer, initial IR -- LoweringTransformation -- Optimize -- ForwardRelationalLets : 0.052ms, total 77.296ms
2020-09-26 18:26:02 root: INFO: Timer: Time taken for optimize: relationalLowerer, initial IR -- LoweringTransformation -- Optimize -- PruneDeadFields : 0.498ms, total 77.937ms
2020-09-26 18:26:02 root: INFO: Timer: Time taken for optimize: relationalLowerer, initial IR -- LoweringTransformation -- Optimize : 44.992ms, total 78.065ms, tagged coverage 90.3
2020-09-26 18:26:02 root: INFO: optimize optimize: relationalLowerer, initial IR: after: IR size 8:
(ToArray
  (StreamMap __iruid_2
    (ToStream False
      (GetField rows
        (TableCollect
          (TableRead Table{global:Struct{},key:[],row:Struct{pops:String}} False "{\"files\":[\"gs://ukb-diverse-pops-public/sumstats_release/phenotype_manifest.tsv.bgz\"],\"typeMapStr\":{},\"comment\":[],\"separator\":\"\\t\",\"missing\":[\"NA\"],\"hasHeader\":true,\"quoteStr\":null,\"skipBlankLines\":false,\"forceBGZ\":false,\"filterAndReplace\":{},\"forceGZ\":false,\"name\":\"TextTableReader\"}"))))
    (GetField pops
      (Ref __iruid_2))))
2020-09-26 18:26:02 root: INFO: Timer: Time taken for optimize: relationalLowerer, initial IR -- LoweringTransformation : 56.379ms, total 79.865ms, tagged coverage 72.0
2020-09-26 18:26:02 root: INFO: Timer: Time taken for optimize: relationalLowerer, initial IR -- Verify : 0.022ms, total 80.203ms
2020-09-26 18:26:02 root: INFO: Timer: Time taken for optimize: relationalLowerer, initial IR : 58.306ms, total 80.318ms, tagged coverage 70.2
2020-09-26 18:26:02 root: INFO: Timer: Time taken for LowerMatrixToTable -- Verify : 0.009ms, total 80.553ms
2020-09-26 18:26:02 root: INFO: Timer: Time taken for LowerMatrixToTable -- LoweringTransformation : 5.633ms, total 86.293ms
2020-09-26 18:26:02 root: INFO: Timer: Time taken for LowerMatrixToTable -- Verify : 0.024ms, total 86.503ms
2020-09-26 18:26:02 root: INFO: Timer: Time taken for LowerMatrixToTable : 6.067ms, total 86.609ms, tagged coverage 93.4
2020-09-26 18:26:02 root: INFO: Timer: Time taken for optimize: relationalLowerer, after LowerMatrixToTable -- Verify : 0.009ms, total 86.826ms
2020-09-26 18:26:02 root: INFO: optimize optimize: relationalLowerer, after LowerMatrixToTable: before: IR size 8: 
(ToArray
  (StreamMap __iruid_2
    (ToStream False
      (GetField rows
        (TableCollect
          (TableRead Table{global:Struct{},key:[],row:Struct{pops:String}} False "{\"files\":[\"gs://ukb-diverse-pops-public/sumstats_release/phenotype_manifest.tsv.bgz\"],\"typeMapStr\":{},\"comment\":[],\"separator\":\"\\t\",\"missing\":[\"NA\"],\"hasHeader\":true,\"quoteStr\":null,\"skipBlankLines\":false,\"forceBGZ\":false,\"filterAndReplace\":{},\"forceGZ\":false,\"name\":\"TextTableReader\"}"))))
    (GetField pops
      (Ref __iruid_2))))
2020-09-26 18:26:02 root: INFO: Timer: Time taken for optimize: relationalLowerer, after LowerMatrixToTable -- LoweringTransformation -- Optimize -- FoldConstants : 0.129ms, total 87.597ms
2020-09-26 18:26:02 root: INFO: Timer: Time taken for optimize: relationalLowerer, after LowerMatrixToTable -- LoweringTransformation -- Optimize -- ExtractIntervalFilters : 0.094ms, total 87.807ms
2020-09-26 18:26:02 root: INFO: Timer: Time taken for optimize: relationalLowerer, after LowerMatrixToTable -- LoweringTransformation -- Optimize -- Simplify : 0.082ms, total 87.998ms
2020-09-26 18:26:02 root: INFO: Timer: Time taken for optimize: relationalLowerer, after LowerMatrixToTable -- LoweringTransformation -- Optimize -- ForwardLets : 0.662ms, total 88.787ms
2020-09-26 18:26:02 root: INFO: Timer: Time taken for optimize: relationalLowerer, after LowerMatrixToTable -- LoweringTransformation -- Optimize -- ForwardRelationalLets : 0.051ms, total 89.007ms
2020-09-26 18:26:02 root: INFO: Timer: Time taken for optimize: relationalLowerer, after LowerMatrixToTable -- LoweringTransformation -- Optimize -- PruneDeadFields : 0.471ms, total 89.592ms
2020-09-26 18:26:02 root: INFO: Timer: Time taken for optimize: relationalLowerer, after LowerMatrixToTable -- LoweringTransformation -- Optimize -- FoldConstants : 0.131ms, total 89.893ms
2020-09-26 18:26:02 root: INFO: Timer: Time taken for optimize: relationalLowerer, after LowerMatrixToTable -- LoweringTransformation -- Optimize -- ExtractIntervalFilters : 0.033ms, total 90.050ms
2020-09-26 18:26:02 root: INFO: Timer: Time taken for optimize: relationalLowerer, after LowerMatrixToTable -- LoweringTransformation -- Optimize -- Simplify : 0.077ms, total 90.226ms
2020-09-26 18:26:02 root: INFO: Timer: Time taken for optimize: relationalLowerer, after LowerMatrixToTable -- LoweringTransformation -- Optimize -- ForwardLets : 0.602ms, total 90.922ms
2020-09-26 18:26:02 root: INFO: Timer: Time taken for optimize: relationalLowerer, after LowerMatrixToTable -- LoweringTransformation -- Optimize -- ForwardRelationalLets : 0.048ms, total 91.157ms
2020-09-26 18:26:02 root: INFO: Timer: Time taken for optimize: relationalLowerer, after LowerMatrixToTable -- LoweringTransformation -- Optimize -- PruneDeadFields : 0.423ms, total 91.688ms
2020-09-26 18:26:02 root: INFO: Timer: Time taken for optimize: relationalLowerer, after LowerMatrixToTable -- LoweringTransformation -- Optimize -- FoldConstants : 0.171ms, total 91.990ms
2020-09-26 18:26:02 root: INFO: Timer: Time taken for optimize: relationalLowerer, after LowerMatrixToTable -- LoweringTransformation -- Optimize -- ExtractIntervalFilters : 0.030ms, total 92.139ms
2020-09-26 18:26:02 root: INFO: Timer: Time taken for optimize: relationalLowerer, after LowerMatrixToTable -- LoweringTransformation -- Optimize -- Simplify : 0.079ms, total 92.314ms
2020-09-26 18:26:02 root: INFO: Timer: Time taken for optimize: relationalLowerer, after LowerMatrixToTable -- LoweringTransformation -- Optimize -- ForwardLets : 0.562ms, total 92.970ms
2020-09-26 18:26:02 root: INFO: Timer: Time taken for optimize: relationalLowerer, after LowerMatrixToTable -- LoweringTransformation -- Optimize -- ForwardRelationalLets : 0.043ms, total 93.274ms
2020-09-26 18:26:02 root: INFO: Timer: Time taken for optimize: relationalLowerer, after LowerMatrixToTable -- LoweringTransformation -- Optimize -- PruneDeadFields : 0.402ms, total 93.778ms
2020-09-26 18:26:02 root: INFO: Timer: Time taken for optimize: relationalLowerer, after LowerMatrixToTable -- LoweringTransformation -- Optimize : 6.417ms, total 93.881ms, tagged coverage 63.7
2020-09-26 18:26:02 root: INFO: optimize optimize: relationalLowerer, after LowerMatrixToTable: after: IR size 8:
(ToArray
  (StreamMap __iruid_5
    (ToStream False
      (GetField rows
        (TableCollect
          (TableRead Table{global:Struct{},key:[],row:Struct{pops:String}} False "{\"files\":[\"gs://ukb-diverse-pops-public/sumstats_release/phenotype_manifest.tsv.bgz\"],\"typeMapStr\":{},\"comment\":[],\"separator\":\"\\t\",\"missing\":[\"NA\"],\"hasHeader\":true,\"quoteStr\":null,\"skipBlankLines\":false,\"forceBGZ\":false,\"filterAndReplace\":{},\"forceGZ\":false,\"name\":\"TextTableReader\"}"))))
    (GetField pops
      (Ref __iruid_5))))
2020-09-26 18:26:02 root: INFO: Timer: Time taken for optimize: relationalLowerer, after LowerMatrixToTable -- LoweringTransformation : 8.046ms, total 94.978ms, tagged coverage 50.8
2020-09-26 18:26:02 root: INFO: Timer: Time taken for optimize: relationalLowerer, after LowerMatrixToTable -- Verify : 0.016ms, total 95.350ms
2020-09-26 18:26:02 root: INFO: Timer: Time taken for optimize: relationalLowerer, after LowerMatrixToTable : 8.668ms, total 95.483ms, tagged coverage 47.5
2020-09-26 18:26:02 root: INFO: Timer: Time taken for InterpretNonCompilable -- Verify : 0.013ms, total 95.740ms
2020-09-26 18:26:02 root: INFO: interpreting non compilable node: TableCollect
2020-09-26 18:26:02 MemoryStore: INFO: Block broadcast_0 stored as values in memory (estimated size 238.6 KB, free 366.1 MB)
2020-09-26 18:26:03 MemoryStore: INFO: Block broadcast_0_piece0 stored as bytes in memory (estimated size 23.4 KB, free 366.0 MB)
2020-09-26 18:26:03 BlockManagerInfo: INFO: Added broadcast_0_piece0 in memory on 10.26.239.71:52798 (size: 23.4 KB, free: 366.3 MB)
2020-09-26 18:26:03 SparkContext: INFO: Created broadcast 0 from broadcast at SparkBackend.scala:233
2020-09-26 18:26:03 root: INFO: encoder cache miss (0 hits, 1 misses, 0.000)
2020-09-26 18:26:03 root: INFO: instruction count: 6: __C1etypeEncode.<init>
2020-09-26 18:26:03 root: INFO: instruction count: 8: __C1etypeEncode.apply
2020-09-26 18:26:03 root: INFO: instruction count: 39: __C1etypeEncode.__m2ENCODE_r_tuple_of_o_stringEND_TO_r_struct_of_o_binaryEND
2020-09-26 18:26:03 root: INFO: instruction count: 19: __C1etypeEncode.__m3ENCODE_o_binary_TO_o_binary
2020-09-26 18:26:03 SparkContext: INFO: Starting job: collect at RVD.scala:762
2020-09-26 18:26:03 DAGScheduler: INFO: Got job 0 (collect at RVD.scala:762) with 1 output partitions
2020-09-26 18:26:03 DAGScheduler: INFO: Final stage: ResultStage 0 (collect at RVD.scala:762)
2020-09-26 18:26:03 DAGScheduler: INFO: Parents of final stage: List()
2020-09-26 18:26:03 DAGScheduler: INFO: Missing parents: List()
2020-09-26 18:26:03 DAGScheduler: INFO: Submitting ResultStage 0 (MapPartitionsRDD[3] at mapPartitions at ContextRDD.scala:160), which has no missing parents
2020-09-26 18:26:03 MemoryStore: INFO: Block broadcast_1 stored as values in memory (estimated size 16.2 KB, free 366.0 MB)
2020-09-26 18:26:03 MemoryStore: INFO: Block broadcast_1_piece0 stored as bytes in memory (estimated size 8.8 KB, free 366.0 MB)
2020-09-26 18:26:03 BlockManagerInfo: INFO: Added broadcast_1_piece0 in memory on 10.26.239.71:52798 (size: 8.8 KB, free: 366.3 MB)
2020-09-26 18:26:03 SparkContext: INFO: Created broadcast 1 from broadcast at DAGScheduler.scala:1161
2020-09-26 18:26:03 DAGScheduler: INFO: Submitting 1 missing tasks from ResultStage 0 (MapPartitionsRDD[3] at mapPartitions at ContextRDD.scala:160) (first 15 tasks are for partitions Vector(0))
2020-09-26 18:26:03 TaskSchedulerImpl: INFO: Adding task set 0.0 with 1 tasks
2020-09-26 18:26:03 TaskSetManager: INFO: Starting task 0.0 in stage 0.0 (TID 0, localhost, executor driver, partition 0, PROCESS_LOCAL, 7999 bytes)
2020-09-26 18:26:03 Executor: INFO: Running task 0.0 in stage 0.0 (TID 0)
2020-09-26 18:26:03 root: INFO: RegionPool: initialized for thread 60: Executor task launch worker for task 0
2020-09-26 18:26:04 Executor: INFO: Finished task 0.0 in stage 0.0 (TID 0). 145368 bytes result sent to driver
2020-09-26 18:26:04 TaskSetManager: INFO: Finished task 0.0 in stage 0.0 (TID 0) in 662 ms on localhost (executor driver) (1/1)
2020-09-26 18:26:04 TaskSchedulerImpl: INFO: Removed TaskSet 0.0, whose tasks have all completed, from pool 
2020-09-26 18:26:04 DAGScheduler: INFO: ResultStage 0 (collect at RVD.scala:762) finished in 0.729 s
2020-09-26 18:26:04 DAGScheduler: INFO: Job 0 finished: collect at RVD.scala:762, took 0.775151 s
2020-09-26 18:26:04 root: INFO: decoder cache miss (0 hits, 1 misses, 0.000
2020-09-26 18:26:04 root: INFO: instruction count: 6: __C4etypeDecode.<init>
2020-09-26 18:26:04 root: INFO: instruction count: 8: __C4etypeDecode.apply
2020-09-26 18:26:04 root: INFO: instruction count: 38: __C4etypeDecode.__m5DECODE_r_struct_of_o_binaryEND_TO_r_tuple_of_o_stringEND
2020-09-26 18:26:04 root: INFO: instruction count: 32: __C4etypeDecode.__m6read_fields_group_0
2020-09-26 18:26:04 root: INFO: instruction count: 34: __C4etypeDecode.__m7INPLACE_DECODE_o_binary_TO_o_binary
2020-09-26 18:26:04 root: INFO: took 1.599s
2020-09-26 18:26:04 root: INFO: Timer: Time taken for InterpretNonCompilable -- LoweringTransformation : 1.602s, total 1.697s
2020-09-26 18:26:04 root: INFO: Timer: Time taken for InterpretNonCompilable -- Verify : 0.255ms, total 1.698s
2020-09-26 18:26:04 root: INFO: Timer: Time taken for InterpretNonCompilable : 1.602s, total 1.698s, tagged coverage 100.0
2020-09-26 18:26:04 root: INFO: Timer: Time taken for optimize: relationalLowerer, after InterpretNonCompilable -- Verify : 0.023ms, total 1.699s
2020-09-26 18:26:04 root: INFO: optimize optimize: relationalLowerer, after InterpretNonCompilable: before: IR size 7: 
(ToArray
  (StreamMap __iruid_5
    (ToStream False
      (GetField rows
        (Literal Struct{rows:Array[Struct{pops:String}],global:Struct{}} <literal value>)))
    (GetField pops
      (Ref __iruid_5))))
2020-09-26 18:26:04 root: INFO: Timer: Time taken for optimize: relationalLowerer, after InterpretNonCompilable -- LoweringTransformation -- Optimize -- FoldConstants : 0.634ms, total 1.700s
2020-09-26 18:26:04 root: INFO: Timer: Time taken for optimize: relationalLowerer, after InterpretNonCompilable -- LoweringTransformation -- Optimize -- ExtractIntervalFilters : 0.055ms, total 1.700s
2020-09-26 18:26:04 root: INFO: Timer: Time taken for optimize: relationalLowerer, after InterpretNonCompilable -- LoweringTransformation -- Optimize -- Simplify : 0.068ms, total 1.700s
2020-09-26 18:26:04 root: INFO: Timer: Time taken for optimize: relationalLowerer, after InterpretNonCompilable -- LoweringTransformation -- Optimize -- ForwardLets : 0.656ms, total 1.701s
2020-09-26 18:26:04 root: INFO: Timer: Time taken for optimize: relationalLowerer, after InterpretNonCompilable -- LoweringTransformation -- Optimize -- ForwardRelationalLets : 0.091ms, total 1.701s
2020-09-26 18:26:04 root: INFO: Timer: Time taken for optimize: relationalLowerer, after InterpretNonCompilable -- LoweringTransformation -- Optimize -- PruneDeadFields : 1.140ms, total 1.703s
2020-09-26 18:26:04 root: INFO: Timer: Time taken for optimize: relationalLowerer, after InterpretNonCompilable -- LoweringTransformation -- Optimize -- FoldConstants : 0.153ms, total 1.703s
2020-09-26 18:26:04 root: INFO: Timer: Time taken for optimize: relationalLowerer, after InterpretNonCompilable -- LoweringTransformation -- Optimize -- ExtractIntervalFilters : 0.031ms, total 1.703s
2020-09-26 18:26:04 root: INFO: Timer: Time taken for optimize: relationalLowerer, after InterpretNonCompilable -- LoweringTransformation -- Optimize -- Simplify : 0.086ms, total 1.703s
2020-09-26 18:26:04 root: INFO: Timer: Time taken for optimize: relationalLowerer, after InterpretNonCompilable -- LoweringTransformation -- Optimize -- ForwardLets : 0.564ms, total 1.704s
2020-09-26 18:26:04 root: INFO: Timer: Time taken for optimize: relationalLowerer, after InterpretNonCompilable -- LoweringTransformation -- Optimize -- ForwardRelationalLets : 0.062ms, total 1.704s
2020-09-26 18:26:04 root: INFO: Timer: Time taken for optimize: relationalLowerer, after InterpretNonCompilable -- LoweringTransformation -- Optimize -- PruneDeadFields : 0.315ms, total 1.705s
2020-09-26 18:26:04 root: INFO: Timer: Time taken for optimize: relationalLowerer, after InterpretNonCompilable -- LoweringTransformation -- Optimize -- FoldConstants : 0.137ms, total 1.705s
2020-09-26 18:26:04 root: INFO: Timer: Time taken for optimize: relationalLowerer, after InterpretNonCompilable -- LoweringTransformation -- Optimize -- ExtractIntervalFilters : 0.030ms, total 1.705s
2020-09-26 18:26:04 root: INFO: Timer: Time taken for optimize: relationalLowerer, after InterpretNonCompilable -- LoweringTransformation -- Optimize -- Simplify : 0.090ms, total 1.705s
2020-09-26 18:26:04 root: INFO: Timer: Time taken for optimize: relationalLowerer, after InterpretNonCompilable -- LoweringTransformation -- Optimize -- ForwardLets : 0.585ms, total 1.706s
2020-09-26 18:26:04 root: INFO: Timer: Time taken for optimize: relationalLowerer, after InterpretNonCompilable -- LoweringTransformation -- Optimize -- ForwardRelationalLets : 0.064ms, total 1.706s
2020-09-26 18:26:04 root: INFO: Timer: Time taken for optimize: relationalLowerer, after InterpretNonCompilable -- LoweringTransformation -- Optimize -- PruneDeadFields : 0.317ms, total 1.707s
2020-09-26 18:26:04 root: INFO: Timer: Time taken for optimize: relationalLowerer, after InterpretNonCompilable -- LoweringTransformation -- Optimize : 7.794ms, total 1.707s, tagged coverage 65.2
2020-09-26 18:26:04 root: INFO: optimize optimize: relationalLowerer, after InterpretNonCompilable: after: IR size 6:
(ToArray
  (StreamMap __iruid_8
    (ToStream False
      (Literal Array[Struct{pops:String}] <literal value>))
    (GetField pops
      (Ref __iruid_8))))
2020-09-26 18:26:04 root: INFO: Timer: Time taken for optimize: relationalLowerer, after InterpretNonCompilable -- LoweringTransformation : 8.577ms, total 1.707s, tagged coverage 59.2
2020-09-26 18:26:04 root: INFO: Timer: Time taken for optimize: relationalLowerer, after InterpretNonCompilable -- Verify : 0.009ms, total 1.707s
2020-09-26 18:26:04 root: INFO: Timer: Time taken for optimize: relationalLowerer, after InterpretNonCompilable : 8.993ms, total 1.708s, tagged coverage 56.8
2020-09-26 18:26:04 root: INFO: Timer: Time taken for Compile -- optimize: compileLowerer, initial IR -- Verify : 0.016ms, total 1.720s
2020-09-26 18:26:04 root: INFO: optimize optimize: compileLowerer, initial IR: before: IR size 7: 
(MakeTuple (0)
  (ToArray
    (StreamMap __iruid_8
      (ToStream False
        (Literal Array[Struct{pops:String}] <literal value>))
      (GetField pops
        (Ref __iruid_8)))))
2020-09-26 18:26:04 root: INFO: Timer: Time taken for Compile -- optimize: compileLowerer, initial IR -- LoweringTransformation -- Optimize -- FoldConstants : 0.895ms, total 1.721s
2020-09-26 18:26:04 root: INFO: Timer: Time taken for Compile -- optimize: compileLowerer, initial IR -- LoweringTransformation -- Optimize -- ExtractIntervalFilters : 0.092ms, total 1.721s
2020-09-26 18:26:04 root: INFO: Timer: Time taken for Compile -- optimize: compileLowerer, initial IR -- LoweringTransformation -- Optimize -- Simplify : 0.091ms, total 1.722s
2020-09-26 18:26:04 root: INFO: Timer: Time taken for Compile -- optimize: compileLowerer, initial IR -- LoweringTransformation -- Optimize -- ForwardLets : 0.545ms, total 1.722s
2020-09-26 18:26:04 root: INFO: Timer: Time taken for Compile -- optimize: compileLowerer, initial IR -- LoweringTransformation -- Optimize -- ForwardRelationalLets : 0.051ms, total 1.723s
2020-09-26 18:26:04 root: INFO: Timer: Time taken for Compile -- optimize: compileLowerer, initial IR -- LoweringTransformation -- Optimize -- PruneDeadFields : 1.685ms, total 1.724s
2020-09-26 18:26:04 root: INFO: Timer: Time taken for Compile -- optimize: compileLowerer, initial IR -- LoweringTransformation -- Optimize -- FoldConstants : 0.150ms, total 1.725s
2020-09-26 18:26:04 root: INFO: Timer: Time taken for Compile -- optimize: compileLowerer, initial IR -- LoweringTransformation -- Optimize -- ExtractIntervalFilters : 0.032ms, total 1.725s
2020-09-26 18:26:04 root: INFO: Timer: Time taken for Compile -- optimize: compileLowerer, initial IR -- LoweringTransformation -- Optimize -- Simplify : 0.081ms, total 1.725s
2020-09-26 18:26:04 root: INFO: Timer: Time taken for Compile -- optimize: compileLowerer, initial IR -- LoweringTransformation -- Optimize -- ForwardLets : 0.589ms, total 1.726s
2020-09-26 18:26:04 root: INFO: Timer: Time taken for Compile -- optimize: compileLowerer, initial IR -- LoweringTransformation -- Optimize -- ForwardRelationalLets : 0.093ms, total 1.726s
2020-09-26 18:26:04 root: INFO: Timer: Time taken for Compile -- optimize: compileLowerer, initial IR -- LoweringTransformation -- Optimize -- PruneDeadFields : 0.299ms, total 1.726s
2020-09-26 18:26:04 root: INFO: Timer: Time taken for Compile -- optimize: compileLowerer, initial IR -- LoweringTransformation -- Optimize -- FoldConstants : 0.118ms, total 1.727s
2020-09-26 18:26:04 root: INFO: Timer: Time taken for Compile -- optimize: compileLowerer, initial IR -- LoweringTransformation -- Optimize -- ExtractIntervalFilters : 0.027ms, total 1.727s
2020-09-26 18:26:04 root: INFO: Timer: Time taken for Compile -- optimize: compileLowerer, initial IR -- LoweringTransformation -- Optimize -- Simplify : 0.071ms, total 1.727s
2020-09-26 18:26:04 root: INFO: Timer: Time taken for Compile -- optimize: compileLowerer, initial IR -- LoweringTransformation -- Optimize -- ForwardLets : 0.579ms, total 1.728s
2020-09-26 18:26:04 root: INFO: Timer: Time taken for Compile -- optimize: compileLowerer, initial IR -- LoweringTransformation -- Optimize -- ForwardRelationalLets : 0.054ms, total 1.728s
2020-09-26 18:26:04 root: INFO: Timer: Time taken for Compile -- optimize: compileLowerer, initial IR -- LoweringTransformation -- Optimize -- PruneDeadFields : 0.285ms, total 1.728s
2020-09-26 18:26:04 root: INFO: Timer: Time taken for Compile -- optimize: compileLowerer, initial IR -- LoweringTransformation -- Optimize : 7.994ms, total 1.728s, tagged coverage 71.8
2020-09-26 18:26:04 root: INFO: optimize optimize: compileLowerer, initial IR: after: IR size 7:
(MakeTuple (0)
  (ToArray
    (StreamMap __iruid_11
      (ToStream False
        (Literal Array[Struct{pops:String}] <literal value>))
      (GetField pops
        (Ref __iruid_11)))))
2020-09-26 18:26:04 root: INFO: Timer: Time taken for Compile -- optimize: compileLowerer, initial IR -- LoweringTransformation : 8.806ms, total 1.729s, tagged coverage 65.2
2020-09-26 18:26:04 root: INFO: Timer: Time taken for Compile -- optimize: compileLowerer, initial IR -- Verify : 0.010ms, total 1.729s
2020-09-26 18:26:04 root: INFO: Timer: Time taken for Compile -- optimize: compileLowerer, initial IR : 9.285ms, total 1.729s, tagged coverage 62.1
2020-09-26 18:26:04 root: INFO: Timer: Time taken for Compile -- InlineApplyIR -- Verify : 0.015ms, total 1.730s
2020-09-26 18:26:04 root: INFO: Timer: Time taken for Compile -- InlineApplyIR -- LoweringTransformation : 0.216ms, total 1.730s
2020-09-26 18:26:04 root: INFO: Timer: Time taken for Compile -- InlineApplyIR -- Verify : 0.023ms, total 1.730s
2020-09-26 18:26:04 root: INFO: Timer: Time taken for Compile -- InlineApplyIR : 0.576ms, total 1.730s, tagged coverage 44.1
2020-09-26 18:26:04 root: INFO: Timer: Time taken for Compile -- optimize: compileLowerer, after InlineApplyIR -- Verify : 0.010ms, total 1.731s
2020-09-26 18:26:04 root: INFO: optimize optimize: compileLowerer, after InlineApplyIR: before: IR size 7: 
(MakeTuple (0)
  (ToArray
    (StreamMap __iruid_11
      (ToStream False
        (Literal Array[Struct{pops:String}] <literal value>))
      (GetField pops
        (Ref __iruid_11)))))
2020-09-26 18:26:04 root: INFO: Timer: Time taken for Compile -- optimize: compileLowerer, after InlineApplyIR -- LoweringTransformation -- Optimize -- FoldConstants : 0.129ms, total 1.731s
2020-09-26 18:26:04 root: INFO: Timer: Time taken for Compile -- optimize: compileLowerer, after InlineApplyIR -- LoweringTransformation -- Optimize -- ExtractIntervalFilters : 0.039ms, total 1.731s
2020-09-26 18:26:04 root: INFO: Timer: Time taken for Compile -- optimize: compileLowerer, after InlineApplyIR -- LoweringTransformation -- Optimize -- Simplify : 0.083ms, total 1.732s
2020-09-26 18:26:04 root: INFO: Timer: Time taken for Compile -- optimize: compileLowerer, after InlineApplyIR -- LoweringTransformation -- Optimize -- ForwardLets : 0.502ms, total 1.732s
2020-09-26 18:26:04 root: INFO: Timer: Time taken for Compile -- optimize: compileLowerer, after InlineApplyIR -- LoweringTransformation -- Optimize -- ForwardRelationalLets : 0.062ms, total 1.733s
2020-09-26 18:26:04 root: INFO: Timer: Time taken for Compile -- optimize: compileLowerer, after InlineApplyIR -- LoweringTransformation -- Optimize -- PruneDeadFields : 0.278ms, total 1.733s
2020-09-26 18:26:04 root: INFO: Timer: Time taken for Compile -- optimize: compileLowerer, after InlineApplyIR -- LoweringTransformation -- Optimize -- FoldConstants : 0.147ms, total 1.733s
2020-09-26 18:26:04 root: INFO: Timer: Time taken for Compile -- optimize: compileLowerer, after InlineApplyIR -- LoweringTransformation -- Optimize -- ExtractIntervalFilters : 0.031ms, total 1.733s
2020-09-26 18:26:04 root: INFO: Timer: Time taken for Compile -- optimize: compileLowerer, after InlineApplyIR -- LoweringTransformation -- Optimize -- Simplify : 0.150ms, total 1.734s
2020-09-26 18:26:04 root: INFO: Timer: Time taken for Compile -- optimize: compileLowerer, after InlineApplyIR -- LoweringTransformation -- Optimize -- ForwardLets : 0.740ms, total 1.734s
2020-09-26 18:26:04 root: INFO: Timer: Time taken for Compile -- optimize: compileLowerer, after InlineApplyIR -- LoweringTransformation -- Optimize -- ForwardRelationalLets : 0.049ms, total 1.735s
2020-09-26 18:26:04 root: INFO: Timer: Time taken for Compile -- optimize: compileLowerer, after InlineApplyIR -- LoweringTransformation -- Optimize -- PruneDeadFields : 0.260ms, total 1.735s
2020-09-26 18:26:04 root: INFO: Timer: Time taken for Compile -- optimize: compileLowerer, after InlineApplyIR -- LoweringTransformation -- Optimize -- FoldConstants : 0.115ms, total 1.735s
2020-09-26 18:26:04 root: INFO: Timer: Time taken for Compile -- optimize: compileLowerer, after InlineApplyIR -- LoweringTransformation -- Optimize -- ExtractIntervalFilters : 0.034ms, total 1.735s
2020-09-26 18:26:04 root: INFO: Timer: Time taken for Compile -- optimize: compileLowerer, after InlineApplyIR -- LoweringTransformation -- Optimize -- Simplify : 1.535ms, total 1.737s
2020-09-26 18:26:04 root: INFO: Timer: Time taken for Compile -- optimize: compileLowerer, after InlineApplyIR -- LoweringTransformation -- Optimize -- ForwardLets : 0.620ms, total 1.738s
2020-09-26 18:26:04 root: INFO: Timer: Time taken for Compile -- optimize: compileLowerer, after InlineApplyIR -- LoweringTransformation -- Optimize -- ForwardRelationalLets : 0.049ms, total 1.738s
2020-09-26 18:26:04 root: INFO: Timer: Time taken for Compile -- optimize: compileLowerer, after InlineApplyIR -- LoweringTransformation -- Optimize -- PruneDeadFields : 0.255ms, total 1.738s
2020-09-26 18:26:04 root: INFO: Timer: Time taken for Compile -- optimize: compileLowerer, after InlineApplyIR -- LoweringTransformation -- Optimize : 7.066ms, total 1.738s, tagged coverage 71.9
2020-09-26 18:26:04 root: INFO: optimize optimize: compileLowerer, after InlineApplyIR: after: IR size 7:
(MakeTuple (0)
  (ToArray
    (StreamMap __iruid_14
      (ToStream False
        (Literal Array[Struct{pops:String}] <literal value>))
      (GetField pops
        (Ref __iruid_14)))))
2020-09-26 18:26:04 root: INFO: Timer: Time taken for Compile -- optimize: compileLowerer, after InlineApplyIR -- LoweringTransformation : 7.624ms, total 1.739s, tagged coverage 66.6
2020-09-26 18:26:04 root: INFO: Timer: Time taken for Compile -- optimize: compileLowerer, after InlineApplyIR -- Verify : 0.021ms, total 1.739s
2020-09-26 18:26:04 root: INFO: Timer: Time taken for Compile -- optimize: compileLowerer, after InlineApplyIR : 8.094ms, total 1.739s, tagged coverage 63.1
2020-09-26 18:26:04 root: INFO: Timer: Time taken for Compile -- LowerArrayAggsToRunAggs -- Verify : 0.025ms, total 1.739s
2020-09-26 18:26:04 root: INFO: Timer: Time taken for Compile -- LowerArrayAggsToRunAggs -- LoweringTransformation : 17.025ms, total 1.756s
2020-09-26 18:26:04 root: INFO: Timer: Time taken for Compile -- LowerArrayAggsToRunAggs -- Verify : 0.253ms, total 1.757s
2020-09-26 18:26:04 root: INFO: Timer: Time taken for Compile -- LowerArrayAggsToRunAggs : 17.858ms, total 1.757s, tagged coverage 96.9
2020-09-26 18:26:04 root: INFO: Timer: Time taken for Compile -- optimize: compileLowerer, after LowerArrayAggsToRunAggs -- Verify : 0.010ms, total 1.757s
2020-09-26 18:26:04 root: INFO: optimize optimize: compileLowerer, after LowerArrayAggsToRunAggs: before: IR size 7: 
(MakeTuple (0)
  (ToArray
    (StreamMap __iruid_14
      (ToStream False
        (Literal Array[Struct{pops:String}] <literal value>))
      (GetField pops
        (Ref __iruid_14)))))
2020-09-26 18:26:04 root: INFO: Timer: Time taken for Compile -- optimize: compileLowerer, after LowerArrayAggsToRunAggs -- LoweringTransformation -- Optimize -- FoldConstants : 0.186ms, total 1.758s
2020-09-26 18:26:04 root: INFO: Timer: Time taken for Compile -- optimize: compileLowerer, after LowerArrayAggsToRunAggs -- LoweringTransformation -- Optimize -- ExtractIntervalFilters : 0.061ms, total 1.758s
2020-09-26 18:26:04 root: INFO: Timer: Time taken for Compile -- optimize: compileLowerer, after LowerArrayAggsToRunAggs -- LoweringTransformation -- Optimize -- Simplify : 0.085ms, total 1.758s
2020-09-26 18:26:04 root: INFO: Timer: Time taken for Compile -- optimize: compileLowerer, after LowerArrayAggsToRunAggs -- LoweringTransformation -- Optimize -- ForwardLets : 0.515ms, total 1.759s
2020-09-26 18:26:04 root: INFO: Timer: Time taken for Compile -- optimize: compileLowerer, after LowerArrayAggsToRunAggs -- LoweringTransformation -- Optimize -- ForwardRelationalLets : 0.114ms, total 1.759s
2020-09-26 18:26:04 root: INFO: Timer: Time taken for Compile -- optimize: compileLowerer, after LowerArrayAggsToRunAggs -- LoweringTransformation -- Optimize -- PruneDeadFields : 0.440ms, total 1.760s
2020-09-26 18:26:04 root: INFO: Timer: Time taken for Compile -- optimize: compileLowerer, after LowerArrayAggsToRunAggs -- LoweringTransformation -- Optimize -- FoldConstants : 0.156ms, total 1.760s
2020-09-26 18:26:04 root: INFO: Timer: Time taken for Compile -- optimize: compileLowerer, after LowerArrayAggsToRunAggs -- LoweringTransformation -- Optimize -- ExtractIntervalFilters : 0.028ms, total 1.760s
2020-09-26 18:26:04 root: INFO: Timer: Time taken for Compile -- optimize: compileLowerer, after LowerArrayAggsToRunAggs -- LoweringTransformation -- Optimize -- Simplify : 0.078ms, total 1.761s
2020-09-26 18:26:04 root: INFO: Timer: Time taken for Compile -- optimize: compileLowerer, after LowerArrayAggsToRunAggs -- LoweringTransformation -- Optimize -- ForwardLets : 6.108ms, total 1.767s
2020-09-26 18:26:04 root: INFO: Timer: Time taken for Compile -- optimize: compileLowerer, after LowerArrayAggsToRunAggs -- LoweringTransformation -- Optimize -- ForwardRelationalLets : 0.052ms, total 1.767s
2020-09-26 18:26:04 root: INFO: Timer: Time taken for Compile -- optimize: compileLowerer, after LowerArrayAggsToRunAggs -- LoweringTransformation -- Optimize -- PruneDeadFields : 0.379ms, total 1.768s
2020-09-26 18:26:04 root: INFO: Timer: Time taken for Compile -- optimize: compileLowerer, after LowerArrayAggsToRunAggs -- LoweringTransformation -- Optimize -- FoldConstants : 0.123ms, total 1.768s
2020-09-26 18:26:04 root: INFO: Timer: Time taken for Compile -- optimize: compileLowerer, after LowerArrayAggsToRunAggs -- LoweringTransformation -- Optimize -- ExtractIntervalFilters : 0.051ms, total 1.768s
2020-09-26 18:26:04 root: INFO: Timer: Time taken for Compile -- optimize: compileLowerer, after LowerArrayAggsToRunAggs -- LoweringTransformation -- Optimize -- Simplify : 0.067ms, total 1.768s
2020-09-26 18:26:04 root: INFO: Timer: Time taken for Compile -- optimize: compileLowerer, after LowerArrayAggsToRunAggs -- LoweringTransformation -- Optimize -- ForwardLets : 0.658ms, total 1.769s
2020-09-26 18:26:04 root: INFO: Timer: Time taken for Compile -- optimize: compileLowerer, after LowerArrayAggsToRunAggs -- LoweringTransformation -- Optimize -- ForwardRelationalLets : 0.073ms, total 1.769s
2020-09-26 18:26:04 root: INFO: Timer: Time taken for Compile -- optimize: compileLowerer, after LowerArrayAggsToRunAggs -- LoweringTransformation -- Optimize -- PruneDeadFields : 0.447ms, total 1.770s
2020-09-26 18:26:04 root: INFO: Timer: Time taken for Compile -- optimize: compileLowerer, after LowerArrayAggsToRunAggs -- LoweringTransformation -- Optimize : 12.310ms, total 1.770s, tagged coverage 78.1
2020-09-26 18:26:04 root: INFO: optimize optimize: compileLowerer, after LowerArrayAggsToRunAggs: after: IR size 7:
(MakeTuple (0)
  (ToArray
    (StreamMap __iruid_17
      (ToStream False
        (Literal Array[Struct{pops:String}] <literal value>))
      (GetField pops
        (Ref __iruid_17)))))
2020-09-26 18:26:04 root: INFO: Timer: Time taken for Compile -- optimize: compileLowerer, after LowerArrayAggsToRunAggs -- LoweringTransformation : 13.082ms, total 1.770s, tagged coverage 73.5
2020-09-26 18:26:04 root: INFO: Timer: Time taken for Compile -- optimize: compileLowerer, after LowerArrayAggsToRunAggs -- Verify : 0.013ms, total 1.771s
2020-09-26 18:26:04 root: INFO: Timer: Time taken for Compile -- optimize: compileLowerer, after LowerArrayAggsToRunAggs : 13.515ms, total 1.771s, tagged coverage 71.4
2020-09-26 18:26:04 root: INFO: encoder cache miss (0 hits, 2 misses, 0.000)
2020-09-26 18:26:04 root: INFO: instruction count: 6: __C32etypeEncode.<init>
2020-09-26 18:26:04 root: INFO: instruction count: 8: __C32etypeEncode.apply
2020-09-26 18:26:04 root: INFO: instruction count: 16: __C32etypeEncode.__m33ENCODE_r_tuple_of_r_array_of_r_tuple_of_r_stringENDEND_TO_r_struct_of_r_array_of_r_struct_of_r_binaryENDEND
2020-09-26 18:26:04 root: INFO: instruction count: 53: __C32etypeEncode.__m34ENCODE_r_array_of_r_tuple_of_r_binaryEND_TO_r_array_of_r_struct_of_r_binaryEND
2020-09-26 18:26:04 root: INFO: instruction count: 16: __C32etypeEncode.__m35ENCODE_r_tuple_of_r_binaryEND_TO_r_struct_of_r_binaryEND
2020-09-26 18:26:04 root: INFO: instruction count: 19: __C32etypeEncode.__m36ENCODE_r_binary_TO_r_binary
2020-09-26 18:26:04 root: INFO: RegionPool: REPORT_THRESHOLD: 256.0K allocated (256.0K blocks / 0 chunks), regions.size = 2, 0 current java objects, 0 max java objects, thread 15: Thread-4
2020-09-26 18:26:04 MemoryStore: INFO: Block broadcast_2 stored as values in memory (estimated size 84.2 KB, free 365.9 MB)
2020-09-26 18:26:04 MemoryStore: INFO: Block broadcast_2_piece0 stored as bytes in memory (estimated size 13.0 KB, free 365.9 MB)
2020-09-26 18:26:04 BlockManagerInfo: INFO: Added broadcast_2_piece0 in memory on 10.26.239.71:52798 (size: 13.0 KB, free: 366.3 MB)
2020-09-26 18:26:04 SparkContext: INFO: Created broadcast 2 from broadcast at SparkBackend.scala:233
2020-09-26 18:26:04 root: INFO: instruction count: 6: __C8Compiled.<init>
2020-09-26 18:26:04 root: INFO: instruction count: 135: __C8Compiled.apply
2020-09-26 18:26:04 root: INFO: instruction count: 8: __C8Compiled.__m21addIRIntermediate
2020-09-26 18:26:04 root: INFO: instruction count: 8: __C8Compiled.__m22addIRIntermediate
2020-09-26 18:26:04 root: INFO: instruction count: 14: __C8Compiled.setPartitionIndex
2020-09-26 18:26:04 root: INFO: instruction count: 7: __C8Compiled.addPartitionRegion
2020-09-26 18:26:04 root: INFO: instruction count: 25: __C8Compiled.__m25DECODE_r_struct_of_r_array_of_r_struct_of_r_binaryENDEND_TO_r_tuple_of_r_array_of_r_tuple_of_r_stringENDEND
2020-09-26 18:26:04 root: INFO: instruction count: 11: __C8Compiled.__m26read_fields_group_0
2020-09-26 18:26:04 root: INFO: instruction count: 58: __C8Compiled.__m27INPLACE_DECODE_r_array_of_r_struct_of_r_binaryEND_TO_r_array_of_r_tuple_of_r_binaryEND
2020-09-26 18:26:04 root: INFO: instruction count: 17: __C8Compiled.__m28INPLACE_DECODE_r_struct_of_r_binaryEND_TO_r_tuple_of_r_binaryEND
2020-09-26 18:26:04 root: INFO: instruction count: 11: __C8Compiled.__m29read_fields_group_0
2020-09-26 18:26:04 root: INFO: instruction count: 34: __C8Compiled.__m30INPLACE_DECODE_r_binary_TO_r_binary
2020-09-26 18:26:04 root: INFO: instruction count: 55: __C8Compiled.addLiterals
2020-09-26 18:26:04 root: INFO: Timer: Time taken for Compile : 164.233ms, total 1.872s, tagged coverage 23.2
2020-09-26 18:26:04 root: INFO: Timer: Time taken for InitializeCompiledFunction : 3.922ms, total 1.877s
2020-09-26 18:26:04 root: INFO: Timer: Time taken for RunCompiledFunction : 1.396ms, total 1.879s
2020-09-26 18:26:04 root: INFO: Timer: Time taken for convertRegionValueToAnnotation : 7.950ms, total 1.887s
2020-09-26 18:26:04 root: INFO: Timer: all timings:
2020-09-26 18:26:04 root: INFO: Timer: Time taken for optimize: relationalLowerer, initial IR -- Verify : 0.304ms, total 22.468ms
2020-09-26 18:26:04 root: INFO: Timer: Time taken for optimize: relationalLowerer, initial IR -- LoweringTransformation -- Optimize -- FoldConstants : 3.851ms, total 37.164ms
2020-09-26 18:26:04 root: INFO: Timer: Time taken for optimize: relationalLowerer, initial IR -- LoweringTransformation -- Optimize -- ExtractIntervalFilters : 4.025ms, total 41.531ms
2020-09-26 18:26:04 root: INFO: Timer: Time taken for optimize: relationalLowerer, initial IR -- LoweringTransformation -- Optimize -- Simplify : 10.184ms, total 52.207ms
2020-09-26 18:26:04 root: INFO: Timer: Time taken for optimize: relationalLowerer, initial IR -- LoweringTransformation -- Optimize -- ForwardLets : 8.728ms, total 61.297ms
2020-09-26 18:26:04 root: INFO: Timer: Time taken for optimize: relationalLowerer, initial IR -- LoweringTransformation -- Optimize -- ForwardRelationalLets : 1.502ms, total 63.169ms
2020-09-26 18:26:04 root: INFO: Timer: Time taken for optimize: relationalLowerer, initial IR -- LoweringTransformation -- Optimize -- PruneDeadFields : 8.689ms, total 72.245ms
2020-09-26 18:26:04 root: INFO: Timer: Time taken for optimize: relationalLowerer, initial IR -- LoweringTransformation -- Optimize -- FoldConstants : 0.264ms, total 72.841ms
2020-09-26 18:26:04 root: INFO: Timer: Time taken for optimize: relationalLowerer, initial IR -- LoweringTransformation -- Optimize -- ExtractIntervalFilters : 0.124ms, total 73.221ms
2020-09-26 18:26:04 root: INFO: Timer: Time taken for optimize: relationalLowerer, initial IR -- LoweringTransformation -- Optimize -- Simplify : 0.155ms, total 73.525ms
2020-09-26 18:26:04 root: INFO: Timer: Time taken for optimize: relationalLowerer, initial IR -- LoweringTransformation -- Optimize -- ForwardLets : 0.792ms, total 74.452ms
2020-09-26 18:26:04 root: INFO: Timer: Time taken for optimize: relationalLowerer, initial IR -- LoweringTransformation -- Optimize -- ForwardRelationalLets : 0.042ms, total 74.659ms
2020-09-26 18:26:04 root: INFO: Timer: Time taken for optimize: relationalLowerer, initial IR -- LoweringTransformation -- Optimize -- PruneDeadFields : 0.511ms, total 75.291ms
2020-09-26 18:26:04 root: INFO: Timer: Time taken for optimize: relationalLowerer, initial IR -- LoweringTransformation -- Optimize -- FoldConstants : 0.131ms, total 75.556ms
2020-09-26 18:26:04 root: INFO: Timer: Time taken for optimize: relationalLowerer, initial IR -- LoweringTransformation -- Optimize -- ExtractIntervalFilters : 0.066ms, total 75.726ms
2020-09-26 18:26:04 root: INFO: Timer: Time taken for optimize: relationalLowerer, initial IR -- LoweringTransformation -- Optimize -- Simplify : 0.115ms, total 75.952ms
2020-09-26 18:26:04 root: INFO: Timer: Time taken for optimize: relationalLowerer, initial IR -- LoweringTransformation -- Optimize -- ForwardLets : 0.885ms, total 77.063ms
2020-09-26 18:26:04 root: INFO: Timer: Time taken for optimize: relationalLowerer, initial IR -- LoweringTransformation -- Optimize -- ForwardRelationalLets : 0.052ms, total 77.296ms
2020-09-26 18:26:04 root: INFO: Timer: Time taken for optimize: relationalLowerer, initial IR -- LoweringTransformation -- Optimize -- PruneDeadFields : 0.498ms, total 77.937ms
2020-09-26 18:26:04 root: INFO: Timer: Time taken for optimize: relationalLowerer, initial IR -- LoweringTransformation -- Optimize : 44.992ms, total 78.065ms, tagged coverage 90.3
2020-09-26 18:26:04 root: INFO: Timer: Time taken for optimize: relationalLowerer, initial IR -- LoweringTransformation : 56.379ms, total 79.865ms, tagged coverage 72.0
2020-09-26 18:26:04 root: INFO: Timer: Time taken for optimize: relationalLowerer, initial IR -- Verify : 0.022ms, total 80.203ms
2020-09-26 18:26:04 root: INFO: Timer: Time taken for optimize: relationalLowerer, initial IR : 58.306ms, total 80.318ms, tagged coverage 70.2
2020-09-26 18:26:04 root: INFO: Timer: Time taken for LowerMatrixToTable -- Verify : 0.009ms, total 80.553ms
2020-09-26 18:26:04 root: INFO: Timer: Time taken for LowerMatrixToTable -- LoweringTransformation : 5.633ms, total 86.293ms
2020-09-26 18:26:04 root: INFO: Timer: Time taken for LowerMatrixToTable -- Verify : 0.024ms, total 86.503ms
2020-09-26 18:26:04 root: INFO: Timer: Time taken for LowerMatrixToTable : 6.067ms, total 86.609ms, tagged coverage 93.4
2020-09-26 18:26:04 root: INFO: Timer: Time taken for optimize: relationalLowerer, after LowerMatrixToTable -- Verify : 0.009ms, total 86.826ms
2020-09-26 18:26:04 root: INFO: Timer: Time taken for optimize: relationalLowerer, after LowerMatrixToTable -- LoweringTransformation -- Optimize -- FoldConstants : 0.129ms, total 87.597ms
2020-09-26 18:26:04 root: INFO: Timer: Time taken for optimize: relationalLowerer, after LowerMatrixToTable -- LoweringTransformation -- Optimize -- ExtractIntervalFilters : 0.094ms, total 87.807ms
2020-09-26 18:26:04 root: INFO: Timer: Time taken for optimize: relationalLowerer, after LowerMatrixToTable -- LoweringTransformation -- Optimize -- Simplify : 0.082ms, total 87.998ms
2020-09-26 18:26:04 root: INFO: Timer: Time taken for optimize: relationalLowerer, after LowerMatrixToTable -- LoweringTransformation -- Optimize -- ForwardLets : 0.662ms, total 88.787ms
2020-09-26 18:26:04 root: INFO: Timer: Time taken for optimize: relationalLowerer, after LowerMatrixToTable -- LoweringTransformation -- Optimize -- ForwardRelationalLets : 0.051ms, total 89.007ms
2020-09-26 18:26:04 root: INFO: Timer: Time taken for optimize: relationalLowerer, after LowerMatrixToTable -- LoweringTransformation -- Optimize -- PruneDeadFields : 0.471ms, total 89.592ms
2020-09-26 18:26:04 root: INFO: Timer: Time taken for optimize: relationalLowerer, after LowerMatrixToTable -- LoweringTransformation -- Optimize -- FoldConstants : 0.131ms, total 89.893ms
2020-09-26 18:26:04 root: INFO: Timer: Time taken for optimize: relationalLowerer, after LowerMatrixToTable -- LoweringTransformation -- Optimize -- ExtractIntervalFilters : 0.033ms, total 90.050ms
2020-09-26 18:26:04 root: INFO: Timer: Time taken for optimize: relationalLowerer, after LowerMatrixToTable -- LoweringTransformation -- Optimize -- Simplify : 0.077ms, total 90.226ms
2020-09-26 18:26:04 root: INFO: Timer: Time taken for optimize: relationalLowerer, after LowerMatrixToTable -- LoweringTransformation -- Optimize -- ForwardLets : 0.602ms, total 90.922ms
2020-09-26 18:26:04 root: INFO: Timer: Time taken for optimize: relationalLowerer, after LowerMatrixToTable -- LoweringTransformation -- Optimize -- ForwardRelationalLets : 0.048ms, total 91.157ms
2020-09-26 18:26:04 root: INFO: Timer: Time taken for optimize: relationalLowerer, after LowerMatrixToTable -- LoweringTransformation -- Optimize -- PruneDeadFields : 0.423ms, total 91.688ms
2020-09-26 18:26:04 root: INFO: Timer: Time taken for optimize: relationalLowerer, after LowerMatrixToTable -- LoweringTransformation -- Optimize -- FoldConstants : 0.171ms, total 91.990ms
2020-09-26 18:26:04 root: INFO: Timer: Time taken for optimize: relationalLowerer, after LowerMatrixToTable -- LoweringTransformation -- Optimize -- ExtractIntervalFilters : 0.030ms, total 92.139ms
2020-09-26 18:26:04 root: INFO: Timer: Time taken for optimize: relationalLowerer, after LowerMatrixToTable -- LoweringTransformation -- Optimize -- Simplify : 0.079ms, total 92.314ms
2020-09-26 18:26:04 root: INFO: Timer: Time taken for optimize: relationalLowerer, after LowerMatrixToTable -- LoweringTransformation -- Optimize -- ForwardLets : 0.562ms, total 92.970ms
2020-09-26 18:26:04 root: INFO: Timer: Time taken for optimize: relationalLowerer, after LowerMatrixToTable -- LoweringTransformation -- Optimize -- ForwardRelationalLets : 0.043ms, total 93.274ms
2020-09-26 18:26:04 root: INFO: Timer: Time taken for optimize: relationalLowerer, after LowerMatrixToTable -- LoweringTransformation -- Optimize -- PruneDeadFields : 0.402ms, total 93.778ms
2020-09-26 18:26:04 root: INFO: Timer: Time taken for optimize: relationalLowerer, after LowerMatrixToTable -- LoweringTransformation -- Optimize : 6.417ms, total 93.881ms, tagged coverage 63.7
2020-09-26 18:26:04 root: INFO: Timer: Time taken for optimize: relationalLowerer, after LowerMatrixToTable -- LoweringTransformation : 8.046ms, total 94.978ms, tagged coverage 50.8
2020-09-26 18:26:04 root: INFO: Timer: Time taken for optimize: relationalLowerer, after LowerMatrixToTable -- Verify : 0.016ms, total 95.350ms
2020-09-26 18:26:04 root: INFO: Timer: Time taken for optimize: relationalLowerer, after LowerMatrixToTable : 8.668ms, total 95.483ms, tagged coverage 47.5
2020-09-26 18:26:04 root: INFO: Timer: Time taken for InterpretNonCompilable -- Verify : 0.013ms, total 95.740ms
2020-09-26 18:26:04 root: INFO: Timer: Time taken for InterpretNonCompilable -- LoweringTransformation : 1.602s, total 1.697s
2020-09-26 18:26:04 root: INFO: Timer: Time taken for InterpretNonCompilable -- Verify : 0.255ms, total 1.698s
2020-09-26 18:26:04 root: INFO: Timer: Time taken for InterpretNonCompilable : 1.602s, total 1.698s, tagged coverage 100.0
2020-09-26 18:26:04 root: INFO: Timer: Time taken for optimize: relationalLowerer, after InterpretNonCompilable -- Verify : 0.023ms, total 1.699s
2020-09-26 18:26:04 root: INFO: Timer: Time taken for optimize: relationalLowerer, after InterpretNonCompilable -- LoweringTransformation -- Optimize -- FoldConstants : 0.634ms, total 1.700s
2020-09-26 18:26:04 root: INFO: Timer: Time taken for optimize: relationalLowerer, after InterpretNonCompilable -- LoweringTransformation -- Optimize -- ExtractIntervalFilters : 0.055ms, total 1.700s
2020-09-26 18:26:04 root: INFO: Timer: Time taken for optimize: relationalLowerer, after InterpretNonCompilable -- LoweringTransformation -- Optimize -- Simplify : 0.068ms, total 1.700s
2020-09-26 18:26:04 root: INFO: Timer: Time taken for optimize: relationalLowerer, after InterpretNonCompilable -- LoweringTransformation -- Optimize -- ForwardLets : 0.656ms, total 1.701s
2020-09-26 18:26:04 root: INFO: Timer: Time taken for optimize: relationalLowerer, after InterpretNonCompilable -- LoweringTransformation -- Optimize -- ForwardRelationalLets : 0.091ms, total 1.701s
2020-09-26 18:26:04 root: INFO: Timer: Time taken for optimize: relationalLowerer, after InterpretNonCompilable -- LoweringTransformation -- Optimize -- PruneDeadFields : 1.140ms, total 1.703s
2020-09-26 18:26:04 root: INFO: Timer: Time taken for optimize: relationalLowerer, after InterpretNonCompilable -- LoweringTransformation -- Optimize -- FoldConstants : 0.153ms, total 1.703s
2020-09-26 18:26:04 root: INFO: Timer: Time taken for optimize: relationalLowerer, after InterpretNonCompilable -- LoweringTransformation -- Optimize -- ExtractIntervalFilters : 0.031ms, total 1.703s
2020-09-26 18:26:04 root: INFO: Timer: Time taken for optimize: relationalLowerer, after InterpretNonCompilable -- LoweringTransformation -- Optimize -- Simplify : 0.086ms, total 1.703s
2020-09-26 18:26:04 root: INFO: Timer: Time taken for optimize: relationalLowerer, after InterpretNonCompilable -- LoweringTransformation -- Optimize -- ForwardLets : 0.564ms, total 1.704s
2020-09-26 18:26:04 root: INFO: Timer: Time taken for optimize: relationalLowerer, after InterpretNonCompilable -- LoweringTransformation -- Optimize -- ForwardRelationalLets : 0.062ms, total 1.704s
2020-09-26 18:26:04 root: INFO: Timer: Time taken for optimize: relationalLowerer, after InterpretNonCompilable -- LoweringTransformation -- Optimize -- PruneDeadFields : 0.315ms, total 1.705s
2020-09-26 18:26:04 root: INFO: Timer: Time taken for optimize: relationalLowerer, after InterpretNonCompilable -- LoweringTransformation -- Optimize -- FoldConstants : 0.137ms, total 1.705s
2020-09-26 18:26:04 root: INFO: Timer: Time taken for optimize: relationalLowerer, after InterpretNonCompilable -- LoweringTransformation -- Optimize -- ExtractIntervalFilters : 0.030ms, total 1.705s
2020-09-26 18:26:04 root: INFO: Timer: Time taken for optimize: relationalLowerer, after InterpretNonCompilable -- LoweringTransformation -- Optimize -- Simplify : 0.090ms, total 1.705s
2020-09-26 18:26:04 root: INFO: Timer: Time taken for optimize: relationalLowerer, after InterpretNonCompilable -- LoweringTransformation -- Optimize -- ForwardLets : 0.585ms, total 1.706s
2020-09-26 18:26:04 root: INFO: Timer: Time taken for optimize: relationalLowerer, after InterpretNonCompilable -- LoweringTransformation -- Optimize -- ForwardRelationalLets : 0.064ms, total 1.706s
2020-09-26 18:26:04 root: INFO: Timer: Time taken for optimize: relationalLowerer, after InterpretNonCompilable -- LoweringTransformation -- Optimize -- PruneDeadFields : 0.317ms, total 1.707s
2020-09-26 18:26:04 root: INFO: Timer: Time taken for optimize: relationalLowerer, after InterpretNonCompilable -- LoweringTransformation -- Optimize : 7.794ms, total 1.707s, tagged coverage 65.2
2020-09-26 18:26:04 root: INFO: Timer: Time taken for optimize: relationalLowerer, after InterpretNonCompilable -- LoweringTransformation : 8.577ms, total 1.707s, tagged coverage 59.2
2020-09-26 18:26:04 root: INFO: Timer: Time taken for optimize: relationalLowerer, after InterpretNonCompilable -- Verify : 0.009ms, total 1.707s
2020-09-26 18:26:04 root: INFO: Timer: Time taken for optimize: relationalLowerer, after InterpretNonCompilable : 8.993ms, total 1.708s, tagged coverage 56.8
2020-09-26 18:26:04 root: INFO: Timer: Time taken for Compile -- optimize: compileLowerer, initial IR -- Verify : 0.016ms, total 1.720s
2020-09-26 18:26:04 root: INFO: Timer: Time taken for Compile -- optimize: compileLowerer, initial IR -- LoweringTransformation -- Optimize -- FoldConstants : 0.895ms, total 1.721s
2020-09-26 18:26:04 root: INFO: Timer: Time taken for Compile -- optimize: compileLowerer, initial IR -- LoweringTransformation -- Optimize -- ExtractIntervalFilters : 0.092ms, total 1.721s
2020-09-26 18:26:04 root: INFO: Timer: Time taken for Compile -- optimize: compileLowerer, initial IR -- LoweringTransformation -- Optimize -- Simplify : 0.091ms, total 1.722s
2020-09-26 18:26:04 root: INFO: Timer: Time taken for Compile -- optimize: compileLowerer, initial IR -- LoweringTransformation -- Optimize -- ForwardLets : 0.545ms, total 1.722s
2020-09-26 18:26:04 root: INFO: Timer: Time taken for Compile -- optimize: compileLowerer, initial IR -- LoweringTransformation -- Optimize -- ForwardRelationalLets : 0.051ms, total 1.723s
2020-09-26 18:26:04 root: INFO: Timer: Time taken for Compile -- optimize: compileLowerer, initial IR -- LoweringTransformation -- Optimize -- PruneDeadFields : 1.685ms, total 1.724s
2020-09-26 18:26:04 root: INFO: Timer: Time taken for Compile -- optimize: compileLowerer, initial IR -- LoweringTransformation -- Optimize -- FoldConstants : 0.150ms, total 1.725s
2020-09-26 18:26:04 root: INFO: Timer: Time taken for Compile -- optimize: compileLowerer, initial IR -- LoweringTransformation -- Optimize -- ExtractIntervalFilters : 0.032ms, total 1.725s
2020-09-26 18:26:04 root: INFO: Timer: Time taken for Compile -- optimize: compileLowerer, initial IR -- LoweringTransformation -- Optimize -- Simplify : 0.081ms, total 1.725s
2020-09-26 18:26:04 root: INFO: Timer: Time taken for Compile -- optimize: compileLowerer, initial IR -- LoweringTransformation -- Optimize -- ForwardLets : 0.589ms, total 1.726s
2020-09-26 18:26:04 root: INFO: Timer: Time taken for Compile -- optimize: compileLowerer, initial IR -- LoweringTransformation -- Optimize -- ForwardRelationalLets : 0.093ms, total 1.726s
2020-09-26 18:26:04 root: INFO: Timer: Time taken for Compile -- optimize: compileLowerer, initial IR -- LoweringTransformation -- Optimize -- PruneDeadFields : 0.299ms, total 1.726s
2020-09-26 18:26:04 root: INFO: Timer: Time taken for Compile -- optimize: compileLowerer, initial IR -- LoweringTransformation -- Optimize -- FoldConstants : 0.118ms, total 1.727s
2020-09-26 18:26:04 root: INFO: Timer: Time taken for Compile -- optimize: compileLowerer, initial IR -- LoweringTransformation -- Optimize -- ExtractIntervalFilters : 0.027ms, total 1.727s
2020-09-26 18:26:04 root: INFO: Timer: Time taken for Compile -- optimize: compileLowerer, initial IR -- LoweringTransformation -- Optimize -- Simplify : 0.071ms, total 1.727s
2020-09-26 18:26:04 root: INFO: Timer: Time taken for Compile -- optimize: compileLowerer, initial IR -- LoweringTransformation -- Optimize -- ForwardLets : 0.579ms, total 1.728s
2020-09-26 18:26:04 root: INFO: Timer: Time taken for Compile -- optimize: compileLowerer, initial IR -- LoweringTransformation -- Optimize -- ForwardRelationalLets : 0.054ms, total 1.728s
2020-09-26 18:26:04 root: INFO: Timer: Time taken for Compile -- optimize: compileLowerer, initial IR -- LoweringTransformation -- Optimize -- PruneDeadFields : 0.285ms, total 1.728s
2020-09-26 18:26:04 root: INFO: Timer: Time taken for Compile -- optimize: compileLowerer, initial IR -- LoweringTransformation -- Optimize : 7.994ms, total 1.728s, tagged coverage 71.8
2020-09-26 18:26:04 root: INFO: Timer: Time taken for Compile -- optimize: compileLowerer, initial IR -- LoweringTransformation : 8.806ms, total 1.729s, tagged coverage 65.2
2020-09-26 18:26:04 root: INFO: Timer: Time taken for Compile -- optimize: compileLowerer, initial IR -- Verify : 0.010ms, total 1.729s
2020-09-26 18:26:04 root: INFO: Timer: Time taken for Compile -- optimize: compileLowerer, initial IR : 9.285ms, total 1.729s, tagged coverage 62.1
2020-09-26 18:26:04 root: INFO: Timer: Time taken for Compile -- InlineApplyIR -- Verify : 0.015ms, total 1.730s
2020-09-26 18:26:04 root: INFO: Timer: Time taken for Compile -- InlineApplyIR -- LoweringTransformation : 0.216ms, total 1.730s
2020-09-26 18:26:04 root: INFO: Timer: Time taken for Compile -- InlineApplyIR -- Verify : 0.023ms, total 1.730s
2020-09-26 18:26:04 root: INFO: Timer: Time taken for Compile -- InlineApplyIR : 0.576ms, total 1.730s, tagged coverage 44.1
2020-09-26 18:26:04 root: INFO: Timer: Time taken for Compile -- optimize: compileLowerer, after InlineApplyIR -- Verify : 0.010ms, total 1.731s
2020-09-26 18:26:04 root: INFO: Timer: Time taken for Compile -- optimize: compileLowerer, after InlineApplyIR -- LoweringTransformation -- Optimize -- FoldConstants : 0.129ms, total 1.731s
2020-09-26 18:26:04 root: INFO: Timer: Time taken for Compile -- optimize: compileLowerer, after InlineApplyIR -- LoweringTransformation -- Optimize -- ExtractIntervalFilters : 0.039ms, total 1.731s
2020-09-26 18:26:04 root: INFO: Timer: Time taken for Compile -- optimize: compileLowerer, after InlineApplyIR -- LoweringTransformation -- Optimize -- Simplify : 0.083ms, total 1.732s
2020-09-26 18:26:04 root: INFO: Timer: Time taken for Compile -- optimize: compileLowerer, after InlineApplyIR -- LoweringTransformation -- Optimize -- ForwardLets : 0.502ms, total 1.732s
2020-09-26 18:26:04 root: INFO: Timer: Time taken for Compile -- optimize: compileLowerer, after InlineApplyIR -- LoweringTransformation -- Optimize -- ForwardRelationalLets : 0.062ms, total 1.733s
2020-09-26 18:26:04 root: INFO: Timer: Time taken for Compile -- optimize: compileLowerer, after InlineApplyIR -- LoweringTransformation -- Optimize -- PruneDeadFields : 0.278ms, total 1.733s
2020-09-26 18:26:04 root: INFO: Timer: Time taken for Compile -- optimize: compileLowerer, after InlineApplyIR -- LoweringTransformation -- Optimize -- FoldConstants : 0.147ms, total 1.733s
2020-09-26 18:26:04 root: INFO: Timer: Time taken for Compile -- optimize: compileLowerer, after InlineApplyIR -- LoweringTransformation -- Optimize -- ExtractIntervalFilters : 0.031ms, total 1.733s
2020-09-26 18:26:04 root: INFO: Timer: Time taken for Compile -- optimize: compileLowerer, after InlineApplyIR -- LoweringTransformation -- Optimize -- Simplify : 0.150ms, total 1.734s
2020-09-26 18:26:04 root: INFO: Timer: Time taken for Compile -- optimize: compileLowerer, after InlineApplyIR -- LoweringTransformation -- Optimize -- ForwardLets : 0.740ms, total 1.734s
2020-09-26 18:26:04 root: INFO: Timer: Time taken for Compile -- optimize: compileLowerer, after InlineApplyIR -- LoweringTransformation -- Optimize -- ForwardRelationalLets : 0.049ms, total 1.735s
2020-09-26 18:26:04 root: INFO: Timer: Time taken for Compile -- optimize: compileLowerer, after InlineApplyIR -- LoweringTransformation -- Optimize -- PruneDeadFields : 0.260ms, total 1.735s
2020-09-26 18:26:04 root: INFO: Timer: Time taken for Compile -- optimize: compileLowerer, after InlineApplyIR -- LoweringTransformation -- Optimize -- FoldConstants : 0.115ms, total 1.735s
2020-09-26 18:26:04 root: INFO: Timer: Time taken for Compile -- optimize: compileLowerer, after InlineApplyIR -- LoweringTransformation -- Optimize -- ExtractIntervalFilters : 0.034ms, total 1.735s
2020-09-26 18:26:04 root: INFO: Timer: Time taken for Compile -- optimize: compileLowerer, after InlineApplyIR -- LoweringTransformation -- Optimize -- Simplify : 1.535ms, total 1.737s
2020-09-26 18:26:04 root: INFO: Timer: Time taken for Compile -- optimize: compileLowerer, after InlineApplyIR -- LoweringTransformation -- Optimize -- ForwardLets : 0.620ms, total 1.738s
2020-09-26 18:26:04 root: INFO: Timer: Time taken for Compile -- optimize: compileLowerer, after InlineApplyIR -- LoweringTransformation -- Optimize -- ForwardRelationalLets : 0.049ms, total 1.738s
2020-09-26 18:26:04 root: INFO: Timer: Time taken for Compile -- optimize: compileLowerer, after InlineApplyIR -- LoweringTransformation -- Optimize -- PruneDeadFields : 0.255ms, total 1.738s
2020-09-26 18:26:04 root: INFO: Timer: Time taken for Compile -- optimize: compileLowerer, after InlineApplyIR -- LoweringTransformation -- Optimize : 7.066ms, total 1.738s, tagged coverage 71.9
2020-09-26 18:26:04 root: INFO: Timer: Time taken for Compile -- optimize: compileLowerer, after InlineApplyIR -- LoweringTransformation : 7.624ms, total 1.739s, tagged coverage 66.6
2020-09-26 18:26:04 root: INFO: Timer: Time taken for Compile -- optimize: compileLowerer, after InlineApplyIR -- Verify : 0.021ms, total 1.739s
2020-09-26 18:26:04 root: INFO: Timer: Time taken for Compile -- optimize: compileLowerer, after InlineApplyIR : 8.094ms, total 1.739s, tagged coverage 63.1
2020-09-26 18:26:04 root: INFO: Timer: Time taken for Compile -- LowerArrayAggsToRunAggs -- Verify : 0.025ms, total 1.739s
2020-09-26 18:26:04 root: INFO: Timer: Time taken for Compile -- LowerArrayAggsToRunAggs -- LoweringTransformation : 17.025ms, total 1.756s
2020-09-26 18:26:04 root: INFO: Timer: Time taken for Compile -- LowerArrayAggsToRunAggs -- Verify : 0.253ms, total 1.757s
2020-09-26 18:26:04 root: INFO: Timer: Time taken for Compile -- LowerArrayAggsToRunAggs : 17.858ms, total 1.757s, tagged coverage 96.9
2020-09-26 18:26:04 root: INFO: Timer: Time taken for Compile -- optimize: compileLowerer, after LowerArrayAggsToRunAggs -- Verify : 0.010ms, total 1.757s
2020-09-26 18:26:04 root: INFO: Timer: Time taken for Compile -- optimize: compileLowerer, after LowerArrayAggsToRunAggs -- LoweringTransformation -- Optimize -- FoldConstants : 0.186ms, total 1.758s
2020-09-26 18:26:04 root: INFO: Timer: Time taken for Compile -- optimize: compileLowerer, after LowerArrayAggsToRunAggs -- LoweringTransformation -- Optimize -- ExtractIntervalFilters : 0.061ms, total 1.758s
2020-09-26 18:26:04 root: INFO: Timer: Time taken for Compile -- optimize: compileLowerer, after LowerArrayAggsToRunAggs -- LoweringTransformation -- Optimize -- Simplify : 0.085ms, total 1.758s
2020-09-26 18:26:04 root: INFO: Timer: Time taken for Compile -- optimize: compileLowerer, after LowerArrayAggsToRunAggs -- LoweringTransformation -- Optimize -- ForwardLets : 0.515ms, total 1.759s
2020-09-26 18:26:04 root: INFO: Timer: Time taken for Compile -- optimize: compileLowerer, after LowerArrayAggsToRunAggs -- LoweringTransformation -- Optimize -- ForwardRelationalLets : 0.114ms, total 1.759s
2020-09-26 18:26:04 root: INFO: Timer: Time taken for Compile -- optimize: compileLowerer, after LowerArrayAggsToRunAggs -- LoweringTransformation -- Optimize -- PruneDeadFields : 0.440ms, total 1.760s
2020-09-26 18:26:04 root: INFO: Timer: Time taken for Compile -- optimize: compileLowerer, after LowerArrayAggsToRunAggs -- LoweringTransformation -- Optimize -- FoldConstants : 0.156ms, total 1.760s
2020-09-26 18:26:04 root: INFO: Timer: Time taken for Compile -- optimize: compileLowerer, after LowerArrayAggsToRunAggs -- LoweringTransformation -- Optimize -- ExtractIntervalFilters : 0.028ms, total 1.760s
2020-09-26 18:26:04 root: INFO: Timer: Time taken for Compile -- optimize: compileLowerer, after LowerArrayAggsToRunAggs -- LoweringTransformation -- Optimize -- Simplify : 0.078ms, total 1.761s
2020-09-26 18:26:04 root: INFO: Timer: Time taken for Compile -- optimize: compileLowerer, after LowerArrayAggsToRunAggs -- LoweringTransformation -- Optimize -- ForwardLets : 6.108ms, total 1.767s
2020-09-26 18:26:04 root: INFO: Timer: Time taken for Compile -- optimize: compileLowerer, after LowerArrayAggsToRunAggs -- LoweringTransformation -- Optimize -- ForwardRelationalLets : 0.052ms, total 1.767s
2020-09-26 18:26:04 root: INFO: Timer: Time taken for Compile -- optimize: compileLowerer, after LowerArrayAggsToRunAggs -- LoweringTransformation -- Optimize -- PruneDeadFields : 0.379ms, total 1.768s
2020-09-26 18:26:04 root: INFO: Timer: Time taken for Compile -- optimize: compileLowerer, after LowerArrayAggsToRunAggs -- LoweringTransformation -- Optimize -- FoldConstants : 0.123ms, total 1.768s
2020-09-26 18:26:04 root: INFO: Timer: Time taken for Compile -- optimize: compileLowerer, after LowerArrayAggsToRunAggs -- LoweringTransformation -- Optimize -- ExtractIntervalFilters : 0.051ms, total 1.768s
2020-09-26 18:26:04 root: INFO: Timer: Time taken for Compile -- optimize: compileLowerer, after LowerArrayAggsToRunAggs -- LoweringTransformation -- Optimize -- Simplify : 0.067ms, total 1.768s
2020-09-26 18:26:04 root: INFO: Timer: Time taken for Compile -- optimize: compileLowerer, after LowerArrayAggsToRunAggs -- LoweringTransformation -- Optimize -- ForwardLets : 0.658ms, total 1.769s
2020-09-26 18:26:04 root: INFO: Timer: Time taken for Compile -- optimize: compileLowerer, after LowerArrayAggsToRunAggs -- LoweringTransformation -- Optimize -- ForwardRelationalLets : 0.073ms, total 1.769s
2020-09-26 18:26:04 root: INFO: Timer: Time taken for Compile -- optimize: compileLowerer, after LowerArrayAggsToRunAggs -- LoweringTransformation -- Optimize -- PruneDeadFields : 0.447ms, total 1.770s
2020-09-26 18:26:04 root: INFO: Timer: Time taken for Compile -- optimize: compileLowerer, after LowerArrayAggsToRunAggs -- LoweringTransformation -- Optimize : 12.310ms, total 1.770s, tagged coverage 78.1
2020-09-26 18:26:04 root: INFO: Timer: Time taken for Compile -- optimize: compileLowerer, after LowerArrayAggsToRunAggs -- LoweringTransformation : 13.082ms, total 1.770s, tagged coverage 73.5
2020-09-26 18:26:04 root: INFO: Timer: Time taken for Compile -- optimize: compileLowerer, after LowerArrayAggsToRunAggs -- Verify : 0.013ms, total 1.771s
2020-09-26 18:26:04 root: INFO: Timer: Time taken for Compile -- optimize: compileLowerer, after LowerArrayAggsToRunAggs : 13.515ms, total 1.771s, tagged coverage 71.4
2020-09-26 18:26:04 root: INFO: Timer: Time taken for Compile : 164.233ms, total 1.872s, tagged coverage 23.2
2020-09-26 18:26:04 root: INFO: Timer: Time taken for InitializeCompiledFunction : 3.922ms, total 1.877s
2020-09-26 18:26:04 root: INFO: Timer: Time taken for RunCompiledFunction : 1.396ms, total 1.879s
2020-09-26 18:26:04 root: INFO: Timer: Time taken for convertRegionValueToAnnotation : 7.950ms, total 1.887s
2020-09-26 18:26:04 root: INFO: Timer: aggregate:
2020-09-26 18:26:04 root: INFO: Timer: Time taken for tag 'Verify' (20): 1.079ms
2020-09-26 18:26:04 root: INFO: Timer: Time taken for tag 'RunCompiledFunction' (1): 1.396ms
2020-09-26 18:26:04 root: INFO: Timer: Time taken for tag 'ForwardRelationalLets' (18): 2.552ms
2020-09-26 18:26:04 root: INFO: Timer: Time taken for tag 'InitializeCompiledFunction' (1): 3.922ms
2020-09-26 18:26:04 root: INFO: Timer: Time taken for tag 'ExtractIntervalFilters' (18): 4.883ms
2020-09-26 18:26:04 root: INFO: Timer: Time taken for tag 'FoldConstants' (18): 7.618ms
2020-09-26 18:26:04 root: INFO: Timer: Time taken for tag 'convertRegionValueToAnnotation' (1): 7.950ms
2020-09-26 18:26:04 root: INFO: Timer: Time taken for tag 'Simplify' (18): 13.179ms
2020-09-26 18:26:04 root: INFO: Timer: Time taken for tag 'PruneDeadFields' (18): 17.095ms
2020-09-26 18:26:04 root: INFO: Timer: Time taken for tag 'ForwardLets' (18): 24.893ms
2020-09-26 18:26:04 root: INFO: Timer: Time taken for tag 'LoweringTransformation' (4): 1.624s
2020-09-26 18:26:04 root: INFO: Timer: Fraction covered by a tagged leaf: 186.452ms (90.2%)
2020-09-26 18:49:49 SparkContext: INFO: Invoking stop() from shutdown hook
2020-09-26 18:49:49 AbstractConnector: INFO: Stopped Spark@331aebdd{HTTP/1.1,[http/1.1]}{0.0.0.0:4041}
2020-09-26 18:49:49 SparkUI: INFO: Stopped Spark web UI at http://10.26.239.71:4041
2020-09-26 18:49:49 MapOutputTrackerMasterEndpoint: INFO: MapOutputTrackerMasterEndpoint stopped!
2020-09-26 18:49:49 MemoryStore: INFO: MemoryStore cleared
2020-09-26 18:49:49 BlockManager: INFO: BlockManager stopped
2020-09-26 18:49:49 BlockManagerMaster: INFO: BlockManagerMaster stopped
2020-09-26 18:49:49 OutputCommitCoordinator$OutputCommitCoordinatorEndpoint: INFO: OutputCommitCoordinator stopped!
2020-09-26 18:49:49 SparkContext: INFO: Successfully stopped SparkContext
2020-09-26 18:49:49 ShutdownHookManager: INFO: Shutdown hook called
2020-09-26 18:49:49 ShutdownHookManager: INFO: Deleting directory /private/var/folders/v4/w7rkkv_x2_zcsszmps6x2dkm0000gn/T/spark-5f6fcecc-b19d-4dc3-a2ca-2bf057199323
2020-09-26 18:49:49 ShutdownHookManager: INFO: Deleting directory /private/var/folders/v4/w7rkkv_x2_zcsszmps6x2dkm0000gn/T/spark-5f6fcecc-b19d-4dc3-a2ca-2bf057199323/pyspark-72fd8e0e-aaa5-496b-869b-b52be26bbc97
2020-09-26 18:49:49 ShutdownHookManager: INFO: Deleting directory /private/var/folders/v4/w7rkkv_x2_zcsszmps6x2dkm0000gn/T/spark-af1fa428-0c39-4a32-b9c5-7e1b0fba4731
