2020-05-18 16:09:31 Hail: INFO: Running Hail version 0.2.40-216e3cc7271c
2020-05-18 16:09:32 SparkContext: WARN: Using an existing SparkContext; some configuration may not take effect.
2020-05-18 16:09:36 root: ERROR: HailException: MatrixTable and Table files are directories; path 'gs://ukb-diverse-pops/ld_prune/release/phenotype_manifest.tsv' is not a directory
From is.hail.utils.HailException: MatrixTable and Table files are directories; path 'gs://ukb-diverse-pops/ld_prune/release/phenotype_manifest.tsv' is not a directory
	at is.hail.utils.ErrorHandling$class.fatal(ErrorHandling.scala:9)
	at is.hail.utils.package$.fatal(package.scala:76)
	at is.hail.expr.ir.RelationalSpec$.readMetadata(AbstractMatrixTableSpec.scala:32)
	at is.hail.expr.ir.RelationalSpec$.readReferences(AbstractMatrixTableSpec.scala:66)
	at is.hail.variant.ReferenceGenome$.fromHailDataset(ReferenceGenome.scala:587)
	at is.hail.variant.ReferenceGenome.fromHailDataset(ReferenceGenome.scala)
	at sun.reflect.NativeMethodAccessorImpl.invoke0(Native Method)
	at sun.reflect.NativeMethodAccessorImpl.invoke(NativeMethodAccessorImpl.java:62)
	at sun.reflect.DelegatingMethodAccessorImpl.invoke(DelegatingMethodAccessorImpl.java:43)
	at java.lang.reflect.Method.invoke(Method.java:498)
	at py4j.reflection.MethodInvoker.invoke(MethodInvoker.java:244)
	at py4j.reflection.ReflectionEngine.invoke(ReflectionEngine.java:357)
	at py4j.Gateway.invoke(Gateway.java:282)
	at py4j.commands.AbstractCommand.invokeMethod(AbstractCommand.java:132)
	at py4j.commands.CallCommand.execute(CallCommand.java:79)
	at py4j.GatewayConnection.run(GatewayConnection.java:238)
	at java.lang.Thread.run(Thread.java:748)



2020-05-18 16:09:36 SparkContext: INFO: Invoking stop() from shutdown hook
2020-05-18 16:09:36 AbstractConnector: INFO: Stopped Spark@28bf0897{HTTP/1.1,[http/1.1]}{0.0.0.0:4040}
2020-05-18 16:09:36 SparkUI: INFO: Stopped Spark web UI at http://192.168.0.110:4040
2020-05-18 16:09:36 MapOutputTrackerMasterEndpoint: INFO: MapOutputTrackerMasterEndpoint stopped!
2020-05-18 16:09:36 MemoryStore: INFO: MemoryStore cleared
2020-05-18 16:09:36 BlockManager: INFO: BlockManager stopped
2020-05-18 16:09:36 BlockManagerMaster: INFO: BlockManagerMaster stopped
2020-05-18 16:09:36 OutputCommitCoordinator$OutputCommitCoordinatorEndpoint: INFO: OutputCommitCoordinator stopped!
2020-05-18 16:09:36 SparkContext: INFO: Successfully stopped SparkContext
2020-05-18 16:09:36 ShutdownHookManager: INFO: Shutdown hook called
2020-05-18 16:09:36 ShutdownHookManager: INFO: Deleting directory /private/var/folders/56/q7rh2y5x7hj4n359_13dgwxcmtwz20/T/spark-41034768-8283-4580-b0dc-2412dbd0d499/pyspark-57c136b5-3216-4153-a7dd-205fdf72f746
2020-05-18 16:09:36 ShutdownHookManager: INFO: Deleting directory /private/var/folders/56/q7rh2y5x7hj4n359_13dgwxcmtwz20/T/spark-99e95629-dae5-4e42-a3c6-9aafd18b7e2d
2020-05-18 16:09:36 ShutdownHookManager: INFO: Deleting directory /private/var/folders/56/q7rh2y5x7hj4n359_13dgwxcmtwz20/T/spark-41034768-8283-4580-b0dc-2412dbd0d499
