2020-03-09 13:47:48 Hail: WARN: This Hail JAR was compiled for Spark 2.4.0, running with Spark 2.4.3.
  Compatibility is not guaranteed.
2020-03-09 13:47:48 SparkContext: INFO: Running Spark version 2.4.3
2020-03-09 13:47:48 SparkContext: INFO: Submitted application: Hail
2020-03-09 13:47:48 SparkContext: INFO: Spark configuration:
spark.app.name=Hail
spark.driver.extraClassPath=/anaconda3/envs/hail/lib/python3.6/site-packages/hail/hail-all-spark.jar
spark.driver.maxResultSize=0
spark.executor.extraClassPath=./hail-all-spark.jar
spark.hadoop.google.cloud.auth.service.account.enable=true
spark.hadoop.google.cloud.auth.service.account.json.keyfile=/Users/nbaya/.hail/gcs-keys/gcs-connector-key.json
spark.hadoop.io.compression.codecs=org.apache.hadoop.io.compress.DefaultCodec,is.hail.io.compress.BGzipCodec,is.hail.io.compress.BGzipCodecTbi,org.apache.hadoop.io.compress.GzipCodec
spark.hadoop.mapreduce.input.fileinputformat.split.minsize=0
spark.jars=file:///anaconda3/envs/hail/lib/python3.6/site-packages/hail/hail-all-spark.jar
spark.kryo.registrator=is.hail.kryo.HailKryoRegistrator
spark.kryoserializer.buffer.max=1g
spark.logConf=true
spark.master=local[*]
spark.repl.local.jars=file:///anaconda3/envs/hail/lib/python3.6/site-packages/hail/hail-all-spark.jar
spark.serializer=org.apache.spark.serializer.KryoSerializer
spark.submit.deployMode=client
spark.ui.showConsoleProgress=false
2020-03-09 13:47:48 SecurityManager: INFO: Changing view acls to: nbaya
2020-03-09 13:47:48 SecurityManager: INFO: Changing modify acls to: nbaya
2020-03-09 13:47:48 SecurityManager: INFO: Changing view acls groups to: 
2020-03-09 13:47:48 SecurityManager: INFO: Changing modify acls groups to: 
2020-03-09 13:47:48 SecurityManager: INFO: SecurityManager: authentication disabled; ui acls disabled; users  with view permissions: Set(nbaya); groups with view permissions: Set(); users  with modify permissions: Set(nbaya); groups with modify permissions: Set()
2020-03-09 13:47:48 Utils: INFO: Successfully started service 'sparkDriver' on port 63715.
2020-03-09 13:47:48 SparkEnv: INFO: Registering MapOutputTracker
2020-03-09 13:47:48 SparkEnv: INFO: Registering BlockManagerMaster
2020-03-09 13:47:48 BlockManagerMasterEndpoint: INFO: Using org.apache.spark.storage.DefaultTopologyMapper for getting topology information
2020-03-09 13:47:48 BlockManagerMasterEndpoint: INFO: BlockManagerMasterEndpoint up
2020-03-09 13:47:48 DiskBlockManager: INFO: Created local directory at /private/var/folders/56/q7rh2y5x7hj4n359_13dgwxcmtwz20/T/blockmgr-13402fe8-3e09-42e7-ba82-a537247df9ad
2020-03-09 13:47:48 MemoryStore: INFO: MemoryStore started with capacity 366.3 MB
2020-03-09 13:47:48 SparkEnv: INFO: Registering OutputCommitCoordinator
2020-03-09 13:47:49 log: INFO: Logging initialized @2527ms
2020-03-09 13:47:49 Server: INFO: jetty-9.3.z-SNAPSHOT, build timestamp: unknown, git hash: unknown
2020-03-09 13:47:49 Server: INFO: Started @2623ms
2020-03-09 13:47:49 Utils: WARN: Service 'SparkUI' could not bind on port 4040. Attempting port 4041.
2020-03-09 13:47:49 AbstractConnector: INFO: Started ServerConnector@67cac53c{HTTP/1.1,[http/1.1]}{0.0.0.0:4041}
2020-03-09 13:47:49 Utils: INFO: Successfully started service 'SparkUI' on port 4041.
2020-03-09 13:47:49 ContextHandler: INFO: Started o.s.j.s.ServletContextHandler@c27589f{/jobs,null,AVAILABLE,@Spark}
2020-03-09 13:47:49 ContextHandler: INFO: Started o.s.j.s.ServletContextHandler@116d18ce{/jobs/json,null,AVAILABLE,@Spark}
2020-03-09 13:47:49 ContextHandler: INFO: Started o.s.j.s.ServletContextHandler@316ede08{/jobs/job,null,AVAILABLE,@Spark}
2020-03-09 13:47:49 ContextHandler: INFO: Started o.s.j.s.ServletContextHandler@13687057{/jobs/job/json,null,AVAILABLE,@Spark}
2020-03-09 13:47:49 ContextHandler: INFO: Started o.s.j.s.ServletContextHandler@6abab19c{/stages,null,AVAILABLE,@Spark}
2020-03-09 13:47:49 ContextHandler: INFO: Started o.s.j.s.ServletContextHandler@2de3bc5d{/stages/json,null,AVAILABLE,@Spark}
2020-03-09 13:47:49 ContextHandler: INFO: Started o.s.j.s.ServletContextHandler@1e45cb24{/stages/stage,null,AVAILABLE,@Spark}
2020-03-09 13:47:49 ContextHandler: INFO: Started o.s.j.s.ServletContextHandler@41c7cf46{/stages/stage/json,null,AVAILABLE,@Spark}
2020-03-09 13:47:49 ContextHandler: INFO: Started o.s.j.s.ServletContextHandler@71eb30b1{/stages/pool,null,AVAILABLE,@Spark}
2020-03-09 13:47:49 ContextHandler: INFO: Started o.s.j.s.ServletContextHandler@40f6e08d{/stages/pool/json,null,AVAILABLE,@Spark}
2020-03-09 13:47:49 ContextHandler: INFO: Started o.s.j.s.ServletContextHandler@5e6217e{/storage,null,AVAILABLE,@Spark}
2020-03-09 13:47:49 ContextHandler: INFO: Started o.s.j.s.ServletContextHandler@7a24737b{/storage/json,null,AVAILABLE,@Spark}
2020-03-09 13:47:49 ContextHandler: INFO: Started o.s.j.s.ServletContextHandler@5262ba36{/storage/rdd,null,AVAILABLE,@Spark}
2020-03-09 13:47:49 ContextHandler: INFO: Started o.s.j.s.ServletContextHandler@25e7da7f{/storage/rdd/json,null,AVAILABLE,@Spark}
2020-03-09 13:47:49 ContextHandler: INFO: Started o.s.j.s.ServletContextHandler@11bef26c{/environment,null,AVAILABLE,@Spark}
2020-03-09 13:47:49 ContextHandler: INFO: Started o.s.j.s.ServletContextHandler@48d8e48b{/environment/json,null,AVAILABLE,@Spark}
2020-03-09 13:47:49 ContextHandler: INFO: Started o.s.j.s.ServletContextHandler@fac44ac{/executors,null,AVAILABLE,@Spark}
2020-03-09 13:47:49 ContextHandler: INFO: Started o.s.j.s.ServletContextHandler@14035304{/executors/json,null,AVAILABLE,@Spark}
2020-03-09 13:47:49 ContextHandler: INFO: Started o.s.j.s.ServletContextHandler@72c8fe7a{/executors/threadDump,null,AVAILABLE,@Spark}
2020-03-09 13:47:49 ContextHandler: INFO: Started o.s.j.s.ServletContextHandler@7d3bb014{/executors/threadDump/json,null,AVAILABLE,@Spark}
2020-03-09 13:47:49 ContextHandler: INFO: Started o.s.j.s.ServletContextHandler@10df123b{/static,null,AVAILABLE,@Spark}
2020-03-09 13:47:49 ContextHandler: INFO: Started o.s.j.s.ServletContextHandler@43bb3b26{/,null,AVAILABLE,@Spark}
2020-03-09 13:47:49 ContextHandler: INFO: Started o.s.j.s.ServletContextHandler@6a997b8e{/api,null,AVAILABLE,@Spark}
2020-03-09 13:47:49 ContextHandler: INFO: Started o.s.j.s.ServletContextHandler@1a1bef7c{/jobs/job/kill,null,AVAILABLE,@Spark}
2020-03-09 13:47:49 ContextHandler: INFO: Started o.s.j.s.ServletContextHandler@66d7aad9{/stages/stage/kill,null,AVAILABLE,@Spark}
2020-03-09 13:47:49 SparkUI: INFO: Bound SparkUI to 0.0.0.0, and started at http://wm65b-8a9.broadinstitute.org:4041
2020-03-09 13:47:49 SparkContext: INFO: Added JAR file:///anaconda3/envs/hail/lib/python3.6/site-packages/hail/hail-all-spark.jar at spark://wm65b-8a9.broadinstitute.org:63715/jars/hail-all-spark.jar with timestamp 1583776069271
2020-03-09 13:47:49 Executor: INFO: Starting executor ID driver on host localhost
2020-03-09 13:47:49 Utils: INFO: Successfully started service 'org.apache.spark.network.netty.NettyBlockTransferService' on port 63716.
2020-03-09 13:47:49 NettyBlockTransferService: INFO: Server created on wm65b-8a9.broadinstitute.org:63716
2020-03-09 13:47:49 BlockManager: INFO: Using org.apache.spark.storage.RandomBlockReplicationPolicy for block replication policy
2020-03-09 13:47:49 BlockManagerMaster: INFO: Registering BlockManager BlockManagerId(driver, wm65b-8a9.broadinstitute.org, 63716, None)
2020-03-09 13:47:49 BlockManagerMasterEndpoint: INFO: Registering block manager wm65b-8a9.broadinstitute.org:63716 with 366.3 MB RAM, BlockManagerId(driver, wm65b-8a9.broadinstitute.org, 63716, None)
2020-03-09 13:47:49 BlockManagerMaster: INFO: Registered BlockManager BlockManagerId(driver, wm65b-8a9.broadinstitute.org, 63716, None)
2020-03-09 13:47:49 BlockManager: INFO: Initialized BlockManager: BlockManagerId(driver, wm65b-8a9.broadinstitute.org, 63716, None)
2020-03-09 13:47:49 ContextHandler: INFO: Started o.s.j.s.ServletContextHandler@22309b08{/metrics/json,null,AVAILABLE,@Spark}
2020-03-09 13:47:49 Hail: INFO: Hail temporary directory: file:/tmp/hail.bmk3V7q2DCMx
2020-03-09 13:47:49 Hail: INFO: SparkUI: http://wm65b-8a9.broadinstitute.org:4041
2020-03-09 13:47:49 Hail: INFO: Running Hail version 0.2.33-5d8cae649505
2020-03-09 13:47:50 SparkContext: WARN: Using an existing SparkContext; some configuration may not take effect.
2020-03-09 19:12:39 SparkContext: INFO: Invoking stop() from shutdown hook
2020-03-09 19:12:39 AbstractConnector: INFO: Stopped Spark@67cac53c{HTTP/1.1,[http/1.1]}{0.0.0.0:4041}
2020-03-09 19:12:39 SparkUI: INFO: Stopped Spark web UI at http://wm65b-8a9.broadinstitute.org:4041
2020-03-09 19:12:39 MapOutputTrackerMasterEndpoint: INFO: MapOutputTrackerMasterEndpoint stopped!
2020-03-09 19:12:39 MemoryStore: INFO: MemoryStore cleared
2020-03-09 19:12:39 BlockManager: INFO: BlockManager stopped
2020-03-09 19:12:39 BlockManagerMaster: INFO: BlockManagerMaster stopped
2020-03-09 19:12:39 OutputCommitCoordinator$OutputCommitCoordinatorEndpoint: INFO: OutputCommitCoordinator stopped!
2020-03-09 19:12:39 SparkContext: INFO: Successfully stopped SparkContext
2020-03-09 19:12:39 ShutdownHookManager: INFO: Shutdown hook called
2020-03-09 19:12:39 ShutdownHookManager: INFO: Deleting directory /private/var/folders/56/q7rh2y5x7hj4n359_13dgwxcmtwz20/T/spark-8cca758e-c883-46b0-9222-8b3ccdccd85b
2020-03-09 19:12:39 ShutdownHookManager: INFO: Deleting directory /private/var/folders/56/q7rh2y5x7hj4n359_13dgwxcmtwz20/T/spark-8cca758e-c883-46b0-9222-8b3ccdccd85b/pyspark-fced570d-3279-4e8a-8b0c-ca1aef747e21
2020-03-09 19:12:39 ShutdownHookManager: INFO: Deleting directory /private/var/folders/56/q7rh2y5x7hj4n359_13dgwxcmtwz20/T/spark-754c14ff-2e78-440f-ad8f-d6ca4d17fbe9
