2020-03-18 19:32:24 Hail: WARN: This Hail JAR was compiled for Spark 2.4.0, running with Spark 2.4.3.
  Compatibility is not guaranteed.
2020-03-18 19:32:24 SparkContext: INFO: Running Spark version 2.4.3
2020-03-18 19:32:24 SparkContext: INFO: Submitted application: Hail
2020-03-18 19:32:24 SparkContext: INFO: Spark configuration:
spark.app.name=Hail
spark.driver.extraClassPath=/anaconda3/envs/hail/lib/python3.6/site-packages/hail/hail-all-spark.jar
spark.driver.maxResultSize=0
spark.executor.extraClassPath=./hail-all-spark.jar
spark.hadoop.google.cloud.auth.service.account.enable=true
spark.hadoop.google.cloud.auth.service.account.json.keyfile=/Users/nbaya/.hail/gcs-keys/gcs-connector-key.json
spark.hadoop.io.compression.codecs=org.apache.hadoop.io.compress.DefaultCodec,is.hail.io.compress.BGzipCodec,is.hail.io.compress.BGzipCodecTbi,org.apache.hadoop.io.compress.GzipCodec
spark.hadoop.mapreduce.input.fileinputformat.split.minsize=0
spark.jars=file:///anaconda3/envs/hail/lib/python3.6/site-packages/hail/hail-all-spark.jar
spark.kryo.registrator=is.hail.kryo.HailKryoRegistrator
spark.kryoserializer.buffer.max=1g
spark.logConf=true
spark.master=local[*]
spark.repl.local.jars=file:///anaconda3/envs/hail/lib/python3.6/site-packages/hail/hail-all-spark.jar
spark.serializer=org.apache.spark.serializer.KryoSerializer
spark.submit.deployMode=client
spark.ui.showConsoleProgress=false
2020-03-18 19:32:24 SecurityManager: INFO: Changing view acls to: nbaya
2020-03-18 19:32:24 SecurityManager: INFO: Changing modify acls to: nbaya
2020-03-18 19:32:24 SecurityManager: INFO: Changing view acls groups to: 
2020-03-18 19:32:24 SecurityManager: INFO: Changing modify acls groups to: 
2020-03-18 19:32:24 SecurityManager: INFO: SecurityManager: authentication disabled; ui acls disabled; users  with view permissions: Set(nbaya); groups with view permissions: Set(); users  with modify permissions: Set(nbaya); groups with modify permissions: Set()
2020-03-18 19:32:25 Utils: INFO: Successfully started service 'sparkDriver' on port 64037.
2020-03-18 19:32:25 SparkEnv: INFO: Registering MapOutputTracker
2020-03-18 19:32:25 SparkEnv: INFO: Registering BlockManagerMaster
2020-03-18 19:32:25 BlockManagerMasterEndpoint: INFO: Using org.apache.spark.storage.DefaultTopologyMapper for getting topology information
2020-03-18 19:32:25 BlockManagerMasterEndpoint: INFO: BlockManagerMasterEndpoint up
2020-03-18 19:32:25 DiskBlockManager: INFO: Created local directory at /private/var/folders/56/q7rh2y5x7hj4n359_13dgwxcmtwz20/T/blockmgr-2aa7cf87-1b21-4855-aa9c-19e5569defed
2020-03-18 19:32:25 MemoryStore: INFO: MemoryStore started with capacity 366.3 MB
2020-03-18 19:32:25 SparkEnv: INFO: Registering OutputCommitCoordinator
2020-03-18 19:32:25 log: INFO: Logging initialized @4103ms
2020-03-18 19:32:25 Server: INFO: jetty-9.3.z-SNAPSHOT, build timestamp: unknown, git hash: unknown
2020-03-18 19:32:25 Server: INFO: Started @4241ms
2020-03-18 19:32:25 Utils: WARN: Service 'SparkUI' could not bind on port 4040. Attempting port 4041.
2020-03-18 19:32:25 AbstractConnector: INFO: Started ServerConnector@7b26ac70{HTTP/1.1,[http/1.1]}{0.0.0.0:4041}
2020-03-18 19:32:25 Utils: INFO: Successfully started service 'SparkUI' on port 4041.
2020-03-18 19:32:25 ContextHandler: INFO: Started o.s.j.s.ServletContextHandler@34423271{/jobs,null,AVAILABLE,@Spark}
2020-03-18 19:32:25 ContextHandler: INFO: Started o.s.j.s.ServletContextHandler@65ccd2bf{/jobs/json,null,AVAILABLE,@Spark}
2020-03-18 19:32:25 ContextHandler: INFO: Started o.s.j.s.ServletContextHandler@30d15dab{/jobs/job,null,AVAILABLE,@Spark}
2020-03-18 19:32:25 ContextHandler: INFO: Started o.s.j.s.ServletContextHandler@577f10d5{/jobs/job/json,null,AVAILABLE,@Spark}
2020-03-18 19:32:25 ContextHandler: INFO: Started o.s.j.s.ServletContextHandler@542569af{/stages,null,AVAILABLE,@Spark}
2020-03-18 19:32:25 ContextHandler: INFO: Started o.s.j.s.ServletContextHandler@6e235a85{/stages/json,null,AVAILABLE,@Spark}
2020-03-18 19:32:25 ContextHandler: INFO: Started o.s.j.s.ServletContextHandler@57a30075{/stages/stage,null,AVAILABLE,@Spark}
2020-03-18 19:32:25 ContextHandler: INFO: Started o.s.j.s.ServletContextHandler@7361a847{/stages/stage/json,null,AVAILABLE,@Spark}
2020-03-18 19:32:25 ContextHandler: INFO: Started o.s.j.s.ServletContextHandler@3c0eaef6{/stages/pool,null,AVAILABLE,@Spark}
2020-03-18 19:32:25 ContextHandler: INFO: Started o.s.j.s.ServletContextHandler@6ef6a8a0{/stages/pool/json,null,AVAILABLE,@Spark}
2020-03-18 19:32:25 ContextHandler: INFO: Started o.s.j.s.ServletContextHandler@7868607f{/storage,null,AVAILABLE,@Spark}
2020-03-18 19:32:25 ContextHandler: INFO: Started o.s.j.s.ServletContextHandler@635dca5{/storage/json,null,AVAILABLE,@Spark}
2020-03-18 19:32:25 ContextHandler: INFO: Started o.s.j.s.ServletContextHandler@4f85bb8b{/storage/rdd,null,AVAILABLE,@Spark}
2020-03-18 19:32:25 ContextHandler: INFO: Started o.s.j.s.ServletContextHandler@14edb973{/storage/rdd/json,null,AVAILABLE,@Spark}
2020-03-18 19:32:25 ContextHandler: INFO: Started o.s.j.s.ServletContextHandler@2fbd4809{/environment,null,AVAILABLE,@Spark}
2020-03-18 19:32:25 ContextHandler: INFO: Started o.s.j.s.ServletContextHandler@7c569af{/environment/json,null,AVAILABLE,@Spark}
2020-03-18 19:32:25 ContextHandler: INFO: Started o.s.j.s.ServletContextHandler@657ec33f{/executors,null,AVAILABLE,@Spark}
2020-03-18 19:32:25 ContextHandler: INFO: Started o.s.j.s.ServletContextHandler@1c21c8c2{/executors/json,null,AVAILABLE,@Spark}
2020-03-18 19:32:25 ContextHandler: INFO: Started o.s.j.s.ServletContextHandler@5919364f{/executors/threadDump,null,AVAILABLE,@Spark}
2020-03-18 19:32:25 ContextHandler: INFO: Started o.s.j.s.ServletContextHandler@753db4d2{/executors/threadDump/json,null,AVAILABLE,@Spark}
2020-03-18 19:32:25 ContextHandler: INFO: Started o.s.j.s.ServletContextHandler@66c9e671{/static,null,AVAILABLE,@Spark}
2020-03-18 19:32:25 ContextHandler: INFO: Started o.s.j.s.ServletContextHandler@1c995e38{/,null,AVAILABLE,@Spark}
2020-03-18 19:32:25 ContextHandler: INFO: Started o.s.j.s.ServletContextHandler@6928cf5c{/api,null,AVAILABLE,@Spark}
2020-03-18 19:32:25 ContextHandler: INFO: Started o.s.j.s.ServletContextHandler@7169b327{/jobs/job/kill,null,AVAILABLE,@Spark}
2020-03-18 19:32:25 ContextHandler: INFO: Started o.s.j.s.ServletContextHandler@36d034c1{/stages/stage/kill,null,AVAILABLE,@Spark}
2020-03-18 19:32:25 SparkUI: INFO: Bound SparkUI to 0.0.0.0, and started at http://192.168.0.110:4041
2020-03-18 19:32:25 SparkContext: INFO: Added JAR file:///anaconda3/envs/hail/lib/python3.6/site-packages/hail/hail-all-spark.jar at spark://192.168.0.110:64037/jars/hail-all-spark.jar with timestamp 1584574345676
2020-03-18 19:32:25 Executor: INFO: Starting executor ID driver on host localhost
2020-03-18 19:32:25 Utils: INFO: Successfully started service 'org.apache.spark.network.netty.NettyBlockTransferService' on port 64038.
2020-03-18 19:32:25 NettyBlockTransferService: INFO: Server created on 192.168.0.110:64038
2020-03-18 19:32:25 BlockManager: INFO: Using org.apache.spark.storage.RandomBlockReplicationPolicy for block replication policy
2020-03-18 19:32:25 BlockManagerMaster: INFO: Registering BlockManager BlockManagerId(driver, 192.168.0.110, 64038, None)
2020-03-18 19:32:26 BlockManagerMasterEndpoint: INFO: Registering block manager 192.168.0.110:64038 with 366.3 MB RAM, BlockManagerId(driver, 192.168.0.110, 64038, None)
2020-03-18 19:32:26 BlockManagerMaster: INFO: Registered BlockManager BlockManagerId(driver, 192.168.0.110, 64038, None)
2020-03-18 19:32:26 BlockManager: INFO: Initialized BlockManager: BlockManagerId(driver, 192.168.0.110, 64038, None)
2020-03-18 19:32:26 ContextHandler: INFO: Started o.s.j.s.ServletContextHandler@68277149{/metrics/json,null,AVAILABLE,@Spark}
2020-03-18 19:32:26 Hail: INFO: Hail temporary directory: file:/tmp/hail.b5J6NV3SISbz
2020-03-18 19:32:26 Hail: INFO: SparkUI: http://192.168.0.110:4041
2020-03-18 19:32:26 Hail: INFO: Running Hail version 0.2.34-914bd8a10ca2
2020-03-18 19:32:27 SparkContext: WARN: Using an existing SparkContext; some configuration may not take effect.
2020-03-18 19:41:03 SparkContext: INFO: Invoking stop() from shutdown hook
2020-03-18 19:41:03 AbstractConnector: INFO: Stopped Spark@7b26ac70{HTTP/1.1,[http/1.1]}{0.0.0.0:4041}
2020-03-18 19:41:03 SparkUI: INFO: Stopped Spark web UI at http://192.168.0.110:4041
2020-03-18 19:41:04 MapOutputTrackerMasterEndpoint: INFO: MapOutputTrackerMasterEndpoint stopped!
2020-03-18 19:41:04 MemoryStore: INFO: MemoryStore cleared
2020-03-18 19:41:04 BlockManager: INFO: BlockManager stopped
2020-03-18 19:41:04 BlockManagerMaster: INFO: BlockManagerMaster stopped
2020-03-18 19:41:04 OutputCommitCoordinator$OutputCommitCoordinatorEndpoint: INFO: OutputCommitCoordinator stopped!
2020-03-18 19:41:04 SparkContext: INFO: Successfully stopped SparkContext
2020-03-18 19:41:04 ShutdownHookManager: INFO: Shutdown hook called
2020-03-18 19:41:04 ShutdownHookManager: INFO: Deleting directory /private/var/folders/56/q7rh2y5x7hj4n359_13dgwxcmtwz20/T/spark-aab863cc-32e0-48ae-968c-2f109bbde6b9/pyspark-878c640c-e4b5-4f49-b5af-8c10782571b4
2020-03-18 19:41:04 ShutdownHookManager: INFO: Deleting directory /private/var/folders/56/q7rh2y5x7hj4n359_13dgwxcmtwz20/T/spark-aab863cc-32e0-48ae-968c-2f109bbde6b9
2020-03-18 19:41:04 ShutdownHookManager: INFO: Deleting directory /private/var/folders/56/q7rh2y5x7hj4n359_13dgwxcmtwz20/T/spark-9c10c4a3-f478-4f7f-9fab-ceb5766930ba
