2020-03-19 13:49:00 Hail: WARN: This Hail JAR was compiled for Spark 2.4.0, running with Spark 2.4.3.
  Compatibility is not guaranteed.
2020-03-19 13:49:00 SparkContext: INFO: Running Spark version 2.4.3
2020-03-19 13:49:00 SparkContext: INFO: Submitted application: Hail
2020-03-19 13:49:00 SparkContext: INFO: Spark configuration:
spark.app.name=Hail
spark.driver.extraClassPath=/anaconda3/envs/hail/lib/python3.6/site-packages/hail/hail-all-spark.jar
spark.driver.maxResultSize=0
spark.executor.extraClassPath=./hail-all-spark.jar
spark.hadoop.google.cloud.auth.service.account.enable=true
spark.hadoop.google.cloud.auth.service.account.json.keyfile=/Users/nbaya/.hail/gcs-keys/gcs-connector-key.json
spark.hadoop.io.compression.codecs=org.apache.hadoop.io.compress.DefaultCodec,is.hail.io.compress.BGzipCodec,is.hail.io.compress.BGzipCodecTbi,org.apache.hadoop.io.compress.GzipCodec
spark.hadoop.mapreduce.input.fileinputformat.split.minsize=0
spark.jars=file:///anaconda3/envs/hail/lib/python3.6/site-packages/hail/hail-all-spark.jar
spark.kryo.registrator=is.hail.kryo.HailKryoRegistrator
spark.kryoserializer.buffer.max=1g
spark.logConf=true
spark.master=local[*]
spark.repl.local.jars=file:///anaconda3/envs/hail/lib/python3.6/site-packages/hail/hail-all-spark.jar
spark.serializer=org.apache.spark.serializer.KryoSerializer
spark.submit.deployMode=client
spark.ui.showConsoleProgress=false
2020-03-19 13:49:00 SecurityManager: INFO: Changing view acls to: nbaya
2020-03-19 13:49:00 SecurityManager: INFO: Changing modify acls to: nbaya
2020-03-19 13:49:00 SecurityManager: INFO: Changing view acls groups to: 
2020-03-19 13:49:00 SecurityManager: INFO: Changing modify acls groups to: 
2020-03-19 13:49:00 SecurityManager: INFO: SecurityManager: authentication disabled; ui acls disabled; users  with view permissions: Set(nbaya); groups with view permissions: Set(); users  with modify permissions: Set(nbaya); groups with modify permissions: Set()
2020-03-19 13:49:01 Utils: INFO: Successfully started service 'sparkDriver' on port 51420.
2020-03-19 13:49:01 SparkEnv: INFO: Registering MapOutputTracker
2020-03-19 13:49:01 SparkEnv: INFO: Registering BlockManagerMaster
2020-03-19 13:49:01 BlockManagerMasterEndpoint: INFO: Using org.apache.spark.storage.DefaultTopologyMapper for getting topology information
2020-03-19 13:49:01 BlockManagerMasterEndpoint: INFO: BlockManagerMasterEndpoint up
2020-03-19 13:49:01 DiskBlockManager: INFO: Created local directory at /private/var/folders/56/q7rh2y5x7hj4n359_13dgwxcmtwz20/T/blockmgr-a9b570b6-560d-44b0-91b4-c8eb6da7bbb5
2020-03-19 13:49:01 MemoryStore: INFO: MemoryStore started with capacity 366.3 MB
2020-03-19 13:49:01 SparkEnv: INFO: Registering OutputCommitCoordinator
2020-03-19 13:49:01 log: INFO: Logging initialized @2976ms
2020-03-19 13:49:01 Server: INFO: jetty-9.3.z-SNAPSHOT, build timestamp: unknown, git hash: unknown
2020-03-19 13:49:01 Server: INFO: Started @3073ms
2020-03-19 13:49:01 Utils: WARN: Service 'SparkUI' could not bind on port 4040. Attempting port 4041.
2020-03-19 13:49:01 Utils: WARN: Service 'SparkUI' could not bind on port 4041. Attempting port 4042.
2020-03-19 13:49:01 AbstractConnector: INFO: Started ServerConnector@22411f77{HTTP/1.1,[http/1.1]}{0.0.0.0:4042}
2020-03-19 13:49:01 Utils: INFO: Successfully started service 'SparkUI' on port 4042.
2020-03-19 13:49:01 ContextHandler: INFO: Started o.s.j.s.ServletContextHandler@24745ef{/jobs,null,AVAILABLE,@Spark}
2020-03-19 13:49:01 ContextHandler: INFO: Started o.s.j.s.ServletContextHandler@4ef5ec31{/jobs/json,null,AVAILABLE,@Spark}
2020-03-19 13:49:01 ContextHandler: INFO: Started o.s.j.s.ServletContextHandler@65580104{/jobs/job,null,AVAILABLE,@Spark}
2020-03-19 13:49:01 ContextHandler: INFO: Started o.s.j.s.ServletContextHandler@3967a790{/jobs/job/json,null,AVAILABLE,@Spark}
2020-03-19 13:49:01 ContextHandler: INFO: Started o.s.j.s.ServletContextHandler@589240e9{/stages,null,AVAILABLE,@Spark}
2020-03-19 13:49:01 ContextHandler: INFO: Started o.s.j.s.ServletContextHandler@7d672ade{/stages/json,null,AVAILABLE,@Spark}
2020-03-19 13:49:01 ContextHandler: INFO: Started o.s.j.s.ServletContextHandler@f31043d{/stages/stage,null,AVAILABLE,@Spark}
2020-03-19 13:49:01 ContextHandler: INFO: Started o.s.j.s.ServletContextHandler@54416d2{/stages/stage/json,null,AVAILABLE,@Spark}
2020-03-19 13:49:01 ContextHandler: INFO: Started o.s.j.s.ServletContextHandler@253eaab{/stages/pool,null,AVAILABLE,@Spark}
2020-03-19 13:49:01 ContextHandler: INFO: Started o.s.j.s.ServletContextHandler@7a8e4684{/stages/pool/json,null,AVAILABLE,@Spark}
2020-03-19 13:49:01 ContextHandler: INFO: Started o.s.j.s.ServletContextHandler@34dea250{/storage,null,AVAILABLE,@Spark}
2020-03-19 13:49:01 ContextHandler: INFO: Started o.s.j.s.ServletContextHandler@1109c09f{/storage/json,null,AVAILABLE,@Spark}
2020-03-19 13:49:01 ContextHandler: INFO: Started o.s.j.s.ServletContextHandler@c9266a7{/storage/rdd,null,AVAILABLE,@Spark}
2020-03-19 13:49:01 ContextHandler: INFO: Started o.s.j.s.ServletContextHandler@420bbd7{/storage/rdd/json,null,AVAILABLE,@Spark}
2020-03-19 13:49:01 ContextHandler: INFO: Started o.s.j.s.ServletContextHandler@45ad5521{/environment,null,AVAILABLE,@Spark}
2020-03-19 13:49:01 ContextHandler: INFO: Started o.s.j.s.ServletContextHandler@1a7f6833{/environment/json,null,AVAILABLE,@Spark}
2020-03-19 13:49:01 ContextHandler: INFO: Started o.s.j.s.ServletContextHandler@5478285{/executors,null,AVAILABLE,@Spark}
2020-03-19 13:49:01 ContextHandler: INFO: Started o.s.j.s.ServletContextHandler@4b87ff9{/executors/json,null,AVAILABLE,@Spark}
2020-03-19 13:49:01 ContextHandler: INFO: Started o.s.j.s.ServletContextHandler@2b932612{/executors/threadDump,null,AVAILABLE,@Spark}
2020-03-19 13:49:01 ContextHandler: INFO: Started o.s.j.s.ServletContextHandler@4acceda3{/executors/threadDump/json,null,AVAILABLE,@Spark}
2020-03-19 13:49:01 ContextHandler: INFO: Started o.s.j.s.ServletContextHandler@73a61dd5{/static,null,AVAILABLE,@Spark}
2020-03-19 13:49:01 ContextHandler: INFO: Started o.s.j.s.ServletContextHandler@51c6d371{/,null,AVAILABLE,@Spark}
2020-03-19 13:49:01 ContextHandler: INFO: Started o.s.j.s.ServletContextHandler@6595f1b2{/api,null,AVAILABLE,@Spark}
2020-03-19 13:49:01 ContextHandler: INFO: Started o.s.j.s.ServletContextHandler@244ff086{/jobs/job/kill,null,AVAILABLE,@Spark}
2020-03-19 13:49:01 ContextHandler: INFO: Started o.s.j.s.ServletContextHandler@10605086{/stages/stage/kill,null,AVAILABLE,@Spark}
2020-03-19 13:49:01 SparkUI: INFO: Bound SparkUI to 0.0.0.0, and started at http://192.168.0.110:4042
2020-03-19 13:49:01 SparkContext: INFO: Added JAR file:///anaconda3/envs/hail/lib/python3.6/site-packages/hail/hail-all-spark.jar at spark://192.168.0.110:51420/jars/hail-all-spark.jar with timestamp 1584640141713
2020-03-19 13:49:01 Executor: INFO: Starting executor ID driver on host localhost
2020-03-19 13:49:01 Utils: INFO: Successfully started service 'org.apache.spark.network.netty.NettyBlockTransferService' on port 51421.
2020-03-19 13:49:01 NettyBlockTransferService: INFO: Server created on 192.168.0.110:51421
2020-03-19 13:49:01 BlockManager: INFO: Using org.apache.spark.storage.RandomBlockReplicationPolicy for block replication policy
2020-03-19 13:49:01 BlockManagerMaster: INFO: Registering BlockManager BlockManagerId(driver, 192.168.0.110, 51421, None)
2020-03-19 13:49:01 BlockManagerMasterEndpoint: INFO: Registering block manager 192.168.0.110:51421 with 366.3 MB RAM, BlockManagerId(driver, 192.168.0.110, 51421, None)
2020-03-19 13:49:01 BlockManagerMaster: INFO: Registered BlockManager BlockManagerId(driver, 192.168.0.110, 51421, None)
2020-03-19 13:49:01 BlockManager: INFO: Initialized BlockManager: BlockManagerId(driver, 192.168.0.110, 51421, None)
2020-03-19 13:49:02 ContextHandler: INFO: Started o.s.j.s.ServletContextHandler@75b6541e{/metrics/json,null,AVAILABLE,@Spark}
2020-03-19 13:49:02 Hail: INFO: Hail temporary directory: file:/tmp/hail.cG5AURsCz2Ew
2020-03-19 13:49:02 Hail: INFO: SparkUI: http://192.168.0.110:4042
2020-03-19 13:49:02 Hail: INFO: Running Hail version 0.2.34-914bd8a10ca2
2020-03-19 13:49:02 SparkContext: WARN: Using an existing SparkContext; some configuration may not take effect.
2020-03-19 13:49:35 SparkContext: INFO: Invoking stop() from shutdown hook
2020-03-19 13:49:35 AbstractConnector: INFO: Stopped Spark@22411f77{HTTP/1.1,[http/1.1]}{0.0.0.0:4042}
2020-03-19 13:49:35 SparkUI: INFO: Stopped Spark web UI at http://192.168.0.110:4042
2020-03-19 13:49:35 MapOutputTrackerMasterEndpoint: INFO: MapOutputTrackerMasterEndpoint stopped!
2020-03-19 13:49:35 MemoryStore: INFO: MemoryStore cleared
2020-03-19 13:49:35 BlockManager: INFO: BlockManager stopped
2020-03-19 13:49:35 BlockManagerMaster: INFO: BlockManagerMaster stopped
2020-03-19 13:49:35 OutputCommitCoordinator$OutputCommitCoordinatorEndpoint: INFO: OutputCommitCoordinator stopped!
2020-03-19 13:49:35 SparkContext: INFO: Successfully stopped SparkContext
2020-03-19 13:49:35 ShutdownHookManager: INFO: Shutdown hook called
2020-03-19 13:49:35 ShutdownHookManager: INFO: Deleting directory /private/var/folders/56/q7rh2y5x7hj4n359_13dgwxcmtwz20/T/spark-ed622661-d9bc-4790-a5fa-e39cee910d87
2020-03-19 13:49:35 ShutdownHookManager: INFO: Deleting directory /private/var/folders/56/q7rh2y5x7hj4n359_13dgwxcmtwz20/T/spark-ed622661-d9bc-4790-a5fa-e39cee910d87/pyspark-e3b05553-d630-415d-8485-df0675947156
2020-03-19 13:49:35 ShutdownHookManager: INFO: Deleting directory /private/var/folders/56/q7rh2y5x7hj4n359_13dgwxcmtwz20/T/spark-fc7b8750-a7fe-422d-8bc5-1bf7703aa26a
