2020-03-19 13:04:52 Hail: WARN: This Hail JAR was compiled for Spark 2.4.0, running with Spark 2.4.3.
  Compatibility is not guaranteed.
2020-03-19 13:04:52 SparkContext: INFO: Running Spark version 2.4.3
2020-03-19 13:04:52 SparkContext: INFO: Submitted application: Hail
2020-03-19 13:04:52 SparkContext: INFO: Spark configuration:
spark.app.name=Hail
spark.driver.extraClassPath=/anaconda3/envs/hail/lib/python3.6/site-packages/hail/hail-all-spark.jar
spark.driver.maxResultSize=0
spark.executor.extraClassPath=./hail-all-spark.jar
spark.hadoop.google.cloud.auth.service.account.enable=true
spark.hadoop.google.cloud.auth.service.account.json.keyfile=/Users/nbaya/.hail/gcs-keys/gcs-connector-key.json
spark.hadoop.io.compression.codecs=org.apache.hadoop.io.compress.DefaultCodec,is.hail.io.compress.BGzipCodec,is.hail.io.compress.BGzipCodecTbi,org.apache.hadoop.io.compress.GzipCodec
spark.hadoop.mapreduce.input.fileinputformat.split.minsize=0
spark.jars=file:///anaconda3/envs/hail/lib/python3.6/site-packages/hail/hail-all-spark.jar
spark.kryo.registrator=is.hail.kryo.HailKryoRegistrator
spark.kryoserializer.buffer.max=1g
spark.logConf=true
spark.master=local[*]
spark.repl.local.jars=file:///anaconda3/envs/hail/lib/python3.6/site-packages/hail/hail-all-spark.jar
spark.serializer=org.apache.spark.serializer.KryoSerializer
spark.submit.deployMode=client
spark.ui.showConsoleProgress=false
2020-03-19 13:04:52 SecurityManager: INFO: Changing view acls to: nbaya
2020-03-19 13:04:52 SecurityManager: INFO: Changing modify acls to: nbaya
2020-03-19 13:04:52 SecurityManager: INFO: Changing view acls groups to: 
2020-03-19 13:04:52 SecurityManager: INFO: Changing modify acls groups to: 
2020-03-19 13:04:52 SecurityManager: INFO: SecurityManager: authentication disabled; ui acls disabled; users  with view permissions: Set(nbaya); groups with view permissions: Set(); users  with modify permissions: Set(nbaya); groups with modify permissions: Set()
2020-03-19 13:04:52 Utils: INFO: Successfully started service 'sparkDriver' on port 50999.
2020-03-19 13:04:52 SparkEnv: INFO: Registering MapOutputTracker
2020-03-19 13:04:52 SparkEnv: INFO: Registering BlockManagerMaster
2020-03-19 13:04:52 BlockManagerMasterEndpoint: INFO: Using org.apache.spark.storage.DefaultTopologyMapper for getting topology information
2020-03-19 13:04:52 BlockManagerMasterEndpoint: INFO: BlockManagerMasterEndpoint up
2020-03-19 13:04:52 DiskBlockManager: INFO: Created local directory at /private/var/folders/56/q7rh2y5x7hj4n359_13dgwxcmtwz20/T/blockmgr-0817d1bb-9a74-4bcf-a87f-eb87749523a9
2020-03-19 13:04:52 MemoryStore: INFO: MemoryStore started with capacity 366.3 MB
2020-03-19 13:04:52 SparkEnv: INFO: Registering OutputCommitCoordinator
2020-03-19 13:04:52 log: INFO: Logging initialized @3096ms
2020-03-19 13:04:52 Server: INFO: jetty-9.3.z-SNAPSHOT, build timestamp: unknown, git hash: unknown
2020-03-19 13:04:52 Server: INFO: Started @3193ms
2020-03-19 13:04:52 Utils: WARN: Service 'SparkUI' could not bind on port 4040. Attempting port 4041.
2020-03-19 13:04:52 AbstractConnector: INFO: Started ServerConnector@323b3800{HTTP/1.1,[http/1.1]}{0.0.0.0:4041}
2020-03-19 13:04:52 Utils: INFO: Successfully started service 'SparkUI' on port 4041.
2020-03-19 13:04:53 ContextHandler: INFO: Started o.s.j.s.ServletContextHandler@192fa42a{/jobs,null,AVAILABLE,@Spark}
2020-03-19 13:04:53 ContextHandler: INFO: Started o.s.j.s.ServletContextHandler@515119bb{/jobs/json,null,AVAILABLE,@Spark}
2020-03-19 13:04:53 ContextHandler: INFO: Started o.s.j.s.ServletContextHandler@18434754{/jobs/job,null,AVAILABLE,@Spark}
2020-03-19 13:04:53 ContextHandler: INFO: Started o.s.j.s.ServletContextHandler@72fbd217{/jobs/job/json,null,AVAILABLE,@Spark}
2020-03-19 13:04:53 ContextHandler: INFO: Started o.s.j.s.ServletContextHandler@2b3e9132{/stages,null,AVAILABLE,@Spark}
2020-03-19 13:04:53 ContextHandler: INFO: Started o.s.j.s.ServletContextHandler@29c51ae6{/stages/json,null,AVAILABLE,@Spark}
2020-03-19 13:04:53 ContextHandler: INFO: Started o.s.j.s.ServletContextHandler@5efe9177{/stages/stage,null,AVAILABLE,@Spark}
2020-03-19 13:04:53 ContextHandler: INFO: Started o.s.j.s.ServletContextHandler@2c420ed7{/stages/stage/json,null,AVAILABLE,@Spark}
2020-03-19 13:04:53 ContextHandler: INFO: Started o.s.j.s.ServletContextHandler@61d4701{/stages/pool,null,AVAILABLE,@Spark}
2020-03-19 13:04:53 ContextHandler: INFO: Started o.s.j.s.ServletContextHandler@38c49334{/stages/pool/json,null,AVAILABLE,@Spark}
2020-03-19 13:04:53 ContextHandler: INFO: Started o.s.j.s.ServletContextHandler@1cac6336{/storage,null,AVAILABLE,@Spark}
2020-03-19 13:04:53 ContextHandler: INFO: Started o.s.j.s.ServletContextHandler@2024f2c2{/storage/json,null,AVAILABLE,@Spark}
2020-03-19 13:04:53 ContextHandler: INFO: Started o.s.j.s.ServletContextHandler@4c6d9c88{/storage/rdd,null,AVAILABLE,@Spark}
2020-03-19 13:04:53 ContextHandler: INFO: Started o.s.j.s.ServletContextHandler@50acfb02{/storage/rdd/json,null,AVAILABLE,@Spark}
2020-03-19 13:04:53 ContextHandler: INFO: Started o.s.j.s.ServletContextHandler@2fe687f2{/environment,null,AVAILABLE,@Spark}
2020-03-19 13:04:53 ContextHandler: INFO: Started o.s.j.s.ServletContextHandler@2853d22e{/environment/json,null,AVAILABLE,@Spark}
2020-03-19 13:04:53 ContextHandler: INFO: Started o.s.j.s.ServletContextHandler@8fa8270{/executors,null,AVAILABLE,@Spark}
2020-03-19 13:04:53 ContextHandler: INFO: Started o.s.j.s.ServletContextHandler@3f391c86{/executors/json,null,AVAILABLE,@Spark}
2020-03-19 13:04:53 ContextHandler: INFO: Started o.s.j.s.ServletContextHandler@24fbc584{/executors/threadDump,null,AVAILABLE,@Spark}
2020-03-19 13:04:53 ContextHandler: INFO: Started o.s.j.s.ServletContextHandler@128fb197{/executors/threadDump/json,null,AVAILABLE,@Spark}
2020-03-19 13:04:53 ContextHandler: INFO: Started o.s.j.s.ServletContextHandler@4eba58b4{/static,null,AVAILABLE,@Spark}
2020-03-19 13:04:53 ContextHandler: INFO: Started o.s.j.s.ServletContextHandler@1994a960{/,null,AVAILABLE,@Spark}
2020-03-19 13:04:53 ContextHandler: INFO: Started o.s.j.s.ServletContextHandler@4231a833{/api,null,AVAILABLE,@Spark}
2020-03-19 13:04:53 ContextHandler: INFO: Started o.s.j.s.ServletContextHandler@772cc3d4{/jobs/job/kill,null,AVAILABLE,@Spark}
2020-03-19 13:04:53 ContextHandler: INFO: Started o.s.j.s.ServletContextHandler@12369ebe{/stages/stage/kill,null,AVAILABLE,@Spark}
2020-03-19 13:04:53 SparkUI: INFO: Bound SparkUI to 0.0.0.0, and started at http://192.168.0.110:4041
2020-03-19 13:04:53 SparkContext: INFO: Added JAR file:///anaconda3/envs/hail/lib/python3.6/site-packages/hail/hail-all-spark.jar at spark://192.168.0.110:50999/jars/hail-all-spark.jar with timestamp 1584637493083
2020-03-19 13:04:53 Executor: INFO: Starting executor ID driver on host localhost
2020-03-19 13:04:53 Utils: INFO: Successfully started service 'org.apache.spark.network.netty.NettyBlockTransferService' on port 51000.
2020-03-19 13:04:53 NettyBlockTransferService: INFO: Server created on 192.168.0.110:51000
2020-03-19 13:04:53 BlockManager: INFO: Using org.apache.spark.storage.RandomBlockReplicationPolicy for block replication policy
2020-03-19 13:04:53 BlockManagerMaster: INFO: Registering BlockManager BlockManagerId(driver, 192.168.0.110, 51000, None)
2020-03-19 13:04:53 BlockManagerMasterEndpoint: INFO: Registering block manager 192.168.0.110:51000 with 366.3 MB RAM, BlockManagerId(driver, 192.168.0.110, 51000, None)
2020-03-19 13:04:53 BlockManagerMaster: INFO: Registered BlockManager BlockManagerId(driver, 192.168.0.110, 51000, None)
2020-03-19 13:04:53 BlockManager: INFO: Initialized BlockManager: BlockManagerId(driver, 192.168.0.110, 51000, None)
2020-03-19 13:04:53 ContextHandler: INFO: Started o.s.j.s.ServletContextHandler@16a6bea9{/metrics/json,null,AVAILABLE,@Spark}
2020-03-19 13:04:53 Hail: INFO: Hail temporary directory: file:/tmp/hail.wvv6XIWTkNa1
2020-03-19 13:04:53 Hail: INFO: SparkUI: http://192.168.0.110:4041
2020-03-19 13:04:53 Hail: INFO: Running Hail version 0.2.34-914bd8a10ca2
2020-03-19 13:04:54 SparkContext: WARN: Using an existing SparkContext; some configuration may not take effect.
2020-03-19 13:14:39 SparkContext: INFO: Invoking stop() from shutdown hook
2020-03-19 13:14:39 AbstractConnector: INFO: Stopped Spark@323b3800{HTTP/1.1,[http/1.1]}{0.0.0.0:4041}
2020-03-19 13:14:39 SparkUI: INFO: Stopped Spark web UI at http://192.168.0.110:4041
2020-03-19 13:14:39 MapOutputTrackerMasterEndpoint: INFO: MapOutputTrackerMasterEndpoint stopped!
2020-03-19 13:14:39 MemoryStore: INFO: MemoryStore cleared
2020-03-19 13:14:39 BlockManager: INFO: BlockManager stopped
2020-03-19 13:14:39 BlockManagerMaster: INFO: BlockManagerMaster stopped
2020-03-19 13:14:39 OutputCommitCoordinator$OutputCommitCoordinatorEndpoint: INFO: OutputCommitCoordinator stopped!
2020-03-19 13:14:39 SparkContext: INFO: Successfully stopped SparkContext
2020-03-19 13:14:39 ShutdownHookManager: INFO: Shutdown hook called
2020-03-19 13:14:39 ShutdownHookManager: INFO: Deleting directory /private/var/folders/56/q7rh2y5x7hj4n359_13dgwxcmtwz20/T/spark-8013ed1c-51eb-4459-9ac0-02d6311823d9
2020-03-19 13:14:39 ShutdownHookManager: INFO: Deleting directory /private/var/folders/56/q7rh2y5x7hj4n359_13dgwxcmtwz20/T/spark-8013ed1c-51eb-4459-9ac0-02d6311823d9/pyspark-a1319b0a-14e0-4053-b8bd-1956cd758a1e
2020-03-19 13:14:39 ShutdownHookManager: INFO: Deleting directory /private/var/folders/56/q7rh2y5x7hj4n359_13dgwxcmtwz20/T/spark-d73ca1db-f64a-44ee-baaa-bdd8d4e1560e
