2020-03-25 15:25:05 Hail: WARN: This Hail JAR was compiled for Spark 2.4.0, running with Spark 2.4.3.
  Compatibility is not guaranteed.
2020-03-25 15:25:05 SparkContext: INFO: Running Spark version 2.4.3
2020-03-25 15:25:05 SparkContext: INFO: Submitted application: Hail
2020-03-25 15:25:05 SparkContext: INFO: Spark configuration:
spark.app.name=Hail
spark.driver.extraClassPath=/anaconda3/envs/hail/lib/python3.6/site-packages/hail/hail-all-spark.jar
spark.driver.maxResultSize=0
spark.executor.extraClassPath=./hail-all-spark.jar
spark.hadoop.google.cloud.auth.service.account.enable=true
spark.hadoop.google.cloud.auth.service.account.json.keyfile=/Users/nbaya/.hail/gcs-keys/gcs-connector-key.json
spark.hadoop.io.compression.codecs=org.apache.hadoop.io.compress.DefaultCodec,is.hail.io.compress.BGzipCodec,is.hail.io.compress.BGzipCodecTbi,org.apache.hadoop.io.compress.GzipCodec
spark.hadoop.mapreduce.input.fileinputformat.split.minsize=0
spark.jars=file:///anaconda3/envs/hail/lib/python3.6/site-packages/hail/hail-all-spark.jar
spark.kryo.registrator=is.hail.kryo.HailKryoRegistrator
spark.kryoserializer.buffer.max=1g
spark.logConf=true
spark.master=local[*]
spark.repl.local.jars=file:///anaconda3/envs/hail/lib/python3.6/site-packages/hail/hail-all-spark.jar
spark.serializer=org.apache.spark.serializer.KryoSerializer
spark.submit.deployMode=client
spark.ui.showConsoleProgress=false
2020-03-25 15:25:05 SecurityManager: INFO: Changing view acls to: nbaya
2020-03-25 15:25:05 SecurityManager: INFO: Changing modify acls to: nbaya
2020-03-25 15:25:05 SecurityManager: INFO: Changing view acls groups to: 
2020-03-25 15:25:05 SecurityManager: INFO: Changing modify acls groups to: 
2020-03-25 15:25:05 SecurityManager: INFO: SecurityManager: authentication disabled; ui acls disabled; users  with view permissions: Set(nbaya); groups with view permissions: Set(); users  with modify permissions: Set(nbaya); groups with modify permissions: Set()
2020-03-25 15:25:05 Utils: INFO: Successfully started service 'sparkDriver' on port 54268.
2020-03-25 15:25:05 SparkEnv: INFO: Registering MapOutputTracker
2020-03-25 15:25:05 SparkEnv: INFO: Registering BlockManagerMaster
2020-03-25 15:25:05 BlockManagerMasterEndpoint: INFO: Using org.apache.spark.storage.DefaultTopologyMapper for getting topology information
2020-03-25 15:25:05 BlockManagerMasterEndpoint: INFO: BlockManagerMasterEndpoint up
2020-03-25 15:25:06 DiskBlockManager: INFO: Created local directory at /private/var/folders/56/q7rh2y5x7hj4n359_13dgwxcmtwz20/T/blockmgr-6570f664-3240-41f7-8305-42edbb154998
2020-03-25 15:25:06 MemoryStore: INFO: MemoryStore started with capacity 366.3 MB
2020-03-25 15:25:06 SparkEnv: INFO: Registering OutputCommitCoordinator
2020-03-25 15:25:06 log: INFO: Logging initialized @3984ms
2020-03-25 15:25:06 Server: INFO: jetty-9.3.z-SNAPSHOT, build timestamp: unknown, git hash: unknown
2020-03-25 15:25:06 Server: INFO: Started @4096ms
2020-03-25 15:25:06 Utils: WARN: Service 'SparkUI' could not bind on port 4040. Attempting port 4041.
2020-03-25 15:25:06 AbstractConnector: INFO: Started ServerConnector@7e2095bf{HTTP/1.1,[http/1.1]}{0.0.0.0:4041}
2020-03-25 15:25:06 Utils: INFO: Successfully started service 'SparkUI' on port 4041.
2020-03-25 15:25:06 ContextHandler: INFO: Started o.s.j.s.ServletContextHandler@64530ec6{/jobs,null,AVAILABLE,@Spark}
2020-03-25 15:25:06 ContextHandler: INFO: Started o.s.j.s.ServletContextHandler@242c5f38{/jobs/json,null,AVAILABLE,@Spark}
2020-03-25 15:25:06 ContextHandler: INFO: Started o.s.j.s.ServletContextHandler@72a33482{/jobs/job,null,AVAILABLE,@Spark}
2020-03-25 15:25:06 ContextHandler: INFO: Started o.s.j.s.ServletContextHandler@66a784cd{/jobs/job/json,null,AVAILABLE,@Spark}
2020-03-25 15:25:06 ContextHandler: INFO: Started o.s.j.s.ServletContextHandler@2034c2be{/stages,null,AVAILABLE,@Spark}
2020-03-25 15:25:06 ContextHandler: INFO: Started o.s.j.s.ServletContextHandler@4b58e51e{/stages/json,null,AVAILABLE,@Spark}
2020-03-25 15:25:06 ContextHandler: INFO: Started o.s.j.s.ServletContextHandler@5f33cb78{/stages/stage,null,AVAILABLE,@Spark}
2020-03-25 15:25:06 ContextHandler: INFO: Started o.s.j.s.ServletContextHandler@fb3dbec{/stages/stage/json,null,AVAILABLE,@Spark}
2020-03-25 15:25:06 ContextHandler: INFO: Started o.s.j.s.ServletContextHandler@4e9aa969{/stages/pool,null,AVAILABLE,@Spark}
2020-03-25 15:25:06 ContextHandler: INFO: Started o.s.j.s.ServletContextHandler@e5ff040{/stages/pool/json,null,AVAILABLE,@Spark}
2020-03-25 15:25:06 ContextHandler: INFO: Started o.s.j.s.ServletContextHandler@709a84cb{/storage,null,AVAILABLE,@Spark}
2020-03-25 15:25:06 ContextHandler: INFO: Started o.s.j.s.ServletContextHandler@61e75d8f{/storage/json,null,AVAILABLE,@Spark}
2020-03-25 15:25:06 ContextHandler: INFO: Started o.s.j.s.ServletContextHandler@7a2d613b{/storage/rdd,null,AVAILABLE,@Spark}
2020-03-25 15:25:06 ContextHandler: INFO: Started o.s.j.s.ServletContextHandler@b0143ce{/storage/rdd/json,null,AVAILABLE,@Spark}
2020-03-25 15:25:06 ContextHandler: INFO: Started o.s.j.s.ServletContextHandler@2f1932b9{/environment,null,AVAILABLE,@Spark}
2020-03-25 15:25:06 ContextHandler: INFO: Started o.s.j.s.ServletContextHandler@744919f0{/environment/json,null,AVAILABLE,@Spark}
2020-03-25 15:25:06 ContextHandler: INFO: Started o.s.j.s.ServletContextHandler@657c8afb{/executors,null,AVAILABLE,@Spark}
2020-03-25 15:25:06 ContextHandler: INFO: Started o.s.j.s.ServletContextHandler@64e2aaa9{/executors/json,null,AVAILABLE,@Spark}
2020-03-25 15:25:06 ContextHandler: INFO: Started o.s.j.s.ServletContextHandler@288c076{/executors/threadDump,null,AVAILABLE,@Spark}
2020-03-25 15:25:06 ContextHandler: INFO: Started o.s.j.s.ServletContextHandler@3e32df4e{/executors/threadDump/json,null,AVAILABLE,@Spark}
2020-03-25 15:25:06 ContextHandler: INFO: Started o.s.j.s.ServletContextHandler@3f98a121{/static,null,AVAILABLE,@Spark}
2020-03-25 15:25:06 ContextHandler: INFO: Started o.s.j.s.ServletContextHandler@3258e22f{/,null,AVAILABLE,@Spark}
2020-03-25 15:25:06 ContextHandler: INFO: Started o.s.j.s.ServletContextHandler@473b0eac{/api,null,AVAILABLE,@Spark}
2020-03-25 15:25:06 ContextHandler: INFO: Started o.s.j.s.ServletContextHandler@55a6e18{/jobs/job/kill,null,AVAILABLE,@Spark}
2020-03-25 15:25:06 ContextHandler: INFO: Started o.s.j.s.ServletContextHandler@1261c9c4{/stages/stage/kill,null,AVAILABLE,@Spark}
2020-03-25 15:25:06 SparkUI: INFO: Bound SparkUI to 0.0.0.0, and started at http://192.168.0.110:4041
2020-03-25 15:25:06 SparkContext: INFO: Added JAR file:///anaconda3/envs/hail/lib/python3.6/site-packages/hail/hail-all-spark.jar at spark://192.168.0.110:54268/jars/hail-all-spark.jar with timestamp 1585164306428
2020-03-25 15:25:06 Executor: INFO: Starting executor ID driver on host localhost
2020-03-25 15:25:06 Utils: INFO: Successfully started service 'org.apache.spark.network.netty.NettyBlockTransferService' on port 54269.
2020-03-25 15:25:06 NettyBlockTransferService: INFO: Server created on 192.168.0.110:54269
2020-03-25 15:25:06 BlockManager: INFO: Using org.apache.spark.storage.RandomBlockReplicationPolicy for block replication policy
2020-03-25 15:25:06 BlockManagerMaster: INFO: Registering BlockManager BlockManagerId(driver, 192.168.0.110, 54269, None)
2020-03-25 15:25:06 BlockManagerMasterEndpoint: INFO: Registering block manager 192.168.0.110:54269 with 366.3 MB RAM, BlockManagerId(driver, 192.168.0.110, 54269, None)
2020-03-25 15:25:06 BlockManagerMaster: INFO: Registered BlockManager BlockManagerId(driver, 192.168.0.110, 54269, None)
2020-03-25 15:25:06 BlockManager: INFO: Initialized BlockManager: BlockManagerId(driver, 192.168.0.110, 54269, None)
2020-03-25 15:25:06 ContextHandler: INFO: Started o.s.j.s.ServletContextHandler@45754c22{/metrics/json,null,AVAILABLE,@Spark}
2020-03-25 15:25:06 Hail: INFO: Hail temporary directory: file:/tmp/hail.FLOWneox1g2u
2020-03-25 15:25:06 Hail: INFO: SparkUI: http://192.168.0.110:4041
2020-03-25 15:25:06 Hail: INFO: Running Hail version 0.2.34-914bd8a10ca2
2020-03-25 15:25:07 SparkContext: WARN: Using an existing SparkContext; some configuration may not take effect.
2020-03-25 15:26:14 SparkContext: INFO: Invoking stop() from shutdown hook
2020-03-25 15:26:14 AbstractConnector: INFO: Stopped Spark@7e2095bf{HTTP/1.1,[http/1.1]}{0.0.0.0:4041}
2020-03-25 15:26:14 SparkUI: INFO: Stopped Spark web UI at http://192.168.0.110:4041
2020-03-25 15:26:14 MapOutputTrackerMasterEndpoint: INFO: MapOutputTrackerMasterEndpoint stopped!
2020-03-25 15:26:14 MemoryStore: INFO: MemoryStore cleared
2020-03-25 15:26:14 BlockManager: INFO: BlockManager stopped
2020-03-25 15:26:14 BlockManagerMaster: INFO: BlockManagerMaster stopped
2020-03-25 15:26:14 OutputCommitCoordinator$OutputCommitCoordinatorEndpoint: INFO: OutputCommitCoordinator stopped!
2020-03-25 15:26:14 SparkContext: INFO: Successfully stopped SparkContext
2020-03-25 15:26:14 ShutdownHookManager: INFO: Shutdown hook called
2020-03-25 15:26:14 ShutdownHookManager: INFO: Deleting directory /private/var/folders/56/q7rh2y5x7hj4n359_13dgwxcmtwz20/T/spark-7edb3e1b-bb94-404b-b627-80995730329a
2020-03-25 15:26:14 ShutdownHookManager: INFO: Deleting directory /private/var/folders/56/q7rh2y5x7hj4n359_13dgwxcmtwz20/T/spark-7edb3e1b-bb94-404b-b627-80995730329a/pyspark-ca101987-279d-414e-b862-1a4c4e96ece0
2020-03-25 15:26:14 ShutdownHookManager: INFO: Deleting directory /private/var/folders/56/q7rh2y5x7hj4n359_13dgwxcmtwz20/T/spark-6130d103-ba7b-4780-b176-8654ef123ff8
