2020-03-09 08:00:37 Hail: WARN: This Hail JAR was compiled for Spark 2.4.0, running with Spark 2.4.3.
  Compatibility is not guaranteed.
2020-03-09 08:00:37 SparkContext: INFO: Running Spark version 2.4.3
2020-03-09 08:00:37 SparkContext: INFO: Submitted application: Hail
2020-03-09 08:00:37 SparkContext: INFO: Spark configuration:
spark.app.name=Hail
spark.driver.extraClassPath=/anaconda3/envs/hail/lib/python3.6/site-packages/hail/hail-all-spark.jar
spark.driver.maxResultSize=0
spark.executor.extraClassPath=./hail-all-spark.jar
spark.hadoop.google.cloud.auth.service.account.enable=true
spark.hadoop.google.cloud.auth.service.account.json.keyfile=/Users/nbaya/.hail/gcs-keys/gcs-connector-key.json
spark.hadoop.io.compression.codecs=org.apache.hadoop.io.compress.DefaultCodec,is.hail.io.compress.BGzipCodec,is.hail.io.compress.BGzipCodecTbi,org.apache.hadoop.io.compress.GzipCodec
spark.hadoop.mapreduce.input.fileinputformat.split.minsize=0
spark.jars=file:///anaconda3/envs/hail/lib/python3.6/site-packages/hail/hail-all-spark.jar
spark.kryo.registrator=is.hail.kryo.HailKryoRegistrator
spark.kryoserializer.buffer.max=1g
spark.logConf=true
spark.master=local[*]
spark.repl.local.jars=file:///anaconda3/envs/hail/lib/python3.6/site-packages/hail/hail-all-spark.jar
spark.serializer=org.apache.spark.serializer.KryoSerializer
spark.submit.deployMode=client
spark.ui.showConsoleProgress=false
2020-03-09 08:00:38 SecurityManager: INFO: Changing view acls to: nbaya
2020-03-09 08:00:38 SecurityManager: INFO: Changing modify acls to: nbaya
2020-03-09 08:00:38 SecurityManager: INFO: Changing view acls groups to: 
2020-03-09 08:00:38 SecurityManager: INFO: Changing modify acls groups to: 
2020-03-09 08:00:38 SecurityManager: INFO: SecurityManager: authentication disabled; ui acls disabled; users  with view permissions: Set(nbaya); groups with view permissions: Set(); users  with modify permissions: Set(nbaya); groups with modify permissions: Set()
2020-03-09 08:00:38 Utils: INFO: Successfully started service 'sparkDriver' on port 60469.
2020-03-09 08:00:38 SparkEnv: INFO: Registering MapOutputTracker
2020-03-09 08:00:38 SparkEnv: INFO: Registering BlockManagerMaster
2020-03-09 08:00:38 BlockManagerMasterEndpoint: INFO: Using org.apache.spark.storage.DefaultTopologyMapper for getting topology information
2020-03-09 08:00:38 BlockManagerMasterEndpoint: INFO: BlockManagerMasterEndpoint up
2020-03-09 08:00:38 DiskBlockManager: INFO: Created local directory at /private/var/folders/56/q7rh2y5x7hj4n359_13dgwxcmtwz20/T/blockmgr-619f22d0-913f-4aad-a6a4-34f466091401
2020-03-09 08:00:38 MemoryStore: INFO: MemoryStore started with capacity 366.3 MB
2020-03-09 08:00:38 SparkEnv: INFO: Registering OutputCommitCoordinator
2020-03-09 08:00:38 log: INFO: Logging initialized @3906ms
2020-03-09 08:00:38 Server: INFO: jetty-9.3.z-SNAPSHOT, build timestamp: unknown, git hash: unknown
2020-03-09 08:00:38 Server: INFO: Started @4030ms
2020-03-09 08:00:38 Utils: WARN: Service 'SparkUI' could not bind on port 4040. Attempting port 4041.
2020-03-09 08:00:38 Utils: WARN: Service 'SparkUI' could not bind on port 4041. Attempting port 4042.
2020-03-09 08:00:38 AbstractConnector: INFO: Started ServerConnector@465c4742{HTTP/1.1,[http/1.1]}{0.0.0.0:4042}
2020-03-09 08:00:38 Utils: INFO: Successfully started service 'SparkUI' on port 4042.
2020-03-09 08:00:38 ContextHandler: INFO: Started o.s.j.s.ServletContextHandler@504181e6{/jobs,null,AVAILABLE,@Spark}
2020-03-09 08:00:38 ContextHandler: INFO: Started o.s.j.s.ServletContextHandler@488a4fa6{/jobs/json,null,AVAILABLE,@Spark}
2020-03-09 08:00:38 ContextHandler: INFO: Started o.s.j.s.ServletContextHandler@2b262170{/jobs/job,null,AVAILABLE,@Spark}
2020-03-09 08:00:38 ContextHandler: INFO: Started o.s.j.s.ServletContextHandler@36fd6da{/jobs/job/json,null,AVAILABLE,@Spark}
2020-03-09 08:00:38 ContextHandler: INFO: Started o.s.j.s.ServletContextHandler@19824e6e{/stages,null,AVAILABLE,@Spark}
2020-03-09 08:00:38 ContextHandler: INFO: Started o.s.j.s.ServletContextHandler@3b5d18f{/stages/json,null,AVAILABLE,@Spark}
2020-03-09 08:00:38 ContextHandler: INFO: Started o.s.j.s.ServletContextHandler@9672a1b{/stages/stage,null,AVAILABLE,@Spark}
2020-03-09 08:00:38 ContextHandler: INFO: Started o.s.j.s.ServletContextHandler@522dbaf2{/stages/stage/json,null,AVAILABLE,@Spark}
2020-03-09 08:00:38 ContextHandler: INFO: Started o.s.j.s.ServletContextHandler@622a755e{/stages/pool,null,AVAILABLE,@Spark}
2020-03-09 08:00:38 ContextHandler: INFO: Started o.s.j.s.ServletContextHandler@925315c{/stages/pool/json,null,AVAILABLE,@Spark}
2020-03-09 08:00:38 ContextHandler: INFO: Started o.s.j.s.ServletContextHandler@3f838df6{/storage,null,AVAILABLE,@Spark}
2020-03-09 08:00:38 ContextHandler: INFO: Started o.s.j.s.ServletContextHandler@465ade{/storage/json,null,AVAILABLE,@Spark}
2020-03-09 08:00:38 ContextHandler: INFO: Started o.s.j.s.ServletContextHandler@31f75f0d{/storage/rdd,null,AVAILABLE,@Spark}
2020-03-09 08:00:38 ContextHandler: INFO: Started o.s.j.s.ServletContextHandler@11f827be{/storage/rdd/json,null,AVAILABLE,@Spark}
2020-03-09 08:00:38 ContextHandler: INFO: Started o.s.j.s.ServletContextHandler@3237e44a{/environment,null,AVAILABLE,@Spark}
2020-03-09 08:00:38 ContextHandler: INFO: Started o.s.j.s.ServletContextHandler@95c878{/environment/json,null,AVAILABLE,@Spark}
2020-03-09 08:00:38 ContextHandler: INFO: Started o.s.j.s.ServletContextHandler@b11e050{/executors,null,AVAILABLE,@Spark}
2020-03-09 08:00:38 ContextHandler: INFO: Started o.s.j.s.ServletContextHandler@5b84f35b{/executors/json,null,AVAILABLE,@Spark}
2020-03-09 08:00:38 ContextHandler: INFO: Started o.s.j.s.ServletContextHandler@569c59d5{/executors/threadDump,null,AVAILABLE,@Spark}
2020-03-09 08:00:38 ContextHandler: INFO: Started o.s.j.s.ServletContextHandler@78648d76{/executors/threadDump/json,null,AVAILABLE,@Spark}
2020-03-09 08:00:38 ContextHandler: INFO: Started o.s.j.s.ServletContextHandler@7cf3f14a{/static,null,AVAILABLE,@Spark}
2020-03-09 08:00:38 ContextHandler: INFO: Started o.s.j.s.ServletContextHandler@e9935c3{/,null,AVAILABLE,@Spark}
2020-03-09 08:00:38 ContextHandler: INFO: Started o.s.j.s.ServletContextHandler@50bf42a0{/api,null,AVAILABLE,@Spark}
2020-03-09 08:00:38 ContextHandler: INFO: Started o.s.j.s.ServletContextHandler@2d2f04d6{/jobs/job/kill,null,AVAILABLE,@Spark}
2020-03-09 08:00:38 ContextHandler: INFO: Started o.s.j.s.ServletContextHandler@4bc7293c{/stages/stage/kill,null,AVAILABLE,@Spark}
2020-03-09 08:00:38 SparkUI: INFO: Bound SparkUI to 0.0.0.0, and started at http://wm65b-8a9.broadinstitute.org:4042
2020-03-09 08:00:39 SparkContext: INFO: Added JAR file:///anaconda3/envs/hail/lib/python3.6/site-packages/hail/hail-all-spark.jar at spark://wm65b-8a9.broadinstitute.org:60469/jars/hail-all-spark.jar with timestamp 1583755239011
2020-03-09 08:00:39 Executor: INFO: Starting executor ID driver on host localhost
2020-03-09 08:00:39 Utils: INFO: Successfully started service 'org.apache.spark.network.netty.NettyBlockTransferService' on port 60471.
2020-03-09 08:00:39 NettyBlockTransferService: INFO: Server created on wm65b-8a9.broadinstitute.org:60471
2020-03-09 08:00:39 BlockManager: INFO: Using org.apache.spark.storage.RandomBlockReplicationPolicy for block replication policy
2020-03-09 08:00:39 BlockManagerMaster: INFO: Registering BlockManager BlockManagerId(driver, wm65b-8a9.broadinstitute.org, 60471, None)
2020-03-09 08:00:39 BlockManagerMasterEndpoint: INFO: Registering block manager wm65b-8a9.broadinstitute.org:60471 with 366.3 MB RAM, BlockManagerId(driver, wm65b-8a9.broadinstitute.org, 60471, None)
2020-03-09 08:00:39 BlockManagerMaster: INFO: Registered BlockManager BlockManagerId(driver, wm65b-8a9.broadinstitute.org, 60471, None)
2020-03-09 08:00:39 BlockManager: INFO: Initialized BlockManager: BlockManagerId(driver, wm65b-8a9.broadinstitute.org, 60471, None)
2020-03-09 08:00:39 ContextHandler: INFO: Started o.s.j.s.ServletContextHandler@1b144b16{/metrics/json,null,AVAILABLE,@Spark}
2020-03-09 08:00:39 Hail: INFO: Hail temporary directory: file:/tmp/hail.6iZKLxFWXiVp
2020-03-09 08:00:39 Hail: INFO: SparkUI: http://wm65b-8a9.broadinstitute.org:4042
2020-03-09 08:00:39 Hail: INFO: Running Hail version 0.2.33-5d8cae649505
2020-03-09 08:00:40 SparkContext: WARN: Using an existing SparkContext; some configuration may not take effect.
2020-03-09 08:03:21 SparkContext: INFO: Invoking stop() from shutdown hook
2020-03-09 08:03:21 AbstractConnector: INFO: Stopped Spark@465c4742{HTTP/1.1,[http/1.1]}{0.0.0.0:4042}
2020-03-09 08:03:21 SparkUI: INFO: Stopped Spark web UI at http://wm65b-8a9.broadinstitute.org:4042
2020-03-09 08:03:21 MapOutputTrackerMasterEndpoint: INFO: MapOutputTrackerMasterEndpoint stopped!
2020-03-09 08:03:21 MemoryStore: INFO: MemoryStore cleared
2020-03-09 08:03:21 BlockManager: INFO: BlockManager stopped
2020-03-09 08:03:21 BlockManagerMaster: INFO: BlockManagerMaster stopped
2020-03-09 08:03:21 OutputCommitCoordinator$OutputCommitCoordinatorEndpoint: INFO: OutputCommitCoordinator stopped!
2020-03-09 08:03:21 SparkContext: INFO: Successfully stopped SparkContext
2020-03-09 08:03:21 ShutdownHookManager: INFO: Shutdown hook called
2020-03-09 08:03:21 ShutdownHookManager: INFO: Deleting directory /private/var/folders/56/q7rh2y5x7hj4n359_13dgwxcmtwz20/T/spark-bad9664d-0f96-49a6-8f6f-b1a95ddfe35b
2020-03-09 08:03:21 ShutdownHookManager: INFO: Deleting directory /private/var/folders/56/q7rh2y5x7hj4n359_13dgwxcmtwz20/T/spark-4dba39f8-d92b-4123-b942-17d3169efc39/pyspark-0b741262-9c84-40a5-a7cf-81f76cea5d52
2020-03-09 08:03:21 ShutdownHookManager: INFO: Deleting directory /private/var/folders/56/q7rh2y5x7hj4n359_13dgwxcmtwz20/T/spark-4dba39f8-d92b-4123-b942-17d3169efc39
