2020-03-08 13:15:18 Hail: WARN: This Hail JAR was compiled for Spark 2.4.0, running with Spark 2.4.3.
  Compatibility is not guaranteed.
2020-03-08 13:15:18 SparkContext: INFO: Running Spark version 2.4.3
2020-03-08 13:15:18 SparkContext: INFO: Submitted application: Hail
2020-03-08 13:15:18 SparkContext: INFO: Spark configuration:
spark.app.name=Hail
spark.driver.extraClassPath=/anaconda3/envs/hail/lib/python3.6/site-packages/hail/hail-all-spark.jar
spark.driver.maxResultSize=0
spark.executor.extraClassPath=./hail-all-spark.jar
spark.hadoop.google.cloud.auth.service.account.enable=true
spark.hadoop.google.cloud.auth.service.account.json.keyfile=/Users/nbaya/.hail/gcs-keys/gcs-connector-key.json
spark.hadoop.io.compression.codecs=org.apache.hadoop.io.compress.DefaultCodec,is.hail.io.compress.BGzipCodec,is.hail.io.compress.BGzipCodecTbi,org.apache.hadoop.io.compress.GzipCodec
spark.hadoop.mapreduce.input.fileinputformat.split.minsize=0
spark.jars=file:///anaconda3/envs/hail/lib/python3.6/site-packages/hail/hail-all-spark.jar
spark.kryo.registrator=is.hail.kryo.HailKryoRegistrator
spark.kryoserializer.buffer.max=1g
spark.logConf=true
spark.master=local[*]
spark.repl.local.jars=file:///anaconda3/envs/hail/lib/python3.6/site-packages/hail/hail-all-spark.jar
spark.serializer=org.apache.spark.serializer.KryoSerializer
spark.submit.deployMode=client
spark.ui.showConsoleProgress=false
2020-03-08 13:15:18 SecurityManager: INFO: Changing view acls to: nbaya
2020-03-08 13:15:18 SecurityManager: INFO: Changing modify acls to: nbaya
2020-03-08 13:15:18 SecurityManager: INFO: Changing view acls groups to: 
2020-03-08 13:15:18 SecurityManager: INFO: Changing modify acls groups to: 
2020-03-08 13:15:18 SecurityManager: INFO: SecurityManager: authentication disabled; ui acls disabled; users  with view permissions: Set(nbaya); groups with view permissions: Set(); users  with modify permissions: Set(nbaya); groups with modify permissions: Set()
2020-03-08 13:15:19 Utils: INFO: Successfully started service 'sparkDriver' on port 54426.
2020-03-08 13:15:19 SparkEnv: INFO: Registering MapOutputTracker
2020-03-08 13:15:19 SparkEnv: INFO: Registering BlockManagerMaster
2020-03-08 13:15:19 BlockManagerMasterEndpoint: INFO: Using org.apache.spark.storage.DefaultTopologyMapper for getting topology information
2020-03-08 13:15:19 BlockManagerMasterEndpoint: INFO: BlockManagerMasterEndpoint up
2020-03-08 13:15:19 DiskBlockManager: INFO: Created local directory at /private/var/folders/56/q7rh2y5x7hj4n359_13dgwxcmtwz20/T/blockmgr-68933811-7a68-4620-b834-360bdf667b1d
2020-03-08 13:15:19 MemoryStore: INFO: MemoryStore started with capacity 366.3 MB
2020-03-08 13:15:19 SparkEnv: INFO: Registering OutputCommitCoordinator
2020-03-08 13:15:19 log: INFO: Logging initialized @4080ms
2020-03-08 13:15:19 Server: INFO: jetty-9.3.z-SNAPSHOT, build timestamp: unknown, git hash: unknown
2020-03-08 13:15:19 Server: INFO: Started @4197ms
2020-03-08 13:15:19 Utils: WARN: Service 'SparkUI' could not bind on port 4040. Attempting port 4041.
2020-03-08 13:15:19 Utils: WARN: Service 'SparkUI' could not bind on port 4041. Attempting port 4042.
2020-03-08 13:15:19 AbstractConnector: INFO: Started ServerConnector@73ef915d{HTTP/1.1,[http/1.1]}{0.0.0.0:4042}
2020-03-08 13:15:19 Utils: INFO: Successfully started service 'SparkUI' on port 4042.
2020-03-08 13:15:19 ContextHandler: INFO: Started o.s.j.s.ServletContextHandler@4c1a4318{/jobs,null,AVAILABLE,@Spark}
2020-03-08 13:15:19 ContextHandler: INFO: Started o.s.j.s.ServletContextHandler@92b8862{/jobs/json,null,AVAILABLE,@Spark}
2020-03-08 13:15:19 ContextHandler: INFO: Started o.s.j.s.ServletContextHandler@49bebab9{/jobs/job,null,AVAILABLE,@Spark}
2020-03-08 13:15:19 ContextHandler: INFO: Started o.s.j.s.ServletContextHandler@21700536{/jobs/job/json,null,AVAILABLE,@Spark}
2020-03-08 13:15:19 ContextHandler: INFO: Started o.s.j.s.ServletContextHandler@744de1e2{/stages,null,AVAILABLE,@Spark}
2020-03-08 13:15:19 ContextHandler: INFO: Started o.s.j.s.ServletContextHandler@489ae6a0{/stages/json,null,AVAILABLE,@Spark}
2020-03-08 13:15:19 ContextHandler: INFO: Started o.s.j.s.ServletContextHandler@2cf91fed{/stages/stage,null,AVAILABLE,@Spark}
2020-03-08 13:15:19 ContextHandler: INFO: Started o.s.j.s.ServletContextHandler@9680fdf{/stages/stage/json,null,AVAILABLE,@Spark}
2020-03-08 13:15:19 ContextHandler: INFO: Started o.s.j.s.ServletContextHandler@6d0a6f68{/stages/pool,null,AVAILABLE,@Spark}
2020-03-08 13:15:19 ContextHandler: INFO: Started o.s.j.s.ServletContextHandler@6f3eaa56{/stages/pool/json,null,AVAILABLE,@Spark}
2020-03-08 13:15:19 ContextHandler: INFO: Started o.s.j.s.ServletContextHandler@3b900937{/storage,null,AVAILABLE,@Spark}
2020-03-08 13:15:19 ContextHandler: INFO: Started o.s.j.s.ServletContextHandler@724fff6d{/storage/json,null,AVAILABLE,@Spark}
2020-03-08 13:15:19 ContextHandler: INFO: Started o.s.j.s.ServletContextHandler@4c80af63{/storage/rdd,null,AVAILABLE,@Spark}
2020-03-08 13:15:19 ContextHandler: INFO: Started o.s.j.s.ServletContextHandler@5676c0bf{/storage/rdd/json,null,AVAILABLE,@Spark}
2020-03-08 13:15:19 ContextHandler: INFO: Started o.s.j.s.ServletContextHandler@6d94a2f7{/environment,null,AVAILABLE,@Spark}
2020-03-08 13:15:19 ContextHandler: INFO: Started o.s.j.s.ServletContextHandler@602d8cbf{/environment/json,null,AVAILABLE,@Spark}
2020-03-08 13:15:19 ContextHandler: INFO: Started o.s.j.s.ServletContextHandler@291fcc6e{/executors,null,AVAILABLE,@Spark}
2020-03-08 13:15:19 ContextHandler: INFO: Started o.s.j.s.ServletContextHandler@498c92ca{/executors/json,null,AVAILABLE,@Spark}
2020-03-08 13:15:19 ContextHandler: INFO: Started o.s.j.s.ServletContextHandler@1c70216{/executors/threadDump,null,AVAILABLE,@Spark}
2020-03-08 13:15:19 ContextHandler: INFO: Started o.s.j.s.ServletContextHandler@d832ee5{/executors/threadDump/json,null,AVAILABLE,@Spark}
2020-03-08 13:15:19 ContextHandler: INFO: Started o.s.j.s.ServletContextHandler@5aa8ff87{/static,null,AVAILABLE,@Spark}
2020-03-08 13:15:19 ContextHandler: INFO: Started o.s.j.s.ServletContextHandler@412433f7{/,null,AVAILABLE,@Spark}
2020-03-08 13:15:19 ContextHandler: INFO: Started o.s.j.s.ServletContextHandler@2cc0fe34{/api,null,AVAILABLE,@Spark}
2020-03-08 13:15:19 ContextHandler: INFO: Started o.s.j.s.ServletContextHandler@2ba712c9{/jobs/job/kill,null,AVAILABLE,@Spark}
2020-03-08 13:15:19 ContextHandler: INFO: Started o.s.j.s.ServletContextHandler@7854d1eb{/stages/stage/kill,null,AVAILABLE,@Spark}
2020-03-08 13:15:19 SparkUI: INFO: Bound SparkUI to 0.0.0.0, and started at http://wm65b-8a9.broadinstitute.org:4042
2020-03-08 13:15:19 SparkContext: INFO: Added JAR file:///anaconda3/envs/hail/lib/python3.6/site-packages/hail/hail-all-spark.jar at spark://wm65b-8a9.broadinstitute.org:54426/jars/hail-all-spark.jar with timestamp 1583687719722
2020-03-08 13:15:19 Executor: INFO: Starting executor ID driver on host localhost
2020-03-08 13:15:19 Utils: INFO: Successfully started service 'org.apache.spark.network.netty.NettyBlockTransferService' on port 54427.
2020-03-08 13:15:19 NettyBlockTransferService: INFO: Server created on wm65b-8a9.broadinstitute.org:54427
2020-03-08 13:15:19 BlockManager: INFO: Using org.apache.spark.storage.RandomBlockReplicationPolicy for block replication policy
2020-03-08 13:15:19 BlockManagerMaster: INFO: Registering BlockManager BlockManagerId(driver, wm65b-8a9.broadinstitute.org, 54427, None)
2020-03-08 13:15:19 BlockManagerMasterEndpoint: INFO: Registering block manager wm65b-8a9.broadinstitute.org:54427 with 366.3 MB RAM, BlockManagerId(driver, wm65b-8a9.broadinstitute.org, 54427, None)
2020-03-08 13:15:19 BlockManagerMaster: INFO: Registered BlockManager BlockManagerId(driver, wm65b-8a9.broadinstitute.org, 54427, None)
2020-03-08 13:15:19 BlockManager: INFO: Initialized BlockManager: BlockManagerId(driver, wm65b-8a9.broadinstitute.org, 54427, None)
2020-03-08 13:15:20 ContextHandler: INFO: Started o.s.j.s.ServletContextHandler@278184a7{/metrics/json,null,AVAILABLE,@Spark}
2020-03-08 13:15:20 Hail: INFO: Hail temporary directory: file:/tmp/hail.z3krifvi3OP4
2020-03-08 13:15:20 Hail: INFO: SparkUI: http://wm65b-8a9.broadinstitute.org:4042
2020-03-08 13:15:20 Hail: INFO: Running Hail version 0.2.33-5d8cae649505
2020-03-08 13:15:21 SparkContext: WARN: Using an existing SparkContext; some configuration may not take effect.
2020-03-08 13:40:01 SparkContext: INFO: Invoking stop() from shutdown hook
2020-03-08 13:40:01 AbstractConnector: INFO: Stopped Spark@73ef915d{HTTP/1.1,[http/1.1]}{0.0.0.0:4042}
2020-03-08 13:40:01 SparkUI: INFO: Stopped Spark web UI at http://wm65b-8a9.broadinstitute.org:4042
2020-03-08 13:40:01 MapOutputTrackerMasterEndpoint: INFO: MapOutputTrackerMasterEndpoint stopped!
2020-03-08 13:40:01 MemoryStore: INFO: MemoryStore cleared
2020-03-08 13:40:01 BlockManager: INFO: BlockManager stopped
2020-03-08 13:40:01 BlockManagerMaster: INFO: BlockManagerMaster stopped
2020-03-08 13:40:01 OutputCommitCoordinator$OutputCommitCoordinatorEndpoint: INFO: OutputCommitCoordinator stopped!
2020-03-08 13:40:01 SparkContext: INFO: Successfully stopped SparkContext
2020-03-08 13:40:01 ShutdownHookManager: INFO: Shutdown hook called
2020-03-08 13:40:01 ShutdownHookManager: INFO: Deleting directory /private/var/folders/56/q7rh2y5x7hj4n359_13dgwxcmtwz20/T/spark-53f92e9c-6296-4272-829a-239bc97245f4
2020-03-08 13:40:01 ShutdownHookManager: INFO: Deleting directory /private/var/folders/56/q7rh2y5x7hj4n359_13dgwxcmtwz20/T/spark-2c48e5f4-0c16-455b-ad7d-99ed0bfc17c3
2020-03-08 13:40:01 ShutdownHookManager: INFO: Deleting directory /private/var/folders/56/q7rh2y5x7hj4n359_13dgwxcmtwz20/T/spark-2c48e5f4-0c16-455b-ad7d-99ed0bfc17c3/pyspark-98546ead-882f-4dd2-be05-5463230e51e8
