2020-04-02 13:11:36 Hail: WARN: This Hail JAR was compiled for Spark 2.4.0, running with Spark 2.4.3.
  Compatibility is not guaranteed.
2020-04-02 13:11:36 SparkContext: INFO: Running Spark version 2.4.3
2020-04-02 13:11:36 SparkContext: INFO: Submitted application: Hail
2020-04-02 13:11:36 SparkContext: INFO: Spark configuration:
spark.app.name=Hail
spark.driver.extraClassPath=/anaconda3/envs/hail/lib/python3.6/site-packages/hail/hail-all-spark.jar
spark.driver.maxResultSize=0
spark.executor.extraClassPath=./hail-all-spark.jar
spark.hadoop.google.cloud.auth.service.account.enable=true
spark.hadoop.google.cloud.auth.service.account.json.keyfile=/Users/nbaya/.hail/gcs-keys/gcs-connector-key.json
spark.hadoop.io.compression.codecs=org.apache.hadoop.io.compress.DefaultCodec,is.hail.io.compress.BGzipCodec,is.hail.io.compress.BGzipCodecTbi,org.apache.hadoop.io.compress.GzipCodec
spark.hadoop.mapreduce.input.fileinputformat.split.minsize=0
spark.jars=file:///anaconda3/envs/hail/lib/python3.6/site-packages/hail/hail-all-spark.jar
spark.kryo.registrator=is.hail.kryo.HailKryoRegistrator
spark.kryoserializer.buffer.max=1g
spark.logConf=true
spark.master=local[*]
spark.repl.local.jars=file:///anaconda3/envs/hail/lib/python3.6/site-packages/hail/hail-all-spark.jar
spark.serializer=org.apache.spark.serializer.KryoSerializer
spark.submit.deployMode=client
spark.ui.showConsoleProgress=false
2020-04-02 13:11:36 SecurityManager: INFO: Changing view acls to: nbaya
2020-04-02 13:11:36 SecurityManager: INFO: Changing modify acls to: nbaya
2020-04-02 13:11:36 SecurityManager: INFO: Changing view acls groups to: 
2020-04-02 13:11:36 SecurityManager: INFO: Changing modify acls groups to: 
2020-04-02 13:11:36 SecurityManager: INFO: SecurityManager: authentication disabled; ui acls disabled; users  with view permissions: Set(nbaya); groups with view permissions: Set(); users  with modify permissions: Set(nbaya); groups with modify permissions: Set()
2020-04-02 13:11:36 Utils: INFO: Successfully started service 'sparkDriver' on port 59121.
2020-04-02 13:11:36 SparkEnv: INFO: Registering MapOutputTracker
2020-04-02 13:11:36 SparkEnv: INFO: Registering BlockManagerMaster
2020-04-02 13:11:36 BlockManagerMasterEndpoint: INFO: Using org.apache.spark.storage.DefaultTopologyMapper for getting topology information
2020-04-02 13:11:36 BlockManagerMasterEndpoint: INFO: BlockManagerMasterEndpoint up
2020-04-02 13:11:36 DiskBlockManager: INFO: Created local directory at /private/var/folders/56/q7rh2y5x7hj4n359_13dgwxcmtwz20/T/blockmgr-752bf9dc-0e9f-4d4b-886c-717e47fa25be
2020-04-02 13:11:36 MemoryStore: INFO: MemoryStore started with capacity 366.3 MB
2020-04-02 13:11:36 SparkEnv: INFO: Registering OutputCommitCoordinator
2020-04-02 13:11:37 log: INFO: Logging initialized @2856ms
2020-04-02 13:11:37 Server: INFO: jetty-9.3.z-SNAPSHOT, build timestamp: unknown, git hash: unknown
2020-04-02 13:11:37 Server: INFO: Started @2959ms
2020-04-02 13:11:37 Utils: WARN: Service 'SparkUI' could not bind on port 4040. Attempting port 4041.
2020-04-02 13:11:37 AbstractConnector: INFO: Started ServerConnector@4f7f2508{HTTP/1.1,[http/1.1]}{0.0.0.0:4041}
2020-04-02 13:11:37 Utils: INFO: Successfully started service 'SparkUI' on port 4041.
2020-04-02 13:11:37 ContextHandler: INFO: Started o.s.j.s.ServletContextHandler@70fc5263{/jobs,null,AVAILABLE,@Spark}
2020-04-02 13:11:37 ContextHandler: INFO: Started o.s.j.s.ServletContextHandler@2e867ecd{/jobs/json,null,AVAILABLE,@Spark}
2020-04-02 13:11:37 ContextHandler: INFO: Started o.s.j.s.ServletContextHandler@4ef5ec31{/jobs/job,null,AVAILABLE,@Spark}
2020-04-02 13:11:37 ContextHandler: INFO: Started o.s.j.s.ServletContextHandler@240ad5ca{/jobs/job/json,null,AVAILABLE,@Spark}
2020-04-02 13:11:37 ContextHandler: INFO: Started o.s.j.s.ServletContextHandler@3967a790{/stages,null,AVAILABLE,@Spark}
2020-04-02 13:11:37 ContextHandler: INFO: Started o.s.j.s.ServletContextHandler@589240e9{/stages/json,null,AVAILABLE,@Spark}
2020-04-02 13:11:37 ContextHandler: INFO: Started o.s.j.s.ServletContextHandler@7d672ade{/stages/stage,null,AVAILABLE,@Spark}
2020-04-02 13:11:37 ContextHandler: INFO: Started o.s.j.s.ServletContextHandler@4131f5f0{/stages/stage/json,null,AVAILABLE,@Spark}
2020-04-02 13:11:37 ContextHandler: INFO: Started o.s.j.s.ServletContextHandler@54416d2{/stages/pool,null,AVAILABLE,@Spark}
2020-04-02 13:11:37 ContextHandler: INFO: Started o.s.j.s.ServletContextHandler@253eaab{/stages/pool/json,null,AVAILABLE,@Spark}
2020-04-02 13:11:37 ContextHandler: INFO: Started o.s.j.s.ServletContextHandler@7a8e4684{/storage,null,AVAILABLE,@Spark}
2020-04-02 13:11:37 ContextHandler: INFO: Started o.s.j.s.ServletContextHandler@34dea250{/storage/json,null,AVAILABLE,@Spark}
2020-04-02 13:11:37 ContextHandler: INFO: Started o.s.j.s.ServletContextHandler@1109c09f{/storage/rdd,null,AVAILABLE,@Spark}
2020-04-02 13:11:37 ContextHandler: INFO: Started o.s.j.s.ServletContextHandler@c9266a7{/storage/rdd/json,null,AVAILABLE,@Spark}
2020-04-02 13:11:37 ContextHandler: INFO: Started o.s.j.s.ServletContextHandler@420bbd7{/environment,null,AVAILABLE,@Spark}
2020-04-02 13:11:37 ContextHandler: INFO: Started o.s.j.s.ServletContextHandler@45ad5521{/environment/json,null,AVAILABLE,@Spark}
2020-04-02 13:11:37 ContextHandler: INFO: Started o.s.j.s.ServletContextHandler@1a7f6833{/executors,null,AVAILABLE,@Spark}
2020-04-02 13:11:37 ContextHandler: INFO: Started o.s.j.s.ServletContextHandler@5478285{/executors/json,null,AVAILABLE,@Spark}
2020-04-02 13:11:37 ContextHandler: INFO: Started o.s.j.s.ServletContextHandler@4b87ff9{/executors/threadDump,null,AVAILABLE,@Spark}
2020-04-02 13:11:37 ContextHandler: INFO: Started o.s.j.s.ServletContextHandler@2b932612{/executors/threadDump/json,null,AVAILABLE,@Spark}
2020-04-02 13:11:37 ContextHandler: INFO: Started o.s.j.s.ServletContextHandler@4acceda3{/static,null,AVAILABLE,@Spark}
2020-04-02 13:11:37 ContextHandler: INFO: Started o.s.j.s.ServletContextHandler@77cf5072{/,null,AVAILABLE,@Spark}
2020-04-02 13:11:37 ContextHandler: INFO: Started o.s.j.s.ServletContextHandler@51c6d371{/api,null,AVAILABLE,@Spark}
2020-04-02 13:11:37 ContextHandler: INFO: Started o.s.j.s.ServletContextHandler@6e9d8486{/jobs/job/kill,null,AVAILABLE,@Spark}
2020-04-02 13:11:37 ContextHandler: INFO: Started o.s.j.s.ServletContextHandler@244ff086{/stages/stage/kill,null,AVAILABLE,@Spark}
2020-04-02 13:11:37 SparkUI: INFO: Bound SparkUI to 0.0.0.0, and started at http://192.168.0.110:4041
2020-04-02 13:11:37 SparkContext: INFO: Added JAR file:///anaconda3/envs/hail/lib/python3.6/site-packages/hail/hail-all-spark.jar at spark://192.168.0.110:59121/jars/hail-all-spark.jar with timestamp 1585847497320
2020-04-02 13:11:37 Executor: INFO: Starting executor ID driver on host localhost
2020-04-02 13:11:37 Utils: INFO: Successfully started service 'org.apache.spark.network.netty.NettyBlockTransferService' on port 59122.
2020-04-02 13:11:37 NettyBlockTransferService: INFO: Server created on 192.168.0.110:59122
2020-04-02 13:11:37 BlockManager: INFO: Using org.apache.spark.storage.RandomBlockReplicationPolicy for block replication policy
2020-04-02 13:11:37 BlockManagerMaster: INFO: Registering BlockManager BlockManagerId(driver, 192.168.0.110, 59122, None)
2020-04-02 13:11:37 BlockManagerMasterEndpoint: INFO: Registering block manager 192.168.0.110:59122 with 366.3 MB RAM, BlockManagerId(driver, 192.168.0.110, 59122, None)
2020-04-02 13:11:37 BlockManagerMaster: INFO: Registered BlockManager BlockManagerId(driver, 192.168.0.110, 59122, None)
2020-04-02 13:11:37 BlockManager: INFO: Initialized BlockManager: BlockManagerId(driver, 192.168.0.110, 59122, None)
2020-04-02 13:11:37 ContextHandler: INFO: Started o.s.j.s.ServletContextHandler@566911b2{/metrics/json,null,AVAILABLE,@Spark}
2020-04-02 13:11:37 Hail: INFO: Hail temporary directory: file:/tmp/hail.mGcQe8pbyguI
2020-04-02 13:11:37 Hail: INFO: SparkUI: http://192.168.0.110:4041
2020-04-02 13:11:37 Hail: INFO: Running Hail version 0.2.34-914bd8a10ca2
2020-04-02 13:11:38 SparkContext: WARN: Using an existing SparkContext; some configuration may not take effect.
2020-04-02 13:20:10 SparkContext: INFO: Invoking stop() from shutdown hook
2020-04-02 13:20:10 AbstractConnector: INFO: Stopped Spark@4f7f2508{HTTP/1.1,[http/1.1]}{0.0.0.0:4041}
2020-04-02 13:20:10 SparkUI: INFO: Stopped Spark web UI at http://192.168.0.110:4041
2020-04-02 13:20:10 MapOutputTrackerMasterEndpoint: INFO: MapOutputTrackerMasterEndpoint stopped!
2020-04-02 13:20:10 MemoryStore: INFO: MemoryStore cleared
2020-04-02 13:20:10 BlockManager: INFO: BlockManager stopped
2020-04-02 13:20:10 BlockManagerMaster: INFO: BlockManagerMaster stopped
2020-04-02 13:20:10 OutputCommitCoordinator$OutputCommitCoordinatorEndpoint: INFO: OutputCommitCoordinator stopped!
2020-04-02 13:20:10 SparkContext: INFO: Successfully stopped SparkContext
2020-04-02 13:20:10 ShutdownHookManager: INFO: Shutdown hook called
2020-04-02 13:20:10 ShutdownHookManager: INFO: Deleting directory /private/var/folders/56/q7rh2y5x7hj4n359_13dgwxcmtwz20/T/spark-36cb6900-a990-48b4-803c-850a42a35692/pyspark-862b2b41-36fb-498d-9d38-0cde97444314
2020-04-02 13:20:10 ShutdownHookManager: INFO: Deleting directory /private/var/folders/56/q7rh2y5x7hj4n359_13dgwxcmtwz20/T/spark-36cb6900-a990-48b4-803c-850a42a35692
2020-04-02 13:20:10 ShutdownHookManager: INFO: Deleting directory /private/var/folders/56/q7rh2y5x7hj4n359_13dgwxcmtwz20/T/spark-4bdef9d8-a529-4fc6-9de2-109b2f3bf2c0
