2020-03-16 14:17:31 Hail: WARN: This Hail JAR was compiled for Spark 2.4.0, running with Spark 2.4.3.
  Compatibility is not guaranteed.
2020-03-16 14:17:31 SparkContext: INFO: Running Spark version 2.4.3
2020-03-16 14:17:31 SparkContext: INFO: Submitted application: Hail
2020-03-16 14:17:31 SparkContext: INFO: Spark configuration:
spark.app.name=Hail
spark.driver.extraClassPath=/anaconda3/envs/hail/lib/python3.6/site-packages/hail/hail-all-spark.jar
spark.driver.maxResultSize=0
spark.executor.extraClassPath=./hail-all-spark.jar
spark.hadoop.google.cloud.auth.service.account.enable=true
spark.hadoop.google.cloud.auth.service.account.json.keyfile=/Users/nbaya/.hail/gcs-keys/gcs-connector-key.json
spark.hadoop.io.compression.codecs=org.apache.hadoop.io.compress.DefaultCodec,is.hail.io.compress.BGzipCodec,is.hail.io.compress.BGzipCodecTbi,org.apache.hadoop.io.compress.GzipCodec
spark.hadoop.mapreduce.input.fileinputformat.split.minsize=0
spark.jars=file:///anaconda3/envs/hail/lib/python3.6/site-packages/hail/hail-all-spark.jar
spark.kryo.registrator=is.hail.kryo.HailKryoRegistrator
spark.kryoserializer.buffer.max=1g
spark.logConf=true
spark.master=local[*]
spark.repl.local.jars=file:///anaconda3/envs/hail/lib/python3.6/site-packages/hail/hail-all-spark.jar
spark.serializer=org.apache.spark.serializer.KryoSerializer
spark.submit.deployMode=client
spark.ui.showConsoleProgress=false
2020-03-16 14:17:31 SecurityManager: INFO: Changing view acls to: nbaya
2020-03-16 14:17:31 SecurityManager: INFO: Changing modify acls to: nbaya
2020-03-16 14:17:31 SecurityManager: INFO: Changing view acls groups to: 
2020-03-16 14:17:31 SecurityManager: INFO: Changing modify acls groups to: 
2020-03-16 14:17:31 SecurityManager: INFO: SecurityManager: authentication disabled; ui acls disabled; users  with view permissions: Set(nbaya); groups with view permissions: Set(); users  with modify permissions: Set(nbaya); groups with modify permissions: Set()
2020-03-16 14:17:31 Utils: INFO: Successfully started service 'sparkDriver' on port 64992.
2020-03-16 14:17:31 SparkEnv: INFO: Registering MapOutputTracker
2020-03-16 14:17:31 SparkEnv: INFO: Registering BlockManagerMaster
2020-03-16 14:17:31 BlockManagerMasterEndpoint: INFO: Using org.apache.spark.storage.DefaultTopologyMapper for getting topology information
2020-03-16 14:17:31 BlockManagerMasterEndpoint: INFO: BlockManagerMasterEndpoint up
2020-03-16 14:17:31 DiskBlockManager: INFO: Created local directory at /private/var/folders/56/q7rh2y5x7hj4n359_13dgwxcmtwz20/T/blockmgr-63e1dec0-8dce-49ba-918e-6ab76c36eda2
2020-03-16 14:17:31 MemoryStore: INFO: MemoryStore started with capacity 366.3 MB
2020-03-16 14:17:31 SparkEnv: INFO: Registering OutputCommitCoordinator
2020-03-16 14:17:32 log: INFO: Logging initialized @2563ms
2020-03-16 14:17:32 Server: INFO: jetty-9.3.z-SNAPSHOT, build timestamp: unknown, git hash: unknown
2020-03-16 14:17:32 Server: INFO: Started @2635ms
2020-03-16 14:17:32 Utils: WARN: Service 'SparkUI' could not bind on port 4040. Attempting port 4041.
2020-03-16 14:17:32 AbstractConnector: INFO: Started ServerConnector@7e2095bf{HTTP/1.1,[http/1.1]}{0.0.0.0:4041}
2020-03-16 14:17:32 Utils: INFO: Successfully started service 'SparkUI' on port 4041.
2020-03-16 14:17:32 ContextHandler: INFO: Started o.s.j.s.ServletContextHandler@64530ec6{/jobs,null,AVAILABLE,@Spark}
2020-03-16 14:17:32 ContextHandler: INFO: Started o.s.j.s.ServletContextHandler@242c5f38{/jobs/json,null,AVAILABLE,@Spark}
2020-03-16 14:17:32 ContextHandler: INFO: Started o.s.j.s.ServletContextHandler@72a33482{/jobs/job,null,AVAILABLE,@Spark}
2020-03-16 14:17:32 ContextHandler: INFO: Started o.s.j.s.ServletContextHandler@66a784cd{/jobs/job/json,null,AVAILABLE,@Spark}
2020-03-16 14:17:32 ContextHandler: INFO: Started o.s.j.s.ServletContextHandler@2034c2be{/stages,null,AVAILABLE,@Spark}
2020-03-16 14:17:32 ContextHandler: INFO: Started o.s.j.s.ServletContextHandler@4b58e51e{/stages/json,null,AVAILABLE,@Spark}
2020-03-16 14:17:32 ContextHandler: INFO: Started o.s.j.s.ServletContextHandler@5f33cb78{/stages/stage,null,AVAILABLE,@Spark}
2020-03-16 14:17:32 ContextHandler: INFO: Started o.s.j.s.ServletContextHandler@fb3dbec{/stages/stage/json,null,AVAILABLE,@Spark}
2020-03-16 14:17:32 ContextHandler: INFO: Started o.s.j.s.ServletContextHandler@4e9aa969{/stages/pool,null,AVAILABLE,@Spark}
2020-03-16 14:17:32 ContextHandler: INFO: Started o.s.j.s.ServletContextHandler@e5ff040{/stages/pool/json,null,AVAILABLE,@Spark}
2020-03-16 14:17:32 ContextHandler: INFO: Started o.s.j.s.ServletContextHandler@709a84cb{/storage,null,AVAILABLE,@Spark}
2020-03-16 14:17:32 ContextHandler: INFO: Started o.s.j.s.ServletContextHandler@61e75d8f{/storage/json,null,AVAILABLE,@Spark}
2020-03-16 14:17:32 ContextHandler: INFO: Started o.s.j.s.ServletContextHandler@7a2d613b{/storage/rdd,null,AVAILABLE,@Spark}
2020-03-16 14:17:32 ContextHandler: INFO: Started o.s.j.s.ServletContextHandler@b0143ce{/storage/rdd/json,null,AVAILABLE,@Spark}
2020-03-16 14:17:32 ContextHandler: INFO: Started o.s.j.s.ServletContextHandler@2f1932b9{/environment,null,AVAILABLE,@Spark}
2020-03-16 14:17:32 ContextHandler: INFO: Started o.s.j.s.ServletContextHandler@744919f0{/environment/json,null,AVAILABLE,@Spark}
2020-03-16 14:17:32 ContextHandler: INFO: Started o.s.j.s.ServletContextHandler@657c8afb{/executors,null,AVAILABLE,@Spark}
2020-03-16 14:17:32 ContextHandler: INFO: Started o.s.j.s.ServletContextHandler@64e2aaa9{/executors/json,null,AVAILABLE,@Spark}
2020-03-16 14:17:32 ContextHandler: INFO: Started o.s.j.s.ServletContextHandler@288c076{/executors/threadDump,null,AVAILABLE,@Spark}
2020-03-16 14:17:32 ContextHandler: INFO: Started o.s.j.s.ServletContextHandler@3e32df4e{/executors/threadDump/json,null,AVAILABLE,@Spark}
2020-03-16 14:17:32 ContextHandler: INFO: Started o.s.j.s.ServletContextHandler@3f98a121{/static,null,AVAILABLE,@Spark}
2020-03-16 14:17:32 ContextHandler: INFO: Started o.s.j.s.ServletContextHandler@3258e22f{/,null,AVAILABLE,@Spark}
2020-03-16 14:17:32 ContextHandler: INFO: Started o.s.j.s.ServletContextHandler@473b0eac{/api,null,AVAILABLE,@Spark}
2020-03-16 14:17:32 ContextHandler: INFO: Started o.s.j.s.ServletContextHandler@55a6e18{/jobs/job/kill,null,AVAILABLE,@Spark}
2020-03-16 14:17:32 ContextHandler: INFO: Started o.s.j.s.ServletContextHandler@1261c9c4{/stages/stage/kill,null,AVAILABLE,@Spark}
2020-03-16 14:17:32 SparkUI: INFO: Bound SparkUI to 0.0.0.0, and started at http://192.168.0.110:4041
2020-03-16 14:17:32 SparkContext: INFO: Added JAR file:///anaconda3/envs/hail/lib/python3.6/site-packages/hail/hail-all-spark.jar at spark://192.168.0.110:64992/jars/hail-all-spark.jar with timestamp 1584382652274
2020-03-16 14:17:32 Executor: INFO: Starting executor ID driver on host localhost
2020-03-16 14:17:32 Utils: INFO: Successfully started service 'org.apache.spark.network.netty.NettyBlockTransferService' on port 64993.
2020-03-16 14:17:32 NettyBlockTransferService: INFO: Server created on 192.168.0.110:64993
2020-03-16 14:17:32 BlockManager: INFO: Using org.apache.spark.storage.RandomBlockReplicationPolicy for block replication policy
2020-03-16 14:17:32 BlockManagerMaster: INFO: Registering BlockManager BlockManagerId(driver, 192.168.0.110, 64993, None)
2020-03-16 14:17:32 BlockManagerMasterEndpoint: INFO: Registering block manager 192.168.0.110:64993 with 366.3 MB RAM, BlockManagerId(driver, 192.168.0.110, 64993, None)
2020-03-16 14:17:32 BlockManagerMaster: INFO: Registered BlockManager BlockManagerId(driver, 192.168.0.110, 64993, None)
2020-03-16 14:17:32 BlockManager: INFO: Initialized BlockManager: BlockManagerId(driver, 192.168.0.110, 64993, None)
2020-03-16 14:17:32 ContextHandler: INFO: Started o.s.j.s.ServletContextHandler@45754c22{/metrics/json,null,AVAILABLE,@Spark}
2020-03-16 14:17:32 Hail: INFO: Hail temporary directory: file:/tmp/hail.pTxuu9xD9Hjc
2020-03-16 14:17:32 Hail: INFO: SparkUI: http://192.168.0.110:4041
2020-03-16 14:17:32 Hail: INFO: Running Hail version 0.2.34-914bd8a10ca2
2020-03-16 14:17:33 SparkContext: WARN: Using an existing SparkContext; some configuration may not take effect.
2020-03-16 14:25:09 SparkContext: INFO: Invoking stop() from shutdown hook
2020-03-16 14:25:09 AbstractConnector: INFO: Stopped Spark@7e2095bf{HTTP/1.1,[http/1.1]}{0.0.0.0:4041}
2020-03-16 14:25:09 SparkUI: INFO: Stopped Spark web UI at http://192.168.0.110:4041
2020-03-16 14:25:09 MapOutputTrackerMasterEndpoint: INFO: MapOutputTrackerMasterEndpoint stopped!
2020-03-16 14:25:09 MemoryStore: INFO: MemoryStore cleared
2020-03-16 14:25:09 BlockManager: INFO: BlockManager stopped
2020-03-16 14:25:09 BlockManagerMaster: INFO: BlockManagerMaster stopped
2020-03-16 14:25:09 OutputCommitCoordinator$OutputCommitCoordinatorEndpoint: INFO: OutputCommitCoordinator stopped!
2020-03-16 14:25:09 SparkContext: INFO: Successfully stopped SparkContext
2020-03-16 14:25:09 ShutdownHookManager: INFO: Shutdown hook called
2020-03-16 14:25:09 ShutdownHookManager: INFO: Deleting directory /private/var/folders/56/q7rh2y5x7hj4n359_13dgwxcmtwz20/T/spark-1b30852c-8b42-48af-8aef-cd3fc10513ec
2020-03-16 14:25:09 ShutdownHookManager: INFO: Deleting directory /private/var/folders/56/q7rh2y5x7hj4n359_13dgwxcmtwz20/T/spark-52df249d-45b1-4815-82ec-9563a651c2e9
2020-03-16 14:25:09 ShutdownHookManager: INFO: Deleting directory /private/var/folders/56/q7rh2y5x7hj4n359_13dgwxcmtwz20/T/spark-1b30852c-8b42-48af-8aef-cd3fc10513ec/pyspark-8c7b207b-146e-4101-9f2e-ff5a0b7a0a2a
