2020-03-09 13:40:54 Hail: WARN: This Hail JAR was compiled for Spark 2.4.0, running with Spark 2.4.3.
  Compatibility is not guaranteed.
2020-03-09 13:40:54 SparkContext: INFO: Running Spark version 2.4.3
2020-03-09 13:40:54 SparkContext: INFO: Submitted application: Hail
2020-03-09 13:40:54 SparkContext: INFO: Spark configuration:
spark.app.name=Hail
spark.driver.extraClassPath=/anaconda3/envs/hail/lib/python3.6/site-packages/hail/hail-all-spark.jar
spark.driver.maxResultSize=0
spark.executor.extraClassPath=./hail-all-spark.jar
spark.hadoop.google.cloud.auth.service.account.enable=true
spark.hadoop.google.cloud.auth.service.account.json.keyfile=/Users/nbaya/.hail/gcs-keys/gcs-connector-key.json
spark.hadoop.io.compression.codecs=org.apache.hadoop.io.compress.DefaultCodec,is.hail.io.compress.BGzipCodec,is.hail.io.compress.BGzipCodecTbi,org.apache.hadoop.io.compress.GzipCodec
spark.hadoop.mapreduce.input.fileinputformat.split.minsize=0
spark.jars=file:///anaconda3/envs/hail/lib/python3.6/site-packages/hail/hail-all-spark.jar
spark.kryo.registrator=is.hail.kryo.HailKryoRegistrator
spark.kryoserializer.buffer.max=1g
spark.logConf=true
spark.master=local[*]
spark.repl.local.jars=file:///anaconda3/envs/hail/lib/python3.6/site-packages/hail/hail-all-spark.jar
spark.serializer=org.apache.spark.serializer.KryoSerializer
spark.submit.deployMode=client
spark.ui.showConsoleProgress=false
2020-03-09 13:40:54 SecurityManager: INFO: Changing view acls to: nbaya
2020-03-09 13:40:54 SecurityManager: INFO: Changing modify acls to: nbaya
2020-03-09 13:40:54 SecurityManager: INFO: Changing view acls groups to: 
2020-03-09 13:40:54 SecurityManager: INFO: Changing modify acls groups to: 
2020-03-09 13:40:54 SecurityManager: INFO: SecurityManager: authentication disabled; ui acls disabled; users  with view permissions: Set(nbaya); groups with view permissions: Set(); users  with modify permissions: Set(nbaya); groups with modify permissions: Set()
2020-03-09 13:40:54 Utils: INFO: Successfully started service 'sparkDriver' on port 63655.
2020-03-09 13:40:54 SparkEnv: INFO: Registering MapOutputTracker
2020-03-09 13:40:54 SparkEnv: INFO: Registering BlockManagerMaster
2020-03-09 13:40:54 BlockManagerMasterEndpoint: INFO: Using org.apache.spark.storage.DefaultTopologyMapper for getting topology information
2020-03-09 13:40:54 BlockManagerMasterEndpoint: INFO: BlockManagerMasterEndpoint up
2020-03-09 13:40:54 DiskBlockManager: INFO: Created local directory at /private/var/folders/56/q7rh2y5x7hj4n359_13dgwxcmtwz20/T/blockmgr-893231cf-b696-451d-9937-f46078468ede
2020-03-09 13:40:54 MemoryStore: INFO: MemoryStore started with capacity 366.3 MB
2020-03-09 13:40:54 SparkEnv: INFO: Registering OutputCommitCoordinator
2020-03-09 13:40:54 log: INFO: Logging initialized @3133ms
2020-03-09 13:40:54 Server: INFO: jetty-9.3.z-SNAPSHOT, build timestamp: unknown, git hash: unknown
2020-03-09 13:40:54 Server: INFO: Started @3228ms
2020-03-09 13:40:54 Utils: WARN: Service 'SparkUI' could not bind on port 4040. Attempting port 4041.
2020-03-09 13:40:54 AbstractConnector: INFO: Started ServerConnector@5e415cf4{HTTP/1.1,[http/1.1]}{0.0.0.0:4041}
2020-03-09 13:40:54 Utils: INFO: Successfully started service 'SparkUI' on port 4041.
2020-03-09 13:40:55 ContextHandler: INFO: Started o.s.j.s.ServletContextHandler@7552cfaa{/jobs,null,AVAILABLE,@Spark}
2020-03-09 13:40:55 ContextHandler: INFO: Started o.s.j.s.ServletContextHandler@5b23de2a{/jobs/json,null,AVAILABLE,@Spark}
2020-03-09 13:40:55 ContextHandler: INFO: Started o.s.j.s.ServletContextHandler@abe431a{/jobs/job,null,AVAILABLE,@Spark}
2020-03-09 13:40:55 ContextHandler: INFO: Started o.s.j.s.ServletContextHandler@705ab286{/jobs/job/json,null,AVAILABLE,@Spark}
2020-03-09 13:40:55 ContextHandler: INFO: Started o.s.j.s.ServletContextHandler@354de029{/stages,null,AVAILABLE,@Spark}
2020-03-09 13:40:55 ContextHandler: INFO: Started o.s.j.s.ServletContextHandler@4d93c309{/stages/json,null,AVAILABLE,@Spark}
2020-03-09 13:40:55 ContextHandler: INFO: Started o.s.j.s.ServletContextHandler@39229f9e{/stages/stage,null,AVAILABLE,@Spark}
2020-03-09 13:40:55 ContextHandler: INFO: Started o.s.j.s.ServletContextHandler@15072bef{/stages/stage/json,null,AVAILABLE,@Spark}
2020-03-09 13:40:55 ContextHandler: INFO: Started o.s.j.s.ServletContextHandler@38f498be{/stages/pool,null,AVAILABLE,@Spark}
2020-03-09 13:40:55 ContextHandler: INFO: Started o.s.j.s.ServletContextHandler@6aca573a{/stages/pool/json,null,AVAILABLE,@Spark}
2020-03-09 13:40:55 ContextHandler: INFO: Started o.s.j.s.ServletContextHandler@55b71b46{/storage,null,AVAILABLE,@Spark}
2020-03-09 13:40:55 ContextHandler: INFO: Started o.s.j.s.ServletContextHandler@79c31a4c{/storage/json,null,AVAILABLE,@Spark}
2020-03-09 13:40:55 ContextHandler: INFO: Started o.s.j.s.ServletContextHandler@656e4ca2{/storage/rdd,null,AVAILABLE,@Spark}
2020-03-09 13:40:55 ContextHandler: INFO: Started o.s.j.s.ServletContextHandler@5da5a4b2{/storage/rdd/json,null,AVAILABLE,@Spark}
2020-03-09 13:40:55 ContextHandler: INFO: Started o.s.j.s.ServletContextHandler@3025e96b{/environment,null,AVAILABLE,@Spark}
2020-03-09 13:40:55 ContextHandler: INFO: Started o.s.j.s.ServletContextHandler@51559459{/environment/json,null,AVAILABLE,@Spark}
2020-03-09 13:40:55 ContextHandler: INFO: Started o.s.j.s.ServletContextHandler@46c9d98d{/executors,null,AVAILABLE,@Spark}
2020-03-09 13:40:55 ContextHandler: INFO: Started o.s.j.s.ServletContextHandler@363965d2{/executors/json,null,AVAILABLE,@Spark}
2020-03-09 13:40:55 ContextHandler: INFO: Started o.s.j.s.ServletContextHandler@29c8bccf{/executors/threadDump,null,AVAILABLE,@Spark}
2020-03-09 13:40:55 ContextHandler: INFO: Started o.s.j.s.ServletContextHandler@544202f3{/executors/threadDump/json,null,AVAILABLE,@Spark}
2020-03-09 13:40:55 ContextHandler: INFO: Started o.s.j.s.ServletContextHandler@5c4fac47{/static,null,AVAILABLE,@Spark}
2020-03-09 13:40:55 ContextHandler: INFO: Started o.s.j.s.ServletContextHandler@2c5334e9{/,null,AVAILABLE,@Spark}
2020-03-09 13:40:55 ContextHandler: INFO: Started o.s.j.s.ServletContextHandler@7bf04261{/api,null,AVAILABLE,@Spark}
2020-03-09 13:40:55 ContextHandler: INFO: Started o.s.j.s.ServletContextHandler@73fe240d{/jobs/job/kill,null,AVAILABLE,@Spark}
2020-03-09 13:40:55 ContextHandler: INFO: Started o.s.j.s.ServletContextHandler@5ac0ce9f{/stages/stage/kill,null,AVAILABLE,@Spark}
2020-03-09 13:40:55 SparkUI: INFO: Bound SparkUI to 0.0.0.0, and started at http://wm65b-8a9.broadinstitute.org:4041
2020-03-09 13:40:55 SparkContext: INFO: Added JAR file:///anaconda3/envs/hail/lib/python3.6/site-packages/hail/hail-all-spark.jar at spark://wm65b-8a9.broadinstitute.org:63655/jars/hail-all-spark.jar with timestamp 1583775655152
2020-03-09 13:40:55 Executor: INFO: Starting executor ID driver on host localhost
2020-03-09 13:40:55 Utils: INFO: Successfully started service 'org.apache.spark.network.netty.NettyBlockTransferService' on port 63656.
2020-03-09 13:40:55 NettyBlockTransferService: INFO: Server created on wm65b-8a9.broadinstitute.org:63656
2020-03-09 13:40:55 BlockManager: INFO: Using org.apache.spark.storage.RandomBlockReplicationPolicy for block replication policy
2020-03-09 13:40:55 BlockManagerMaster: INFO: Registering BlockManager BlockManagerId(driver, wm65b-8a9.broadinstitute.org, 63656, None)
2020-03-09 13:40:55 BlockManagerMasterEndpoint: INFO: Registering block manager wm65b-8a9.broadinstitute.org:63656 with 366.3 MB RAM, BlockManagerId(driver, wm65b-8a9.broadinstitute.org, 63656, None)
2020-03-09 13:40:55 BlockManagerMaster: INFO: Registered BlockManager BlockManagerId(driver, wm65b-8a9.broadinstitute.org, 63656, None)
2020-03-09 13:40:55 BlockManager: INFO: Initialized BlockManager: BlockManagerId(driver, wm65b-8a9.broadinstitute.org, 63656, None)
2020-03-09 13:40:55 ContextHandler: INFO: Started o.s.j.s.ServletContextHandler@10aa77f2{/metrics/json,null,AVAILABLE,@Spark}
2020-03-09 13:40:55 Hail: INFO: Hail temporary directory: file:/tmp/hail.xuITk2cHL1pP
2020-03-09 13:40:55 Hail: INFO: SparkUI: http://wm65b-8a9.broadinstitute.org:4041
2020-03-09 13:40:55 Hail: INFO: Running Hail version 0.2.33-5d8cae649505
2020-03-09 13:40:56 SparkContext: WARN: Using an existing SparkContext; some configuration may not take effect.
2020-03-09 13:41:55 SparkContext: INFO: Invoking stop() from shutdown hook
2020-03-09 13:41:55 AbstractConnector: INFO: Stopped Spark@5e415cf4{HTTP/1.1,[http/1.1]}{0.0.0.0:4041}
2020-03-09 13:41:55 SparkUI: INFO: Stopped Spark web UI at http://wm65b-8a9.broadinstitute.org:4041
2020-03-09 13:41:55 MapOutputTrackerMasterEndpoint: INFO: MapOutputTrackerMasterEndpoint stopped!
2020-03-09 13:41:55 MemoryStore: INFO: MemoryStore cleared
2020-03-09 13:41:55 BlockManager: INFO: BlockManager stopped
2020-03-09 13:41:55 BlockManagerMaster: INFO: BlockManagerMaster stopped
2020-03-09 13:41:55 OutputCommitCoordinator$OutputCommitCoordinatorEndpoint: INFO: OutputCommitCoordinator stopped!
2020-03-09 13:41:55 SparkContext: INFO: Successfully stopped SparkContext
2020-03-09 13:41:55 ShutdownHookManager: INFO: Shutdown hook called
2020-03-09 13:41:55 ShutdownHookManager: INFO: Deleting directory /private/var/folders/56/q7rh2y5x7hj4n359_13dgwxcmtwz20/T/spark-233a1509-5e5b-4aed-8f3e-37097842f02b
2020-03-09 13:41:55 ShutdownHookManager: INFO: Deleting directory /private/var/folders/56/q7rh2y5x7hj4n359_13dgwxcmtwz20/T/spark-1f49bb06-d700-4ecd-a664-e60a7cbf9ef7
2020-03-09 13:41:55 ShutdownHookManager: INFO: Deleting directory /private/var/folders/56/q7rh2y5x7hj4n359_13dgwxcmtwz20/T/spark-1f49bb06-d700-4ecd-a664-e60a7cbf9ef7/pyspark-1a0499d2-7810-4ad9-893e-fef0a0a983c6
