2020-03-19 13:03:43 Hail: WARN: This Hail JAR was compiled for Spark 2.4.0, running with Spark 2.4.3.
  Compatibility is not guaranteed.
2020-03-19 13:03:43 SparkContext: INFO: Running Spark version 2.4.3
2020-03-19 13:03:43 SparkContext: INFO: Submitted application: Hail
2020-03-19 13:03:43 SparkContext: INFO: Spark configuration:
spark.app.name=Hail
spark.driver.extraClassPath=/anaconda3/envs/hail/lib/python3.6/site-packages/hail/hail-all-spark.jar
spark.driver.maxResultSize=0
spark.executor.extraClassPath=./hail-all-spark.jar
spark.hadoop.google.cloud.auth.service.account.enable=true
spark.hadoop.google.cloud.auth.service.account.json.keyfile=/Users/nbaya/.hail/gcs-keys/gcs-connector-key.json
spark.hadoop.io.compression.codecs=org.apache.hadoop.io.compress.DefaultCodec,is.hail.io.compress.BGzipCodec,is.hail.io.compress.BGzipCodecTbi,org.apache.hadoop.io.compress.GzipCodec
spark.hadoop.mapreduce.input.fileinputformat.split.minsize=0
spark.jars=file:///anaconda3/envs/hail/lib/python3.6/site-packages/hail/hail-all-spark.jar
spark.kryo.registrator=is.hail.kryo.HailKryoRegistrator
spark.kryoserializer.buffer.max=1g
spark.logConf=true
spark.master=local[*]
spark.repl.local.jars=file:///anaconda3/envs/hail/lib/python3.6/site-packages/hail/hail-all-spark.jar
spark.serializer=org.apache.spark.serializer.KryoSerializer
spark.submit.deployMode=client
spark.ui.showConsoleProgress=false
2020-03-19 13:03:43 SecurityManager: INFO: Changing view acls to: nbaya
2020-03-19 13:03:43 SecurityManager: INFO: Changing modify acls to: nbaya
2020-03-19 13:03:43 SecurityManager: INFO: Changing view acls groups to: 
2020-03-19 13:03:43 SecurityManager: INFO: Changing modify acls groups to: 
2020-03-19 13:03:43 SecurityManager: INFO: SecurityManager: authentication disabled; ui acls disabled; users  with view permissions: Set(nbaya); groups with view permissions: Set(); users  with modify permissions: Set(nbaya); groups with modify permissions: Set()
2020-03-19 13:03:43 Utils: INFO: Successfully started service 'sparkDriver' on port 50984.
2020-03-19 13:03:43 SparkEnv: INFO: Registering MapOutputTracker
2020-03-19 13:03:43 SparkEnv: INFO: Registering BlockManagerMaster
2020-03-19 13:03:43 BlockManagerMasterEndpoint: INFO: Using org.apache.spark.storage.DefaultTopologyMapper for getting topology information
2020-03-19 13:03:43 BlockManagerMasterEndpoint: INFO: BlockManagerMasterEndpoint up
2020-03-19 13:03:43 DiskBlockManager: INFO: Created local directory at /private/var/folders/56/q7rh2y5x7hj4n359_13dgwxcmtwz20/T/blockmgr-286e2183-43a4-4192-8215-f7022712d2d0
2020-03-19 13:03:43 MemoryStore: INFO: MemoryStore started with capacity 366.3 MB
2020-03-19 13:03:43 SparkEnv: INFO: Registering OutputCommitCoordinator
2020-03-19 13:03:44 log: INFO: Logging initialized @2549ms
2020-03-19 13:03:44 Server: INFO: jetty-9.3.z-SNAPSHOT, build timestamp: unknown, git hash: unknown
2020-03-19 13:03:44 Server: INFO: Started @2640ms
2020-03-19 13:03:44 Utils: WARN: Service 'SparkUI' could not bind on port 4040. Attempting port 4041.
2020-03-19 13:03:44 AbstractConnector: INFO: Started ServerConnector@7552d75d{HTTP/1.1,[http/1.1]}{0.0.0.0:4041}
2020-03-19 13:03:44 Utils: INFO: Successfully started service 'SparkUI' on port 4041.
2020-03-19 13:03:44 ContextHandler: INFO: Started o.s.j.s.ServletContextHandler@1abf83f2{/jobs,null,AVAILABLE,@Spark}
2020-03-19 13:03:44 ContextHandler: INFO: Started o.s.j.s.ServletContextHandler@768d3b94{/jobs/json,null,AVAILABLE,@Spark}
2020-03-19 13:03:44 ContextHandler: INFO: Started o.s.j.s.ServletContextHandler@6c8941c4{/jobs/job,null,AVAILABLE,@Spark}
2020-03-19 13:03:44 ContextHandler: INFO: Started o.s.j.s.ServletContextHandler@4a805c95{/jobs/job/json,null,AVAILABLE,@Spark}
2020-03-19 13:03:44 ContextHandler: INFO: Started o.s.j.s.ServletContextHandler@55ce8fca{/stages,null,AVAILABLE,@Spark}
2020-03-19 13:03:44 ContextHandler: INFO: Started o.s.j.s.ServletContextHandler@736f73d6{/stages/json,null,AVAILABLE,@Spark}
2020-03-19 13:03:44 ContextHandler: INFO: Started o.s.j.s.ServletContextHandler@5b7a5fb8{/stages/stage,null,AVAILABLE,@Spark}
2020-03-19 13:03:44 ContextHandler: INFO: Started o.s.j.s.ServletContextHandler@3abe9d94{/stages/stage/json,null,AVAILABLE,@Spark}
2020-03-19 13:03:44 ContextHandler: INFO: Started o.s.j.s.ServletContextHandler@333082e4{/stages/pool,null,AVAILABLE,@Spark}
2020-03-19 13:03:44 ContextHandler: INFO: Started o.s.j.s.ServletContextHandler@16e69350{/stages/pool/json,null,AVAILABLE,@Spark}
2020-03-19 13:03:44 ContextHandler: INFO: Started o.s.j.s.ServletContextHandler@1960f924{/storage,null,AVAILABLE,@Spark}
2020-03-19 13:03:44 ContextHandler: INFO: Started o.s.j.s.ServletContextHandler@57fc95a1{/storage/json,null,AVAILABLE,@Spark}
2020-03-19 13:03:44 ContextHandler: INFO: Started o.s.j.s.ServletContextHandler@606c0a18{/storage/rdd,null,AVAILABLE,@Spark}
2020-03-19 13:03:44 ContextHandler: INFO: Started o.s.j.s.ServletContextHandler@42b26956{/storage/rdd/json,null,AVAILABLE,@Spark}
2020-03-19 13:03:44 ContextHandler: INFO: Started o.s.j.s.ServletContextHandler@5c0501fd{/environment,null,AVAILABLE,@Spark}
2020-03-19 13:03:44 ContextHandler: INFO: Started o.s.j.s.ServletContextHandler@6f67d641{/environment/json,null,AVAILABLE,@Spark}
2020-03-19 13:03:44 ContextHandler: INFO: Started o.s.j.s.ServletContextHandler@6f5b3d7f{/executors,null,AVAILABLE,@Spark}
2020-03-19 13:03:44 ContextHandler: INFO: Started o.s.j.s.ServletContextHandler@3ef2011b{/executors/json,null,AVAILABLE,@Spark}
2020-03-19 13:03:44 ContextHandler: INFO: Started o.s.j.s.ServletContextHandler@4a0cf5d1{/executors/threadDump,null,AVAILABLE,@Spark}
2020-03-19 13:03:44 ContextHandler: INFO: Started o.s.j.s.ServletContextHandler@1b08f70f{/executors/threadDump/json,null,AVAILABLE,@Spark}
2020-03-19 13:03:44 ContextHandler: INFO: Started o.s.j.s.ServletContextHandler@2d8e91d4{/static,null,AVAILABLE,@Spark}
2020-03-19 13:03:44 ContextHandler: INFO: Started o.s.j.s.ServletContextHandler@c80aaf5{/,null,AVAILABLE,@Spark}
2020-03-19 13:03:44 ContextHandler: INFO: Started o.s.j.s.ServletContextHandler@2a9e7bb3{/api,null,AVAILABLE,@Spark}
2020-03-19 13:03:44 ContextHandler: INFO: Started o.s.j.s.ServletContextHandler@3d07c7ff{/jobs/job/kill,null,AVAILABLE,@Spark}
2020-03-19 13:03:44 ContextHandler: INFO: Started o.s.j.s.ServletContextHandler@50b93c4f{/stages/stage/kill,null,AVAILABLE,@Spark}
2020-03-19 13:03:44 SparkUI: INFO: Bound SparkUI to 0.0.0.0, and started at http://192.168.0.110:4041
2020-03-19 13:03:44 SparkContext: INFO: Added JAR file:///anaconda3/envs/hail/lib/python3.6/site-packages/hail/hail-all-spark.jar at spark://192.168.0.110:50984/jars/hail-all-spark.jar with timestamp 1584637424234
2020-03-19 13:03:44 Executor: INFO: Starting executor ID driver on host localhost
2020-03-19 13:03:44 Utils: INFO: Successfully started service 'org.apache.spark.network.netty.NettyBlockTransferService' on port 50985.
2020-03-19 13:03:44 NettyBlockTransferService: INFO: Server created on 192.168.0.110:50985
2020-03-19 13:03:44 BlockManager: INFO: Using org.apache.spark.storage.RandomBlockReplicationPolicy for block replication policy
2020-03-19 13:03:44 BlockManagerMaster: INFO: Registering BlockManager BlockManagerId(driver, 192.168.0.110, 50985, None)
2020-03-19 13:03:44 BlockManagerMasterEndpoint: INFO: Registering block manager 192.168.0.110:50985 with 366.3 MB RAM, BlockManagerId(driver, 192.168.0.110, 50985, None)
2020-03-19 13:03:44 BlockManagerMaster: INFO: Registered BlockManager BlockManagerId(driver, 192.168.0.110, 50985, None)
2020-03-19 13:03:44 BlockManager: INFO: Initialized BlockManager: BlockManagerId(driver, 192.168.0.110, 50985, None)
2020-03-19 13:03:44 ContextHandler: INFO: Started o.s.j.s.ServletContextHandler@31bc1df8{/metrics/json,null,AVAILABLE,@Spark}
2020-03-19 13:03:44 Hail: INFO: Hail temporary directory: file:/tmp/hail.ALC0WJ1suWYK
2020-03-19 13:03:44 Hail: INFO: SparkUI: http://192.168.0.110:4041
2020-03-19 13:03:44 Hail: INFO: Running Hail version 0.2.34-914bd8a10ca2
2020-03-19 13:03:45 SparkContext: WARN: Using an existing SparkContext; some configuration may not take effect.
2020-03-19 13:03:45 SparkContext: INFO: Invoking stop() from shutdown hook
2020-03-19 13:03:45 AbstractConnector: INFO: Stopped Spark@7552d75d{HTTP/1.1,[http/1.1]}{0.0.0.0:4041}
2020-03-19 13:03:45 SparkUI: INFO: Stopped Spark web UI at http://192.168.0.110:4041
2020-03-19 13:03:45 MapOutputTrackerMasterEndpoint: INFO: MapOutputTrackerMasterEndpoint stopped!
2020-03-19 13:03:45 MemoryStore: INFO: MemoryStore cleared
2020-03-19 13:03:45 BlockManager: INFO: BlockManager stopped
2020-03-19 13:03:45 BlockManagerMaster: INFO: BlockManagerMaster stopped
2020-03-19 13:03:45 OutputCommitCoordinator$OutputCommitCoordinatorEndpoint: INFO: OutputCommitCoordinator stopped!
2020-03-19 13:03:45 SparkContext: INFO: Successfully stopped SparkContext
2020-03-19 13:03:45 ShutdownHookManager: INFO: Shutdown hook called
2020-03-19 13:03:45 ShutdownHookManager: INFO: Deleting directory /private/var/folders/56/q7rh2y5x7hj4n359_13dgwxcmtwz20/T/spark-57fe8a11-e4eb-40ca-8a5a-01d5f11213ca/pyspark-0f9fa8d6-fbb6-4d01-bc0a-2a4ae7ce284b
2020-03-19 13:03:45 ShutdownHookManager: INFO: Deleting directory /private/var/folders/56/q7rh2y5x7hj4n359_13dgwxcmtwz20/T/spark-57fe8a11-e4eb-40ca-8a5a-01d5f11213ca
2020-03-19 13:03:45 ShutdownHookManager: INFO: Deleting directory /private/var/folders/56/q7rh2y5x7hj4n359_13dgwxcmtwz20/T/spark-9af6ae45-ead6-456f-828b-38e19107a457
