2020-03-09 08:05:27 Hail: WARN: This Hail JAR was compiled for Spark 2.4.0, running with Spark 2.4.3.
  Compatibility is not guaranteed.
2020-03-09 08:05:27 SparkContext: INFO: Running Spark version 2.4.3
2020-03-09 08:05:27 SparkContext: INFO: Submitted application: Hail
2020-03-09 08:05:27 SparkContext: INFO: Spark configuration:
spark.app.name=Hail
spark.driver.extraClassPath=/anaconda3/envs/hail/lib/python3.6/site-packages/hail/hail-all-spark.jar
spark.driver.maxResultSize=0
spark.executor.extraClassPath=./hail-all-spark.jar
spark.hadoop.google.cloud.auth.service.account.enable=true
spark.hadoop.google.cloud.auth.service.account.json.keyfile=/Users/nbaya/.hail/gcs-keys/gcs-connector-key.json
spark.hadoop.io.compression.codecs=org.apache.hadoop.io.compress.DefaultCodec,is.hail.io.compress.BGzipCodec,is.hail.io.compress.BGzipCodecTbi,org.apache.hadoop.io.compress.GzipCodec
spark.hadoop.mapreduce.input.fileinputformat.split.minsize=0
spark.jars=file:///anaconda3/envs/hail/lib/python3.6/site-packages/hail/hail-all-spark.jar
spark.kryo.registrator=is.hail.kryo.HailKryoRegistrator
spark.kryoserializer.buffer.max=1g
spark.logConf=true
spark.master=local[*]
spark.repl.local.jars=file:///anaconda3/envs/hail/lib/python3.6/site-packages/hail/hail-all-spark.jar
spark.serializer=org.apache.spark.serializer.KryoSerializer
spark.submit.deployMode=client
spark.ui.showConsoleProgress=false
2020-03-09 08:05:27 SecurityManager: INFO: Changing view acls to: nbaya
2020-03-09 08:05:27 SecurityManager: INFO: Changing modify acls to: nbaya
2020-03-09 08:05:27 SecurityManager: INFO: Changing view acls groups to: 
2020-03-09 08:05:27 SecurityManager: INFO: Changing modify acls groups to: 
2020-03-09 08:05:27 SecurityManager: INFO: SecurityManager: authentication disabled; ui acls disabled; users  with view permissions: Set(nbaya); groups with view permissions: Set(); users  with modify permissions: Set(nbaya); groups with modify permissions: Set()
2020-03-09 08:05:27 Utils: INFO: Successfully started service 'sparkDriver' on port 60517.
2020-03-09 08:05:27 SparkEnv: INFO: Registering MapOutputTracker
2020-03-09 08:05:27 SparkEnv: INFO: Registering BlockManagerMaster
2020-03-09 08:05:27 BlockManagerMasterEndpoint: INFO: Using org.apache.spark.storage.DefaultTopologyMapper for getting topology information
2020-03-09 08:05:27 BlockManagerMasterEndpoint: INFO: BlockManagerMasterEndpoint up
2020-03-09 08:05:27 DiskBlockManager: INFO: Created local directory at /private/var/folders/56/q7rh2y5x7hj4n359_13dgwxcmtwz20/T/blockmgr-40382c15-9917-448a-b012-60e09da39f2a
2020-03-09 08:05:27 MemoryStore: INFO: MemoryStore started with capacity 366.3 MB
2020-03-09 08:05:27 SparkEnv: INFO: Registering OutputCommitCoordinator
2020-03-09 08:05:27 log: INFO: Logging initialized @2308ms
2020-03-09 08:05:27 Server: INFO: jetty-9.3.z-SNAPSHOT, build timestamp: unknown, git hash: unknown
2020-03-09 08:05:27 Server: INFO: Started @2389ms
2020-03-09 08:05:27 Utils: WARN: Service 'SparkUI' could not bind on port 4040. Attempting port 4041.
2020-03-09 08:05:27 Utils: WARN: Service 'SparkUI' could not bind on port 4041. Attempting port 4042.
2020-03-09 08:05:27 AbstractConnector: INFO: Started ServerConnector@465c4742{HTTP/1.1,[http/1.1]}{0.0.0.0:4042}
2020-03-09 08:05:27 Utils: INFO: Successfully started service 'SparkUI' on port 4042.
2020-03-09 08:05:27 ContextHandler: INFO: Started o.s.j.s.ServletContextHandler@504181e6{/jobs,null,AVAILABLE,@Spark}
2020-03-09 08:05:27 ContextHandler: INFO: Started o.s.j.s.ServletContextHandler@488a4fa6{/jobs/json,null,AVAILABLE,@Spark}
2020-03-09 08:05:27 ContextHandler: INFO: Started o.s.j.s.ServletContextHandler@2b262170{/jobs/job,null,AVAILABLE,@Spark}
2020-03-09 08:05:27 ContextHandler: INFO: Started o.s.j.s.ServletContextHandler@36fd6da{/jobs/job/json,null,AVAILABLE,@Spark}
2020-03-09 08:05:27 ContextHandler: INFO: Started o.s.j.s.ServletContextHandler@19824e6e{/stages,null,AVAILABLE,@Spark}
2020-03-09 08:05:27 ContextHandler: INFO: Started o.s.j.s.ServletContextHandler@3b5d18f{/stages/json,null,AVAILABLE,@Spark}
2020-03-09 08:05:27 ContextHandler: INFO: Started o.s.j.s.ServletContextHandler@9672a1b{/stages/stage,null,AVAILABLE,@Spark}
2020-03-09 08:05:27 ContextHandler: INFO: Started o.s.j.s.ServletContextHandler@522dbaf2{/stages/stage/json,null,AVAILABLE,@Spark}
2020-03-09 08:05:27 ContextHandler: INFO: Started o.s.j.s.ServletContextHandler@622a755e{/stages/pool,null,AVAILABLE,@Spark}
2020-03-09 08:05:27 ContextHandler: INFO: Started o.s.j.s.ServletContextHandler@925315c{/stages/pool/json,null,AVAILABLE,@Spark}
2020-03-09 08:05:27 ContextHandler: INFO: Started o.s.j.s.ServletContextHandler@3f838df6{/storage,null,AVAILABLE,@Spark}
2020-03-09 08:05:27 ContextHandler: INFO: Started o.s.j.s.ServletContextHandler@465ade{/storage/json,null,AVAILABLE,@Spark}
2020-03-09 08:05:27 ContextHandler: INFO: Started o.s.j.s.ServletContextHandler@31f75f0d{/storage/rdd,null,AVAILABLE,@Spark}
2020-03-09 08:05:27 ContextHandler: INFO: Started o.s.j.s.ServletContextHandler@11f827be{/storage/rdd/json,null,AVAILABLE,@Spark}
2020-03-09 08:05:27 ContextHandler: INFO: Started o.s.j.s.ServletContextHandler@3237e44a{/environment,null,AVAILABLE,@Spark}
2020-03-09 08:05:27 ContextHandler: INFO: Started o.s.j.s.ServletContextHandler@95c878{/environment/json,null,AVAILABLE,@Spark}
2020-03-09 08:05:27 ContextHandler: INFO: Started o.s.j.s.ServletContextHandler@b11e050{/executors,null,AVAILABLE,@Spark}
2020-03-09 08:05:27 ContextHandler: INFO: Started o.s.j.s.ServletContextHandler@5b84f35b{/executors/json,null,AVAILABLE,@Spark}
2020-03-09 08:05:27 ContextHandler: INFO: Started o.s.j.s.ServletContextHandler@569c59d5{/executors/threadDump,null,AVAILABLE,@Spark}
2020-03-09 08:05:27 ContextHandler: INFO: Started o.s.j.s.ServletContextHandler@78648d76{/executors/threadDump/json,null,AVAILABLE,@Spark}
2020-03-09 08:05:27 ContextHandler: INFO: Started o.s.j.s.ServletContextHandler@7cf3f14a{/static,null,AVAILABLE,@Spark}
2020-03-09 08:05:27 ContextHandler: INFO: Started o.s.j.s.ServletContextHandler@e9935c3{/,null,AVAILABLE,@Spark}
2020-03-09 08:05:27 ContextHandler: INFO: Started o.s.j.s.ServletContextHandler@50bf42a0{/api,null,AVAILABLE,@Spark}
2020-03-09 08:05:27 ContextHandler: INFO: Started o.s.j.s.ServletContextHandler@2d2f04d6{/jobs/job/kill,null,AVAILABLE,@Spark}
2020-03-09 08:05:27 ContextHandler: INFO: Started o.s.j.s.ServletContextHandler@4bc7293c{/stages/stage/kill,null,AVAILABLE,@Spark}
2020-03-09 08:05:27 SparkUI: INFO: Bound SparkUI to 0.0.0.0, and started at http://wm65b-8a9.broadinstitute.org:4042
2020-03-09 08:05:27 SparkContext: INFO: Added JAR file:///anaconda3/envs/hail/lib/python3.6/site-packages/hail/hail-all-spark.jar at spark://wm65b-8a9.broadinstitute.org:60517/jars/hail-all-spark.jar with timestamp 1583755527998
2020-03-09 08:05:28 Executor: INFO: Starting executor ID driver on host localhost
2020-03-09 08:05:28 Utils: INFO: Successfully started service 'org.apache.spark.network.netty.NettyBlockTransferService' on port 60518.
2020-03-09 08:05:28 NettyBlockTransferService: INFO: Server created on wm65b-8a9.broadinstitute.org:60518
2020-03-09 08:05:28 BlockManager: INFO: Using org.apache.spark.storage.RandomBlockReplicationPolicy for block replication policy
2020-03-09 08:05:28 BlockManagerMaster: INFO: Registering BlockManager BlockManagerId(driver, wm65b-8a9.broadinstitute.org, 60518, None)
2020-03-09 08:05:28 BlockManagerMasterEndpoint: INFO: Registering block manager wm65b-8a9.broadinstitute.org:60518 with 366.3 MB RAM, BlockManagerId(driver, wm65b-8a9.broadinstitute.org, 60518, None)
2020-03-09 08:05:28 BlockManagerMaster: INFO: Registered BlockManager BlockManagerId(driver, wm65b-8a9.broadinstitute.org, 60518, None)
2020-03-09 08:05:28 BlockManager: INFO: Initialized BlockManager: BlockManagerId(driver, wm65b-8a9.broadinstitute.org, 60518, None)
2020-03-09 08:05:28 ContextHandler: INFO: Started o.s.j.s.ServletContextHandler@1b144b16{/metrics/json,null,AVAILABLE,@Spark}
2020-03-09 08:05:28 Hail: INFO: Hail temporary directory: file:/tmp/hail.1fEK8HKif0nB
2020-03-09 08:05:28 Hail: INFO: SparkUI: http://wm65b-8a9.broadinstitute.org:4042
2020-03-09 08:05:28 Hail: INFO: Running Hail version 0.2.33-5d8cae649505
2020-03-09 08:05:28 SparkContext: WARN: Using an existing SparkContext; some configuration may not take effect.
2020-03-09 08:07:53 SparkContext: INFO: Invoking stop() from shutdown hook
2020-03-09 08:07:53 AbstractConnector: INFO: Stopped Spark@465c4742{HTTP/1.1,[http/1.1]}{0.0.0.0:4042}
2020-03-09 08:07:53 SparkUI: INFO: Stopped Spark web UI at http://wm65b-8a9.broadinstitute.org:4042
2020-03-09 08:07:53 MapOutputTrackerMasterEndpoint: INFO: MapOutputTrackerMasterEndpoint stopped!
2020-03-09 08:07:53 MemoryStore: INFO: MemoryStore cleared
2020-03-09 08:07:53 BlockManager: INFO: BlockManager stopped
2020-03-09 08:07:53 BlockManagerMaster: INFO: BlockManagerMaster stopped
2020-03-09 08:07:53 OutputCommitCoordinator$OutputCommitCoordinatorEndpoint: INFO: OutputCommitCoordinator stopped!
2020-03-09 08:07:53 SparkContext: INFO: Successfully stopped SparkContext
2020-03-09 08:07:53 ShutdownHookManager: INFO: Shutdown hook called
2020-03-09 08:07:53 ShutdownHookManager: INFO: Deleting directory /private/var/folders/56/q7rh2y5x7hj4n359_13dgwxcmtwz20/T/spark-6e893526-1f93-436a-962e-7729865b9d24
2020-03-09 08:07:53 ShutdownHookManager: INFO: Deleting directory /private/var/folders/56/q7rh2y5x7hj4n359_13dgwxcmtwz20/T/spark-6e893526-1f93-436a-962e-7729865b9d24/pyspark-97e93cf2-085d-42b4-b9b9-289f1518c338
2020-03-09 08:07:53 ShutdownHookManager: INFO: Deleting directory /private/var/folders/56/q7rh2y5x7hj4n359_13dgwxcmtwz20/T/spark-05eec541-579a-4eb2-80c2-7d95d9d31580
