2020-03-09 13:45:38 Hail: WARN: This Hail JAR was compiled for Spark 2.4.0, running with Spark 2.4.3.
  Compatibility is not guaranteed.
2020-03-09 13:45:38 SparkContext: INFO: Running Spark version 2.4.3
2020-03-09 13:45:38 SparkContext: INFO: Submitted application: Hail
2020-03-09 13:45:38 SparkContext: INFO: Spark configuration:
spark.app.name=Hail
spark.driver.extraClassPath=/anaconda3/envs/hail/lib/python3.6/site-packages/hail/hail-all-spark.jar
spark.driver.maxResultSize=0
spark.executor.extraClassPath=./hail-all-spark.jar
spark.hadoop.google.cloud.auth.service.account.enable=true
spark.hadoop.google.cloud.auth.service.account.json.keyfile=/Users/nbaya/.hail/gcs-keys/gcs-connector-key.json
spark.hadoop.io.compression.codecs=org.apache.hadoop.io.compress.DefaultCodec,is.hail.io.compress.BGzipCodec,is.hail.io.compress.BGzipCodecTbi,org.apache.hadoop.io.compress.GzipCodec
spark.hadoop.mapreduce.input.fileinputformat.split.minsize=0
spark.jars=file:///anaconda3/envs/hail/lib/python3.6/site-packages/hail/hail-all-spark.jar
spark.kryo.registrator=is.hail.kryo.HailKryoRegistrator
spark.kryoserializer.buffer.max=1g
spark.logConf=true
spark.master=local[*]
spark.repl.local.jars=file:///anaconda3/envs/hail/lib/python3.6/site-packages/hail/hail-all-spark.jar
spark.serializer=org.apache.spark.serializer.KryoSerializer
spark.submit.deployMode=client
spark.ui.showConsoleProgress=false
2020-03-09 13:45:38 SecurityManager: INFO: Changing view acls to: nbaya
2020-03-09 13:45:38 SecurityManager: INFO: Changing modify acls to: nbaya
2020-03-09 13:45:38 SecurityManager: INFO: Changing view acls groups to: 
2020-03-09 13:45:38 SecurityManager: INFO: Changing modify acls groups to: 
2020-03-09 13:45:38 SecurityManager: INFO: SecurityManager: authentication disabled; ui acls disabled; users  with view permissions: Set(nbaya); groups with view permissions: Set(); users  with modify permissions: Set(nbaya); groups with modify permissions: Set()
2020-03-09 13:45:38 Utils: INFO: Successfully started service 'sparkDriver' on port 63687.
2020-03-09 13:45:38 SparkEnv: INFO: Registering MapOutputTracker
2020-03-09 13:45:38 SparkEnv: INFO: Registering BlockManagerMaster
2020-03-09 13:45:38 BlockManagerMasterEndpoint: INFO: Using org.apache.spark.storage.DefaultTopologyMapper for getting topology information
2020-03-09 13:45:38 BlockManagerMasterEndpoint: INFO: BlockManagerMasterEndpoint up
2020-03-09 13:45:38 DiskBlockManager: INFO: Created local directory at /private/var/folders/56/q7rh2y5x7hj4n359_13dgwxcmtwz20/T/blockmgr-c2490ec2-dc35-4bd1-8046-310948373b44
2020-03-09 13:45:38 MemoryStore: INFO: MemoryStore started with capacity 366.3 MB
2020-03-09 13:45:38 SparkEnv: INFO: Registering OutputCommitCoordinator
2020-03-09 13:45:38 log: INFO: Logging initialized @2510ms
2020-03-09 13:45:38 Server: INFO: jetty-9.3.z-SNAPSHOT, build timestamp: unknown, git hash: unknown
2020-03-09 13:45:38 Server: INFO: Started @2591ms
2020-03-09 13:45:38 Utils: WARN: Service 'SparkUI' could not bind on port 4040. Attempting port 4041.
2020-03-09 13:45:38 AbstractConnector: INFO: Started ServerConnector@2f5460e8{HTTP/1.1,[http/1.1]}{0.0.0.0:4041}
2020-03-09 13:45:38 Utils: INFO: Successfully started service 'SparkUI' on port 4041.
2020-03-09 13:45:38 ContextHandler: INFO: Started o.s.j.s.ServletContextHandler@2ecd7c77{/jobs,null,AVAILABLE,@Spark}
2020-03-09 13:45:38 ContextHandler: INFO: Started o.s.j.s.ServletContextHandler@41f8840b{/jobs/json,null,AVAILABLE,@Spark}
2020-03-09 13:45:38 ContextHandler: INFO: Started o.s.j.s.ServletContextHandler@1496b168{/jobs/job,null,AVAILABLE,@Spark}
2020-03-09 13:45:38 ContextHandler: INFO: Started o.s.j.s.ServletContextHandler@479136de{/jobs/job/json,null,AVAILABLE,@Spark}
2020-03-09 13:45:38 ContextHandler: INFO: Started o.s.j.s.ServletContextHandler@424c3afb{/stages,null,AVAILABLE,@Spark}
2020-03-09 13:45:38 ContextHandler: INFO: Started o.s.j.s.ServletContextHandler@6370de2b{/stages/json,null,AVAILABLE,@Spark}
2020-03-09 13:45:38 ContextHandler: INFO: Started o.s.j.s.ServletContextHandler@211f8049{/stages/stage,null,AVAILABLE,@Spark}
2020-03-09 13:45:38 ContextHandler: INFO: Started o.s.j.s.ServletContextHandler@292a0fb1{/stages/stage/json,null,AVAILABLE,@Spark}
2020-03-09 13:45:38 ContextHandler: INFO: Started o.s.j.s.ServletContextHandler@746acf15{/stages/pool,null,AVAILABLE,@Spark}
2020-03-09 13:45:38 ContextHandler: INFO: Started o.s.j.s.ServletContextHandler@28eb690f{/stages/pool/json,null,AVAILABLE,@Spark}
2020-03-09 13:45:38 ContextHandler: INFO: Started o.s.j.s.ServletContextHandler@1495872e{/storage,null,AVAILABLE,@Spark}
2020-03-09 13:45:38 ContextHandler: INFO: Started o.s.j.s.ServletContextHandler@6d3b558a{/storage/json,null,AVAILABLE,@Spark}
2020-03-09 13:45:38 ContextHandler: INFO: Started o.s.j.s.ServletContextHandler@4f8b3d5f{/storage/rdd,null,AVAILABLE,@Spark}
2020-03-09 13:45:38 ContextHandler: INFO: Started o.s.j.s.ServletContextHandler@3c5b86b0{/storage/rdd/json,null,AVAILABLE,@Spark}
2020-03-09 13:45:38 ContextHandler: INFO: Started o.s.j.s.ServletContextHandler@44fdae2{/environment,null,AVAILABLE,@Spark}
2020-03-09 13:45:38 ContextHandler: INFO: Started o.s.j.s.ServletContextHandler@33ef58e4{/environment/json,null,AVAILABLE,@Spark}
2020-03-09 13:45:38 ContextHandler: INFO: Started o.s.j.s.ServletContextHandler@2598ea03{/executors,null,AVAILABLE,@Spark}
2020-03-09 13:45:38 ContextHandler: INFO: Started o.s.j.s.ServletContextHandler@45169606{/executors/json,null,AVAILABLE,@Spark}
2020-03-09 13:45:38 ContextHandler: INFO: Started o.s.j.s.ServletContextHandler@3f74cc8c{/executors/threadDump,null,AVAILABLE,@Spark}
2020-03-09 13:45:38 ContextHandler: INFO: Started o.s.j.s.ServletContextHandler@76958bfe{/executors/threadDump/json,null,AVAILABLE,@Spark}
2020-03-09 13:45:38 ContextHandler: INFO: Started o.s.j.s.ServletContextHandler@143fbfdd{/static,null,AVAILABLE,@Spark}
2020-03-09 13:45:38 ContextHandler: INFO: Started o.s.j.s.ServletContextHandler@1163bd62{/,null,AVAILABLE,@Spark}
2020-03-09 13:45:38 ContextHandler: INFO: Started o.s.j.s.ServletContextHandler@32a0fce2{/api,null,AVAILABLE,@Spark}
2020-03-09 13:45:38 ContextHandler: INFO: Started o.s.j.s.ServletContextHandler@17e243ed{/jobs/job/kill,null,AVAILABLE,@Spark}
2020-03-09 13:45:38 ContextHandler: INFO: Started o.s.j.s.ServletContextHandler@1eb59794{/stages/stage/kill,null,AVAILABLE,@Spark}
2020-03-09 13:45:38 SparkUI: INFO: Bound SparkUI to 0.0.0.0, and started at http://wm65b-8a9.broadinstitute.org:4041
2020-03-09 13:45:38 SparkContext: INFO: Added JAR file:///anaconda3/envs/hail/lib/python3.6/site-packages/hail/hail-all-spark.jar at spark://wm65b-8a9.broadinstitute.org:63687/jars/hail-all-spark.jar with timestamp 1583775938998
2020-03-09 13:45:39 Executor: INFO: Starting executor ID driver on host localhost
2020-03-09 13:45:39 Utils: INFO: Successfully started service 'org.apache.spark.network.netty.NettyBlockTransferService' on port 63688.
2020-03-09 13:45:39 NettyBlockTransferService: INFO: Server created on wm65b-8a9.broadinstitute.org:63688
2020-03-09 13:45:39 BlockManager: INFO: Using org.apache.spark.storage.RandomBlockReplicationPolicy for block replication policy
2020-03-09 13:45:39 BlockManagerMaster: INFO: Registering BlockManager BlockManagerId(driver, wm65b-8a9.broadinstitute.org, 63688, None)
2020-03-09 13:45:39 BlockManagerMasterEndpoint: INFO: Registering block manager wm65b-8a9.broadinstitute.org:63688 with 366.3 MB RAM, BlockManagerId(driver, wm65b-8a9.broadinstitute.org, 63688, None)
2020-03-09 13:45:39 BlockManagerMaster: INFO: Registered BlockManager BlockManagerId(driver, wm65b-8a9.broadinstitute.org, 63688, None)
2020-03-09 13:45:39 BlockManager: INFO: Initialized BlockManager: BlockManagerId(driver, wm65b-8a9.broadinstitute.org, 63688, None)
2020-03-09 13:45:39 ContextHandler: INFO: Started o.s.j.s.ServletContextHandler@7f19b4e4{/metrics/json,null,AVAILABLE,@Spark}
2020-03-09 13:45:39 Hail: INFO: Hail temporary directory: file:/tmp/hail.Klkevijes4oU
2020-03-09 13:45:39 Hail: INFO: SparkUI: http://wm65b-8a9.broadinstitute.org:4041
2020-03-09 13:45:39 Hail: INFO: Running Hail version 0.2.33-5d8cae649505
2020-03-09 13:45:40 SparkContext: WARN: Using an existing SparkContext; some configuration may not take effect.
2020-03-09 13:45:40 SparkContext: INFO: Invoking stop() from shutdown hook
2020-03-09 13:45:40 AbstractConnector: INFO: Stopped Spark@2f5460e8{HTTP/1.1,[http/1.1]}{0.0.0.0:4041}
2020-03-09 13:45:40 SparkUI: INFO: Stopped Spark web UI at http://wm65b-8a9.broadinstitute.org:4041
2020-03-09 13:45:40 MapOutputTrackerMasterEndpoint: INFO: MapOutputTrackerMasterEndpoint stopped!
2020-03-09 13:45:40 MemoryStore: INFO: MemoryStore cleared
2020-03-09 13:45:40 BlockManager: INFO: BlockManager stopped
2020-03-09 13:45:40 BlockManagerMaster: INFO: BlockManagerMaster stopped
2020-03-09 13:45:40 OutputCommitCoordinator$OutputCommitCoordinatorEndpoint: INFO: OutputCommitCoordinator stopped!
2020-03-09 13:45:40 SparkContext: INFO: Successfully stopped SparkContext
2020-03-09 13:45:40 ShutdownHookManager: INFO: Shutdown hook called
2020-03-09 13:45:40 ShutdownHookManager: INFO: Deleting directory /private/var/folders/56/q7rh2y5x7hj4n359_13dgwxcmtwz20/T/spark-ce5dd95c-bebb-4a1b-9962-93037d87c086
2020-03-09 13:45:40 ShutdownHookManager: INFO: Deleting directory /private/var/folders/56/q7rh2y5x7hj4n359_13dgwxcmtwz20/T/spark-ce5dd95c-bebb-4a1b-9962-93037d87c086/pyspark-c02badb9-0531-4a79-8dc8-95f88b210ed1
2020-03-09 13:45:40 ShutdownHookManager: INFO: Deleting directory /private/var/folders/56/q7rh2y5x7hj4n359_13dgwxcmtwz20/T/spark-32defddc-44db-420d-8d95-cb85a7871097
