2020-03-09 13:46:07 Hail: WARN: This Hail JAR was compiled for Spark 2.4.0, running with Spark 2.4.3.
  Compatibility is not guaranteed.
2020-03-09 13:46:07 SparkContext: INFO: Running Spark version 2.4.3
2020-03-09 13:46:07 SparkContext: INFO: Submitted application: Hail
2020-03-09 13:46:07 SparkContext: INFO: Spark configuration:
spark.app.name=Hail
spark.driver.extraClassPath=/anaconda3/envs/hail/lib/python3.6/site-packages/hail/hail-all-spark.jar
spark.driver.maxResultSize=0
spark.executor.extraClassPath=./hail-all-spark.jar
spark.hadoop.google.cloud.auth.service.account.enable=true
spark.hadoop.google.cloud.auth.service.account.json.keyfile=/Users/nbaya/.hail/gcs-keys/gcs-connector-key.json
spark.hadoop.io.compression.codecs=org.apache.hadoop.io.compress.DefaultCodec,is.hail.io.compress.BGzipCodec,is.hail.io.compress.BGzipCodecTbi,org.apache.hadoop.io.compress.GzipCodec
spark.hadoop.mapreduce.input.fileinputformat.split.minsize=0
spark.jars=file:///anaconda3/envs/hail/lib/python3.6/site-packages/hail/hail-all-spark.jar
spark.kryo.registrator=is.hail.kryo.HailKryoRegistrator
spark.kryoserializer.buffer.max=1g
spark.logConf=true
spark.master=local[*]
spark.repl.local.jars=file:///anaconda3/envs/hail/lib/python3.6/site-packages/hail/hail-all-spark.jar
spark.serializer=org.apache.spark.serializer.KryoSerializer
spark.submit.deployMode=client
spark.ui.showConsoleProgress=false
2020-03-09 13:46:07 SecurityManager: INFO: Changing view acls to: nbaya
2020-03-09 13:46:07 SecurityManager: INFO: Changing modify acls to: nbaya
2020-03-09 13:46:07 SecurityManager: INFO: Changing view acls groups to: 
2020-03-09 13:46:07 SecurityManager: INFO: Changing modify acls groups to: 
2020-03-09 13:46:07 SecurityManager: INFO: SecurityManager: authentication disabled; ui acls disabled; users  with view permissions: Set(nbaya); groups with view permissions: Set(); users  with modify permissions: Set(nbaya); groups with modify permissions: Set()
2020-03-09 13:46:08 Utils: INFO: Successfully started service 'sparkDriver' on port 63697.
2020-03-09 13:46:08 SparkEnv: INFO: Registering MapOutputTracker
2020-03-09 13:46:08 SparkEnv: INFO: Registering BlockManagerMaster
2020-03-09 13:46:08 BlockManagerMasterEndpoint: INFO: Using org.apache.spark.storage.DefaultTopologyMapper for getting topology information
2020-03-09 13:46:08 BlockManagerMasterEndpoint: INFO: BlockManagerMasterEndpoint up
2020-03-09 13:46:08 DiskBlockManager: INFO: Created local directory at /private/var/folders/56/q7rh2y5x7hj4n359_13dgwxcmtwz20/T/blockmgr-afa5b404-b29a-4bc1-bf6c-4f52e49a7d8c
2020-03-09 13:46:08 MemoryStore: INFO: MemoryStore started with capacity 366.3 MB
2020-03-09 13:46:08 SparkEnv: INFO: Registering OutputCommitCoordinator
2020-03-09 13:46:08 log: INFO: Logging initialized @2451ms
2020-03-09 13:46:08 Server: INFO: jetty-9.3.z-SNAPSHOT, build timestamp: unknown, git hash: unknown
2020-03-09 13:46:08 Server: INFO: Started @2529ms
2020-03-09 13:46:08 Utils: WARN: Service 'SparkUI' could not bind on port 4040. Attempting port 4041.
2020-03-09 13:46:08 AbstractConnector: INFO: Started ServerConnector@73fa33b2{HTTP/1.1,[http/1.1]}{0.0.0.0:4041}
2020-03-09 13:46:08 Utils: INFO: Successfully started service 'SparkUI' on port 4041.
2020-03-09 13:46:08 ContextHandler: INFO: Started o.s.j.s.ServletContextHandler@5c6c228{/jobs,null,AVAILABLE,@Spark}
2020-03-09 13:46:08 ContextHandler: INFO: Started o.s.j.s.ServletContextHandler@444d34f8{/jobs/json,null,AVAILABLE,@Spark}
2020-03-09 13:46:08 ContextHandler: INFO: Started o.s.j.s.ServletContextHandler@bcef3da{/jobs/job,null,AVAILABLE,@Spark}
2020-03-09 13:46:08 ContextHandler: INFO: Started o.s.j.s.ServletContextHandler@3cd0120e{/jobs/job/json,null,AVAILABLE,@Spark}
2020-03-09 13:46:08 ContextHandler: INFO: Started o.s.j.s.ServletContextHandler@11170b98{/stages,null,AVAILABLE,@Spark}
2020-03-09 13:46:08 ContextHandler: INFO: Started o.s.j.s.ServletContextHandler@6dbb7a43{/stages/json,null,AVAILABLE,@Spark}
2020-03-09 13:46:08 ContextHandler: INFO: Started o.s.j.s.ServletContextHandler@284194bd{/stages/stage,null,AVAILABLE,@Spark}
2020-03-09 13:46:08 ContextHandler: INFO: Started o.s.j.s.ServletContextHandler@b002d97{/stages/stage/json,null,AVAILABLE,@Spark}
2020-03-09 13:46:08 ContextHandler: INFO: Started o.s.j.s.ServletContextHandler@2fc0b436{/stages/pool,null,AVAILABLE,@Spark}
2020-03-09 13:46:08 ContextHandler: INFO: Started o.s.j.s.ServletContextHandler@569ae96c{/stages/pool/json,null,AVAILABLE,@Spark}
2020-03-09 13:46:08 ContextHandler: INFO: Started o.s.j.s.ServletContextHandler@12097d6b{/storage,null,AVAILABLE,@Spark}
2020-03-09 13:46:08 ContextHandler: INFO: Started o.s.j.s.ServletContextHandler@186f9628{/storage/json,null,AVAILABLE,@Spark}
2020-03-09 13:46:08 ContextHandler: INFO: Started o.s.j.s.ServletContextHandler@3224e017{/storage/rdd,null,AVAILABLE,@Spark}
2020-03-09 13:46:08 ContextHandler: INFO: Started o.s.j.s.ServletContextHandler@3374aeb6{/storage/rdd/json,null,AVAILABLE,@Spark}
2020-03-09 13:46:08 ContextHandler: INFO: Started o.s.j.s.ServletContextHandler@6a4f6f96{/environment,null,AVAILABLE,@Spark}
2020-03-09 13:46:08 ContextHandler: INFO: Started o.s.j.s.ServletContextHandler@e757a21{/environment/json,null,AVAILABLE,@Spark}
2020-03-09 13:46:08 ContextHandler: INFO: Started o.s.j.s.ServletContextHandler@1bc407a0{/executors,null,AVAILABLE,@Spark}
2020-03-09 13:46:08 ContextHandler: INFO: Started o.s.j.s.ServletContextHandler@d530b70{/executors/json,null,AVAILABLE,@Spark}
2020-03-09 13:46:08 ContextHandler: INFO: Started o.s.j.s.ServletContextHandler@1cf1e693{/executors/threadDump,null,AVAILABLE,@Spark}
2020-03-09 13:46:08 ContextHandler: INFO: Started o.s.j.s.ServletContextHandler@39f0235e{/executors/threadDump/json,null,AVAILABLE,@Spark}
2020-03-09 13:46:08 ContextHandler: INFO: Started o.s.j.s.ServletContextHandler@2b2dac7{/static,null,AVAILABLE,@Spark}
2020-03-09 13:46:08 ContextHandler: INFO: Started o.s.j.s.ServletContextHandler@1967627c{/,null,AVAILABLE,@Spark}
2020-03-09 13:46:08 ContextHandler: INFO: Started o.s.j.s.ServletContextHandler@408be728{/api,null,AVAILABLE,@Spark}
2020-03-09 13:46:08 ContextHandler: INFO: Started o.s.j.s.ServletContextHandler@c9a535d{/jobs/job/kill,null,AVAILABLE,@Spark}
2020-03-09 13:46:08 ContextHandler: INFO: Started o.s.j.s.ServletContextHandler@2e65b19b{/stages/stage/kill,null,AVAILABLE,@Spark}
2020-03-09 13:46:08 SparkUI: INFO: Bound SparkUI to 0.0.0.0, and started at http://wm65b-8a9.broadinstitute.org:4041
2020-03-09 13:46:08 SparkContext: INFO: Added JAR file:///anaconda3/envs/hail/lib/python3.6/site-packages/hail/hail-all-spark.jar at spark://wm65b-8a9.broadinstitute.org:63697/jars/hail-all-spark.jar with timestamp 1583775968635
2020-03-09 13:46:08 Executor: INFO: Starting executor ID driver on host localhost
2020-03-09 13:46:08 Utils: INFO: Successfully started service 'org.apache.spark.network.netty.NettyBlockTransferService' on port 63699.
2020-03-09 13:46:08 NettyBlockTransferService: INFO: Server created on wm65b-8a9.broadinstitute.org:63699
2020-03-09 13:46:08 BlockManager: INFO: Using org.apache.spark.storage.RandomBlockReplicationPolicy for block replication policy
2020-03-09 13:46:08 BlockManagerMaster: INFO: Registering BlockManager BlockManagerId(driver, wm65b-8a9.broadinstitute.org, 63699, None)
2020-03-09 13:46:08 BlockManagerMasterEndpoint: INFO: Registering block manager wm65b-8a9.broadinstitute.org:63699 with 366.3 MB RAM, BlockManagerId(driver, wm65b-8a9.broadinstitute.org, 63699, None)
2020-03-09 13:46:08 BlockManagerMaster: INFO: Registered BlockManager BlockManagerId(driver, wm65b-8a9.broadinstitute.org, 63699, None)
2020-03-09 13:46:08 BlockManager: INFO: Initialized BlockManager: BlockManagerId(driver, wm65b-8a9.broadinstitute.org, 63699, None)
2020-03-09 13:46:08 ContextHandler: INFO: Started o.s.j.s.ServletContextHandler@22628623{/metrics/json,null,AVAILABLE,@Spark}
2020-03-09 13:46:08 Hail: INFO: Hail temporary directory: file:/tmp/hail.O6oWZ0Z30yXh
2020-03-09 13:46:08 Hail: INFO: SparkUI: http://wm65b-8a9.broadinstitute.org:4041
2020-03-09 13:46:08 Hail: INFO: Running Hail version 0.2.33-5d8cae649505
2020-03-09 13:46:09 SparkContext: WARN: Using an existing SparkContext; some configuration may not take effect.
2020-03-09 13:47:39 SparkContext: INFO: Invoking stop() from shutdown hook
2020-03-09 13:47:39 AbstractConnector: INFO: Stopped Spark@73fa33b2{HTTP/1.1,[http/1.1]}{0.0.0.0:4041}
2020-03-09 13:47:39 SparkUI: INFO: Stopped Spark web UI at http://wm65b-8a9.broadinstitute.org:4041
2020-03-09 13:47:39 MapOutputTrackerMasterEndpoint: INFO: MapOutputTrackerMasterEndpoint stopped!
2020-03-09 13:47:39 MemoryStore: INFO: MemoryStore cleared
2020-03-09 13:47:39 BlockManager: INFO: BlockManager stopped
2020-03-09 13:47:39 BlockManagerMaster: INFO: BlockManagerMaster stopped
2020-03-09 13:47:39 OutputCommitCoordinator$OutputCommitCoordinatorEndpoint: INFO: OutputCommitCoordinator stopped!
2020-03-09 13:47:39 SparkContext: INFO: Successfully stopped SparkContext
2020-03-09 13:47:39 ShutdownHookManager: INFO: Shutdown hook called
2020-03-09 13:47:39 ShutdownHookManager: INFO: Deleting directory /private/var/folders/56/q7rh2y5x7hj4n359_13dgwxcmtwz20/T/spark-7dcc5f3c-4984-417d-9ce5-3da31723cece
2020-03-09 13:47:39 ShutdownHookManager: INFO: Deleting directory /private/var/folders/56/q7rh2y5x7hj4n359_13dgwxcmtwz20/T/spark-9f291433-623a-47fb-9cc7-d8d75c987611/pyspark-7cd02f05-3afa-4719-aaf3-f45594adbe8c
2020-03-09 13:47:39 ShutdownHookManager: INFO: Deleting directory /private/var/folders/56/q7rh2y5x7hj4n359_13dgwxcmtwz20/T/spark-9f291433-623a-47fb-9cc7-d8d75c987611
