2020-03-19 16:00:26 Hail: WARN: This Hail JAR was compiled for Spark 2.4.0, running with Spark 2.4.3.
  Compatibility is not guaranteed.
2020-03-19 16:00:26 SparkContext: INFO: Running Spark version 2.4.3
2020-03-19 16:00:26 SparkContext: INFO: Submitted application: Hail
2020-03-19 16:00:26 SparkContext: INFO: Spark configuration:
spark.app.name=Hail
spark.driver.extraClassPath=/anaconda3/envs/hail/lib/python3.6/site-packages/hail/hail-all-spark.jar
spark.driver.maxResultSize=0
spark.executor.extraClassPath=./hail-all-spark.jar
spark.hadoop.google.cloud.auth.service.account.enable=true
spark.hadoop.google.cloud.auth.service.account.json.keyfile=/Users/nbaya/.hail/gcs-keys/gcs-connector-key.json
spark.hadoop.io.compression.codecs=org.apache.hadoop.io.compress.DefaultCodec,is.hail.io.compress.BGzipCodec,is.hail.io.compress.BGzipCodecTbi,org.apache.hadoop.io.compress.GzipCodec
spark.hadoop.mapreduce.input.fileinputformat.split.minsize=0
spark.jars=file:///anaconda3/envs/hail/lib/python3.6/site-packages/hail/hail-all-spark.jar
spark.kryo.registrator=is.hail.kryo.HailKryoRegistrator
spark.kryoserializer.buffer.max=1g
spark.logConf=true
spark.master=local[*]
spark.repl.local.jars=file:///anaconda3/envs/hail/lib/python3.6/site-packages/hail/hail-all-spark.jar
spark.serializer=org.apache.spark.serializer.KryoSerializer
spark.submit.deployMode=client
spark.ui.showConsoleProgress=false
2020-03-19 16:00:26 SecurityManager: INFO: Changing view acls to: nbaya
2020-03-19 16:00:26 SecurityManager: INFO: Changing modify acls to: nbaya
2020-03-19 16:00:26 SecurityManager: INFO: Changing view acls groups to: 
2020-03-19 16:00:26 SecurityManager: INFO: Changing modify acls groups to: 
2020-03-19 16:00:26 SecurityManager: INFO: SecurityManager: authentication disabled; ui acls disabled; users  with view permissions: Set(nbaya); groups with view permissions: Set(); users  with modify permissions: Set(nbaya); groups with modify permissions: Set()
2020-03-19 16:00:27 Utils: INFO: Successfully started service 'sparkDriver' on port 52409.
2020-03-19 16:00:27 SparkEnv: INFO: Registering MapOutputTracker
2020-03-19 16:00:27 SparkEnv: INFO: Registering BlockManagerMaster
2020-03-19 16:00:27 BlockManagerMasterEndpoint: INFO: Using org.apache.spark.storage.DefaultTopologyMapper for getting topology information
2020-03-19 16:00:27 BlockManagerMasterEndpoint: INFO: BlockManagerMasterEndpoint up
2020-03-19 16:00:27 DiskBlockManager: INFO: Created local directory at /private/var/folders/56/q7rh2y5x7hj4n359_13dgwxcmtwz20/T/blockmgr-8510eed6-5e5d-4ec6-9a6b-214a11b2500f
2020-03-19 16:00:27 MemoryStore: INFO: MemoryStore started with capacity 366.3 MB
2020-03-19 16:00:27 SparkEnv: INFO: Registering OutputCommitCoordinator
2020-03-19 16:00:27 log: INFO: Logging initialized @2999ms
2020-03-19 16:00:27 Server: INFO: jetty-9.3.z-SNAPSHOT, build timestamp: unknown, git hash: unknown
2020-03-19 16:00:27 Server: INFO: Started @3100ms
2020-03-19 16:00:27 Utils: WARN: Service 'SparkUI' could not bind on port 4040. Attempting port 4041.
2020-03-19 16:00:27 AbstractConnector: INFO: Started ServerConnector@5e44650c{HTTP/1.1,[http/1.1]}{0.0.0.0:4041}
2020-03-19 16:00:27 Utils: INFO: Successfully started service 'SparkUI' on port 4041.
2020-03-19 16:00:27 ContextHandler: INFO: Started o.s.j.s.ServletContextHandler@68dcff50{/jobs,null,AVAILABLE,@Spark}
2020-03-19 16:00:27 ContextHandler: INFO: Started o.s.j.s.ServletContextHandler@5321c7fc{/jobs/json,null,AVAILABLE,@Spark}
2020-03-19 16:00:27 ContextHandler: INFO: Started o.s.j.s.ServletContextHandler@5e45cf32{/jobs/job,null,AVAILABLE,@Spark}
2020-03-19 16:00:27 ContextHandler: INFO: Started o.s.j.s.ServletContextHandler@3779a05f{/jobs/job/json,null,AVAILABLE,@Spark}
2020-03-19 16:00:27 ContextHandler: INFO: Started o.s.j.s.ServletContextHandler@6aba9f6b{/stages,null,AVAILABLE,@Spark}
2020-03-19 16:00:27 ContextHandler: INFO: Started o.s.j.s.ServletContextHandler@1a76e151{/stages/json,null,AVAILABLE,@Spark}
2020-03-19 16:00:27 ContextHandler: INFO: Started o.s.j.s.ServletContextHandler@7006cf08{/stages/stage,null,AVAILABLE,@Spark}
2020-03-19 16:00:27 ContextHandler: INFO: Started o.s.j.s.ServletContextHandler@19296654{/stages/stage/json,null,AVAILABLE,@Spark}
2020-03-19 16:00:27 ContextHandler: INFO: Started o.s.j.s.ServletContextHandler@5f9184f6{/stages/pool,null,AVAILABLE,@Spark}
2020-03-19 16:00:27 ContextHandler: INFO: Started o.s.j.s.ServletContextHandler@6ab31281{/stages/pool/json,null,AVAILABLE,@Spark}
2020-03-19 16:00:27 ContextHandler: INFO: Started o.s.j.s.ServletContextHandler@1d13a5c9{/storage,null,AVAILABLE,@Spark}
2020-03-19 16:00:27 ContextHandler: INFO: Started o.s.j.s.ServletContextHandler@4fda6bf9{/storage/json,null,AVAILABLE,@Spark}
2020-03-19 16:00:27 ContextHandler: INFO: Started o.s.j.s.ServletContextHandler@1cbfe0c0{/storage/rdd,null,AVAILABLE,@Spark}
2020-03-19 16:00:27 ContextHandler: INFO: Started o.s.j.s.ServletContextHandler@6e6acecc{/storage/rdd/json,null,AVAILABLE,@Spark}
2020-03-19 16:00:27 ContextHandler: INFO: Started o.s.j.s.ServletContextHandler@6e571325{/environment,null,AVAILABLE,@Spark}
2020-03-19 16:00:27 ContextHandler: INFO: Started o.s.j.s.ServletContextHandler@724e38b5{/environment/json,null,AVAILABLE,@Spark}
2020-03-19 16:00:27 ContextHandler: INFO: Started o.s.j.s.ServletContextHandler@11947fdc{/executors,null,AVAILABLE,@Spark}
2020-03-19 16:00:27 ContextHandler: INFO: Started o.s.j.s.ServletContextHandler@29b0df8c{/executors/json,null,AVAILABLE,@Spark}
2020-03-19 16:00:27 ContextHandler: INFO: Started o.s.j.s.ServletContextHandler@7fa83fa4{/executors/threadDump,null,AVAILABLE,@Spark}
2020-03-19 16:00:27 ContextHandler: INFO: Started o.s.j.s.ServletContextHandler@7ca02b74{/executors/threadDump/json,null,AVAILABLE,@Spark}
2020-03-19 16:00:27 ContextHandler: INFO: Started o.s.j.s.ServletContextHandler@4ef8c1a3{/static,null,AVAILABLE,@Spark}
2020-03-19 16:00:27 ContextHandler: INFO: Started o.s.j.s.ServletContextHandler@46fb0899{/,null,AVAILABLE,@Spark}
2020-03-19 16:00:27 ContextHandler: INFO: Started o.s.j.s.ServletContextHandler@7576aa81{/api,null,AVAILABLE,@Spark}
2020-03-19 16:00:27 ContextHandler: INFO: Started o.s.j.s.ServletContextHandler@5137b10c{/jobs/job/kill,null,AVAILABLE,@Spark}
2020-03-19 16:00:27 ContextHandler: INFO: Started o.s.j.s.ServletContextHandler@585b8bbe{/stages/stage/kill,null,AVAILABLE,@Spark}
2020-03-19 16:00:27 SparkUI: INFO: Bound SparkUI to 0.0.0.0, and started at http://192.168.0.110:4041
2020-03-19 16:00:27 SparkContext: INFO: Added JAR file:///anaconda3/envs/hail/lib/python3.6/site-packages/hail/hail-all-spark.jar at spark://192.168.0.110:52409/jars/hail-all-spark.jar with timestamp 1584648027868
2020-03-19 16:00:27 Executor: INFO: Starting executor ID driver on host localhost
2020-03-19 16:00:28 Utils: INFO: Successfully started service 'org.apache.spark.network.netty.NettyBlockTransferService' on port 52410.
2020-03-19 16:00:28 NettyBlockTransferService: INFO: Server created on 192.168.0.110:52410
2020-03-19 16:00:28 BlockManager: INFO: Using org.apache.spark.storage.RandomBlockReplicationPolicy for block replication policy
2020-03-19 16:00:28 BlockManagerMaster: INFO: Registering BlockManager BlockManagerId(driver, 192.168.0.110, 52410, None)
2020-03-19 16:00:28 BlockManagerMasterEndpoint: INFO: Registering block manager 192.168.0.110:52410 with 366.3 MB RAM, BlockManagerId(driver, 192.168.0.110, 52410, None)
2020-03-19 16:00:28 BlockManagerMaster: INFO: Registered BlockManager BlockManagerId(driver, 192.168.0.110, 52410, None)
2020-03-19 16:00:28 BlockManager: INFO: Initialized BlockManager: BlockManagerId(driver, 192.168.0.110, 52410, None)
2020-03-19 16:00:28 ContextHandler: INFO: Started o.s.j.s.ServletContextHandler@56673233{/metrics/json,null,AVAILABLE,@Spark}
2020-03-19 16:00:28 Hail: INFO: Hail temporary directory: file:/tmp/hail.SY9DU0MHXQmX
2020-03-19 16:00:28 Hail: INFO: SparkUI: http://192.168.0.110:4041
2020-03-19 16:00:28 Hail: INFO: Running Hail version 0.2.34-914bd8a10ca2
2020-03-19 16:00:28 SparkContext: WARN: Using an existing SparkContext; some configuration may not take effect.
2020-03-19 16:11:30 SparkContext: INFO: Invoking stop() from shutdown hook
2020-03-19 16:11:30 AbstractConnector: INFO: Stopped Spark@5e44650c{HTTP/1.1,[http/1.1]}{0.0.0.0:4041}
2020-03-19 16:11:30 SparkUI: INFO: Stopped Spark web UI at http://192.168.0.110:4041
2020-03-19 16:11:30 MapOutputTrackerMasterEndpoint: INFO: MapOutputTrackerMasterEndpoint stopped!
2020-03-19 16:11:30 MemoryStore: INFO: MemoryStore cleared
2020-03-19 16:11:30 BlockManager: INFO: BlockManager stopped
2020-03-19 16:11:30 BlockManagerMaster: INFO: BlockManagerMaster stopped
2020-03-19 16:11:30 OutputCommitCoordinator$OutputCommitCoordinatorEndpoint: INFO: OutputCommitCoordinator stopped!
2020-03-19 16:11:30 SparkContext: INFO: Successfully stopped SparkContext
2020-03-19 16:11:30 ShutdownHookManager: INFO: Shutdown hook called
2020-03-19 16:11:30 ShutdownHookManager: INFO: Deleting directory /private/var/folders/56/q7rh2y5x7hj4n359_13dgwxcmtwz20/T/spark-07d07508-7fd2-402b-8d4a-a39523d7f162
2020-03-19 16:11:30 ShutdownHookManager: INFO: Deleting directory /private/var/folders/56/q7rh2y5x7hj4n359_13dgwxcmtwz20/T/spark-3b9926b7-c2fb-47ef-9d32-3df647302721/pyspark-2418353e-248d-4abb-b44c-a16e035f8a38
2020-03-19 16:11:30 ShutdownHookManager: INFO: Deleting directory /private/var/folders/56/q7rh2y5x7hj4n359_13dgwxcmtwz20/T/spark-3b9926b7-c2fb-47ef-9d32-3df647302721
