2020-03-19 14:21:37 Hail: WARN: This Hail JAR was compiled for Spark 2.4.0, running with Spark 2.4.3.
  Compatibility is not guaranteed.
2020-03-19 14:21:37 SparkContext: INFO: Running Spark version 2.4.3
2020-03-19 14:21:37 SparkContext: INFO: Submitted application: Hail
2020-03-19 14:21:37 SparkContext: INFO: Spark configuration:
spark.app.name=Hail
spark.driver.extraClassPath=/anaconda3/envs/hail/lib/python3.6/site-packages/hail/hail-all-spark.jar
spark.driver.maxResultSize=0
spark.executor.extraClassPath=./hail-all-spark.jar
spark.hadoop.google.cloud.auth.service.account.enable=true
spark.hadoop.google.cloud.auth.service.account.json.keyfile=/Users/nbaya/.hail/gcs-keys/gcs-connector-key.json
spark.hadoop.io.compression.codecs=org.apache.hadoop.io.compress.DefaultCodec,is.hail.io.compress.BGzipCodec,is.hail.io.compress.BGzipCodecTbi,org.apache.hadoop.io.compress.GzipCodec
spark.hadoop.mapreduce.input.fileinputformat.split.minsize=0
spark.jars=file:///anaconda3/envs/hail/lib/python3.6/site-packages/hail/hail-all-spark.jar
spark.kryo.registrator=is.hail.kryo.HailKryoRegistrator
spark.kryoserializer.buffer.max=1g
spark.logConf=true
spark.master=local[*]
spark.repl.local.jars=file:///anaconda3/envs/hail/lib/python3.6/site-packages/hail/hail-all-spark.jar
spark.serializer=org.apache.spark.serializer.KryoSerializer
spark.submit.deployMode=client
spark.ui.showConsoleProgress=false
2020-03-19 14:21:37 SecurityManager: INFO: Changing view acls to: nbaya
2020-03-19 14:21:37 SecurityManager: INFO: Changing modify acls to: nbaya
2020-03-19 14:21:37 SecurityManager: INFO: Changing view acls groups to: 
2020-03-19 14:21:37 SecurityManager: INFO: Changing modify acls groups to: 
2020-03-19 14:21:37 SecurityManager: INFO: SecurityManager: authentication disabled; ui acls disabled; users  with view permissions: Set(nbaya); groups with view permissions: Set(); users  with modify permissions: Set(nbaya); groups with modify permissions: Set()
2020-03-19 14:21:38 Utils: INFO: Successfully started service 'sparkDriver' on port 51736.
2020-03-19 14:21:38 SparkEnv: INFO: Registering MapOutputTracker
2020-03-19 14:21:38 SparkEnv: INFO: Registering BlockManagerMaster
2020-03-19 14:21:38 BlockManagerMasterEndpoint: INFO: Using org.apache.spark.storage.DefaultTopologyMapper for getting topology information
2020-03-19 14:21:38 BlockManagerMasterEndpoint: INFO: BlockManagerMasterEndpoint up
2020-03-19 14:21:38 DiskBlockManager: INFO: Created local directory at /private/var/folders/56/q7rh2y5x7hj4n359_13dgwxcmtwz20/T/blockmgr-385e1461-c519-4c5d-a0d2-6ea0c73709f0
2020-03-19 14:21:38 MemoryStore: INFO: MemoryStore started with capacity 366.3 MB
2020-03-19 14:21:38 SparkEnv: INFO: Registering OutputCommitCoordinator
2020-03-19 14:21:38 log: INFO: Logging initialized @2630ms
2020-03-19 14:21:38 Server: INFO: jetty-9.3.z-SNAPSHOT, build timestamp: unknown, git hash: unknown
2020-03-19 14:21:38 Server: INFO: Started @2715ms
2020-03-19 14:21:38 Utils: WARN: Service 'SparkUI' could not bind on port 4040. Attempting port 4041.
2020-03-19 14:21:38 AbstractConnector: INFO: Started ServerConnector@78ed0678{HTTP/1.1,[http/1.1]}{0.0.0.0:4041}
2020-03-19 14:21:38 Utils: INFO: Successfully started service 'SparkUI' on port 4041.
2020-03-19 14:21:38 ContextHandler: INFO: Started o.s.j.s.ServletContextHandler@531a4516{/jobs,null,AVAILABLE,@Spark}
2020-03-19 14:21:38 ContextHandler: INFO: Started o.s.j.s.ServletContextHandler@3636b115{/jobs/json,null,AVAILABLE,@Spark}
2020-03-19 14:21:38 ContextHandler: INFO: Started o.s.j.s.ServletContextHandler@2f1cb1d2{/jobs/job,null,AVAILABLE,@Spark}
2020-03-19 14:21:38 ContextHandler: INFO: Started o.s.j.s.ServletContextHandler@7d7d468b{/jobs/job/json,null,AVAILABLE,@Spark}
2020-03-19 14:21:38 ContextHandler: INFO: Started o.s.j.s.ServletContextHandler@7e40fe28{/stages,null,AVAILABLE,@Spark}
2020-03-19 14:21:38 ContextHandler: INFO: Started o.s.j.s.ServletContextHandler@34984213{/stages/json,null,AVAILABLE,@Spark}
2020-03-19 14:21:38 ContextHandler: INFO: Started o.s.j.s.ServletContextHandler@4434fb53{/stages/stage,null,AVAILABLE,@Spark}
2020-03-19 14:21:38 ContextHandler: INFO: Started o.s.j.s.ServletContextHandler@5cdce626{/stages/stage/json,null,AVAILABLE,@Spark}
2020-03-19 14:21:38 ContextHandler: INFO: Started o.s.j.s.ServletContextHandler@3f51608d{/stages/pool,null,AVAILABLE,@Spark}
2020-03-19 14:21:38 ContextHandler: INFO: Started o.s.j.s.ServletContextHandler@391f1b93{/stages/pool/json,null,AVAILABLE,@Spark}
2020-03-19 14:21:38 ContextHandler: INFO: Started o.s.j.s.ServletContextHandler@60fda72{/storage,null,AVAILABLE,@Spark}
2020-03-19 14:21:38 ContextHandler: INFO: Started o.s.j.s.ServletContextHandler@3d59e143{/storage/json,null,AVAILABLE,@Spark}
2020-03-19 14:21:38 ContextHandler: INFO: Started o.s.j.s.ServletContextHandler@9b8ab6d{/storage/rdd,null,AVAILABLE,@Spark}
2020-03-19 14:21:38 ContextHandler: INFO: Started o.s.j.s.ServletContextHandler@483aea4a{/storage/rdd/json,null,AVAILABLE,@Spark}
2020-03-19 14:21:38 ContextHandler: INFO: Started o.s.j.s.ServletContextHandler@309e7575{/environment,null,AVAILABLE,@Spark}
2020-03-19 14:21:38 ContextHandler: INFO: Started o.s.j.s.ServletContextHandler@42bfd9dc{/environment/json,null,AVAILABLE,@Spark}
2020-03-19 14:21:38 ContextHandler: INFO: Started o.s.j.s.ServletContextHandler@e90f125{/executors,null,AVAILABLE,@Spark}
2020-03-19 14:21:38 ContextHandler: INFO: Started o.s.j.s.ServletContextHandler@11673207{/executors/json,null,AVAILABLE,@Spark}
2020-03-19 14:21:38 ContextHandler: INFO: Started o.s.j.s.ServletContextHandler@5291d883{/executors/threadDump,null,AVAILABLE,@Spark}
2020-03-19 14:21:38 ContextHandler: INFO: Started o.s.j.s.ServletContextHandler@6e5c8a34{/executors/threadDump/json,null,AVAILABLE,@Spark}
2020-03-19 14:21:38 ContextHandler: INFO: Started o.s.j.s.ServletContextHandler@674c4703{/static,null,AVAILABLE,@Spark}
2020-03-19 14:21:38 ContextHandler: INFO: Started o.s.j.s.ServletContextHandler@3e33bfec{/,null,AVAILABLE,@Spark}
2020-03-19 14:21:38 ContextHandler: INFO: Started o.s.j.s.ServletContextHandler@20d7c41c{/api,null,AVAILABLE,@Spark}
2020-03-19 14:21:38 ContextHandler: INFO: Started o.s.j.s.ServletContextHandler@70ca2a14{/jobs/job/kill,null,AVAILABLE,@Spark}
2020-03-19 14:21:38 ContextHandler: INFO: Started o.s.j.s.ServletContextHandler@33104098{/stages/stage/kill,null,AVAILABLE,@Spark}
2020-03-19 14:21:38 SparkUI: INFO: Bound SparkUI to 0.0.0.0, and started at http://192.168.0.110:4041
2020-03-19 14:21:38 SparkContext: INFO: Added JAR file:///anaconda3/envs/hail/lib/python3.6/site-packages/hail/hail-all-spark.jar at spark://192.168.0.110:51736/jars/hail-all-spark.jar with timestamp 1584642098501
2020-03-19 14:21:38 Executor: INFO: Starting executor ID driver on host localhost
2020-03-19 14:21:38 Utils: INFO: Successfully started service 'org.apache.spark.network.netty.NettyBlockTransferService' on port 51737.
2020-03-19 14:21:38 NettyBlockTransferService: INFO: Server created on 192.168.0.110:51737
2020-03-19 14:21:38 BlockManager: INFO: Using org.apache.spark.storage.RandomBlockReplicationPolicy for block replication policy
2020-03-19 14:21:38 BlockManagerMaster: INFO: Registering BlockManager BlockManagerId(driver, 192.168.0.110, 51737, None)
2020-03-19 14:21:38 BlockManagerMasterEndpoint: INFO: Registering block manager 192.168.0.110:51737 with 366.3 MB RAM, BlockManagerId(driver, 192.168.0.110, 51737, None)
2020-03-19 14:21:38 BlockManagerMaster: INFO: Registered BlockManager BlockManagerId(driver, 192.168.0.110, 51737, None)
2020-03-19 14:21:38 BlockManager: INFO: Initialized BlockManager: BlockManagerId(driver, 192.168.0.110, 51737, None)
2020-03-19 14:21:38 ContextHandler: INFO: Started o.s.j.s.ServletContextHandler@53df43a8{/metrics/json,null,AVAILABLE,@Spark}
2020-03-19 14:21:38 Hail: INFO: Hail temporary directory: file:/tmp/hail.UeSYnEoYCiPQ
2020-03-19 14:21:38 Hail: INFO: SparkUI: http://192.168.0.110:4041
2020-03-19 14:21:38 Hail: INFO: Running Hail version 0.2.34-914bd8a10ca2
2020-03-19 14:21:39 SparkContext: WARN: Using an existing SparkContext; some configuration may not take effect.
2020-03-19 14:24:18 SparkContext: INFO: Invoking stop() from shutdown hook
2020-03-19 14:24:18 AbstractConnector: INFO: Stopped Spark@78ed0678{HTTP/1.1,[http/1.1]}{0.0.0.0:4041}
2020-03-19 14:24:18 SparkUI: INFO: Stopped Spark web UI at http://192.168.0.110:4041
2020-03-19 14:24:18 MapOutputTrackerMasterEndpoint: INFO: MapOutputTrackerMasterEndpoint stopped!
2020-03-19 14:24:18 MemoryStore: INFO: MemoryStore cleared
2020-03-19 14:24:18 BlockManager: INFO: BlockManager stopped
2020-03-19 14:24:18 BlockManagerMaster: INFO: BlockManagerMaster stopped
2020-03-19 14:24:18 OutputCommitCoordinator$OutputCommitCoordinatorEndpoint: INFO: OutputCommitCoordinator stopped!
2020-03-19 14:24:18 SparkContext: INFO: Successfully stopped SparkContext
2020-03-19 14:24:18 ShutdownHookManager: INFO: Shutdown hook called
2020-03-19 14:24:18 ShutdownHookManager: INFO: Deleting directory /private/var/folders/56/q7rh2y5x7hj4n359_13dgwxcmtwz20/T/spark-07c2f540-32f3-485f-b682-18f8d58c82f7/pyspark-d1b0f2e6-16d1-4c75-a2d0-e53b0f0bdbfb
2020-03-19 14:24:18 ShutdownHookManager: INFO: Deleting directory /private/var/folders/56/q7rh2y5x7hj4n359_13dgwxcmtwz20/T/spark-07c2f540-32f3-485f-b682-18f8d58c82f7
2020-03-19 14:24:18 ShutdownHookManager: INFO: Deleting directory /private/var/folders/56/q7rh2y5x7hj4n359_13dgwxcmtwz20/T/spark-7cd94031-8a88-470c-92c3-f92afb47d4d3
