2020-03-09 10:30:21 Hail: WARN: This Hail JAR was compiled for Spark 2.4.0, running with Spark 2.4.3.
  Compatibility is not guaranteed.
2020-03-09 10:30:21 SparkContext: INFO: Running Spark version 2.4.3
2020-03-09 10:30:21 SparkContext: INFO: Submitted application: Hail
2020-03-09 10:30:21 SparkContext: INFO: Spark configuration:
spark.app.name=Hail
spark.driver.extraClassPath=/anaconda3/envs/hail/lib/python3.6/site-packages/hail/hail-all-spark.jar
spark.driver.maxResultSize=0
spark.executor.extraClassPath=./hail-all-spark.jar
spark.hadoop.google.cloud.auth.service.account.enable=true
spark.hadoop.google.cloud.auth.service.account.json.keyfile=/Users/nbaya/.hail/gcs-keys/gcs-connector-key.json
spark.hadoop.io.compression.codecs=org.apache.hadoop.io.compress.DefaultCodec,is.hail.io.compress.BGzipCodec,is.hail.io.compress.BGzipCodecTbi,org.apache.hadoop.io.compress.GzipCodec
spark.hadoop.mapreduce.input.fileinputformat.split.minsize=0
spark.jars=file:///anaconda3/envs/hail/lib/python3.6/site-packages/hail/hail-all-spark.jar
spark.kryo.registrator=is.hail.kryo.HailKryoRegistrator
spark.kryoserializer.buffer.max=1g
spark.logConf=true
spark.master=local[*]
spark.repl.local.jars=file:///anaconda3/envs/hail/lib/python3.6/site-packages/hail/hail-all-spark.jar
spark.serializer=org.apache.spark.serializer.KryoSerializer
spark.submit.deployMode=client
spark.ui.showConsoleProgress=false
2020-03-09 10:30:21 SecurityManager: INFO: Changing view acls to: nbaya
2020-03-09 10:30:21 SecurityManager: INFO: Changing modify acls to: nbaya
2020-03-09 10:30:21 SecurityManager: INFO: Changing view acls groups to: 
2020-03-09 10:30:21 SecurityManager: INFO: Changing modify acls groups to: 
2020-03-09 10:30:21 SecurityManager: INFO: SecurityManager: authentication disabled; ui acls disabled; users  with view permissions: Set(nbaya); groups with view permissions: Set(); users  with modify permissions: Set(nbaya); groups with modify permissions: Set()
2020-03-09 10:30:21 Utils: INFO: Successfully started service 'sparkDriver' on port 61807.
2020-03-09 10:30:21 SparkEnv: INFO: Registering MapOutputTracker
2020-03-09 10:30:21 SparkEnv: INFO: Registering BlockManagerMaster
2020-03-09 10:30:21 BlockManagerMasterEndpoint: INFO: Using org.apache.spark.storage.DefaultTopologyMapper for getting topology information
2020-03-09 10:30:21 BlockManagerMasterEndpoint: INFO: BlockManagerMasterEndpoint up
2020-03-09 10:30:21 DiskBlockManager: INFO: Created local directory at /private/var/folders/56/q7rh2y5x7hj4n359_13dgwxcmtwz20/T/blockmgr-65ebf05b-f464-48fe-a7c0-e93fab99cb7b
2020-03-09 10:30:21 MemoryStore: INFO: MemoryStore started with capacity 366.3 MB
2020-03-09 10:30:21 SparkEnv: INFO: Registering OutputCommitCoordinator
2020-03-09 10:30:22 log: INFO: Logging initialized @2811ms
2020-03-09 10:30:22 Server: INFO: jetty-9.3.z-SNAPSHOT, build timestamp: unknown, git hash: unknown
2020-03-09 10:30:22 Server: INFO: Started @2913ms
2020-03-09 10:30:22 Utils: WARN: Service 'SparkUI' could not bind on port 4040. Attempting port 4041.
2020-03-09 10:30:22 AbstractConnector: INFO: Started ServerConnector@4f579aec{HTTP/1.1,[http/1.1]}{0.0.0.0:4041}
2020-03-09 10:30:22 Utils: INFO: Successfully started service 'SparkUI' on port 4041.
2020-03-09 10:30:22 ContextHandler: INFO: Started o.s.j.s.ServletContextHandler@5ba40d3f{/jobs,null,AVAILABLE,@Spark}
2020-03-09 10:30:22 ContextHandler: INFO: Started o.s.j.s.ServletContextHandler@5a8e662b{/jobs/json,null,AVAILABLE,@Spark}
2020-03-09 10:30:22 ContextHandler: INFO: Started o.s.j.s.ServletContextHandler@3df3ee24{/jobs/job,null,AVAILABLE,@Spark}
2020-03-09 10:30:22 ContextHandler: INFO: Started o.s.j.s.ServletContextHandler@6f44a674{/jobs/job/json,null,AVAILABLE,@Spark}
2020-03-09 10:30:22 ContextHandler: INFO: Started o.s.j.s.ServletContextHandler@46d23a89{/stages,null,AVAILABLE,@Spark}
2020-03-09 10:30:22 ContextHandler: INFO: Started o.s.j.s.ServletContextHandler@64726eb9{/stages/json,null,AVAILABLE,@Spark}
2020-03-09 10:30:22 ContextHandler: INFO: Started o.s.j.s.ServletContextHandler@400bf1dc{/stages/stage,null,AVAILABLE,@Spark}
2020-03-09 10:30:22 ContextHandler: INFO: Started o.s.j.s.ServletContextHandler@2a9757a1{/stages/stage/json,null,AVAILABLE,@Spark}
2020-03-09 10:30:22 ContextHandler: INFO: Started o.s.j.s.ServletContextHandler@350dd63e{/stages/pool,null,AVAILABLE,@Spark}
2020-03-09 10:30:22 ContextHandler: INFO: Started o.s.j.s.ServletContextHandler@bc0c3c0{/stages/pool/json,null,AVAILABLE,@Spark}
2020-03-09 10:30:22 ContextHandler: INFO: Started o.s.j.s.ServletContextHandler@69ada047{/storage,null,AVAILABLE,@Spark}
2020-03-09 10:30:22 ContextHandler: INFO: Started o.s.j.s.ServletContextHandler@7997d88c{/storage/json,null,AVAILABLE,@Spark}
2020-03-09 10:30:22 ContextHandler: INFO: Started o.s.j.s.ServletContextHandler@22f04da6{/storage/rdd,null,AVAILABLE,@Spark}
2020-03-09 10:30:22 ContextHandler: INFO: Started o.s.j.s.ServletContextHandler@2fa344fb{/storage/rdd/json,null,AVAILABLE,@Spark}
2020-03-09 10:30:22 ContextHandler: INFO: Started o.s.j.s.ServletContextHandler@2b0876d0{/environment,null,AVAILABLE,@Spark}
2020-03-09 10:30:22 ContextHandler: INFO: Started o.s.j.s.ServletContextHandler@6c9c9885{/environment/json,null,AVAILABLE,@Spark}
2020-03-09 10:30:22 ContextHandler: INFO: Started o.s.j.s.ServletContextHandler@4c2165cd{/executors,null,AVAILABLE,@Spark}
2020-03-09 10:30:22 ContextHandler: INFO: Started o.s.j.s.ServletContextHandler@7990642e{/executors/json,null,AVAILABLE,@Spark}
2020-03-09 10:30:22 ContextHandler: INFO: Started o.s.j.s.ServletContextHandler@1146333a{/executors/threadDump,null,AVAILABLE,@Spark}
2020-03-09 10:30:22 ContextHandler: INFO: Started o.s.j.s.ServletContextHandler@1916c927{/executors/threadDump/json,null,AVAILABLE,@Spark}
2020-03-09 10:30:22 ContextHandler: INFO: Started o.s.j.s.ServletContextHandler@5eded8c5{/static,null,AVAILABLE,@Spark}
2020-03-09 10:30:22 ContextHandler: INFO: Started o.s.j.s.ServletContextHandler@6b5a8cfb{/,null,AVAILABLE,@Spark}
2020-03-09 10:30:22 ContextHandler: INFO: Started o.s.j.s.ServletContextHandler@4e2ddf69{/api,null,AVAILABLE,@Spark}
2020-03-09 10:30:22 ContextHandler: INFO: Started o.s.j.s.ServletContextHandler@5d4e2895{/jobs/job/kill,null,AVAILABLE,@Spark}
2020-03-09 10:30:22 ContextHandler: INFO: Started o.s.j.s.ServletContextHandler@2afce5d1{/stages/stage/kill,null,AVAILABLE,@Spark}
2020-03-09 10:30:22 SparkUI: INFO: Bound SparkUI to 0.0.0.0, and started at http://wm65b-8a9.broadinstitute.org:4041
2020-03-09 10:30:22 SparkContext: INFO: Added JAR file:///anaconda3/envs/hail/lib/python3.6/site-packages/hail/hail-all-spark.jar at spark://wm65b-8a9.broadinstitute.org:61807/jars/hail-all-spark.jar with timestamp 1583764222279
2020-03-09 10:30:22 Executor: INFO: Starting executor ID driver on host localhost
2020-03-09 10:30:22 Utils: INFO: Successfully started service 'org.apache.spark.network.netty.NettyBlockTransferService' on port 61808.
2020-03-09 10:30:22 NettyBlockTransferService: INFO: Server created on wm65b-8a9.broadinstitute.org:61808
2020-03-09 10:30:22 BlockManager: INFO: Using org.apache.spark.storage.RandomBlockReplicationPolicy for block replication policy
2020-03-09 10:30:22 BlockManagerMaster: INFO: Registering BlockManager BlockManagerId(driver, wm65b-8a9.broadinstitute.org, 61808, None)
2020-03-09 10:30:22 BlockManagerMasterEndpoint: INFO: Registering block manager wm65b-8a9.broadinstitute.org:61808 with 366.3 MB RAM, BlockManagerId(driver, wm65b-8a9.broadinstitute.org, 61808, None)
2020-03-09 10:30:22 BlockManagerMaster: INFO: Registered BlockManager BlockManagerId(driver, wm65b-8a9.broadinstitute.org, 61808, None)
2020-03-09 10:30:22 BlockManager: INFO: Initialized BlockManager: BlockManagerId(driver, wm65b-8a9.broadinstitute.org, 61808, None)
2020-03-09 10:30:22 ContextHandler: INFO: Started o.s.j.s.ServletContextHandler@10d6274b{/metrics/json,null,AVAILABLE,@Spark}
2020-03-09 10:30:22 Hail: INFO: Hail temporary directory: file:/tmp/hail.QP3HWi9AKatM
2020-03-09 10:30:22 Hail: INFO: SparkUI: http://wm65b-8a9.broadinstitute.org:4041
2020-03-09 10:30:22 Hail: INFO: Running Hail version 0.2.33-5d8cae649505
2020-03-09 10:30:23 SparkContext: WARN: Using an existing SparkContext; some configuration may not take effect.
2020-03-09 10:33:33 SparkContext: INFO: Invoking stop() from shutdown hook
2020-03-09 10:33:33 AbstractConnector: INFO: Stopped Spark@4f579aec{HTTP/1.1,[http/1.1]}{0.0.0.0:4041}
2020-03-09 10:33:33 SparkUI: INFO: Stopped Spark web UI at http://wm65b-8a9.broadinstitute.org:4041
2020-03-09 10:33:33 MapOutputTrackerMasterEndpoint: INFO: MapOutputTrackerMasterEndpoint stopped!
2020-03-09 10:33:33 MemoryStore: INFO: MemoryStore cleared
2020-03-09 10:33:33 BlockManager: INFO: BlockManager stopped
2020-03-09 10:33:33 BlockManagerMaster: INFO: BlockManagerMaster stopped
2020-03-09 10:33:33 OutputCommitCoordinator$OutputCommitCoordinatorEndpoint: INFO: OutputCommitCoordinator stopped!
2020-03-09 10:33:33 SparkContext: INFO: Successfully stopped SparkContext
2020-03-09 10:33:33 ShutdownHookManager: INFO: Shutdown hook called
2020-03-09 10:33:33 ShutdownHookManager: INFO: Deleting directory /private/var/folders/56/q7rh2y5x7hj4n359_13dgwxcmtwz20/T/spark-7d49426c-f645-4936-82ca-91f34eb592a4/pyspark-8d3e2945-2c80-4ae7-89d2-87c745f2068f
2020-03-09 10:33:33 ShutdownHookManager: INFO: Deleting directory /private/var/folders/56/q7rh2y5x7hj4n359_13dgwxcmtwz20/T/spark-422e20e3-fcd9-4601-be36-f3af75ccda3c
2020-03-09 10:33:33 ShutdownHookManager: INFO: Deleting directory /private/var/folders/56/q7rh2y5x7hj4n359_13dgwxcmtwz20/T/spark-7d49426c-f645-4936-82ca-91f34eb592a4
