2020-03-16 13:37:51 Hail: WARN: This Hail JAR was compiled for Spark 2.4.0, running with Spark 2.4.3.
  Compatibility is not guaranteed.
2020-03-16 13:37:51 SparkContext: INFO: Running Spark version 2.4.3
2020-03-16 13:37:51 SparkContext: INFO: Submitted application: Hail
2020-03-16 13:37:51 SparkContext: INFO: Spark configuration:
spark.app.name=Hail
spark.driver.extraClassPath=/anaconda3/envs/hail/lib/python3.6/site-packages/hail/hail-all-spark.jar
spark.driver.maxResultSize=0
spark.executor.extraClassPath=./hail-all-spark.jar
spark.hadoop.google.cloud.auth.service.account.enable=true
spark.hadoop.google.cloud.auth.service.account.json.keyfile=/Users/nbaya/.hail/gcs-keys/gcs-connector-key.json
spark.hadoop.io.compression.codecs=org.apache.hadoop.io.compress.DefaultCodec,is.hail.io.compress.BGzipCodec,is.hail.io.compress.BGzipCodecTbi,org.apache.hadoop.io.compress.GzipCodec
spark.hadoop.mapreduce.input.fileinputformat.split.minsize=0
spark.jars=file:///anaconda3/envs/hail/lib/python3.6/site-packages/hail/hail-all-spark.jar
spark.kryo.registrator=is.hail.kryo.HailKryoRegistrator
spark.kryoserializer.buffer.max=1g
spark.logConf=true
spark.master=local[*]
spark.repl.local.jars=file:///anaconda3/envs/hail/lib/python3.6/site-packages/hail/hail-all-spark.jar
spark.serializer=org.apache.spark.serializer.KryoSerializer
spark.submit.deployMode=client
spark.ui.showConsoleProgress=false
2020-03-16 13:37:51 SecurityManager: INFO: Changing view acls to: nbaya
2020-03-16 13:37:51 SecurityManager: INFO: Changing modify acls to: nbaya
2020-03-16 13:37:51 SecurityManager: INFO: Changing view acls groups to: 
2020-03-16 13:37:51 SecurityManager: INFO: Changing modify acls groups to: 
2020-03-16 13:37:51 SecurityManager: INFO: SecurityManager: authentication disabled; ui acls disabled; users  with view permissions: Set(nbaya); groups with view permissions: Set(); users  with modify permissions: Set(nbaya); groups with modify permissions: Set()
2020-03-16 13:37:52 Utils: INFO: Successfully started service 'sparkDriver' on port 64379.
2020-03-16 13:37:52 SparkEnv: INFO: Registering MapOutputTracker
2020-03-16 13:37:52 SparkEnv: INFO: Registering BlockManagerMaster
2020-03-16 13:37:52 BlockManagerMasterEndpoint: INFO: Using org.apache.spark.storage.DefaultTopologyMapper for getting topology information
2020-03-16 13:37:52 BlockManagerMasterEndpoint: INFO: BlockManagerMasterEndpoint up
2020-03-16 13:37:52 DiskBlockManager: INFO: Created local directory at /private/var/folders/56/q7rh2y5x7hj4n359_13dgwxcmtwz20/T/blockmgr-41513697-ddb7-483b-bece-47863d69cf4c
2020-03-16 13:37:52 MemoryStore: INFO: MemoryStore started with capacity 366.3 MB
2020-03-16 13:37:52 SparkEnv: INFO: Registering OutputCommitCoordinator
2020-03-16 13:37:52 log: INFO: Logging initialized @2700ms
2020-03-16 13:37:52 Server: INFO: jetty-9.3.z-SNAPSHOT, build timestamp: unknown, git hash: unknown
2020-03-16 13:37:52 Server: INFO: Started @2799ms
2020-03-16 13:37:52 Utils: WARN: Service 'SparkUI' could not bind on port 4040. Attempting port 4041.
2020-03-16 13:37:52 AbstractConnector: INFO: Started ServerConnector@18859655{HTTP/1.1,[http/1.1]}{0.0.0.0:4041}
2020-03-16 13:37:52 Utils: INFO: Successfully started service 'SparkUI' on port 4041.
2020-03-16 13:37:52 ContextHandler: INFO: Started o.s.j.s.ServletContextHandler@6aaa5f8{/jobs,null,AVAILABLE,@Spark}
2020-03-16 13:37:52 ContextHandler: INFO: Started o.s.j.s.ServletContextHandler@3112367a{/jobs/json,null,AVAILABLE,@Spark}
2020-03-16 13:37:52 ContextHandler: INFO: Started o.s.j.s.ServletContextHandler@374f943a{/jobs/job,null,AVAILABLE,@Spark}
2020-03-16 13:37:52 ContextHandler: INFO: Started o.s.j.s.ServletContextHandler@45c2aa7f{/jobs/job/json,null,AVAILABLE,@Spark}
2020-03-16 13:37:52 ContextHandler: INFO: Started o.s.j.s.ServletContextHandler@6543e55b{/stages,null,AVAILABLE,@Spark}
2020-03-16 13:37:52 ContextHandler: INFO: Started o.s.j.s.ServletContextHandler@2e66438d{/stages/json,null,AVAILABLE,@Spark}
2020-03-16 13:37:52 ContextHandler: INFO: Started o.s.j.s.ServletContextHandler@525e3415{/stages/stage,null,AVAILABLE,@Spark}
2020-03-16 13:37:52 ContextHandler: INFO: Started o.s.j.s.ServletContextHandler@646af7f1{/stages/stage/json,null,AVAILABLE,@Spark}
2020-03-16 13:37:52 ContextHandler: INFO: Started o.s.j.s.ServletContextHandler@473789f5{/stages/pool,null,AVAILABLE,@Spark}
2020-03-16 13:37:52 ContextHandler: INFO: Started o.s.j.s.ServletContextHandler@3abe9005{/stages/pool/json,null,AVAILABLE,@Spark}
2020-03-16 13:37:52 ContextHandler: INFO: Started o.s.j.s.ServletContextHandler@2765d88d{/storage,null,AVAILABLE,@Spark}
2020-03-16 13:37:52 ContextHandler: INFO: Started o.s.j.s.ServletContextHandler@140366ef{/storage/json,null,AVAILABLE,@Spark}
2020-03-16 13:37:52 ContextHandler: INFO: Started o.s.j.s.ServletContextHandler@6f803dbb{/storage/rdd,null,AVAILABLE,@Spark}
2020-03-16 13:37:52 ContextHandler: INFO: Started o.s.j.s.ServletContextHandler@21f0a6f6{/storage/rdd/json,null,AVAILABLE,@Spark}
2020-03-16 13:37:52 ContextHandler: INFO: Started o.s.j.s.ServletContextHandler@28d8a3f5{/environment,null,AVAILABLE,@Spark}
2020-03-16 13:37:52 ContextHandler: INFO: Started o.s.j.s.ServletContextHandler@27e38c1f{/environment/json,null,AVAILABLE,@Spark}
2020-03-16 13:37:52 ContextHandler: INFO: Started o.s.j.s.ServletContextHandler@496000bd{/executors,null,AVAILABLE,@Spark}
2020-03-16 13:37:52 ContextHandler: INFO: Started o.s.j.s.ServletContextHandler@6d83c871{/executors/json,null,AVAILABLE,@Spark}
2020-03-16 13:37:52 ContextHandler: INFO: Started o.s.j.s.ServletContextHandler@a9193f{/executors/threadDump,null,AVAILABLE,@Spark}
2020-03-16 13:37:52 ContextHandler: INFO: Started o.s.j.s.ServletContextHandler@3b11ee41{/executors/threadDump/json,null,AVAILABLE,@Spark}
2020-03-16 13:37:52 ContextHandler: INFO: Started o.s.j.s.ServletContextHandler@72bd6476{/static,null,AVAILABLE,@Spark}
2020-03-16 13:37:52 ContextHandler: INFO: Started o.s.j.s.ServletContextHandler@366d22aa{/,null,AVAILABLE,@Spark}
2020-03-16 13:37:52 ContextHandler: INFO: Started o.s.j.s.ServletContextHandler@6c913009{/api,null,AVAILABLE,@Spark}
2020-03-16 13:37:52 ContextHandler: INFO: Started o.s.j.s.ServletContextHandler@4f428d68{/jobs/job/kill,null,AVAILABLE,@Spark}
2020-03-16 13:37:52 ContextHandler: INFO: Started o.s.j.s.ServletContextHandler@5d4a93f{/stages/stage/kill,null,AVAILABLE,@Spark}
2020-03-16 13:37:52 SparkUI: INFO: Bound SparkUI to 0.0.0.0, and started at http://192.168.0.110:4041
2020-03-16 13:37:52 SparkContext: INFO: Added JAR file:///anaconda3/envs/hail/lib/python3.6/site-packages/hail/hail-all-spark.jar at spark://192.168.0.110:64379/jars/hail-all-spark.jar with timestamp 1584380272790
2020-03-16 13:37:52 Executor: INFO: Starting executor ID driver on host localhost
2020-03-16 13:37:52 Utils: INFO: Successfully started service 'org.apache.spark.network.netty.NettyBlockTransferService' on port 64380.
2020-03-16 13:37:52 NettyBlockTransferService: INFO: Server created on 192.168.0.110:64380
2020-03-16 13:37:52 BlockManager: INFO: Using org.apache.spark.storage.RandomBlockReplicationPolicy for block replication policy
2020-03-16 13:37:52 BlockManagerMaster: INFO: Registering BlockManager BlockManagerId(driver, 192.168.0.110, 64380, None)
2020-03-16 13:37:52 BlockManagerMasterEndpoint: INFO: Registering block manager 192.168.0.110:64380 with 366.3 MB RAM, BlockManagerId(driver, 192.168.0.110, 64380, None)
2020-03-16 13:37:52 BlockManagerMaster: INFO: Registered BlockManager BlockManagerId(driver, 192.168.0.110, 64380, None)
2020-03-16 13:37:52 BlockManager: INFO: Initialized BlockManager: BlockManagerId(driver, 192.168.0.110, 64380, None)
2020-03-16 13:37:53 ContextHandler: INFO: Started o.s.j.s.ServletContextHandler@6b5212e9{/metrics/json,null,AVAILABLE,@Spark}
2020-03-16 13:37:53 Hail: INFO: Hail temporary directory: file:/tmp/hail.txjYEAqKqQs4
2020-03-16 13:37:53 Hail: INFO: SparkUI: http://192.168.0.110:4041
2020-03-16 13:37:53 Hail: INFO: Running Hail version 0.2.34-914bd8a10ca2
2020-03-16 13:37:53 SparkContext: WARN: Using an existing SparkContext; some configuration may not take effect.
2020-03-16 13:41:37 SparkContext: INFO: Invoking stop() from shutdown hook
2020-03-16 13:41:37 AbstractConnector: INFO: Stopped Spark@18859655{HTTP/1.1,[http/1.1]}{0.0.0.0:4041}
2020-03-16 13:41:37 SparkUI: INFO: Stopped Spark web UI at http://192.168.0.110:4041
2020-03-16 13:41:37 MapOutputTrackerMasterEndpoint: INFO: MapOutputTrackerMasterEndpoint stopped!
2020-03-16 13:41:37 MemoryStore: INFO: MemoryStore cleared
2020-03-16 13:41:37 BlockManager: INFO: BlockManager stopped
2020-03-16 13:41:37 BlockManagerMaster: INFO: BlockManagerMaster stopped
2020-03-16 13:41:37 OutputCommitCoordinator$OutputCommitCoordinatorEndpoint: INFO: OutputCommitCoordinator stopped!
2020-03-16 13:41:37 SparkContext: INFO: Successfully stopped SparkContext
2020-03-16 13:41:37 ShutdownHookManager: INFO: Shutdown hook called
2020-03-16 13:41:37 ShutdownHookManager: INFO: Deleting directory /private/var/folders/56/q7rh2y5x7hj4n359_13dgwxcmtwz20/T/spark-c735fcd1-7a52-4f75-85c2-ecb5872bcd41/pyspark-65a6f2ca-104b-4a60-9d71-1f70dc21401f
2020-03-16 13:41:37 ShutdownHookManager: INFO: Deleting directory /private/var/folders/56/q7rh2y5x7hj4n359_13dgwxcmtwz20/T/spark-c735fcd1-7a52-4f75-85c2-ecb5872bcd41
2020-03-16 13:41:37 ShutdownHookManager: INFO: Deleting directory /private/var/folders/56/q7rh2y5x7hj4n359_13dgwxcmtwz20/T/spark-cc849287-66b9-4e2a-a73b-0653a2c2fb21
