2020-03-19 13:57:02 Hail: WARN: This Hail JAR was compiled for Spark 2.4.0, running with Spark 2.4.3.
  Compatibility is not guaranteed.
2020-03-19 13:57:02 SparkContext: INFO: Running Spark version 2.4.3
2020-03-19 13:57:02 SparkContext: INFO: Submitted application: Hail
2020-03-19 13:57:02 SparkContext: INFO: Spark configuration:
spark.app.name=Hail
spark.driver.extraClassPath=/anaconda3/envs/hail/lib/python3.6/site-packages/hail/hail-all-spark.jar
spark.driver.maxResultSize=0
spark.executor.extraClassPath=./hail-all-spark.jar
spark.hadoop.google.cloud.auth.service.account.enable=true
spark.hadoop.google.cloud.auth.service.account.json.keyfile=/Users/nbaya/.hail/gcs-keys/gcs-connector-key.json
spark.hadoop.io.compression.codecs=org.apache.hadoop.io.compress.DefaultCodec,is.hail.io.compress.BGzipCodec,is.hail.io.compress.BGzipCodecTbi,org.apache.hadoop.io.compress.GzipCodec
spark.hadoop.mapreduce.input.fileinputformat.split.minsize=0
spark.jars=file:///anaconda3/envs/hail/lib/python3.6/site-packages/hail/hail-all-spark.jar
spark.kryo.registrator=is.hail.kryo.HailKryoRegistrator
spark.kryoserializer.buffer.max=1g
spark.logConf=true
spark.master=local[*]
spark.repl.local.jars=file:///anaconda3/envs/hail/lib/python3.6/site-packages/hail/hail-all-spark.jar
spark.serializer=org.apache.spark.serializer.KryoSerializer
spark.submit.deployMode=client
spark.ui.showConsoleProgress=false
2020-03-19 13:57:03 SecurityManager: INFO: Changing view acls to: nbaya
2020-03-19 13:57:03 SecurityManager: INFO: Changing modify acls to: nbaya
2020-03-19 13:57:03 SecurityManager: INFO: Changing view acls groups to: 
2020-03-19 13:57:03 SecurityManager: INFO: Changing modify acls groups to: 
2020-03-19 13:57:03 SecurityManager: INFO: SecurityManager: authentication disabled; ui acls disabled; users  with view permissions: Set(nbaya); groups with view permissions: Set(); users  with modify permissions: Set(nbaya); groups with modify permissions: Set()
2020-03-19 13:57:03 Utils: INFO: Successfully started service 'sparkDriver' on port 51521.
2020-03-19 13:57:03 SparkEnv: INFO: Registering MapOutputTracker
2020-03-19 13:57:03 SparkEnv: INFO: Registering BlockManagerMaster
2020-03-19 13:57:03 BlockManagerMasterEndpoint: INFO: Using org.apache.spark.storage.DefaultTopologyMapper for getting topology information
2020-03-19 13:57:03 BlockManagerMasterEndpoint: INFO: BlockManagerMasterEndpoint up
2020-03-19 13:57:03 DiskBlockManager: INFO: Created local directory at /private/var/folders/56/q7rh2y5x7hj4n359_13dgwxcmtwz20/T/blockmgr-3008e9e3-7bc5-4ca2-92ad-f59b154aa4f8
2020-03-19 13:57:03 MemoryStore: INFO: MemoryStore started with capacity 366.3 MB
2020-03-19 13:57:03 SparkEnv: INFO: Registering OutputCommitCoordinator
2020-03-19 13:57:03 log: INFO: Logging initialized @2946ms
2020-03-19 13:57:03 Server: INFO: jetty-9.3.z-SNAPSHOT, build timestamp: unknown, git hash: unknown
2020-03-19 13:57:03 Server: INFO: Started @3051ms
2020-03-19 13:57:03 Utils: WARN: Service 'SparkUI' could not bind on port 4040. Attempting port 4041.
2020-03-19 13:57:03 AbstractConnector: INFO: Started ServerConnector@323b3800{HTTP/1.1,[http/1.1]}{0.0.0.0:4041}
2020-03-19 13:57:03 Utils: INFO: Successfully started service 'SparkUI' on port 4041.
2020-03-19 13:57:03 ContextHandler: INFO: Started o.s.j.s.ServletContextHandler@192fa42a{/jobs,null,AVAILABLE,@Spark}
2020-03-19 13:57:03 ContextHandler: INFO: Started o.s.j.s.ServletContextHandler@515119bb{/jobs/json,null,AVAILABLE,@Spark}
2020-03-19 13:57:03 ContextHandler: INFO: Started o.s.j.s.ServletContextHandler@18434754{/jobs/job,null,AVAILABLE,@Spark}
2020-03-19 13:57:03 ContextHandler: INFO: Started o.s.j.s.ServletContextHandler@72fbd217{/jobs/job/json,null,AVAILABLE,@Spark}
2020-03-19 13:57:03 ContextHandler: INFO: Started o.s.j.s.ServletContextHandler@2b3e9132{/stages,null,AVAILABLE,@Spark}
2020-03-19 13:57:03 ContextHandler: INFO: Started o.s.j.s.ServletContextHandler@29c51ae6{/stages/json,null,AVAILABLE,@Spark}
2020-03-19 13:57:03 ContextHandler: INFO: Started o.s.j.s.ServletContextHandler@5efe9177{/stages/stage,null,AVAILABLE,@Spark}
2020-03-19 13:57:03 ContextHandler: INFO: Started o.s.j.s.ServletContextHandler@2c420ed7{/stages/stage/json,null,AVAILABLE,@Spark}
2020-03-19 13:57:03 ContextHandler: INFO: Started o.s.j.s.ServletContextHandler@61d4701{/stages/pool,null,AVAILABLE,@Spark}
2020-03-19 13:57:03 ContextHandler: INFO: Started o.s.j.s.ServletContextHandler@38c49334{/stages/pool/json,null,AVAILABLE,@Spark}
2020-03-19 13:57:03 ContextHandler: INFO: Started o.s.j.s.ServletContextHandler@1cac6336{/storage,null,AVAILABLE,@Spark}
2020-03-19 13:57:03 ContextHandler: INFO: Started o.s.j.s.ServletContextHandler@2024f2c2{/storage/json,null,AVAILABLE,@Spark}
2020-03-19 13:57:03 ContextHandler: INFO: Started o.s.j.s.ServletContextHandler@4c6d9c88{/storage/rdd,null,AVAILABLE,@Spark}
2020-03-19 13:57:03 ContextHandler: INFO: Started o.s.j.s.ServletContextHandler@50acfb02{/storage/rdd/json,null,AVAILABLE,@Spark}
2020-03-19 13:57:03 ContextHandler: INFO: Started o.s.j.s.ServletContextHandler@2fe687f2{/environment,null,AVAILABLE,@Spark}
2020-03-19 13:57:03 ContextHandler: INFO: Started o.s.j.s.ServletContextHandler@2853d22e{/environment/json,null,AVAILABLE,@Spark}
2020-03-19 13:57:03 ContextHandler: INFO: Started o.s.j.s.ServletContextHandler@8fa8270{/executors,null,AVAILABLE,@Spark}
2020-03-19 13:57:03 ContextHandler: INFO: Started o.s.j.s.ServletContextHandler@3f391c86{/executors/json,null,AVAILABLE,@Spark}
2020-03-19 13:57:03 ContextHandler: INFO: Started o.s.j.s.ServletContextHandler@24fbc584{/executors/threadDump,null,AVAILABLE,@Spark}
2020-03-19 13:57:03 ContextHandler: INFO: Started o.s.j.s.ServletContextHandler@128fb197{/executors/threadDump/json,null,AVAILABLE,@Spark}
2020-03-19 13:57:03 ContextHandler: INFO: Started o.s.j.s.ServletContextHandler@4eba58b4{/static,null,AVAILABLE,@Spark}
2020-03-19 13:57:03 ContextHandler: INFO: Started o.s.j.s.ServletContextHandler@1994a960{/,null,AVAILABLE,@Spark}
2020-03-19 13:57:03 ContextHandler: INFO: Started o.s.j.s.ServletContextHandler@4231a833{/api,null,AVAILABLE,@Spark}
2020-03-19 13:57:03 ContextHandler: INFO: Started o.s.j.s.ServletContextHandler@772cc3d4{/jobs/job/kill,null,AVAILABLE,@Spark}
2020-03-19 13:57:03 ContextHandler: INFO: Started o.s.j.s.ServletContextHandler@12369ebe{/stages/stage/kill,null,AVAILABLE,@Spark}
2020-03-19 13:57:03 SparkUI: INFO: Bound SparkUI to 0.0.0.0, and started at http://192.168.0.110:4041
2020-03-19 13:57:03 SparkContext: INFO: Added JAR file:///anaconda3/envs/hail/lib/python3.6/site-packages/hail/hail-all-spark.jar at spark://192.168.0.110:51521/jars/hail-all-spark.jar with timestamp 1584640623883
2020-03-19 13:57:03 Executor: INFO: Starting executor ID driver on host localhost
2020-03-19 13:57:04 Utils: INFO: Successfully started service 'org.apache.spark.network.netty.NettyBlockTransferService' on port 51522.
2020-03-19 13:57:04 NettyBlockTransferService: INFO: Server created on 192.168.0.110:51522
2020-03-19 13:57:04 BlockManager: INFO: Using org.apache.spark.storage.RandomBlockReplicationPolicy for block replication policy
2020-03-19 13:57:04 BlockManagerMaster: INFO: Registering BlockManager BlockManagerId(driver, 192.168.0.110, 51522, None)
2020-03-19 13:57:04 BlockManagerMasterEndpoint: INFO: Registering block manager 192.168.0.110:51522 with 366.3 MB RAM, BlockManagerId(driver, 192.168.0.110, 51522, None)
2020-03-19 13:57:04 BlockManagerMaster: INFO: Registered BlockManager BlockManagerId(driver, 192.168.0.110, 51522, None)
2020-03-19 13:57:04 BlockManager: INFO: Initialized BlockManager: BlockManagerId(driver, 192.168.0.110, 51522, None)
2020-03-19 13:57:04 ContextHandler: INFO: Started o.s.j.s.ServletContextHandler@16a6bea9{/metrics/json,null,AVAILABLE,@Spark}
2020-03-19 13:57:04 Hail: INFO: Hail temporary directory: file:/tmp/hail.hnW36GQ6FXFO
2020-03-19 13:57:04 Hail: INFO: SparkUI: http://192.168.0.110:4041
2020-03-19 13:57:04 Hail: INFO: Running Hail version 0.2.34-914bd8a10ca2
2020-03-19 13:57:04 SparkContext: WARN: Using an existing SparkContext; some configuration may not take effect.
2020-03-19 13:57:17 SparkContext: INFO: Invoking stop() from shutdown hook
2020-03-19 13:57:17 AbstractConnector: INFO: Stopped Spark@323b3800{HTTP/1.1,[http/1.1]}{0.0.0.0:4041}
2020-03-19 13:57:17 SparkUI: INFO: Stopped Spark web UI at http://192.168.0.110:4041
2020-03-19 13:57:17 MapOutputTrackerMasterEndpoint: INFO: MapOutputTrackerMasterEndpoint stopped!
2020-03-19 13:57:17 MemoryStore: INFO: MemoryStore cleared
2020-03-19 13:57:17 BlockManager: INFO: BlockManager stopped
2020-03-19 13:57:17 BlockManagerMaster: INFO: BlockManagerMaster stopped
2020-03-19 13:57:17 OutputCommitCoordinator$OutputCommitCoordinatorEndpoint: INFO: OutputCommitCoordinator stopped!
2020-03-19 13:57:17 SparkContext: INFO: Successfully stopped SparkContext
2020-03-19 13:57:17 ShutdownHookManager: INFO: Shutdown hook called
2020-03-19 13:57:17 ShutdownHookManager: INFO: Deleting directory /private/var/folders/56/q7rh2y5x7hj4n359_13dgwxcmtwz20/T/spark-eaee97db-5b02-4ed7-bd35-616a4409c345
2020-03-19 13:57:17 ShutdownHookManager: INFO: Deleting directory /private/var/folders/56/q7rh2y5x7hj4n359_13dgwxcmtwz20/T/spark-28edb861-ddff-4882-abf3-53746fd9009d/pyspark-5bd1db52-f406-4826-9a7f-293970a6426d
2020-03-19 13:57:17 ShutdownHookManager: INFO: Deleting directory /private/var/folders/56/q7rh2y5x7hj4n359_13dgwxcmtwz20/T/spark-28edb861-ddff-4882-abf3-53746fd9009d
